[
   {
      "activity_name": "mytool",
      "activity_uuid": "6a51ce24-1a6c-4810-a7a5-0c32456c592a",
      "start": {
         "time_utc": "2020-05-15T12:25:28.496"
      },
      "stop": {
         "time_utc": "2020-05-15T12:25:29.038"
      },
      "system": {
         "ctapipe_version": "0.7.0.post228+git2316979",
         "ctapipe_resources_version": "0.3.0",
         "eventio_version": "1.1.1",
         "ctapipe_svc_path": null,
         "executable": "/home/maxnoe/.local/anaconda3/envs/ctapipe/bin/python",
         "platform": {
            "architecture_bits": "64bit",
            "architecture_linkage": "ELF",
            "machine": "x86_64",
            "processor": "",
            "node": "max-desktop",
            "version": "#1 SMP PREEMPT Sun, 10 May 2020 10:43:42 +0000",
            "system": "Linux",
            "release": "5.6.12-arch1-1",
            "libcver": [
               "glibc",
               "2.10"
            ],
            "num_cpus": 8,
            "boot_time": "2020-05-15T07:53:07.000"
         },
         "python": {
            "version_string": "3.7.7 (default, Mar 23 2020, 22:36:06) \n[GCC 7.3.0]",
            "version": [
               "3",
               "7",
               "7"
            ],
            "compiler": "GCC 7.3.0",
            "implementation": "CPython"
         },
         "environment": {
            "CONDA_DEFAULT_ENV": "ctapipe",
            "CONDA_PREFIX": "/home/maxnoe/.local/anaconda3/envs/ctapipe",
            "CONDA_PYTHON_EXE": "/home/maxnoe/.local/anaconda3/bin/python",
            "CONDA_EXE": "/home/maxnoe/.local/anaconda3/bin/conda",
            "CONDA_PROMPT_MODIFIER": "(ctapipe) ",
            "CONDA_SHLVL": "1",
            "PATH": "/home/maxnoe/.local/anaconda3/envs/ctapipe/bin:/home/maxnoe/.local/texlive/2020/bin/x86_64-linux:/home/maxnoe/.local/go/bin:/home/maxnoe/.local/bin:/home/maxnoe/.gem/ruby/2.7.0/bin:/home/maxnoe/.local/bin:/home/maxnoe/.pyenv/shims:/home/maxnoe/.local/anaconda3/condabin:/usr/local/sbin:/usr/local/bin:/usr/bin:/usr/lib/jvm/default/bin:/usr/bin/site_perl:/usr/bin/vendor_perl:/usr/bin/core_perl",
            "LD_LIBRARY_PATH": null,
            "DYLD_LIBRARY_PATH": null,
            "USER": "maxnoe",
            "HOME": "/home/maxnoe",
            "SHELL": "/bin/bash"
         },
         "arguments": [
            "/home/maxnoe/.local/anaconda3/envs/ctapipe/lib/python3.7/site-packages/ipykernel_launcher.py",
            "-f",
            "/tmp/tmpcaadij8l.json",
            "--HistoryManager.hist_file=:memory:"
         ],
         "start_time_utc": "2020-05-15T12:25:28.522"
      },
      "input": [],
      "output": [],
      "config": {
         "MyTool": {
            "config_file": null,
            "iterations": 5,
            "log_datefmt": "%Y-%m-%d %H:%M:%S",
            "log_format": "%(levelname)s [%(name)s] (%(module)s/%(funcName)s): %(message)s",
            "log_level": 20
         },
         "MyComponent": {
            "value": -1
         },
         "SecondaryMyComponent": {
            "value": -1
         },
         "AdvancedComponent": {
            "infile": null,
            "outfile": null,
            "value1": -1
         },
         "TelescopeWiseComponent": {
            "param": [
               [
                  "type",
                  "*",
                  5.0
               ]
            ]
         }
      },
      "status": "completed",
      "duration_min": 0.009033333333352545
   },
   {
      "activity_name": "mytool",
      "activity_uuid": "410c7420-2879-4ba4-bcae-628c03fe03f8",
      "start": {
         "time_utc": "2020-05-15T12:25:29.076"
      },
      "stop": {
         "time_utc": "2020-05-15T12:25:29.416"
      },
      "system": {
         "ctapipe_version": "0.7.0.post228+git2316979",
         "ctapipe_resources_version": "0.3.0",
         "eventio_version": "1.1.1",
         "ctapipe_svc_path": null,
         "executable": "/home/maxnoe/.local/anaconda3/envs/ctapipe/bin/python",
         "platform": {
            "architecture_bits": "64bit",
            "architecture_linkage": "ELF",
            "machine": "x86_64",
            "processor": "",
            "node": "max-desktop",
            "version": "#1 SMP PREEMPT Sun, 10 May 2020 10:43:42 +0000",
            "system": "Linux",
            "release": "5.6.12-arch1-1",
            "libcver": [
               "glibc",
               "2.10"
            ],
            "num_cpus": 8,
            "boot_time": "2020-05-15T07:53:07.000"
         },
         "python": {
            "version_string": "3.7.7 (default, Mar 23 2020, 22:36:06) \n[GCC 7.3.0]",
            "version": [
               "3",
               "7",
               "7"
            ],
            "compiler": "GCC 7.3.0",
            "implementation": "CPython"
         },
         "environment": {
            "CONDA_DEFAULT_ENV": "ctapipe",
            "CONDA_PREFIX": "/home/maxnoe/.local/anaconda3/envs/ctapipe",
            "CONDA_PYTHON_EXE": "/home/maxnoe/.local/anaconda3/bin/python",
            "CONDA_EXE": "/home/maxnoe/.local/anaconda3/bin/conda",
            "CONDA_PROMPT_MODIFIER": "(ctapipe) ",
            "CONDA_SHLVL": "1",
            "PATH": "/home/maxnoe/.local/anaconda3/envs/ctapipe/bin:/home/maxnoe/.local/texlive/2020/bin/x86_64-linux:/home/maxnoe/.local/go/bin:/home/maxnoe/.local/bin:/home/maxnoe/.gem/ruby/2.7.0/bin:/home/maxnoe/.local/bin:/home/maxnoe/.pyenv/shims:/home/maxnoe/.local/anaconda3/condabin:/usr/local/sbin:/usr/local/bin:/usr/bin:/usr/lib/jvm/default/bin:/usr/bin/site_perl:/usr/bin/vendor_perl:/usr/bin/core_perl",
            "LD_LIBRARY_PATH": null,
            "DYLD_LIBRARY_PATH": null,
            "USER": "maxnoe",
            "HOME": "/home/maxnoe",
            "SHELL": "/bin/bash"
         },
         "arguments": [
            "/home/maxnoe/.local/anaconda3/envs/ctapipe/lib/python3.7/site-packages/ipykernel_launcher.py",
            "-f",
            "/tmp/tmpcaadij8l.json",
            "--HistoryManager.hist_file=:memory:"
         ],
         "start_time_utc": "2020-05-15T12:25:29.104"
      },
      "input": [],
      "output": [],
      "config": {
         "MyTool": {
            "config_file": null,
            "iterations": 3,
            "log_datefmt": "%Y-%m-%d %H:%M:%S",
            "log_format": "%(asctime)s : %(levelname)s [%(name)s %(funcName)s] %(message)s",
            "log_level": 20
         },
         "MyComponent": {
            "value": -1
         },
         "SecondaryMyComponent": {
            "value": -1
         },
         "AdvancedComponent": {
            "infile": null,
            "outfile": null,
            "value1": -1
         },
         "TelescopeWiseComponent": {
            "param": [
               [
                  "type",
                  "*",
                  5.0
               ]
            ]
         }
      },
      "status": "completed",
      "duration_min": 0.005666666666623854
   },
   {
      "activity_name": "mytool",
      "activity_uuid": "c65f7de6-2888-429f-af01-f07df9557c44",
      "start": {
         "time_utc": "2020-05-15T12:25:29.471"
      },
      "stop": {
         "time_utc": "2020-05-15T12:25:29.830"
      },
      "system": {
         "ctapipe_version": "0.7.0.post228+git2316979",
         "ctapipe_resources_version": "0.3.0",
         "eventio_version": "1.1.1",
         "ctapipe_svc_path": null,
         "executable": "/home/maxnoe/.local/anaconda3/envs/ctapipe/bin/python",
         "platform": {
            "architecture_bits": "64bit",
            "architecture_linkage": "ELF",
            "machine": "x86_64",
            "processor": "",
            "node": "max-desktop",
            "version": "#1 SMP PREEMPT Sun, 10 May 2020 10:43:42 +0000",
            "system": "Linux",
            "release": "5.6.12-arch1-1",
            "libcver": [
               "glibc",
               "2.10"
            ],
            "num_cpus": 8,
            "boot_time": "2020-05-15T07:53:07.000"
         },
         "python": {
            "version_string": "3.7.7 (default, Mar 23 2020, 22:36:06) \n[GCC 7.3.0]",
            "version": [
               "3",
               "7",
               "7"
            ],
            "compiler": "GCC 7.3.0",
            "implementation": "CPython"
         },
         "environment": {
            "CONDA_DEFAULT_ENV": "ctapipe",
            "CONDA_PREFIX": "/home/maxnoe/.local/anaconda3/envs/ctapipe",
            "CONDA_PYTHON_EXE": "/home/maxnoe/.local/anaconda3/bin/python",
            "CONDA_EXE": "/home/maxnoe/.local/anaconda3/bin/conda",
            "CONDA_PROMPT_MODIFIER": "(ctapipe) ",
            "CONDA_SHLVL": "1",
            "PATH": "/home/maxnoe/.local/anaconda3/envs/ctapipe/bin:/home/maxnoe/.local/texlive/2020/bin/x86_64-linux:/home/maxnoe/.local/go/bin:/home/maxnoe/.local/bin:/home/maxnoe/.gem/ruby/2.7.0/bin:/home/maxnoe/.local/bin:/home/maxnoe/.pyenv/shims:/home/maxnoe/.local/anaconda3/condabin:/usr/local/sbin:/usr/local/bin:/usr/bin:/usr/lib/jvm/default/bin:/usr/bin/site_perl:/usr/bin/vendor_perl:/usr/bin/core_perl",
            "LD_LIBRARY_PATH": null,
            "DYLD_LIBRARY_PATH": null,
            "USER": "maxnoe",
            "HOME": "/home/maxnoe",
            "SHELL": "/bin/bash"
         },
         "arguments": [
            "/home/maxnoe/.local/anaconda3/envs/ctapipe/lib/python3.7/site-packages/ipykernel_launcher.py",
            "-f",
            "/tmp/tmpcaadij8l.json",
            "--HistoryManager.hist_file=:memory:"
         ],
         "start_time_utc": "2020-05-15T12:25:29.513"
      },
      "input": [],
      "output": [],
      "config": {
         "MyTool": {
            "config_file": null,
            "iterations": 3,
            "log_datefmt": "%Y-%m-%d %H:%M:%S",
            "log_format": "%(asctime)s : %(levelname)s [%(name)s %(funcName)s] %(message)s",
            "log_level": 10
         },
         "MyComponent": {
            "value": -1
         },
         "SecondaryMyComponent": {
            "value": -1
         },
         "AdvancedComponent": {
            "infile": null,
            "outfile": null,
            "value1": -1
         },
         "TelescopeWiseComponent": {
            "param": [
               [
                  "type",
                  "*",
                  5.0
               ]
            ]
         }
      },
      "status": "completed",
      "duration_min": 0.005983333333432483
   },
   {
      "activity_name": "mytool",
      "activity_uuid": "b8994f69-4c79-461b-8a23-37de80ce4ad7",
      "start": {
         "time_utc": "2020-05-15T12:25:29.856"
      },
      "stop": {
         "time_utc": "2020-05-15T12:25:30.205"
      },
      "system": {
         "ctapipe_version": "0.7.0.post228+git2316979",
         "ctapipe_resources_version": "0.3.0",
         "eventio_version": "1.1.1",
         "ctapipe_svc_path": null,
         "executable": "/home/maxnoe/.local/anaconda3/envs/ctapipe/bin/python",
         "platform": {
            "architecture_bits": "64bit",
            "architecture_linkage": "ELF",
            "machine": "x86_64",
            "processor": "",
            "node": "max-desktop",
            "version": "#1 SMP PREEMPT Sun, 10 May 2020 10:43:42 +0000",
            "system": "Linux",
            "release": "5.6.12-arch1-1",
            "libcver": [
               "glibc",
               "2.10"
            ],
            "num_cpus": 8,
            "boot_time": "2020-05-15T07:53:07.000"
         },
         "python": {
            "version_string": "3.7.7 (default, Mar 23 2020, 22:36:06) \n[GCC 7.3.0]",
            "version": [
               "3",
               "7",
               "7"
            ],
            "compiler": "GCC 7.3.0",
            "implementation": "CPython"
         },
         "environment": {
            "CONDA_DEFAULT_ENV": "ctapipe",
            "CONDA_PREFIX": "/home/maxnoe/.local/anaconda3/envs/ctapipe",
            "CONDA_PYTHON_EXE": "/home/maxnoe/.local/anaconda3/bin/python",
            "CONDA_EXE": "/home/maxnoe/.local/anaconda3/bin/conda",
            "CONDA_PROMPT_MODIFIER": "(ctapipe) ",
            "CONDA_SHLVL": "1",
            "PATH": "/home/maxnoe/.local/anaconda3/envs/ctapipe/bin:/home/maxnoe/.local/texlive/2020/bin/x86_64-linux:/home/maxnoe/.local/go/bin:/home/maxnoe/.local/bin:/home/maxnoe/.gem/ruby/2.7.0/bin:/home/maxnoe/.local/bin:/home/maxnoe/.pyenv/shims:/home/maxnoe/.local/anaconda3/condabin:/usr/local/sbin:/usr/local/bin:/usr/bin:/usr/lib/jvm/default/bin:/usr/bin/site_perl:/usr/bin/vendor_perl:/usr/bin/core_perl",
            "LD_LIBRARY_PATH": null,
            "DYLD_LIBRARY_PATH": null,
            "USER": "maxnoe",
            "HOME": "/home/maxnoe",
            "SHELL": "/bin/bash"
         },
         "arguments": [
            "/home/maxnoe/.local/anaconda3/envs/ctapipe/lib/python3.7/site-packages/ipykernel_launcher.py",
            "-f",
            "/tmp/tmpcaadij8l.json",
            "--HistoryManager.hist_file=:memory:"
         ],
         "start_time_utc": "2020-05-15T12:25:29.894"
      },
      "input": [],
      "output": [],
      "config": {
         "MyTool": {
            "config_file": null,
            "iterations": 3,
            "log_datefmt": "%Y-%m-%d %H:%M:%S",
            "log_format": "%(asctime)s : %(levelname)s [%(name)s %(funcName)s] %(message)s",
            "log_level": 10
         },
         "MyComponent": {
            "value": -1
         },
         "SecondaryMyComponent": {
            "value": -1
         },
         "AdvancedComponent": {
            "infile": null,
            "outfile": null,
            "value1": -1
         },
         "TelescopeWiseComponent": {
            "param": [
               [
                  "type",
                  "*",
                  5.0
               ]
            ]
         }
      },
      "status": "completed",
      "duration_min": 0.005816666666724757
   },
   {
      "activity_name": "mytool",
      "activity_uuid": "6f444821-e49e-4492-bdaf-20855bc157f6",
      "start": {
         "time_utc": "2020-05-15T12:25:30.244"
      },
      "stop": {
         "time_utc": "2020-05-15T12:25:30.793"
      },
      "system": {
         "ctapipe_version": "0.7.0.post228+git2316979",
         "ctapipe_resources_version": "0.3.0",
         "eventio_version": "1.1.1",
         "ctapipe_svc_path": null,
         "executable": "/home/maxnoe/.local/anaconda3/envs/ctapipe/bin/python",
         "platform": {
            "architecture_bits": "64bit",
            "architecture_linkage": "ELF",
            "machine": "x86_64",
            "processor": "",
            "node": "max-desktop",
            "version": "#1 SMP PREEMPT Sun, 10 May 2020 10:43:42 +0000",
            "system": "Linux",
            "release": "5.6.12-arch1-1",
            "libcver": [
               "glibc",
               "2.10"
            ],
            "num_cpus": 8,
            "boot_time": "2020-05-15T07:53:07.000"
         },
         "python": {
            "version_string": "3.7.7 (default, Mar 23 2020, 22:36:06) \n[GCC 7.3.0]",
            "version": [
               "3",
               "7",
               "7"
            ],
            "compiler": "GCC 7.3.0",
            "implementation": "CPython"
         },
         "environment": {
            "CONDA_DEFAULT_ENV": "ctapipe",
            "CONDA_PREFIX": "/home/maxnoe/.local/anaconda3/envs/ctapipe",
            "CONDA_PYTHON_EXE": "/home/maxnoe/.local/anaconda3/bin/python",
            "CONDA_EXE": "/home/maxnoe/.local/anaconda3/bin/conda",
            "CONDA_PROMPT_MODIFIER": "(ctapipe) ",
            "CONDA_SHLVL": "1",
            "PATH": "/home/maxnoe/.local/anaconda3/envs/ctapipe/bin:/home/maxnoe/.local/texlive/2020/bin/x86_64-linux:/home/maxnoe/.local/go/bin:/home/maxnoe/.local/bin:/home/maxnoe/.gem/ruby/2.7.0/bin:/home/maxnoe/.local/bin:/home/maxnoe/.pyenv/shims:/home/maxnoe/.local/anaconda3/condabin:/usr/local/sbin:/usr/local/bin:/usr/bin:/usr/lib/jvm/default/bin:/usr/bin/site_perl:/usr/bin/vendor_perl:/usr/bin/core_perl",
            "LD_LIBRARY_PATH": null,
            "DYLD_LIBRARY_PATH": null,
            "USER": "maxnoe",
            "HOME": "/home/maxnoe",
            "SHELL": "/bin/bash"
         },
         "arguments": [
            "/home/maxnoe/.local/anaconda3/envs/ctapipe/lib/python3.7/site-packages/ipykernel_launcher.py",
            "-f",
            "/tmp/tmpcaadij8l.json",
            "--HistoryManager.hist_file=:memory:"
         ],
         "start_time_utc": "2020-05-15T12:25:30.269"
      },
      "input": [],
      "output": [],
      "config": {
         "MyTool": {
            "config_file": null,
            "iterations": 5,
            "log_datefmt": "%Y-%m-%d %H:%M:%S",
            "log_format": "%(levelname)s [%(name)s] (%(module)s/%(funcName)s): %(message)s",
            "log_level": 10
         },
         "MyComponent": {
            "value": -1
         },
         "SecondaryMyComponent": {
            "value": -1
         },
         "AdvancedComponent": {
            "infile": null,
            "outfile": null,
            "value1": -1
         },
         "TelescopeWiseComponent": {
            "param": [
               [
                  "type",
                  "*",
                  5.0
               ]
            ]
         }
      },
      "status": "completed",
      "duration_min": 0.009150000000079928
   }
]