The system is: Linux - 5.3.0-1022-azure - i686
Compiling the C compiler identification source file "CMakeCCompilerId.c" succeeded.
Compiler: /opt/rh/devtoolset-8/root/usr/bin/cc 
Build flags: 
Id flags: 

The output was:
0


Compilation of the C compiler identification source "CMakeCCompilerId.c" produced "a.out"

The C compiler identification is GNU, found in "/tmp/pip-req-build-h9_b2ss7/openjpeg/src/openjpeg/build/CMakeFiles/2.8.12.2/CompilerIdC/a.out"

Compiling the CXX compiler identification source file "CMakeCXXCompilerId.cpp" succeeded.
Compiler: /opt/rh/devtoolset-8/root/usr/bin/c++ 
Build flags: 
Id flags: 

The output was:
0


Compilation of the CXX compiler identification source "CMakeCXXCompilerId.cpp" produced "a.out"

The CXX compiler identification is GNU, found in "/tmp/pip-req-build-h9_b2ss7/openjpeg/src/openjpeg/build/CMakeFiles/2.8.12.2/CompilerIdCXX/a.out"

Determining if the C compiler works passed with the following output:
Change Dir: /tmp/pip-req-build-h9_b2ss7/openjpeg/src/openjpeg/build/CMakeFiles/CMakeTmp

Run Build Command:/usr/bin/gmake "cmTryCompileExec119446237/fast"
/usr/bin/gmake -f CMakeFiles/cmTryCompileExec119446237.dir/build.make CMakeFiles/cmTryCompileExec119446237.dir/build
gmake[1]: Entering directory `/tmp/pip-req-build-h9_b2ss7/openjpeg/src/openjpeg/build/CMakeFiles/CMakeTmp'
/usr/bin/cmake -E cmake_progress_report /tmp/pip-req-build-h9_b2ss7/openjpeg/src/openjpeg/build/CMakeFiles/CMakeTmp/CMakeFiles 1
Building C object CMakeFiles/cmTryCompileExec119446237.dir/testCCompiler.c.o
/opt/rh/devtoolset-8/root/usr/bin/cc    -o CMakeFiles/cmTryCompileExec119446237.dir/testCCompiler.c.o   -c /tmp/pip-req-build-h9_b2ss7/openjpeg/src/openjpeg/build/CMakeFiles/CMakeTmp/testCCompiler.c
Linking C executable cmTryCompileExec119446237
/usr/bin/cmake -E cmake_link_script CMakeFiles/cmTryCompileExec119446237.dir/link.txt --verbose=1
/opt/rh/devtoolset-8/root/usr/bin/cc       CMakeFiles/cmTryCompileExec119446237.dir/testCCompiler.c.o  -o cmTryCompileExec119446237 -rdynamic 
gmake[1]: Leaving directory `/tmp/pip-req-build-h9_b2ss7/openjpeg/src/openjpeg/build/CMakeFiles/CMakeTmp'


Detecting C compiler ABI info compiled with the following output:
Change Dir: /tmp/pip-req-build-h9_b2ss7/openjpeg/src/openjpeg/build/CMakeFiles/CMakeTmp

Run Build Command:/usr/bin/gmake "cmTryCompileExec4274180094/fast"
/usr/bin/gmake -f CMakeFiles/cmTryCompileExec4274180094.dir/build.make CMakeFiles/cmTryCompileExec4274180094.dir/build
gmake[1]: Entering directory `/tmp/pip-req-build-h9_b2ss7/openjpeg/src/openjpeg/build/CMakeFiles/CMakeTmp'
/usr/bin/cmake -E cmake_progress_report /tmp/pip-req-build-h9_b2ss7/openjpeg/src/openjpeg/build/CMakeFiles/CMakeTmp/CMakeFiles 1
Building C object CMakeFiles/cmTryCompileExec4274180094.dir/CMakeCCompilerABI.c.o
/opt/rh/devtoolset-8/root/usr/bin/cc    -o CMakeFiles/cmTryCompileExec4274180094.dir/CMakeCCompilerABI.c.o   -c /usr/share/cmake/Modules/CMakeCCompilerABI.c
Linking C executable cmTryCompileExec4274180094
/usr/bin/cmake -E cmake_link_script CMakeFiles/cmTryCompileExec4274180094.dir/link.txt --verbose=1
/opt/rh/devtoolset-8/root/usr/bin/cc     -v CMakeFiles/cmTryCompileExec4274180094.dir/CMakeCCompilerABI.c.o  -o cmTryCompileExec4274180094 -rdynamic  
Using built-in specs.
COLLECT_GCC=/opt/rh/devtoolset-8/root/usr/bin/cc
COLLECT_LTO_WRAPPER=/opt/rh/devtoolset-8/root/usr/libexec/gcc/i686-redhat-linux/8/lto-wrapper
Target: i686-redhat-linux
Configured with: ../configure --enable-bootstrap --enable-languages=c,c++,fortran,lto --prefix=/opt/rh/devtoolset-8/root/usr --mandir=/opt/rh/devtoolset-8/root/usr/share/man --infodir=/opt/rh/devtoolset-8/root/usr/share/info --with-bugurl=http://bugzilla.redhat.com/bugzilla --enable-shared --enable-threads=posix --enable-checking=release --enable-multilib --with-system-zlib --enable-__cxa_atexit --disable-libunwind-exceptions --enable-gnu-unique-object --enable-linker-build-id --with-gcc-major-version-only --with-linker-hash-style=gnu --with-default-libstdcxx-abi=gcc4-compatible --enable-plugin --enable-initfini-array --with-isl=/builddir/build/BUILD/gcc-8.3.1-20190311/obj-i686-redhat-linux/isl-install --disable-libmpx --with-mpc=/builddir/build/BUILD/gcc-8.3.1-20190311/obj-i686-redhat-linux/mpc-install --with-tune=generic --with-arch=i686 --build=i686-redhat-linux
Thread model: posix
gcc version 8.3.1 20190311 (Red Hat 8.3.1-3) (GCC) 
COMPILER_PATH=/opt/rh/devtoolset-8/root/usr/libexec/gcc/i686-redhat-linux/8/:/opt/rh/devtoolset-8/root/usr/libexec/gcc/i686-redhat-linux/8/:/opt/rh/devtoolset-8/root/usr/libexec/gcc/i686-redhat-linux/:/opt/rh/devtoolset-8/root/usr/lib/gcc/i686-redhat-linux/8/:/opt/rh/devtoolset-8/root/usr/lib/gcc/i686-redhat-linux/
LIBRARY_PATH=/opt/rh/devtoolset-8/root/usr/lib/gcc/i686-redhat-linux/8/:/opt/rh/devtoolset-8/root/usr/lib/gcc/i686-redhat-linux/8/../../../:/lib/:/usr/lib/
COLLECT_GCC_OPTIONS='-v' '-o' 'cmTryCompileExec4274180094' '-rdynamic' '-mtune=generic' '-march=i686'
 /opt/rh/devtoolset-8/root/usr/libexec/gcc/i686-redhat-linux/8/collect2 -plugin /opt/rh/devtoolset-8/root/usr/libexec/gcc/i686-redhat-linux/8/liblto_plugin.so -plugin-opt=/opt/rh/devtoolset-8/root/usr/libexec/gcc/i686-redhat-linux/8/lto-wrapper -plugin-opt=-fresolution=/tmp/ccfTxjHP.res -plugin-opt=-pass-through=-lgcc -plugin-opt=-pass-through=-lgcc_s -plugin-opt=-pass-through=-lc -plugin-opt=-pass-through=-lgcc -plugin-opt=-pass-through=-lgcc_s --build-id --no-add-needed --eh-frame-hdr --hash-style=gnu -m elf_i386 -export-dynamic -dynamic-linker /lib/ld-linux.so.2 -o cmTryCompileExec4274180094 /usr/lib/crt1.o /usr/lib/crti.o /opt/rh/devtoolset-8/root/usr/lib/gcc/i686-redhat-linux/8/crtbegin.o -L/opt/rh/devtoolset-8/root/usr/lib/gcc/i686-redhat-linux/8 -L/opt/rh/devtoolset-8/root/usr/lib/gcc/i686-redhat-linux/8/../../.. CMakeFiles/cmTryCompileExec4274180094.dir/CMakeCCompilerABI.c.o -lgcc --as-needed -lgcc_s --no-as-needed -lc -lgcc --as-needed -lgcc_s --no-as-needed /opt/rh/devtoolset-8/root/usr/lib/gcc/i686-redhat-linux/8/crtend.o /usr/lib/crtn.o
COLLECT_GCC_OPTIONS='-v' '-o' 'cmTryCompileExec4274180094' '-rdynamic' '-mtune=generic' '-march=i686'
gmake[1]: Leaving directory `/tmp/pip-req-build-h9_b2ss7/openjpeg/src/openjpeg/build/CMakeFiles/CMakeTmp'


Parsed C implicit link information from above output:
  link line regex: [^( *|.*[/\])(ld|([^/\]+-)?ld|collect2)[^/\]*( |$)]
  ignore line: [Change Dir: /tmp/pip-req-build-h9_b2ss7/openjpeg/src/openjpeg/build/CMakeFiles/CMakeTmp]
  ignore line: []
  ignore line: [Run Build Command:/usr/bin/gmake "cmTryCompileExec4274180094/fast"]
  ignore line: [/usr/bin/gmake -f CMakeFiles/cmTryCompileExec4274180094.dir/build.make CMakeFiles/cmTryCompileExec4274180094.dir/build]
  ignore line: [gmake[1]: Entering directory `/tmp/pip-req-build-h9_b2ss7/openjpeg/src/openjpeg/build/CMakeFiles/CMakeTmp']
  ignore line: [/usr/bin/cmake -E cmake_progress_report /tmp/pip-req-build-h9_b2ss7/openjpeg/src/openjpeg/build/CMakeFiles/CMakeTmp/CMakeFiles 1]
  ignore line: [Building C object CMakeFiles/cmTryCompileExec4274180094.dir/CMakeCCompilerABI.c.o]
  ignore line: [/opt/rh/devtoolset-8/root/usr/bin/cc    -o CMakeFiles/cmTryCompileExec4274180094.dir/CMakeCCompilerABI.c.o   -c /usr/share/cmake/Modules/CMakeCCompilerABI.c]
  ignore line: [Linking C executable cmTryCompileExec4274180094]
  ignore line: [/usr/bin/cmake -E cmake_link_script CMakeFiles/cmTryCompileExec4274180094.dir/link.txt --verbose=1]
  ignore line: [/opt/rh/devtoolset-8/root/usr/bin/cc     -v CMakeFiles/cmTryCompileExec4274180094.dir/CMakeCCompilerABI.c.o  -o cmTryCompileExec4274180094 -rdynamic  ]
  ignore line: [Using built-in specs.]
  ignore line: [COLLECT_GCC=/opt/rh/devtoolset-8/root/usr/bin/cc]
  ignore line: [COLLECT_LTO_WRAPPER=/opt/rh/devtoolset-8/root/usr/libexec/gcc/i686-redhat-linux/8/lto-wrapper]
  ignore line: [Target: i686-redhat-linux]
  ignore line: [Configured with: ../configure --enable-bootstrap --enable-languages=c,c++,fortran,lto --prefix=/opt/rh/devtoolset-8/root/usr --mandir=/opt/rh/devtoolset-8/root/usr/share/man --infodir=/opt/rh/devtoolset-8/root/usr/share/info --with-bugurl=http://bugzilla.redhat.com/bugzilla --enable-shared --enable-threads=posix --enable-checking=release --enable-multilib --with-system-zlib --enable-__cxa_atexit --disable-libunwind-exceptions --enable-gnu-unique-object --enable-linker-build-id --with-gcc-major-version-only --with-linker-hash-style=gnu --with-default-libstdcxx-abi=gcc4-compatible --enable-plugin --enable-initfini-array --with-isl=/builddir/build/BUILD/gcc-8.3.1-20190311/obj-i686-redhat-linux/isl-install --disable-libmpx --with-mpc=/builddir/build/BUILD/gcc-8.3.1-20190311/obj-i686-redhat-linux/mpc-install --with-tune=generic --with-arch=i686 --build=i686-redhat-linux]
  ignore line: [Thread model: posix]
  ignore line: [gcc version 8.3.1 20190311 (Red Hat 8.3.1-3) (GCC) ]
  ignore line: [COMPILER_PATH=/opt/rh/devtoolset-8/root/usr/libexec/gcc/i686-redhat-linux/8/:/opt/rh/devtoolset-8/root/usr/libexec/gcc/i686-redhat-linux/8/:/opt/rh/devtoolset-8/root/usr/libexec/gcc/i686-redhat-linux/:/opt/rh/devtoolset-8/root/usr/lib/gcc/i686-redhat-linux/8/:/opt/rh/devtoolset-8/root/usr/lib/gcc/i686-redhat-linux/]
  ignore line: [LIBRARY_PATH=/opt/rh/devtoolset-8/root/usr/lib/gcc/i686-redhat-linux/8/:/opt/rh/devtoolset-8/root/usr/lib/gcc/i686-redhat-linux/8/../../../:/lib/:/usr/lib/]
  ignore line: [COLLECT_GCC_OPTIONS='-v' '-o' 'cmTryCompileExec4274180094' '-rdynamic' '-mtune=generic' '-march=i686']
  link line: [ /opt/rh/devtoolset-8/root/usr/libexec/gcc/i686-redhat-linux/8/collect2 -plugin /opt/rh/devtoolset-8/root/usr/libexec/gcc/i686-redhat-linux/8/liblto_plugin.so -plugin-opt=/opt/rh/devtoolset-8/root/usr/libexec/gcc/i686-redhat-linux/8/lto-wrapper -plugin-opt=-fresolution=/tmp/ccfTxjHP.res -plugin-opt=-pass-through=-lgcc -plugin-opt=-pass-through=-lgcc_s -plugin-opt=-pass-through=-lc -plugin-opt=-pass-through=-lgcc -plugin-opt=-pass-through=-lgcc_s --build-id --no-add-needed --eh-frame-hdr --hash-style=gnu -m elf_i386 -export-dynamic -dynamic-linker /lib/ld-linux.so.2 -o cmTryCompileExec4274180094 /usr/lib/crt1.o /usr/lib/crti.o /opt/rh/devtoolset-8/root/usr/lib/gcc/i686-redhat-linux/8/crtbegin.o -L/opt/rh/devtoolset-8/root/usr/lib/gcc/i686-redhat-linux/8 -L/opt/rh/devtoolset-8/root/usr/lib/gcc/i686-redhat-linux/8/../../.. CMakeFiles/cmTryCompileExec4274180094.dir/CMakeCCompilerABI.c.o -lgcc --as-needed -lgcc_s --no-as-needed -lc -lgcc --as-needed -lgcc_s --no-as-needed /opt/rh/devtoolset-8/root/usr/lib/gcc/i686-redhat-linux/8/crtend.o /usr/lib/crtn.o]
    arg [/opt/rh/devtoolset-8/root/usr/libexec/gcc/i686-redhat-linux/8/collect2] ==> ignore
    arg [-plugin] ==> ignore
    arg [/opt/rh/devtoolset-8/root/usr/libexec/gcc/i686-redhat-linux/8/liblto_plugin.so] ==> ignore
    arg [-plugin-opt=/opt/rh/devtoolset-8/root/usr/libexec/gcc/i686-redhat-linux/8/lto-wrapper] ==> ignore
    arg [-plugin-opt=-fresolution=/tmp/ccfTxjHP.res] ==> ignore
    arg [-plugin-opt=-pass-through=-lgcc] ==> ignore
    arg [-plugin-opt=-pass-through=-lgcc_s] ==> ignore
    arg [-plugin-opt=-pass-through=-lc] ==> ignore
    arg [-plugin-opt=-pass-through=-lgcc] ==> ignore
    arg [-plugin-opt=-pass-through=-lgcc_s] ==> ignore
    arg [--build-id] ==> ignore
    arg [--no-add-needed] ==> ignore
    arg [--eh-frame-hdr] ==> ignore
    arg [--hash-style=gnu] ==> ignore
    arg [-m] ==> ignore
    arg [elf_i386] ==> ignore
    arg [-export-dynamic] ==> ignore
    arg [-dynamic-linker] ==> ignore
    arg [/lib/ld-linux.so.2] ==> ignore
    arg [-o] ==> ignore
    arg [cmTryCompileExec4274180094] ==> ignore
    arg [/usr/lib/crt1.o] ==> ignore
    arg [/usr/lib/crti.o] ==> ignore
    arg [/opt/rh/devtoolset-8/root/usr/lib/gcc/i686-redhat-linux/8/crtbegin.o] ==> ignore
    arg [-L/opt/rh/devtoolset-8/root/usr/lib/gcc/i686-redhat-linux/8] ==> dir [/opt/rh/devtoolset-8/root/usr/lib/gcc/i686-redhat-linux/8]
    arg [-L/opt/rh/devtoolset-8/root/usr/lib/gcc/i686-redhat-linux/8/../../..] ==> dir [/opt/rh/devtoolset-8/root/usr/lib/gcc/i686-redhat-linux/8/../../..]
    arg [CMakeFiles/cmTryCompileExec4274180094.dir/CMakeCCompilerABI.c.o] ==> ignore
    arg [-lgcc] ==> lib [gcc]
    arg [--as-needed] ==> ignore
    arg [-lgcc_s] ==> lib [gcc_s]
    arg [--no-as-needed] ==> ignore
    arg [-lc] ==> lib [c]
    arg [-lgcc] ==> lib [gcc]
    arg [--as-needed] ==> ignore
    arg [-lgcc_s] ==> lib [gcc_s]
    arg [--no-as-needed] ==> ignore
    arg [/opt/rh/devtoolset-8/root/usr/lib/gcc/i686-redhat-linux/8/crtend.o] ==> ignore
    arg [/usr/lib/crtn.o] ==> ignore
  remove lib [gcc]
  remove lib [gcc_s]
  remove lib [gcc]
  remove lib [gcc_s]
  collapse library dir [/opt/rh/devtoolset-8/root/usr/lib/gcc/i686-redhat-linux/8] ==> [/opt/rh/devtoolset-8/root/usr/lib/gcc/i686-redhat-linux/8]
  collapse library dir [/opt/rh/devtoolset-8/root/usr/lib/gcc/i686-redhat-linux/8/../../..] ==> [/opt/rh/devtoolset-8/root/usr/lib]
  implicit libs: [c]
  implicit dirs: [/opt/rh/devtoolset-8/root/usr/lib/gcc/i686-redhat-linux/8;/opt/rh/devtoolset-8/root/usr/lib]
  implicit fwks: []


Determining if the CXX compiler works passed with the following output:
Change Dir: /tmp/pip-req-build-h9_b2ss7/openjpeg/src/openjpeg/build/CMakeFiles/CMakeTmp

Run Build Command:/usr/bin/gmake "cmTryCompileExec3075638770/fast"
/usr/bin/gmake -f CMakeFiles/cmTryCompileExec3075638770.dir/build.make CMakeFiles/cmTryCompileExec3075638770.dir/build
gmake[1]: Entering directory `/tmp/pip-req-build-h9_b2ss7/openjpeg/src/openjpeg/build/CMakeFiles/CMakeTmp'
/usr/bin/cmake -E cmake_progress_report /tmp/pip-req-build-h9_b2ss7/openjpeg/src/openjpeg/build/CMakeFiles/CMakeTmp/CMakeFiles 1
Building CXX object CMakeFiles/cmTryCompileExec3075638770.dir/testCXXCompiler.cxx.o
/opt/rh/devtoolset-8/root/usr/bin/c++     -o CMakeFiles/cmTryCompileExec3075638770.dir/testCXXCompiler.cxx.o -c /tmp/pip-req-build-h9_b2ss7/openjpeg/src/openjpeg/build/CMakeFiles/CMakeTmp/testCXXCompiler.cxx
Linking CXX executable cmTryCompileExec3075638770
/usr/bin/cmake -E cmake_link_script CMakeFiles/cmTryCompileExec3075638770.dir/link.txt --verbose=1
/opt/rh/devtoolset-8/root/usr/bin/c++        CMakeFiles/cmTryCompileExec3075638770.dir/testCXXCompiler.cxx.o  -o cmTryCompileExec3075638770 -rdynamic 
gmake[1]: Leaving directory `/tmp/pip-req-build-h9_b2ss7/openjpeg/src/openjpeg/build/CMakeFiles/CMakeTmp'


Detecting CXX compiler ABI info compiled with the following output:
Change Dir: /tmp/pip-req-build-h9_b2ss7/openjpeg/src/openjpeg/build/CMakeFiles/CMakeTmp

Run Build Command:/usr/bin/gmake "cmTryCompileExec293532470/fast"
/usr/bin/gmake -f CMakeFiles/cmTryCompileExec293532470.dir/build.make CMakeFiles/cmTryCompileExec293532470.dir/build
gmake[1]: Entering directory `/tmp/pip-req-build-h9_b2ss7/openjpeg/src/openjpeg/build/CMakeFiles/CMakeTmp'
/usr/bin/cmake -E cmake_progress_report /tmp/pip-req-build-h9_b2ss7/openjpeg/src/openjpeg/build/CMakeFiles/CMakeTmp/CMakeFiles 1
Building CXX object CMakeFiles/cmTryCompileExec293532470.dir/CMakeCXXCompilerABI.cpp.o
/opt/rh/devtoolset-8/root/usr/bin/c++     -o CMakeFiles/cmTryCompileExec293532470.dir/CMakeCXXCompilerABI.cpp.o -c /usr/share/cmake/Modules/CMakeCXXCompilerABI.cpp
Linking CXX executable cmTryCompileExec293532470
/usr/bin/cmake -E cmake_link_script CMakeFiles/cmTryCompileExec293532470.dir/link.txt --verbose=1
/opt/rh/devtoolset-8/root/usr/bin/c++      -v CMakeFiles/cmTryCompileExec293532470.dir/CMakeCXXCompilerABI.cpp.o  -o cmTryCompileExec293532470 -rdynamic  
Using built-in specs.
COLLECT_GCC=/opt/rh/devtoolset-8/root/usr/bin/c++
COLLECT_LTO_WRAPPER=/opt/rh/devtoolset-8/root/usr/libexec/gcc/i686-redhat-linux/8/lto-wrapper
Target: i686-redhat-linux
Configured with: ../configure --enable-bootstrap --enable-languages=c,c++,fortran,lto --prefix=/opt/rh/devtoolset-8/root/usr --mandir=/opt/rh/devtoolset-8/root/usr/share/man --infodir=/opt/rh/devtoolset-8/root/usr/share/info --with-bugurl=http://bugzilla.redhat.com/bugzilla --enable-shared --enable-threads=posix --enable-checking=release --enable-multilib --with-system-zlib --enable-__cxa_atexit --disable-libunwind-exceptions --enable-gnu-unique-object --enable-linker-build-id --with-gcc-major-version-only --with-linker-hash-style=gnu --with-default-libstdcxx-abi=gcc4-compatible --enable-plugin --enable-initfini-array --with-isl=/builddir/build/BUILD/gcc-8.3.1-20190311/obj-i686-redhat-linux/isl-install --disable-libmpx --with-mpc=/builddir/build/BUILD/gcc-8.3.1-20190311/obj-i686-redhat-linux/mpc-install --with-tune=generic --with-arch=i686 --build=i686-redhat-linux
Thread model: posix
gcc version 8.3.1 20190311 (Red Hat 8.3.1-3) (GCC) 
COMPILER_PATH=/opt/rh/devtoolset-8/root/usr/libexec/gcc/i686-redhat-linux/8/:/opt/rh/devtoolset-8/root/usr/libexec/gcc/i686-redhat-linux/8/:/opt/rh/devtoolset-8/root/usr/libexec/gcc/i686-redhat-linux/:/opt/rh/devtoolset-8/root/usr/lib/gcc/i686-redhat-linux/8/:/opt/rh/devtoolset-8/root/usr/lib/gcc/i686-redhat-linux/
LIBRARY_PATH=/opt/rh/devtoolset-8/root/usr/lib/gcc/i686-redhat-linux/8/:/opt/rh/devtoolset-8/root/usr/lib/gcc/i686-redhat-linux/8/../../../:/lib/:/usr/lib/
COLLECT_GCC_OPTIONS='-v' '-o' 'cmTryCompileExec293532470' '-rdynamic' '-shared-libgcc' '-mtune=generic' '-march=i686'
 /opt/rh/devtoolset-8/root/usr/libexec/gcc/i686-redhat-linux/8/collect2 -plugin /opt/rh/devtoolset-8/root/usr/libexec/gcc/i686-redhat-linux/8/liblto_plugin.so -plugin-opt=/opt/rh/devtoolset-8/root/usr/libexec/gcc/i686-redhat-linux/8/lto-wrapper -plugin-opt=-fresolution=/tmp/ccCL5SKW.res -plugin-opt=-pass-through=-lgcc_s -plugin-opt=-pass-through=-lgcc -plugin-opt=-pass-through=-lc -plugin-opt=-pass-through=-lgcc_s -plugin-opt=-pass-through=-lgcc --build-id --no-add-needed --eh-frame-hdr --hash-style=gnu -m elf_i386 -export-dynamic -dynamic-linker /lib/ld-linux.so.2 -o cmTryCompileExec293532470 /usr/lib/crt1.o /usr/lib/crti.o /opt/rh/devtoolset-8/root/usr/lib/gcc/i686-redhat-linux/8/crtbegin.o -L/opt/rh/devtoolset-8/root/usr/lib/gcc/i686-redhat-linux/8 -L/opt/rh/devtoolset-8/root/usr/lib/gcc/i686-redhat-linux/8/../../.. CMakeFiles/cmTryCompileExec293532470.dir/CMakeCXXCompilerABI.cpp.o -lstdc++ -lm -lgcc_s -lgcc -lc -lgcc_s -lgcc /opt/rh/devtoolset-8/root/usr/lib/gcc/i686-redhat-linux/8/crtend.o /usr/lib/crtn.o
COLLECT_GCC_OPTIONS='-v' '-o' 'cmTryCompileExec293532470' '-rdynamic' '-shared-libgcc' '-mtune=generic' '-march=i686'
gmake[1]: Leaving directory `/tmp/pip-req-build-h9_b2ss7/openjpeg/src/openjpeg/build/CMakeFiles/CMakeTmp'


Parsed CXX implicit link information from above output:
  link line regex: [^( *|.*[/\])(ld|([^/\]+-)?ld|collect2)[^/\]*( |$)]
  ignore line: [Change Dir: /tmp/pip-req-build-h9_b2ss7/openjpeg/src/openjpeg/build/CMakeFiles/CMakeTmp]
  ignore line: []
  ignore line: [Run Build Command:/usr/bin/gmake "cmTryCompileExec293532470/fast"]
  ignore line: [/usr/bin/gmake -f CMakeFiles/cmTryCompileExec293532470.dir/build.make CMakeFiles/cmTryCompileExec293532470.dir/build]
  ignore line: [gmake[1]: Entering directory `/tmp/pip-req-build-h9_b2ss7/openjpeg/src/openjpeg/build/CMakeFiles/CMakeTmp']
  ignore line: [/usr/bin/cmake -E cmake_progress_report /tmp/pip-req-build-h9_b2ss7/openjpeg/src/openjpeg/build/CMakeFiles/CMakeTmp/CMakeFiles 1]
  ignore line: [Building CXX object CMakeFiles/cmTryCompileExec293532470.dir/CMakeCXXCompilerABI.cpp.o]
  ignore line: [/opt/rh/devtoolset-8/root/usr/bin/c++     -o CMakeFiles/cmTryCompileExec293532470.dir/CMakeCXXCompilerABI.cpp.o -c /usr/share/cmake/Modules/CMakeCXXCompilerABI.cpp]
  ignore line: [Linking CXX executable cmTryCompileExec293532470]
  ignore line: [/usr/bin/cmake -E cmake_link_script CMakeFiles/cmTryCompileExec293532470.dir/link.txt --verbose=1]
  ignore line: [/opt/rh/devtoolset-8/root/usr/bin/c++      -v CMakeFiles/cmTryCompileExec293532470.dir/CMakeCXXCompilerABI.cpp.o  -o cmTryCompileExec293532470 -rdynamic  ]
  ignore line: [Using built-in specs.]
  ignore line: [COLLECT_GCC=/opt/rh/devtoolset-8/root/usr/bin/c++]
  ignore line: [COLLECT_LTO_WRAPPER=/opt/rh/devtoolset-8/root/usr/libexec/gcc/i686-redhat-linux/8/lto-wrapper]
  ignore line: [Target: i686-redhat-linux]
  ignore line: [Configured with: ../configure --enable-bootstrap --enable-languages=c,c++,fortran,lto --prefix=/opt/rh/devtoolset-8/root/usr --mandir=/opt/rh/devtoolset-8/root/usr/share/man --infodir=/opt/rh/devtoolset-8/root/usr/share/info --with-bugurl=http://bugzilla.redhat.com/bugzilla --enable-shared --enable-threads=posix --enable-checking=release --enable-multilib --with-system-zlib --enable-__cxa_atexit --disable-libunwind-exceptions --enable-gnu-unique-object --enable-linker-build-id --with-gcc-major-version-only --with-linker-hash-style=gnu --with-default-libstdcxx-abi=gcc4-compatible --enable-plugin --enable-initfini-array --with-isl=/builddir/build/BUILD/gcc-8.3.1-20190311/obj-i686-redhat-linux/isl-install --disable-libmpx --with-mpc=/builddir/build/BUILD/gcc-8.3.1-20190311/obj-i686-redhat-linux/mpc-install --with-tune=generic --with-arch=i686 --build=i686-redhat-linux]
  ignore line: [Thread model: posix]
  ignore line: [gcc version 8.3.1 20190311 (Red Hat 8.3.1-3) (GCC) ]
  ignore line: [COMPILER_PATH=/opt/rh/devtoolset-8/root/usr/libexec/gcc/i686-redhat-linux/8/:/opt/rh/devtoolset-8/root/usr/libexec/gcc/i686-redhat-linux/8/:/opt/rh/devtoolset-8/root/usr/libexec/gcc/i686-redhat-linux/:/opt/rh/devtoolset-8/root/usr/lib/gcc/i686-redhat-linux/8/:/opt/rh/devtoolset-8/root/usr/lib/gcc/i686-redhat-linux/]
  ignore line: [LIBRARY_PATH=/opt/rh/devtoolset-8/root/usr/lib/gcc/i686-redhat-linux/8/:/opt/rh/devtoolset-8/root/usr/lib/gcc/i686-redhat-linux/8/../../../:/lib/:/usr/lib/]
  ignore line: [COLLECT_GCC_OPTIONS='-v' '-o' 'cmTryCompileExec293532470' '-rdynamic' '-shared-libgcc' '-mtune=generic' '-march=i686']
  link line: [ /opt/rh/devtoolset-8/root/usr/libexec/gcc/i686-redhat-linux/8/collect2 -plugin /opt/rh/devtoolset-8/root/usr/libexec/gcc/i686-redhat-linux/8/liblto_plugin.so -plugin-opt=/opt/rh/devtoolset-8/root/usr/libexec/gcc/i686-redhat-linux/8/lto-wrapper -plugin-opt=-fresolution=/tmp/ccCL5SKW.res -plugin-opt=-pass-through=-lgcc_s -plugin-opt=-pass-through=-lgcc -plugin-opt=-pass-through=-lc -plugin-opt=-pass-through=-lgcc_s -plugin-opt=-pass-through=-lgcc --build-id --no-add-needed --eh-frame-hdr --hash-style=gnu -m elf_i386 -export-dynamic -dynamic-linker /lib/ld-linux.so.2 -o cmTryCompileExec293532470 /usr/lib/crt1.o /usr/lib/crti.o /opt/rh/devtoolset-8/root/usr/lib/gcc/i686-redhat-linux/8/crtbegin.o -L/opt/rh/devtoolset-8/root/usr/lib/gcc/i686-redhat-linux/8 -L/opt/rh/devtoolset-8/root/usr/lib/gcc/i686-redhat-linux/8/../../.. CMakeFiles/cmTryCompileExec293532470.dir/CMakeCXXCompilerABI.cpp.o -lstdc++ -lm -lgcc_s -lgcc -lc -lgcc_s -lgcc /opt/rh/devtoolset-8/root/usr/lib/gcc/i686-redhat-linux/8/crtend.o /usr/lib/crtn.o]
    arg [/opt/rh/devtoolset-8/root/usr/libexec/gcc/i686-redhat-linux/8/collect2] ==> ignore
    arg [-plugin] ==> ignore
    arg [/opt/rh/devtoolset-8/root/usr/libexec/gcc/i686-redhat-linux/8/liblto_plugin.so] ==> ignore
    arg [-plugin-opt=/opt/rh/devtoolset-8/root/usr/libexec/gcc/i686-redhat-linux/8/lto-wrapper] ==> ignore
    arg [-plugin-opt=-fresolution=/tmp/ccCL5SKW.res] ==> ignore
    arg [-plugin-opt=-pass-through=-lgcc_s] ==> ignore
    arg [-plugin-opt=-pass-through=-lgcc] ==> ignore
    arg [-plugin-opt=-pass-through=-lc] ==> ignore
    arg [-plugin-opt=-pass-through=-lgcc_s] ==> ignore
    arg [-plugin-opt=-pass-through=-lgcc] ==> ignore
    arg [--build-id] ==> ignore
    arg [--no-add-needed] ==> ignore
    arg [--eh-frame-hdr] ==> ignore
    arg [--hash-style=gnu] ==> ignore
    arg [-m] ==> ignore
    arg [elf_i386] ==> ignore
    arg [-export-dynamic] ==> ignore
    arg [-dynamic-linker] ==> ignore
    arg [/lib/ld-linux.so.2] ==> ignore
    arg [-o] ==> ignore
    arg [cmTryCompileExec293532470] ==> ignore
    arg [/usr/lib/crt1.o] ==> ignore
    arg [/usr/lib/crti.o] ==> ignore
    arg [/opt/rh/devtoolset-8/root/usr/lib/gcc/i686-redhat-linux/8/crtbegin.o] ==> ignore
    arg [-L/opt/rh/devtoolset-8/root/usr/lib/gcc/i686-redhat-linux/8] ==> dir [/opt/rh/devtoolset-8/root/usr/lib/gcc/i686-redhat-linux/8]
    arg [-L/opt/rh/devtoolset-8/root/usr/lib/gcc/i686-redhat-linux/8/../../..] ==> dir [/opt/rh/devtoolset-8/root/usr/lib/gcc/i686-redhat-linux/8/../../..]
    arg [CMakeFiles/cmTryCompileExec293532470.dir/CMakeCXXCompilerABI.cpp.o] ==> ignore
    arg [-lstdc++] ==> lib [stdc++]
    arg [-lm] ==> lib [m]
    arg [-lgcc_s] ==> lib [gcc_s]
    arg [-lgcc] ==> lib [gcc]
    arg [-lc] ==> lib [c]
    arg [-lgcc_s] ==> lib [gcc_s]
    arg [-lgcc] ==> lib [gcc]
    arg [/opt/rh/devtoolset-8/root/usr/lib/gcc/i686-redhat-linux/8/crtend.o] ==> ignore
    arg [/usr/lib/crtn.o] ==> ignore
  remove lib [gcc_s]
  remove lib [gcc]
  remove lib [gcc_s]
  remove lib [gcc]
  collapse library dir [/opt/rh/devtoolset-8/root/usr/lib/gcc/i686-redhat-linux/8] ==> [/opt/rh/devtoolset-8/root/usr/lib/gcc/i686-redhat-linux/8]
  collapse library dir [/opt/rh/devtoolset-8/root/usr/lib/gcc/i686-redhat-linux/8/../../..] ==> [/opt/rh/devtoolset-8/root/usr/lib]
  implicit libs: [stdc++;m;c]
  implicit dirs: [/opt/rh/devtoolset-8/root/usr/lib/gcc/i686-redhat-linux/8;/opt/rh/devtoolset-8/root/usr/lib]
  implicit fwks: []


Determining if the include file sys/types.h exists passed with the following output:
Change Dir: /tmp/pip-req-build-h9_b2ss7/openjpeg/src/openjpeg/build/CMakeFiles/CMakeTmp

Run Build Command:/usr/bin/gmake "cmTryCompileExec2191864302/fast"
/usr/bin/gmake -f CMakeFiles/cmTryCompileExec2191864302.dir/build.make CMakeFiles/cmTryCompileExec2191864302.dir/build
gmake[1]: Entering directory `/tmp/pip-req-build-h9_b2ss7/openjpeg/src/openjpeg/build/CMakeFiles/CMakeTmp'
/usr/bin/cmake -E cmake_progress_report /tmp/pip-req-build-h9_b2ss7/openjpeg/src/openjpeg/build/CMakeFiles/CMakeTmp/CMakeFiles 1
Building C object CMakeFiles/cmTryCompileExec2191864302.dir/CheckIncludeFile.c.o
/opt/rh/devtoolset-8/root/usr/bin/cc    -o CMakeFiles/cmTryCompileExec2191864302.dir/CheckIncludeFile.c.o   -c /tmp/pip-req-build-h9_b2ss7/openjpeg/src/openjpeg/build/CMakeFiles/CMakeTmp/CheckIncludeFile.c
Linking C executable cmTryCompileExec2191864302
/usr/bin/cmake -E cmake_link_script CMakeFiles/cmTryCompileExec2191864302.dir/link.txt --verbose=1
/opt/rh/devtoolset-8/root/usr/bin/cc       CMakeFiles/cmTryCompileExec2191864302.dir/CheckIncludeFile.c.o  -o cmTryCompileExec2191864302 -rdynamic 
gmake[1]: Leaving directory `/tmp/pip-req-build-h9_b2ss7/openjpeg/src/openjpeg/build/CMakeFiles/CMakeTmp'


Determining if the include file stdint.h exists passed with the following output:
Change Dir: /tmp/pip-req-build-h9_b2ss7/openjpeg/src/openjpeg/build/CMakeFiles/CMakeTmp

Run Build Command:/usr/bin/gmake "cmTryCompileExec1264781381/fast"
/usr/bin/gmake -f CMakeFiles/cmTryCompileExec1264781381.dir/build.make CMakeFiles/cmTryCompileExec1264781381.dir/build
gmake[1]: Entering directory `/tmp/pip-req-build-h9_b2ss7/openjpeg/src/openjpeg/build/CMakeFiles/CMakeTmp'
/usr/bin/cmake -E cmake_progress_report /tmp/pip-req-build-h9_b2ss7/openjpeg/src/openjpeg/build/CMakeFiles/CMakeTmp/CMakeFiles 1
Building C object CMakeFiles/cmTryCompileExec1264781381.dir/CheckIncludeFile.c.o
/opt/rh/devtoolset-8/root/usr/bin/cc    -o CMakeFiles/cmTryCompileExec1264781381.dir/CheckIncludeFile.c.o   -c /tmp/pip-req-build-h9_b2ss7/openjpeg/src/openjpeg/build/CMakeFiles/CMakeTmp/CheckIncludeFile.c
Linking C executable cmTryCompileExec1264781381
/usr/bin/cmake -E cmake_link_script CMakeFiles/cmTryCompileExec1264781381.dir/link.txt --verbose=1
/opt/rh/devtoolset-8/root/usr/bin/cc       CMakeFiles/cmTryCompileExec1264781381.dir/CheckIncludeFile.c.o  -o cmTryCompileExec1264781381 -rdynamic 
gmake[1]: Leaving directory `/tmp/pip-req-build-h9_b2ss7/openjpeg/src/openjpeg/build/CMakeFiles/CMakeTmp'


Determining if the include file stddef.h exists passed with the following output:
Change Dir: /tmp/pip-req-build-h9_b2ss7/openjpeg/src/openjpeg/build/CMakeFiles/CMakeTmp

Run Build Command:/usr/bin/gmake "cmTryCompileExec2422218080/fast"
/usr/bin/gmake -f CMakeFiles/cmTryCompileExec2422218080.dir/build.make CMakeFiles/cmTryCompileExec2422218080.dir/build
gmake[1]: Entering directory `/tmp/pip-req-build-h9_b2ss7/openjpeg/src/openjpeg/build/CMakeFiles/CMakeTmp'
/usr/bin/cmake -E cmake_progress_report /tmp/pip-req-build-h9_b2ss7/openjpeg/src/openjpeg/build/CMakeFiles/CMakeTmp/CMakeFiles 1
Building C object CMakeFiles/cmTryCompileExec2422218080.dir/CheckIncludeFile.c.o
/opt/rh/devtoolset-8/root/usr/bin/cc    -o CMakeFiles/cmTryCompileExec2422218080.dir/CheckIncludeFile.c.o   -c /tmp/pip-req-build-h9_b2ss7/openjpeg/src/openjpeg/build/CMakeFiles/CMakeTmp/CheckIncludeFile.c
Linking C executable cmTryCompileExec2422218080
/usr/bin/cmake -E cmake_link_script CMakeFiles/cmTryCompileExec2422218080.dir/link.txt --verbose=1
/opt/rh/devtoolset-8/root/usr/bin/cc       CMakeFiles/cmTryCompileExec2422218080.dir/CheckIncludeFile.c.o  -o cmTryCompileExec2422218080 -rdynamic 
gmake[1]: Leaving directory `/tmp/pip-req-build-h9_b2ss7/openjpeg/src/openjpeg/build/CMakeFiles/CMakeTmp'


Determining size of unsigned short passed with the following output:
Change Dir: /tmp/pip-req-build-h9_b2ss7/openjpeg/src/openjpeg/build/CMakeFiles/CMakeTmp

Run Build Command:/usr/bin/gmake "cmTryCompileExec3637447025/fast"
/usr/bin/gmake -f CMakeFiles/cmTryCompileExec3637447025.dir/build.make CMakeFiles/cmTryCompileExec3637447025.dir/build
gmake[1]: Entering directory `/tmp/pip-req-build-h9_b2ss7/openjpeg/src/openjpeg/build/CMakeFiles/CMakeTmp'
/usr/bin/cmake -E cmake_progress_report /tmp/pip-req-build-h9_b2ss7/openjpeg/src/openjpeg/build/CMakeFiles/CMakeTmp/CMakeFiles 1
Building C object CMakeFiles/cmTryCompileExec3637447025.dir/CMAKE_SIZEOF_UNSIGNED_SHORT.c.o
/opt/rh/devtoolset-8/root/usr/bin/cc    -o CMakeFiles/cmTryCompileExec3637447025.dir/CMAKE_SIZEOF_UNSIGNED_SHORT.c.o   -c /tmp/pip-req-build-h9_b2ss7/openjpeg/src/openjpeg/build/CMakeFiles/CheckTypeSize/CMAKE_SIZEOF_UNSIGNED_SHORT.c
Linking C executable cmTryCompileExec3637447025
/usr/bin/cmake -E cmake_link_script CMakeFiles/cmTryCompileExec3637447025.dir/link.txt --verbose=1
/opt/rh/devtoolset-8/root/usr/bin/cc       CMakeFiles/cmTryCompileExec3637447025.dir/CMAKE_SIZEOF_UNSIGNED_SHORT.c.o  -o cmTryCompileExec3637447025 -rdynamic 
gmake[1]: Leaving directory `/tmp/pip-req-build-h9_b2ss7/openjpeg/src/openjpeg/build/CMakeFiles/CMakeTmp'


Determining if the include file string.h exists passed with the following output:
Change Dir: /tmp/pip-req-build-h9_b2ss7/openjpeg/src/openjpeg/build/CMakeFiles/CMakeTmp

Run Build Command:/usr/bin/gmake "cmTryCompileExec2522451159/fast"
/usr/bin/gmake -f CMakeFiles/cmTryCompileExec2522451159.dir/build.make CMakeFiles/cmTryCompileExec2522451159.dir/build
gmake[1]: Entering directory `/tmp/pip-req-build-h9_b2ss7/openjpeg/src/openjpeg/build/CMakeFiles/CMakeTmp'
/usr/bin/cmake -E cmake_progress_report /tmp/pip-req-build-h9_b2ss7/openjpeg/src/openjpeg/build/CMakeFiles/CMakeTmp/CMakeFiles 1
Building C object CMakeFiles/cmTryCompileExec2522451159.dir/CheckIncludeFile.c.o
/opt/rh/devtoolset-8/root/usr/bin/cc    -o CMakeFiles/cmTryCompileExec2522451159.dir/CheckIncludeFile.c.o   -c /tmp/pip-req-build-h9_b2ss7/openjpeg/src/openjpeg/build/CMakeFiles/CMakeTmp/CheckIncludeFile.c
Linking C executable cmTryCompileExec2522451159
/usr/bin/cmake -E cmake_link_script CMakeFiles/cmTryCompileExec2522451159.dir/link.txt --verbose=1
/opt/rh/devtoolset-8/root/usr/bin/cc       CMakeFiles/cmTryCompileExec2522451159.dir/CheckIncludeFile.c.o  -o cmTryCompileExec2522451159 -rdynamic 
gmake[1]: Leaving directory `/tmp/pip-req-build-h9_b2ss7/openjpeg/src/openjpeg/build/CMakeFiles/CMakeTmp'


Determining if the include file memory.h exists passed with the following output:
Change Dir: /tmp/pip-req-build-h9_b2ss7/openjpeg/src/openjpeg/build/CMakeFiles/CMakeTmp

Run Build Command:/usr/bin/gmake "cmTryCompileExec2193139460/fast"
/usr/bin/gmake -f CMakeFiles/cmTryCompileExec2193139460.dir/build.make CMakeFiles/cmTryCompileExec2193139460.dir/build
gmake[1]: Entering directory `/tmp/pip-req-build-h9_b2ss7/openjpeg/src/openjpeg/build/CMakeFiles/CMakeTmp'
/usr/bin/cmake -E cmake_progress_report /tmp/pip-req-build-h9_b2ss7/openjpeg/src/openjpeg/build/CMakeFiles/CMakeTmp/CMakeFiles 1
Building C object CMakeFiles/cmTryCompileExec2193139460.dir/CheckIncludeFile.c.o
/opt/rh/devtoolset-8/root/usr/bin/cc    -o CMakeFiles/cmTryCompileExec2193139460.dir/CheckIncludeFile.c.o   -c /tmp/pip-req-build-h9_b2ss7/openjpeg/src/openjpeg/build/CMakeFiles/CMakeTmp/CheckIncludeFile.c
Linking C executable cmTryCompileExec2193139460
/usr/bin/cmake -E cmake_link_script CMakeFiles/cmTryCompileExec2193139460.dir/link.txt --verbose=1
/opt/rh/devtoolset-8/root/usr/bin/cc       CMakeFiles/cmTryCompileExec2193139460.dir/CheckIncludeFile.c.o  -o cmTryCompileExec2193139460 -rdynamic 
gmake[1]: Leaving directory `/tmp/pip-req-build-h9_b2ss7/openjpeg/src/openjpeg/build/CMakeFiles/CMakeTmp'


Determining if the include file stdlib.h exists passed with the following output:
Change Dir: /tmp/pip-req-build-h9_b2ss7/openjpeg/src/openjpeg/build/CMakeFiles/CMakeTmp

Run Build Command:/usr/bin/gmake "cmTryCompileExec1398869214/fast"
/usr/bin/gmake -f CMakeFiles/cmTryCompileExec1398869214.dir/build.make CMakeFiles/cmTryCompileExec1398869214.dir/build
gmake[1]: Entering directory `/tmp/pip-req-build-h9_b2ss7/openjpeg/src/openjpeg/build/CMakeFiles/CMakeTmp'
/usr/bin/cmake -E cmake_progress_report /tmp/pip-req-build-h9_b2ss7/openjpeg/src/openjpeg/build/CMakeFiles/CMakeTmp/CMakeFiles 1
Building C object CMakeFiles/cmTryCompileExec1398869214.dir/CheckIncludeFile.c.o
/opt/rh/devtoolset-8/root/usr/bin/cc    -o CMakeFiles/cmTryCompileExec1398869214.dir/CheckIncludeFile.c.o   -c /tmp/pip-req-build-h9_b2ss7/openjpeg/src/openjpeg/build/CMakeFiles/CMakeTmp/CheckIncludeFile.c
Linking C executable cmTryCompileExec1398869214
/usr/bin/cmake -E cmake_link_script CMakeFiles/cmTryCompileExec1398869214.dir/link.txt --verbose=1
/opt/rh/devtoolset-8/root/usr/bin/cc       CMakeFiles/cmTryCompileExec1398869214.dir/CheckIncludeFile.c.o  -o cmTryCompileExec1398869214 -rdynamic 
gmake[1]: Leaving directory `/tmp/pip-req-build-h9_b2ss7/openjpeg/src/openjpeg/build/CMakeFiles/CMakeTmp'


Determining if the include file stdio.h exists passed with the following output:
Change Dir: /tmp/pip-req-build-h9_b2ss7/openjpeg/src/openjpeg/build/CMakeFiles/CMakeTmp

Run Build Command:/usr/bin/gmake "cmTryCompileExec1785158917/fast"
/usr/bin/gmake -f CMakeFiles/cmTryCompileExec1785158917.dir/build.make CMakeFiles/cmTryCompileExec1785158917.dir/build
gmake[1]: Entering directory `/tmp/pip-req-build-h9_b2ss7/openjpeg/src/openjpeg/build/CMakeFiles/CMakeTmp'
/usr/bin/cmake -E cmake_progress_report /tmp/pip-req-build-h9_b2ss7/openjpeg/src/openjpeg/build/CMakeFiles/CMakeTmp/CMakeFiles 1
Building C object CMakeFiles/cmTryCompileExec1785158917.dir/CheckIncludeFile.c.o
/opt/rh/devtoolset-8/root/usr/bin/cc    -o CMakeFiles/cmTryCompileExec1785158917.dir/CheckIncludeFile.c.o   -c /tmp/pip-req-build-h9_b2ss7/openjpeg/src/openjpeg/build/CMakeFiles/CMakeTmp/CheckIncludeFile.c
Linking C executable cmTryCompileExec1785158917
/usr/bin/cmake -E cmake_link_script CMakeFiles/cmTryCompileExec1785158917.dir/link.txt --verbose=1
/opt/rh/devtoolset-8/root/usr/bin/cc       CMakeFiles/cmTryCompileExec1785158917.dir/CheckIncludeFile.c.o  -o cmTryCompileExec1785158917 -rdynamic 
gmake[1]: Leaving directory `/tmp/pip-req-build-h9_b2ss7/openjpeg/src/openjpeg/build/CMakeFiles/CMakeTmp'


Determining if the include file math.h exists passed with the following output:
Change Dir: /tmp/pip-req-build-h9_b2ss7/openjpeg/src/openjpeg/build/CMakeFiles/CMakeTmp

Run Build Command:/usr/bin/gmake "cmTryCompileExec2516127088/fast"
/usr/bin/gmake -f CMakeFiles/cmTryCompileExec2516127088.dir/build.make CMakeFiles/cmTryCompileExec2516127088.dir/build
gmake[1]: Entering directory `/tmp/pip-req-build-h9_b2ss7/openjpeg/src/openjpeg/build/CMakeFiles/CMakeTmp'
/usr/bin/cmake -E cmake_progress_report /tmp/pip-req-build-h9_b2ss7/openjpeg/src/openjpeg/build/CMakeFiles/CMakeTmp/CMakeFiles 1
Building C object CMakeFiles/cmTryCompileExec2516127088.dir/CheckIncludeFile.c.o
/opt/rh/devtoolset-8/root/usr/bin/cc    -o CMakeFiles/cmTryCompileExec2516127088.dir/CheckIncludeFile.c.o   -c /tmp/pip-req-build-h9_b2ss7/openjpeg/src/openjpeg/build/CMakeFiles/CMakeTmp/CheckIncludeFile.c
Linking C executable cmTryCompileExec2516127088
/usr/bin/cmake -E cmake_link_script CMakeFiles/cmTryCompileExec2516127088.dir/link.txt --verbose=1
/opt/rh/devtoolset-8/root/usr/bin/cc       CMakeFiles/cmTryCompileExec2516127088.dir/CheckIncludeFile.c.o  -o cmTryCompileExec2516127088 -rdynamic 
gmake[1]: Leaving directory `/tmp/pip-req-build-h9_b2ss7/openjpeg/src/openjpeg/build/CMakeFiles/CMakeTmp'


Determining if the include file float.h exists passed with the following output:
Change Dir: /tmp/pip-req-build-h9_b2ss7/openjpeg/src/openjpeg/build/CMakeFiles/CMakeTmp

Run Build Command:/usr/bin/gmake "cmTryCompileExec3201066815/fast"
/usr/bin/gmake -f CMakeFiles/cmTryCompileExec3201066815.dir/build.make CMakeFiles/cmTryCompileExec3201066815.dir/build
gmake[1]: Entering directory `/tmp/pip-req-build-h9_b2ss7/openjpeg/src/openjpeg/build/CMakeFiles/CMakeTmp'
/usr/bin/cmake -E cmake_progress_report /tmp/pip-req-build-h9_b2ss7/openjpeg/src/openjpeg/build/CMakeFiles/CMakeTmp/CMakeFiles 1
Building C object CMakeFiles/cmTryCompileExec3201066815.dir/CheckIncludeFile.c.o
/opt/rh/devtoolset-8/root/usr/bin/cc    -o CMakeFiles/cmTryCompileExec3201066815.dir/CheckIncludeFile.c.o   -c /tmp/pip-req-build-h9_b2ss7/openjpeg/src/openjpeg/build/CMakeFiles/CMakeTmp/CheckIncludeFile.c
Linking C executable cmTryCompileExec3201066815
/usr/bin/cmake -E cmake_link_script CMakeFiles/cmTryCompileExec3201066815.dir/link.txt --verbose=1
/opt/rh/devtoolset-8/root/usr/bin/cc       CMakeFiles/cmTryCompileExec3201066815.dir/CheckIncludeFile.c.o  -o cmTryCompileExec3201066815 -rdynamic 
gmake[1]: Leaving directory `/tmp/pip-req-build-h9_b2ss7/openjpeg/src/openjpeg/build/CMakeFiles/CMakeTmp'


Determining if the include file time.h exists passed with the following output:
Change Dir: /tmp/pip-req-build-h9_b2ss7/openjpeg/src/openjpeg/build/CMakeFiles/CMakeTmp

Run Build Command:/usr/bin/gmake "cmTryCompileExec947165923/fast"
/usr/bin/gmake -f CMakeFiles/cmTryCompileExec947165923.dir/build.make CMakeFiles/cmTryCompileExec947165923.dir/build
gmake[1]: Entering directory `/tmp/pip-req-build-h9_b2ss7/openjpeg/src/openjpeg/build/CMakeFiles/CMakeTmp'
/usr/bin/cmake -E cmake_progress_report /tmp/pip-req-build-h9_b2ss7/openjpeg/src/openjpeg/build/CMakeFiles/CMakeTmp/CMakeFiles 1
Building C object CMakeFiles/cmTryCompileExec947165923.dir/CheckIncludeFile.c.o
/opt/rh/devtoolset-8/root/usr/bin/cc    -o CMakeFiles/cmTryCompileExec947165923.dir/CheckIncludeFile.c.o   -c /tmp/pip-req-build-h9_b2ss7/openjpeg/src/openjpeg/build/CMakeFiles/CMakeTmp/CheckIncludeFile.c
Linking C executable cmTryCompileExec947165923
/usr/bin/cmake -E cmake_link_script CMakeFiles/cmTryCompileExec947165923.dir/link.txt --verbose=1
/opt/rh/devtoolset-8/root/usr/bin/cc       CMakeFiles/cmTryCompileExec947165923.dir/CheckIncludeFile.c.o  -o cmTryCompileExec947165923 -rdynamic 
gmake[1]: Leaving directory `/tmp/pip-req-build-h9_b2ss7/openjpeg/src/openjpeg/build/CMakeFiles/CMakeTmp'


Determining if the include file stdarg.h exists passed with the following output:
Change Dir: /tmp/pip-req-build-h9_b2ss7/openjpeg/src/openjpeg/build/CMakeFiles/CMakeTmp

Run Build Command:/usr/bin/gmake "cmTryCompileExec3490696775/fast"
/usr/bin/gmake -f CMakeFiles/cmTryCompileExec3490696775.dir/build.make CMakeFiles/cmTryCompileExec3490696775.dir/build
gmake[1]: Entering directory `/tmp/pip-req-build-h9_b2ss7/openjpeg/src/openjpeg/build/CMakeFiles/CMakeTmp'
/usr/bin/cmake -E cmake_progress_report /tmp/pip-req-build-h9_b2ss7/openjpeg/src/openjpeg/build/CMakeFiles/CMakeTmp/CMakeFiles 1
Building C object CMakeFiles/cmTryCompileExec3490696775.dir/CheckIncludeFile.c.o
/opt/rh/devtoolset-8/root/usr/bin/cc    -o CMakeFiles/cmTryCompileExec3490696775.dir/CheckIncludeFile.c.o   -c /tmp/pip-req-build-h9_b2ss7/openjpeg/src/openjpeg/build/CMakeFiles/CMakeTmp/CheckIncludeFile.c
Linking C executable cmTryCompileExec3490696775
/usr/bin/cmake -E cmake_link_script CMakeFiles/cmTryCompileExec3490696775.dir/link.txt --verbose=1
/opt/rh/devtoolset-8/root/usr/bin/cc       CMakeFiles/cmTryCompileExec3490696775.dir/CheckIncludeFile.c.o  -o cmTryCompileExec3490696775 -rdynamic 
gmake[1]: Leaving directory `/tmp/pip-req-build-h9_b2ss7/openjpeg/src/openjpeg/build/CMakeFiles/CMakeTmp'


Determining if the include file ctype.h exists passed with the following output:
Change Dir: /tmp/pip-req-build-h9_b2ss7/openjpeg/src/openjpeg/build/CMakeFiles/CMakeTmp

Run Build Command:/usr/bin/gmake "cmTryCompileExec124189793/fast"
/usr/bin/gmake -f CMakeFiles/cmTryCompileExec124189793.dir/build.make CMakeFiles/cmTryCompileExec124189793.dir/build
gmake[1]: Entering directory `/tmp/pip-req-build-h9_b2ss7/openjpeg/src/openjpeg/build/CMakeFiles/CMakeTmp'
/usr/bin/cmake -E cmake_progress_report /tmp/pip-req-build-h9_b2ss7/openjpeg/src/openjpeg/build/CMakeFiles/CMakeTmp/CMakeFiles 1
Building C object CMakeFiles/cmTryCompileExec124189793.dir/CheckIncludeFile.c.o
/opt/rh/devtoolset-8/root/usr/bin/cc    -o CMakeFiles/cmTryCompileExec124189793.dir/CheckIncludeFile.c.o   -c /tmp/pip-req-build-h9_b2ss7/openjpeg/src/openjpeg/build/CMakeFiles/CMakeTmp/CheckIncludeFile.c
Linking C executable cmTryCompileExec124189793
/usr/bin/cmake -E cmake_link_script CMakeFiles/cmTryCompileExec124189793.dir/link.txt --verbose=1
/opt/rh/devtoolset-8/root/usr/bin/cc       CMakeFiles/cmTryCompileExec124189793.dir/CheckIncludeFile.c.o  -o cmTryCompileExec124189793 -rdynamic 
gmake[1]: Leaving directory `/tmp/pip-req-build-h9_b2ss7/openjpeg/src/openjpeg/build/CMakeFiles/CMakeTmp'


Determining if the include file assert.h exists passed with the following output:
Change Dir: /tmp/pip-req-build-h9_b2ss7/openjpeg/src/openjpeg/build/CMakeFiles/CMakeTmp

Run Build Command:/usr/bin/gmake "cmTryCompileExec4111372020/fast"
/usr/bin/gmake -f CMakeFiles/cmTryCompileExec4111372020.dir/build.make CMakeFiles/cmTryCompileExec4111372020.dir/build
gmake[1]: Entering directory `/tmp/pip-req-build-h9_b2ss7/openjpeg/src/openjpeg/build/CMakeFiles/CMakeTmp'
/usr/bin/cmake -E cmake_progress_report /tmp/pip-req-build-h9_b2ss7/openjpeg/src/openjpeg/build/CMakeFiles/CMakeTmp/CMakeFiles 1
Building C object CMakeFiles/cmTryCompileExec4111372020.dir/CheckIncludeFile.c.o
/opt/rh/devtoolset-8/root/usr/bin/cc    -o CMakeFiles/cmTryCompileExec4111372020.dir/CheckIncludeFile.c.o   -c /tmp/pip-req-build-h9_b2ss7/openjpeg/src/openjpeg/build/CMakeFiles/CMakeTmp/CheckIncludeFile.c
Linking C executable cmTryCompileExec4111372020
/usr/bin/cmake -E cmake_link_script CMakeFiles/cmTryCompileExec4111372020.dir/link.txt --verbose=1
/opt/rh/devtoolset-8/root/usr/bin/cc       CMakeFiles/cmTryCompileExec4111372020.dir/CheckIncludeFile.c.o  -o cmTryCompileExec4111372020 -rdynamic 
gmake[1]: Leaving directory `/tmp/pip-req-build-h9_b2ss7/openjpeg/src/openjpeg/build/CMakeFiles/CMakeTmp'


Determining if the include file stdint.h exists passed with the following output:
Change Dir: /tmp/pip-req-build-h9_b2ss7/openjpeg/src/openjpeg/build/CMakeFiles/CMakeTmp

Run Build Command:/usr/bin/gmake "cmTryCompileExec4148038658/fast"
/usr/bin/gmake -f CMakeFiles/cmTryCompileExec4148038658.dir/build.make CMakeFiles/cmTryCompileExec4148038658.dir/build
gmake[1]: Entering directory `/tmp/pip-req-build-h9_b2ss7/openjpeg/src/openjpeg/build/CMakeFiles/CMakeTmp'
/usr/bin/cmake -E cmake_progress_report /tmp/pip-req-build-h9_b2ss7/openjpeg/src/openjpeg/build/CMakeFiles/CMakeTmp/CMakeFiles 1
Building C object CMakeFiles/cmTryCompileExec4148038658.dir/CheckIncludeFile.c.o
/opt/rh/devtoolset-8/root/usr/bin/cc    -o CMakeFiles/cmTryCompileExec4148038658.dir/CheckIncludeFile.c.o   -c /tmp/pip-req-build-h9_b2ss7/openjpeg/src/openjpeg/build/CMakeFiles/CMakeTmp/CheckIncludeFile.c
Linking C executable cmTryCompileExec4148038658
/usr/bin/cmake -E cmake_link_script CMakeFiles/cmTryCompileExec4148038658.dir/link.txt --verbose=1
/opt/rh/devtoolset-8/root/usr/bin/cc       CMakeFiles/cmTryCompileExec4148038658.dir/CheckIncludeFile.c.o  -o cmTryCompileExec4148038658 -rdynamic 
gmake[1]: Leaving directory `/tmp/pip-req-build-h9_b2ss7/openjpeg/src/openjpeg/build/CMakeFiles/CMakeTmp'


Determining if the include file inttypes.h exists passed with the following output:
Change Dir: /tmp/pip-req-build-h9_b2ss7/openjpeg/src/openjpeg/build/CMakeFiles/CMakeTmp

Run Build Command:/usr/bin/gmake "cmTryCompileExec2714440366/fast"
/usr/bin/gmake -f CMakeFiles/cmTryCompileExec2714440366.dir/build.make CMakeFiles/cmTryCompileExec2714440366.dir/build
gmake[1]: Entering directory `/tmp/pip-req-build-h9_b2ss7/openjpeg/src/openjpeg/build/CMakeFiles/CMakeTmp'
/usr/bin/cmake -E cmake_progress_report /tmp/pip-req-build-h9_b2ss7/openjpeg/src/openjpeg/build/CMakeFiles/CMakeTmp/CMakeFiles 1
Building C object CMakeFiles/cmTryCompileExec2714440366.dir/CheckIncludeFile.c.o
/opt/rh/devtoolset-8/root/usr/bin/cc    -o CMakeFiles/cmTryCompileExec2714440366.dir/CheckIncludeFile.c.o   -c /tmp/pip-req-build-h9_b2ss7/openjpeg/src/openjpeg/build/CMakeFiles/CMakeTmp/CheckIncludeFile.c
Linking C executable cmTryCompileExec2714440366
/usr/bin/cmake -E cmake_link_script CMakeFiles/cmTryCompileExec2714440366.dir/link.txt --verbose=1
/opt/rh/devtoolset-8/root/usr/bin/cc       CMakeFiles/cmTryCompileExec2714440366.dir/CheckIncludeFile.c.o  -o cmTryCompileExec2714440366 -rdynamic 
gmake[1]: Leaving directory `/tmp/pip-req-build-h9_b2ss7/openjpeg/src/openjpeg/build/CMakeFiles/CMakeTmp'


Determining if the include file strings.h exists passed with the following output:
Change Dir: /tmp/pip-req-build-h9_b2ss7/openjpeg/src/openjpeg/build/CMakeFiles/CMakeTmp

Run Build Command:/usr/bin/gmake "cmTryCompileExec2879547886/fast"
/usr/bin/gmake -f CMakeFiles/cmTryCompileExec2879547886.dir/build.make CMakeFiles/cmTryCompileExec2879547886.dir/build
gmake[1]: Entering directory `/tmp/pip-req-build-h9_b2ss7/openjpeg/src/openjpeg/build/CMakeFiles/CMakeTmp'
/usr/bin/cmake -E cmake_progress_report /tmp/pip-req-build-h9_b2ss7/openjpeg/src/openjpeg/build/CMakeFiles/CMakeTmp/CMakeFiles 1
Building C object CMakeFiles/cmTryCompileExec2879547886.dir/CheckIncludeFile.c.o
/opt/rh/devtoolset-8/root/usr/bin/cc    -o CMakeFiles/cmTryCompileExec2879547886.dir/CheckIncludeFile.c.o   -c /tmp/pip-req-build-h9_b2ss7/openjpeg/src/openjpeg/build/CMakeFiles/CMakeTmp/CheckIncludeFile.c
Linking C executable cmTryCompileExec2879547886
/usr/bin/cmake -E cmake_link_script CMakeFiles/cmTryCompileExec2879547886.dir/link.txt --verbose=1
/opt/rh/devtoolset-8/root/usr/bin/cc       CMakeFiles/cmTryCompileExec2879547886.dir/CheckIncludeFile.c.o  -o cmTryCompileExec2879547886 -rdynamic 
gmake[1]: Leaving directory `/tmp/pip-req-build-h9_b2ss7/openjpeg/src/openjpeg/build/CMakeFiles/CMakeTmp'


Determining if the include file sys/stat.h exists passed with the following output:
Change Dir: /tmp/pip-req-build-h9_b2ss7/openjpeg/src/openjpeg/build/CMakeFiles/CMakeTmp

Run Build Command:/usr/bin/gmake "cmTryCompileExec596494249/fast"
/usr/bin/gmake -f CMakeFiles/cmTryCompileExec596494249.dir/build.make CMakeFiles/cmTryCompileExec596494249.dir/build
gmake[1]: Entering directory `/tmp/pip-req-build-h9_b2ss7/openjpeg/src/openjpeg/build/CMakeFiles/CMakeTmp'
/usr/bin/cmake -E cmake_progress_report /tmp/pip-req-build-h9_b2ss7/openjpeg/src/openjpeg/build/CMakeFiles/CMakeTmp/CMakeFiles 1
Building C object CMakeFiles/cmTryCompileExec596494249.dir/CheckIncludeFile.c.o
/opt/rh/devtoolset-8/root/usr/bin/cc    -o CMakeFiles/cmTryCompileExec596494249.dir/CheckIncludeFile.c.o   -c /tmp/pip-req-build-h9_b2ss7/openjpeg/src/openjpeg/build/CMakeFiles/CMakeTmp/CheckIncludeFile.c
Linking C executable cmTryCompileExec596494249
/usr/bin/cmake -E cmake_link_script CMakeFiles/cmTryCompileExec596494249.dir/link.txt --verbose=1
/opt/rh/devtoolset-8/root/usr/bin/cc       CMakeFiles/cmTryCompileExec596494249.dir/CheckIncludeFile.c.o  -o cmTryCompileExec596494249 -rdynamic 
gmake[1]: Leaving directory `/tmp/pip-req-build-h9_b2ss7/openjpeg/src/openjpeg/build/CMakeFiles/CMakeTmp'


Determining if the include file unistd.h exists passed with the following output:
Change Dir: /tmp/pip-req-build-h9_b2ss7/openjpeg/src/openjpeg/build/CMakeFiles/CMakeTmp

Run Build Command:/usr/bin/gmake "cmTryCompileExec146602542/fast"
/usr/bin/gmake -f CMakeFiles/cmTryCompileExec146602542.dir/build.make CMakeFiles/cmTryCompileExec146602542.dir/build
gmake[1]: Entering directory `/tmp/pip-req-build-h9_b2ss7/openjpeg/src/openjpeg/build/CMakeFiles/CMakeTmp'
/usr/bin/cmake -E cmake_progress_report /tmp/pip-req-build-h9_b2ss7/openjpeg/src/openjpeg/build/CMakeFiles/CMakeTmp/CMakeFiles 1
Building C object CMakeFiles/cmTryCompileExec146602542.dir/CheckIncludeFile.c.o
/opt/rh/devtoolset-8/root/usr/bin/cc    -o CMakeFiles/cmTryCompileExec146602542.dir/CheckIncludeFile.c.o   -c /tmp/pip-req-build-h9_b2ss7/openjpeg/src/openjpeg/build/CMakeFiles/CMakeTmp/CheckIncludeFile.c
Linking C executable cmTryCompileExec146602542
/usr/bin/cmake -E cmake_link_script CMakeFiles/cmTryCompileExec146602542.dir/link.txt --verbose=1
/opt/rh/devtoolset-8/root/usr/bin/cc       CMakeFiles/cmTryCompileExec146602542.dir/CheckIncludeFile.c.o  -o cmTryCompileExec146602542 -rdynamic 
gmake[1]: Leaving directory `/tmp/pip-req-build-h9_b2ss7/openjpeg/src/openjpeg/build/CMakeFiles/CMakeTmp'


Determining if files malloc.h exist passed with the following output:
Change Dir: /tmp/pip-req-build-h9_b2ss7/openjpeg/src/openjpeg/build/CMakeFiles/CMakeTmp

Run Build Command:/usr/bin/gmake "cmTryCompileExec2261619564/fast"
/usr/bin/gmake -f CMakeFiles/cmTryCompileExec2261619564.dir/build.make CMakeFiles/cmTryCompileExec2261619564.dir/build
gmake[1]: Entering directory `/tmp/pip-req-build-h9_b2ss7/openjpeg/src/openjpeg/build/CMakeFiles/CMakeTmp'
/usr/bin/cmake -E cmake_progress_report /tmp/pip-req-build-h9_b2ss7/openjpeg/src/openjpeg/build/CMakeFiles/CMakeTmp/CMakeFiles 1
Building C object CMakeFiles/cmTryCompileExec2261619564.dir/CheckIncludeFiles.c.o
/opt/rh/devtoolset-8/root/usr/bin/cc    -o CMakeFiles/cmTryCompileExec2261619564.dir/CheckIncludeFiles.c.o   -c /tmp/pip-req-build-h9_b2ss7/openjpeg/src/openjpeg/build/CMakeFiles/CMakeTmp/CheckIncludeFiles.c
Linking C executable cmTryCompileExec2261619564
/usr/bin/cmake -E cmake_link_script CMakeFiles/cmTryCompileExec2261619564.dir/link.txt --verbose=1
/opt/rh/devtoolset-8/root/usr/bin/cc       CMakeFiles/cmTryCompileExec2261619564.dir/CheckIncludeFiles.c.o  -o cmTryCompileExec2261619564 -rdynamic 
gmake[1]: Leaving directory `/tmp/pip-req-build-h9_b2ss7/openjpeg/src/openjpeg/build/CMakeFiles/CMakeTmp'


Determining if the posix_memalign exist passed with the following output:
Change Dir: /tmp/pip-req-build-h9_b2ss7/openjpeg/src/openjpeg/build/CMakeFiles/CMakeTmp

Run Build Command:/usr/bin/gmake "cmTryCompileExec1430727611/fast"
/usr/bin/gmake -f CMakeFiles/cmTryCompileExec1430727611.dir/build.make CMakeFiles/cmTryCompileExec1430727611.dir/build
gmake[1]: Entering directory `/tmp/pip-req-build-h9_b2ss7/openjpeg/src/openjpeg/build/CMakeFiles/CMakeTmp'
/usr/bin/cmake -E cmake_progress_report /tmp/pip-req-build-h9_b2ss7/openjpeg/src/openjpeg/build/CMakeFiles/CMakeTmp/CMakeFiles 1
Building C object CMakeFiles/cmTryCompileExec1430727611.dir/CheckSymbolExists.c.o
/opt/rh/devtoolset-8/root/usr/bin/cc  -D_POSIX_C_SOURCE=200112L  -o CMakeFiles/cmTryCompileExec1430727611.dir/CheckSymbolExists.c.o   -c /tmp/pip-req-build-h9_b2ss7/openjpeg/src/openjpeg/build/CMakeFiles/CMakeTmp/CheckSymbolExists.c
Linking C executable cmTryCompileExec1430727611
/usr/bin/cmake -E cmake_link_script CMakeFiles/cmTryCompileExec1430727611.dir/link.txt --verbose=1
/opt/rh/devtoolset-8/root/usr/bin/cc       CMakeFiles/cmTryCompileExec1430727611.dir/CheckSymbolExists.c.o  -o cmTryCompileExec1430727611 -rdynamic 
gmake[1]: Leaving directory `/tmp/pip-req-build-h9_b2ss7/openjpeg/src/openjpeg/build/CMakeFiles/CMakeTmp'

File /tmp/pip-req-build-h9_b2ss7/openjpeg/src/openjpeg/build/CMakeFiles/CMakeTmp/CheckSymbolExists.c:
/* */
#include <stdlib.h>

int main(int argc, char** argv)
{
  (void)argv;
#ifndef posix_memalign
  return ((int*)(&posix_memalign))[argc];
#else
  (void)argc;
  return 0;
#endif
}

Determining if the memalign exist passed with the following output:
Change Dir: /tmp/pip-req-build-h9_b2ss7/openjpeg/src/openjpeg/build/CMakeFiles/CMakeTmp

Run Build Command:/usr/bin/gmake "cmTryCompileExec2483206162/fast"
/usr/bin/gmake -f CMakeFiles/cmTryCompileExec2483206162.dir/build.make CMakeFiles/cmTryCompileExec2483206162.dir/build
gmake[1]: Entering directory `/tmp/pip-req-build-h9_b2ss7/openjpeg/src/openjpeg/build/CMakeFiles/CMakeTmp'
/usr/bin/cmake -E cmake_progress_report /tmp/pip-req-build-h9_b2ss7/openjpeg/src/openjpeg/build/CMakeFiles/CMakeTmp/CMakeFiles 1
Building C object CMakeFiles/cmTryCompileExec2483206162.dir/CheckSymbolExists.c.o
/opt/rh/devtoolset-8/root/usr/bin/cc    -o CMakeFiles/cmTryCompileExec2483206162.dir/CheckSymbolExists.c.o   -c /tmp/pip-req-build-h9_b2ss7/openjpeg/src/openjpeg/build/CMakeFiles/CMakeTmp/CheckSymbolExists.c
Linking C executable cmTryCompileExec2483206162
/usr/bin/cmake -E cmake_link_script CMakeFiles/cmTryCompileExec2483206162.dir/link.txt --verbose=1
/opt/rh/devtoolset-8/root/usr/bin/cc       CMakeFiles/cmTryCompileExec2483206162.dir/CheckSymbolExists.c.o  -o cmTryCompileExec2483206162 -rdynamic 
gmake[1]: Leaving directory `/tmp/pip-req-build-h9_b2ss7/openjpeg/src/openjpeg/build/CMakeFiles/CMakeTmp'

File /tmp/pip-req-build-h9_b2ss7/openjpeg/src/openjpeg/build/CMakeFiles/CMakeTmp/CheckSymbolExists.c:
/* */
#include <malloc.h>

int main(int argc, char** argv)
{
  (void)argv;
#ifndef memalign
  return ((int*)(&memalign))[argc];
#else
  (void)argc;
  return 0;
#endif
}

