The system is: Linux - 5.3.0-1022-azure - i686
Compiling the C compiler identification source file "CMakeCCompilerId.c" succeeded.
Compiler: /opt/rh/devtoolset-8/root/usr/bin/cc 
Build flags: 
Id flags: 

The output was:
0


Compilation of the C compiler identification source "CMakeCCompilerId.c" produced "a.out"

The C compiler identification is GNU, found in "/tmp/pip-req-build-h5_hpev5/openjpeg/src/openjpeg/build/CMakeFiles/2.8.12.2/CompilerIdC/a.out"

Compiling the CXX compiler identification source file "CMakeCXXCompilerId.cpp" succeeded.
Compiler: /opt/rh/devtoolset-8/root/usr/bin/c++ 
Build flags: 
Id flags: 

The output was:
0


Compilation of the CXX compiler identification source "CMakeCXXCompilerId.cpp" produced "a.out"

The CXX compiler identification is GNU, found in "/tmp/pip-req-build-h5_hpev5/openjpeg/src/openjpeg/build/CMakeFiles/2.8.12.2/CompilerIdCXX/a.out"

Determining if the C compiler works passed with the following output:
Change Dir: /tmp/pip-req-build-h5_hpev5/openjpeg/src/openjpeg/build/CMakeFiles/CMakeTmp

Run Build Command:/usr/bin/gmake "cmTryCompileExec1865687534/fast"
/usr/bin/gmake -f CMakeFiles/cmTryCompileExec1865687534.dir/build.make CMakeFiles/cmTryCompileExec1865687534.dir/build
gmake[1]: Entering directory `/tmp/pip-req-build-h5_hpev5/openjpeg/src/openjpeg/build/CMakeFiles/CMakeTmp'
/usr/bin/cmake -E cmake_progress_report /tmp/pip-req-build-h5_hpev5/openjpeg/src/openjpeg/build/CMakeFiles/CMakeTmp/CMakeFiles 1
Building C object CMakeFiles/cmTryCompileExec1865687534.dir/testCCompiler.c.o
/opt/rh/devtoolset-8/root/usr/bin/cc    -o CMakeFiles/cmTryCompileExec1865687534.dir/testCCompiler.c.o   -c /tmp/pip-req-build-h5_hpev5/openjpeg/src/openjpeg/build/CMakeFiles/CMakeTmp/testCCompiler.c
Linking C executable cmTryCompileExec1865687534
/usr/bin/cmake -E cmake_link_script CMakeFiles/cmTryCompileExec1865687534.dir/link.txt --verbose=1
/opt/rh/devtoolset-8/root/usr/bin/cc       CMakeFiles/cmTryCompileExec1865687534.dir/testCCompiler.c.o  -o cmTryCompileExec1865687534 -rdynamic 
gmake[1]: Leaving directory `/tmp/pip-req-build-h5_hpev5/openjpeg/src/openjpeg/build/CMakeFiles/CMakeTmp'


Detecting C compiler ABI info compiled with the following output:
Change Dir: /tmp/pip-req-build-h5_hpev5/openjpeg/src/openjpeg/build/CMakeFiles/CMakeTmp

Run Build Command:/usr/bin/gmake "cmTryCompileExec595452923/fast"
/usr/bin/gmake -f CMakeFiles/cmTryCompileExec595452923.dir/build.make CMakeFiles/cmTryCompileExec595452923.dir/build
gmake[1]: Entering directory `/tmp/pip-req-build-h5_hpev5/openjpeg/src/openjpeg/build/CMakeFiles/CMakeTmp'
/usr/bin/cmake -E cmake_progress_report /tmp/pip-req-build-h5_hpev5/openjpeg/src/openjpeg/build/CMakeFiles/CMakeTmp/CMakeFiles 1
Building C object CMakeFiles/cmTryCompileExec595452923.dir/CMakeCCompilerABI.c.o
/opt/rh/devtoolset-8/root/usr/bin/cc    -o CMakeFiles/cmTryCompileExec595452923.dir/CMakeCCompilerABI.c.o   -c /usr/share/cmake/Modules/CMakeCCompilerABI.c
Linking C executable cmTryCompileExec595452923
/usr/bin/cmake -E cmake_link_script CMakeFiles/cmTryCompileExec595452923.dir/link.txt --verbose=1
/opt/rh/devtoolset-8/root/usr/bin/cc     -v CMakeFiles/cmTryCompileExec595452923.dir/CMakeCCompilerABI.c.o  -o cmTryCompileExec595452923 -rdynamic  
Using built-in specs.
COLLECT_GCC=/opt/rh/devtoolset-8/root/usr/bin/cc
COLLECT_LTO_WRAPPER=/opt/rh/devtoolset-8/root/usr/libexec/gcc/i686-redhat-linux/8/lto-wrapper
Target: i686-redhat-linux
Configured with: ../configure --enable-bootstrap --enable-languages=c,c++,fortran,lto --prefix=/opt/rh/devtoolset-8/root/usr --mandir=/opt/rh/devtoolset-8/root/usr/share/man --infodir=/opt/rh/devtoolset-8/root/usr/share/info --with-bugurl=http://bugzilla.redhat.com/bugzilla --enable-shared --enable-threads=posix --enable-checking=release --enable-multilib --with-system-zlib --enable-__cxa_atexit --disable-libunwind-exceptions --enable-gnu-unique-object --enable-linker-build-id --with-gcc-major-version-only --with-linker-hash-style=gnu --with-default-libstdcxx-abi=gcc4-compatible --enable-plugin --enable-initfini-array --with-isl=/builddir/build/BUILD/gcc-8.3.1-20190311/obj-i686-redhat-linux/isl-install --disable-libmpx --with-mpc=/builddir/build/BUILD/gcc-8.3.1-20190311/obj-i686-redhat-linux/mpc-install --with-tune=generic --with-arch=i686 --build=i686-redhat-linux
Thread model: posix
gcc version 8.3.1 20190311 (Red Hat 8.3.1-3) (GCC) 
COMPILER_PATH=/opt/rh/devtoolset-8/root/usr/libexec/gcc/i686-redhat-linux/8/:/opt/rh/devtoolset-8/root/usr/libexec/gcc/i686-redhat-linux/8/:/opt/rh/devtoolset-8/root/usr/libexec/gcc/i686-redhat-linux/:/opt/rh/devtoolset-8/root/usr/lib/gcc/i686-redhat-linux/8/:/opt/rh/devtoolset-8/root/usr/lib/gcc/i686-redhat-linux/
LIBRARY_PATH=/opt/rh/devtoolset-8/root/usr/lib/gcc/i686-redhat-linux/8/:/opt/rh/devtoolset-8/root/usr/lib/gcc/i686-redhat-linux/8/../../../:/lib/:/usr/lib/
COLLECT_GCC_OPTIONS='-v' '-o' 'cmTryCompileExec595452923' '-rdynamic' '-mtune=generic' '-march=i686'
 /opt/rh/devtoolset-8/root/usr/libexec/gcc/i686-redhat-linux/8/collect2 -plugin /opt/rh/devtoolset-8/root/usr/libexec/gcc/i686-redhat-linux/8/liblto_plugin.so -plugin-opt=/opt/rh/devtoolset-8/root/usr/libexec/gcc/i686-redhat-linux/8/lto-wrapper -plugin-opt=-fresolution=/tmp/ccpJPuNj.res -plugin-opt=-pass-through=-lgcc -plugin-opt=-pass-through=-lgcc_s -plugin-opt=-pass-through=-lc -plugin-opt=-pass-through=-lgcc -plugin-opt=-pass-through=-lgcc_s --build-id --no-add-needed --eh-frame-hdr --hash-style=gnu -m elf_i386 -export-dynamic -dynamic-linker /lib/ld-linux.so.2 -o cmTryCompileExec595452923 /usr/lib/crt1.o /usr/lib/crti.o /opt/rh/devtoolset-8/root/usr/lib/gcc/i686-redhat-linux/8/crtbegin.o -L/opt/rh/devtoolset-8/root/usr/lib/gcc/i686-redhat-linux/8 -L/opt/rh/devtoolset-8/root/usr/lib/gcc/i686-redhat-linux/8/../../.. CMakeFiles/cmTryCompileExec595452923.dir/CMakeCCompilerABI.c.o -lgcc --as-needed -lgcc_s --no-as-needed -lc -lgcc --as-needed -lgcc_s --no-as-needed /opt/rh/devtoolset-8/root/usr/lib/gcc/i686-redhat-linux/8/crtend.o /usr/lib/crtn.o
COLLECT_GCC_OPTIONS='-v' '-o' 'cmTryCompileExec595452923' '-rdynamic' '-mtune=generic' '-march=i686'
gmake[1]: Leaving directory `/tmp/pip-req-build-h5_hpev5/openjpeg/src/openjpeg/build/CMakeFiles/CMakeTmp'


Parsed C implicit link information from above output:
  link line regex: [^( *|.*[/\])(ld|([^/\]+-)?ld|collect2)[^/\]*( |$)]
  ignore line: [Change Dir: /tmp/pip-req-build-h5_hpev5/openjpeg/src/openjpeg/build/CMakeFiles/CMakeTmp]
  ignore line: []
  ignore line: [Run Build Command:/usr/bin/gmake "cmTryCompileExec595452923/fast"]
  ignore line: [/usr/bin/gmake -f CMakeFiles/cmTryCompileExec595452923.dir/build.make CMakeFiles/cmTryCompileExec595452923.dir/build]
  ignore line: [gmake[1]: Entering directory `/tmp/pip-req-build-h5_hpev5/openjpeg/src/openjpeg/build/CMakeFiles/CMakeTmp']
  ignore line: [/usr/bin/cmake -E cmake_progress_report /tmp/pip-req-build-h5_hpev5/openjpeg/src/openjpeg/build/CMakeFiles/CMakeTmp/CMakeFiles 1]
  ignore line: [Building C object CMakeFiles/cmTryCompileExec595452923.dir/CMakeCCompilerABI.c.o]
  ignore line: [/opt/rh/devtoolset-8/root/usr/bin/cc    -o CMakeFiles/cmTryCompileExec595452923.dir/CMakeCCompilerABI.c.o   -c /usr/share/cmake/Modules/CMakeCCompilerABI.c]
  ignore line: [Linking C executable cmTryCompileExec595452923]
  ignore line: [/usr/bin/cmake -E cmake_link_script CMakeFiles/cmTryCompileExec595452923.dir/link.txt --verbose=1]
  ignore line: [/opt/rh/devtoolset-8/root/usr/bin/cc     -v CMakeFiles/cmTryCompileExec595452923.dir/CMakeCCompilerABI.c.o  -o cmTryCompileExec595452923 -rdynamic  ]
  ignore line: [Using built-in specs.]
  ignore line: [COLLECT_GCC=/opt/rh/devtoolset-8/root/usr/bin/cc]
  ignore line: [COLLECT_LTO_WRAPPER=/opt/rh/devtoolset-8/root/usr/libexec/gcc/i686-redhat-linux/8/lto-wrapper]
  ignore line: [Target: i686-redhat-linux]
  ignore line: [Configured with: ../configure --enable-bootstrap --enable-languages=c,c++,fortran,lto --prefix=/opt/rh/devtoolset-8/root/usr --mandir=/opt/rh/devtoolset-8/root/usr/share/man --infodir=/opt/rh/devtoolset-8/root/usr/share/info --with-bugurl=http://bugzilla.redhat.com/bugzilla --enable-shared --enable-threads=posix --enable-checking=release --enable-multilib --with-system-zlib --enable-__cxa_atexit --disable-libunwind-exceptions --enable-gnu-unique-object --enable-linker-build-id --with-gcc-major-version-only --with-linker-hash-style=gnu --with-default-libstdcxx-abi=gcc4-compatible --enable-plugin --enable-initfini-array --with-isl=/builddir/build/BUILD/gcc-8.3.1-20190311/obj-i686-redhat-linux/isl-install --disable-libmpx --with-mpc=/builddir/build/BUILD/gcc-8.3.1-20190311/obj-i686-redhat-linux/mpc-install --with-tune=generic --with-arch=i686 --build=i686-redhat-linux]
  ignore line: [Thread model: posix]
  ignore line: [gcc version 8.3.1 20190311 (Red Hat 8.3.1-3) (GCC) ]
  ignore line: [COMPILER_PATH=/opt/rh/devtoolset-8/root/usr/libexec/gcc/i686-redhat-linux/8/:/opt/rh/devtoolset-8/root/usr/libexec/gcc/i686-redhat-linux/8/:/opt/rh/devtoolset-8/root/usr/libexec/gcc/i686-redhat-linux/:/opt/rh/devtoolset-8/root/usr/lib/gcc/i686-redhat-linux/8/:/opt/rh/devtoolset-8/root/usr/lib/gcc/i686-redhat-linux/]
  ignore line: [LIBRARY_PATH=/opt/rh/devtoolset-8/root/usr/lib/gcc/i686-redhat-linux/8/:/opt/rh/devtoolset-8/root/usr/lib/gcc/i686-redhat-linux/8/../../../:/lib/:/usr/lib/]
  ignore line: [COLLECT_GCC_OPTIONS='-v' '-o' 'cmTryCompileExec595452923' '-rdynamic' '-mtune=generic' '-march=i686']
  link line: [ /opt/rh/devtoolset-8/root/usr/libexec/gcc/i686-redhat-linux/8/collect2 -plugin /opt/rh/devtoolset-8/root/usr/libexec/gcc/i686-redhat-linux/8/liblto_plugin.so -plugin-opt=/opt/rh/devtoolset-8/root/usr/libexec/gcc/i686-redhat-linux/8/lto-wrapper -plugin-opt=-fresolution=/tmp/ccpJPuNj.res -plugin-opt=-pass-through=-lgcc -plugin-opt=-pass-through=-lgcc_s -plugin-opt=-pass-through=-lc -plugin-opt=-pass-through=-lgcc -plugin-opt=-pass-through=-lgcc_s --build-id --no-add-needed --eh-frame-hdr --hash-style=gnu -m elf_i386 -export-dynamic -dynamic-linker /lib/ld-linux.so.2 -o cmTryCompileExec595452923 /usr/lib/crt1.o /usr/lib/crti.o /opt/rh/devtoolset-8/root/usr/lib/gcc/i686-redhat-linux/8/crtbegin.o -L/opt/rh/devtoolset-8/root/usr/lib/gcc/i686-redhat-linux/8 -L/opt/rh/devtoolset-8/root/usr/lib/gcc/i686-redhat-linux/8/../../.. CMakeFiles/cmTryCompileExec595452923.dir/CMakeCCompilerABI.c.o -lgcc --as-needed -lgcc_s --no-as-needed -lc -lgcc --as-needed -lgcc_s --no-as-needed /opt/rh/devtoolset-8/root/usr/lib/gcc/i686-redhat-linux/8/crtend.o /usr/lib/crtn.o]
    arg [/opt/rh/devtoolset-8/root/usr/libexec/gcc/i686-redhat-linux/8/collect2] ==> ignore
    arg [-plugin] ==> ignore
    arg [/opt/rh/devtoolset-8/root/usr/libexec/gcc/i686-redhat-linux/8/liblto_plugin.so] ==> ignore
    arg [-plugin-opt=/opt/rh/devtoolset-8/root/usr/libexec/gcc/i686-redhat-linux/8/lto-wrapper] ==> ignore
    arg [-plugin-opt=-fresolution=/tmp/ccpJPuNj.res] ==> ignore
    arg [-plugin-opt=-pass-through=-lgcc] ==> ignore
    arg [-plugin-opt=-pass-through=-lgcc_s] ==> ignore
    arg [-plugin-opt=-pass-through=-lc] ==> ignore
    arg [-plugin-opt=-pass-through=-lgcc] ==> ignore
    arg [-plugin-opt=-pass-through=-lgcc_s] ==> ignore
    arg [--build-id] ==> ignore
    arg [--no-add-needed] ==> ignore
    arg [--eh-frame-hdr] ==> ignore
    arg [--hash-style=gnu] ==> ignore
    arg [-m] ==> ignore
    arg [elf_i386] ==> ignore
    arg [-export-dynamic] ==> ignore
    arg [-dynamic-linker] ==> ignore
    arg [/lib/ld-linux.so.2] ==> ignore
    arg [-o] ==> ignore
    arg [cmTryCompileExec595452923] ==> ignore
    arg [/usr/lib/crt1.o] ==> ignore
    arg [/usr/lib/crti.o] ==> ignore
    arg [/opt/rh/devtoolset-8/root/usr/lib/gcc/i686-redhat-linux/8/crtbegin.o] ==> ignore
    arg [-L/opt/rh/devtoolset-8/root/usr/lib/gcc/i686-redhat-linux/8] ==> dir [/opt/rh/devtoolset-8/root/usr/lib/gcc/i686-redhat-linux/8]
    arg [-L/opt/rh/devtoolset-8/root/usr/lib/gcc/i686-redhat-linux/8/../../..] ==> dir [/opt/rh/devtoolset-8/root/usr/lib/gcc/i686-redhat-linux/8/../../..]
    arg [CMakeFiles/cmTryCompileExec595452923.dir/CMakeCCompilerABI.c.o] ==> ignore
    arg [-lgcc] ==> lib [gcc]
    arg [--as-needed] ==> ignore
    arg [-lgcc_s] ==> lib [gcc_s]
    arg [--no-as-needed] ==> ignore
    arg [-lc] ==> lib [c]
    arg [-lgcc] ==> lib [gcc]
    arg [--as-needed] ==> ignore
    arg [-lgcc_s] ==> lib [gcc_s]
    arg [--no-as-needed] ==> ignore
    arg [/opt/rh/devtoolset-8/root/usr/lib/gcc/i686-redhat-linux/8/crtend.o] ==> ignore
    arg [/usr/lib/crtn.o] ==> ignore
  remove lib [gcc]
  remove lib [gcc_s]
  remove lib [gcc]
  remove lib [gcc_s]
  collapse library dir [/opt/rh/devtoolset-8/root/usr/lib/gcc/i686-redhat-linux/8] ==> [/opt/rh/devtoolset-8/root/usr/lib/gcc/i686-redhat-linux/8]
  collapse library dir [/opt/rh/devtoolset-8/root/usr/lib/gcc/i686-redhat-linux/8/../../..] ==> [/opt/rh/devtoolset-8/root/usr/lib]
  implicit libs: [c]
  implicit dirs: [/opt/rh/devtoolset-8/root/usr/lib/gcc/i686-redhat-linux/8;/opt/rh/devtoolset-8/root/usr/lib]
  implicit fwks: []


Determining if the CXX compiler works passed with the following output:
Change Dir: /tmp/pip-req-build-h5_hpev5/openjpeg/src/openjpeg/build/CMakeFiles/CMakeTmp

Run Build Command:/usr/bin/gmake "cmTryCompileExec415722976/fast"
/usr/bin/gmake -f CMakeFiles/cmTryCompileExec415722976.dir/build.make CMakeFiles/cmTryCompileExec415722976.dir/build
gmake[1]: Entering directory `/tmp/pip-req-build-h5_hpev5/openjpeg/src/openjpeg/build/CMakeFiles/CMakeTmp'
/usr/bin/cmake -E cmake_progress_report /tmp/pip-req-build-h5_hpev5/openjpeg/src/openjpeg/build/CMakeFiles/CMakeTmp/CMakeFiles 1
Building CXX object CMakeFiles/cmTryCompileExec415722976.dir/testCXXCompiler.cxx.o
/opt/rh/devtoolset-8/root/usr/bin/c++     -o CMakeFiles/cmTryCompileExec415722976.dir/testCXXCompiler.cxx.o -c /tmp/pip-req-build-h5_hpev5/openjpeg/src/openjpeg/build/CMakeFiles/CMakeTmp/testCXXCompiler.cxx
Linking CXX executable cmTryCompileExec415722976
/usr/bin/cmake -E cmake_link_script CMakeFiles/cmTryCompileExec415722976.dir/link.txt --verbose=1
/opt/rh/devtoolset-8/root/usr/bin/c++        CMakeFiles/cmTryCompileExec415722976.dir/testCXXCompiler.cxx.o  -o cmTryCompileExec415722976 -rdynamic 
gmake[1]: Leaving directory `/tmp/pip-req-build-h5_hpev5/openjpeg/src/openjpeg/build/CMakeFiles/CMakeTmp'


Detecting CXX compiler ABI info compiled with the following output:
Change Dir: /tmp/pip-req-build-h5_hpev5/openjpeg/src/openjpeg/build/CMakeFiles/CMakeTmp

Run Build Command:/usr/bin/gmake "cmTryCompileExec3703009959/fast"
/usr/bin/gmake -f CMakeFiles/cmTryCompileExec3703009959.dir/build.make CMakeFiles/cmTryCompileExec3703009959.dir/build
gmake[1]: Entering directory `/tmp/pip-req-build-h5_hpev5/openjpeg/src/openjpeg/build/CMakeFiles/CMakeTmp'
/usr/bin/cmake -E cmake_progress_report /tmp/pip-req-build-h5_hpev5/openjpeg/src/openjpeg/build/CMakeFiles/CMakeTmp/CMakeFiles 1
Building CXX object CMakeFiles/cmTryCompileExec3703009959.dir/CMakeCXXCompilerABI.cpp.o
/opt/rh/devtoolset-8/root/usr/bin/c++     -o CMakeFiles/cmTryCompileExec3703009959.dir/CMakeCXXCompilerABI.cpp.o -c /usr/share/cmake/Modules/CMakeCXXCompilerABI.cpp
Linking CXX executable cmTryCompileExec3703009959
/usr/bin/cmake -E cmake_link_script CMakeFiles/cmTryCompileExec3703009959.dir/link.txt --verbose=1
/opt/rh/devtoolset-8/root/usr/bin/c++      -v CMakeFiles/cmTryCompileExec3703009959.dir/CMakeCXXCompilerABI.cpp.o  -o cmTryCompileExec3703009959 -rdynamic  
Using built-in specs.
COLLECT_GCC=/opt/rh/devtoolset-8/root/usr/bin/c++
COLLECT_LTO_WRAPPER=/opt/rh/devtoolset-8/root/usr/libexec/gcc/i686-redhat-linux/8/lto-wrapper
Target: i686-redhat-linux
Configured with: ../configure --enable-bootstrap --enable-languages=c,c++,fortran,lto --prefix=/opt/rh/devtoolset-8/root/usr --mandir=/opt/rh/devtoolset-8/root/usr/share/man --infodir=/opt/rh/devtoolset-8/root/usr/share/info --with-bugurl=http://bugzilla.redhat.com/bugzilla --enable-shared --enable-threads=posix --enable-checking=release --enable-multilib --with-system-zlib --enable-__cxa_atexit --disable-libunwind-exceptions --enable-gnu-unique-object --enable-linker-build-id --with-gcc-major-version-only --with-linker-hash-style=gnu --with-default-libstdcxx-abi=gcc4-compatible --enable-plugin --enable-initfini-array --with-isl=/builddir/build/BUILD/gcc-8.3.1-20190311/obj-i686-redhat-linux/isl-install --disable-libmpx --with-mpc=/builddir/build/BUILD/gcc-8.3.1-20190311/obj-i686-redhat-linux/mpc-install --with-tune=generic --with-arch=i686 --build=i686-redhat-linux
Thread model: posix
gcc version 8.3.1 20190311 (Red Hat 8.3.1-3) (GCC) 
COMPILER_PATH=/opt/rh/devtoolset-8/root/usr/libexec/gcc/i686-redhat-linux/8/:/opt/rh/devtoolset-8/root/usr/libexec/gcc/i686-redhat-linux/8/:/opt/rh/devtoolset-8/root/usr/libexec/gcc/i686-redhat-linux/:/opt/rh/devtoolset-8/root/usr/lib/gcc/i686-redhat-linux/8/:/opt/rh/devtoolset-8/root/usr/lib/gcc/i686-redhat-linux/
LIBRARY_PATH=/opt/rh/devtoolset-8/root/usr/lib/gcc/i686-redhat-linux/8/:/opt/rh/devtoolset-8/root/usr/lib/gcc/i686-redhat-linux/8/../../../:/lib/:/usr/lib/
COLLECT_GCC_OPTIONS='-v' '-o' 'cmTryCompileExec3703009959' '-rdynamic' '-shared-libgcc' '-mtune=generic' '-march=i686'
 /opt/rh/devtoolset-8/root/usr/libexec/gcc/i686-redhat-linux/8/collect2 -plugin /opt/rh/devtoolset-8/root/usr/libexec/gcc/i686-redhat-linux/8/liblto_plugin.so -plugin-opt=/opt/rh/devtoolset-8/root/usr/libexec/gcc/i686-redhat-linux/8/lto-wrapper -plugin-opt=-fresolution=/tmp/ccKe0buz.res -plugin-opt=-pass-through=-lgcc_s -plugin-opt=-pass-through=-lgcc -plugin-opt=-pass-through=-lc -plugin-opt=-pass-through=-lgcc_s -plugin-opt=-pass-through=-lgcc --build-id --no-add-needed --eh-frame-hdr --hash-style=gnu -m elf_i386 -export-dynamic -dynamic-linker /lib/ld-linux.so.2 -o cmTryCompileExec3703009959 /usr/lib/crt1.o /usr/lib/crti.o /opt/rh/devtoolset-8/root/usr/lib/gcc/i686-redhat-linux/8/crtbegin.o -L/opt/rh/devtoolset-8/root/usr/lib/gcc/i686-redhat-linux/8 -L/opt/rh/devtoolset-8/root/usr/lib/gcc/i686-redhat-linux/8/../../.. CMakeFiles/cmTryCompileExec3703009959.dir/CMakeCXXCompilerABI.cpp.o -lstdc++ -lm -lgcc_s -lgcc -lc -lgcc_s -lgcc /opt/rh/devtoolset-8/root/usr/lib/gcc/i686-redhat-linux/8/crtend.o /usr/lib/crtn.o
COLLECT_GCC_OPTIONS='-v' '-o' 'cmTryCompileExec3703009959' '-rdynamic' '-shared-libgcc' '-mtune=generic' '-march=i686'
gmake[1]: Leaving directory `/tmp/pip-req-build-h5_hpev5/openjpeg/src/openjpeg/build/CMakeFiles/CMakeTmp'


Parsed CXX implicit link information from above output:
  link line regex: [^( *|.*[/\])(ld|([^/\]+-)?ld|collect2)[^/\]*( |$)]
  ignore line: [Change Dir: /tmp/pip-req-build-h5_hpev5/openjpeg/src/openjpeg/build/CMakeFiles/CMakeTmp]
  ignore line: []
  ignore line: [Run Build Command:/usr/bin/gmake "cmTryCompileExec3703009959/fast"]
  ignore line: [/usr/bin/gmake -f CMakeFiles/cmTryCompileExec3703009959.dir/build.make CMakeFiles/cmTryCompileExec3703009959.dir/build]
  ignore line: [gmake[1]: Entering directory `/tmp/pip-req-build-h5_hpev5/openjpeg/src/openjpeg/build/CMakeFiles/CMakeTmp']
  ignore line: [/usr/bin/cmake -E cmake_progress_report /tmp/pip-req-build-h5_hpev5/openjpeg/src/openjpeg/build/CMakeFiles/CMakeTmp/CMakeFiles 1]
  ignore line: [Building CXX object CMakeFiles/cmTryCompileExec3703009959.dir/CMakeCXXCompilerABI.cpp.o]
  ignore line: [/opt/rh/devtoolset-8/root/usr/bin/c++     -o CMakeFiles/cmTryCompileExec3703009959.dir/CMakeCXXCompilerABI.cpp.o -c /usr/share/cmake/Modules/CMakeCXXCompilerABI.cpp]
  ignore line: [Linking CXX executable cmTryCompileExec3703009959]
  ignore line: [/usr/bin/cmake -E cmake_link_script CMakeFiles/cmTryCompileExec3703009959.dir/link.txt --verbose=1]
  ignore line: [/opt/rh/devtoolset-8/root/usr/bin/c++      -v CMakeFiles/cmTryCompileExec3703009959.dir/CMakeCXXCompilerABI.cpp.o  -o cmTryCompileExec3703009959 -rdynamic  ]
  ignore line: [Using built-in specs.]
  ignore line: [COLLECT_GCC=/opt/rh/devtoolset-8/root/usr/bin/c++]
  ignore line: [COLLECT_LTO_WRAPPER=/opt/rh/devtoolset-8/root/usr/libexec/gcc/i686-redhat-linux/8/lto-wrapper]
  ignore line: [Target: i686-redhat-linux]
  ignore line: [Configured with: ../configure --enable-bootstrap --enable-languages=c,c++,fortran,lto --prefix=/opt/rh/devtoolset-8/root/usr --mandir=/opt/rh/devtoolset-8/root/usr/share/man --infodir=/opt/rh/devtoolset-8/root/usr/share/info --with-bugurl=http://bugzilla.redhat.com/bugzilla --enable-shared --enable-threads=posix --enable-checking=release --enable-multilib --with-system-zlib --enable-__cxa_atexit --disable-libunwind-exceptions --enable-gnu-unique-object --enable-linker-build-id --with-gcc-major-version-only --with-linker-hash-style=gnu --with-default-libstdcxx-abi=gcc4-compatible --enable-plugin --enable-initfini-array --with-isl=/builddir/build/BUILD/gcc-8.3.1-20190311/obj-i686-redhat-linux/isl-install --disable-libmpx --with-mpc=/builddir/build/BUILD/gcc-8.3.1-20190311/obj-i686-redhat-linux/mpc-install --with-tune=generic --with-arch=i686 --build=i686-redhat-linux]
  ignore line: [Thread model: posix]
  ignore line: [gcc version 8.3.1 20190311 (Red Hat 8.3.1-3) (GCC) ]
  ignore line: [COMPILER_PATH=/opt/rh/devtoolset-8/root/usr/libexec/gcc/i686-redhat-linux/8/:/opt/rh/devtoolset-8/root/usr/libexec/gcc/i686-redhat-linux/8/:/opt/rh/devtoolset-8/root/usr/libexec/gcc/i686-redhat-linux/:/opt/rh/devtoolset-8/root/usr/lib/gcc/i686-redhat-linux/8/:/opt/rh/devtoolset-8/root/usr/lib/gcc/i686-redhat-linux/]
  ignore line: [LIBRARY_PATH=/opt/rh/devtoolset-8/root/usr/lib/gcc/i686-redhat-linux/8/:/opt/rh/devtoolset-8/root/usr/lib/gcc/i686-redhat-linux/8/../../../:/lib/:/usr/lib/]
  ignore line: [COLLECT_GCC_OPTIONS='-v' '-o' 'cmTryCompileExec3703009959' '-rdynamic' '-shared-libgcc' '-mtune=generic' '-march=i686']
  link line: [ /opt/rh/devtoolset-8/root/usr/libexec/gcc/i686-redhat-linux/8/collect2 -plugin /opt/rh/devtoolset-8/root/usr/libexec/gcc/i686-redhat-linux/8/liblto_plugin.so -plugin-opt=/opt/rh/devtoolset-8/root/usr/libexec/gcc/i686-redhat-linux/8/lto-wrapper -plugin-opt=-fresolution=/tmp/ccKe0buz.res -plugin-opt=-pass-through=-lgcc_s -plugin-opt=-pass-through=-lgcc -plugin-opt=-pass-through=-lc -plugin-opt=-pass-through=-lgcc_s -plugin-opt=-pass-through=-lgcc --build-id --no-add-needed --eh-frame-hdr --hash-style=gnu -m elf_i386 -export-dynamic -dynamic-linker /lib/ld-linux.so.2 -o cmTryCompileExec3703009959 /usr/lib/crt1.o /usr/lib/crti.o /opt/rh/devtoolset-8/root/usr/lib/gcc/i686-redhat-linux/8/crtbegin.o -L/opt/rh/devtoolset-8/root/usr/lib/gcc/i686-redhat-linux/8 -L/opt/rh/devtoolset-8/root/usr/lib/gcc/i686-redhat-linux/8/../../.. CMakeFiles/cmTryCompileExec3703009959.dir/CMakeCXXCompilerABI.cpp.o -lstdc++ -lm -lgcc_s -lgcc -lc -lgcc_s -lgcc /opt/rh/devtoolset-8/root/usr/lib/gcc/i686-redhat-linux/8/crtend.o /usr/lib/crtn.o]
    arg [/opt/rh/devtoolset-8/root/usr/libexec/gcc/i686-redhat-linux/8/collect2] ==> ignore
    arg [-plugin] ==> ignore
    arg [/opt/rh/devtoolset-8/root/usr/libexec/gcc/i686-redhat-linux/8/liblto_plugin.so] ==> ignore
    arg [-plugin-opt=/opt/rh/devtoolset-8/root/usr/libexec/gcc/i686-redhat-linux/8/lto-wrapper] ==> ignore
    arg [-plugin-opt=-fresolution=/tmp/ccKe0buz.res] ==> ignore
    arg [-plugin-opt=-pass-through=-lgcc_s] ==> ignore
    arg [-plugin-opt=-pass-through=-lgcc] ==> ignore
    arg [-plugin-opt=-pass-through=-lc] ==> ignore
    arg [-plugin-opt=-pass-through=-lgcc_s] ==> ignore
    arg [-plugin-opt=-pass-through=-lgcc] ==> ignore
    arg [--build-id] ==> ignore
    arg [--no-add-needed] ==> ignore
    arg [--eh-frame-hdr] ==> ignore
    arg [--hash-style=gnu] ==> ignore
    arg [-m] ==> ignore
    arg [elf_i386] ==> ignore
    arg [-export-dynamic] ==> ignore
    arg [-dynamic-linker] ==> ignore
    arg [/lib/ld-linux.so.2] ==> ignore
    arg [-o] ==> ignore
    arg [cmTryCompileExec3703009959] ==> ignore
    arg [/usr/lib/crt1.o] ==> ignore
    arg [/usr/lib/crti.o] ==> ignore
    arg [/opt/rh/devtoolset-8/root/usr/lib/gcc/i686-redhat-linux/8/crtbegin.o] ==> ignore
    arg [-L/opt/rh/devtoolset-8/root/usr/lib/gcc/i686-redhat-linux/8] ==> dir [/opt/rh/devtoolset-8/root/usr/lib/gcc/i686-redhat-linux/8]
    arg [-L/opt/rh/devtoolset-8/root/usr/lib/gcc/i686-redhat-linux/8/../../..] ==> dir [/opt/rh/devtoolset-8/root/usr/lib/gcc/i686-redhat-linux/8/../../..]
    arg [CMakeFiles/cmTryCompileExec3703009959.dir/CMakeCXXCompilerABI.cpp.o] ==> ignore
    arg [-lstdc++] ==> lib [stdc++]
    arg [-lm] ==> lib [m]
    arg [-lgcc_s] ==> lib [gcc_s]
    arg [-lgcc] ==> lib [gcc]
    arg [-lc] ==> lib [c]
    arg [-lgcc_s] ==> lib [gcc_s]
    arg [-lgcc] ==> lib [gcc]
    arg [/opt/rh/devtoolset-8/root/usr/lib/gcc/i686-redhat-linux/8/crtend.o] ==> ignore
    arg [/usr/lib/crtn.o] ==> ignore
  remove lib [gcc_s]
  remove lib [gcc]
  remove lib [gcc_s]
  remove lib [gcc]
  collapse library dir [/opt/rh/devtoolset-8/root/usr/lib/gcc/i686-redhat-linux/8] ==> [/opt/rh/devtoolset-8/root/usr/lib/gcc/i686-redhat-linux/8]
  collapse library dir [/opt/rh/devtoolset-8/root/usr/lib/gcc/i686-redhat-linux/8/../../..] ==> [/opt/rh/devtoolset-8/root/usr/lib]
  implicit libs: [stdc++;m;c]
  implicit dirs: [/opt/rh/devtoolset-8/root/usr/lib/gcc/i686-redhat-linux/8;/opt/rh/devtoolset-8/root/usr/lib]
  implicit fwks: []


Determining if the include file sys/types.h exists passed with the following output:
Change Dir: /tmp/pip-req-build-h5_hpev5/openjpeg/src/openjpeg/build/CMakeFiles/CMakeTmp

Run Build Command:/usr/bin/gmake "cmTryCompileExec1659049902/fast"
/usr/bin/gmake -f CMakeFiles/cmTryCompileExec1659049902.dir/build.make CMakeFiles/cmTryCompileExec1659049902.dir/build
gmake[1]: Entering directory `/tmp/pip-req-build-h5_hpev5/openjpeg/src/openjpeg/build/CMakeFiles/CMakeTmp'
/usr/bin/cmake -E cmake_progress_report /tmp/pip-req-build-h5_hpev5/openjpeg/src/openjpeg/build/CMakeFiles/CMakeTmp/CMakeFiles 1
Building C object CMakeFiles/cmTryCompileExec1659049902.dir/CheckIncludeFile.c.o
/opt/rh/devtoolset-8/root/usr/bin/cc    -o CMakeFiles/cmTryCompileExec1659049902.dir/CheckIncludeFile.c.o   -c /tmp/pip-req-build-h5_hpev5/openjpeg/src/openjpeg/build/CMakeFiles/CMakeTmp/CheckIncludeFile.c
Linking C executable cmTryCompileExec1659049902
/usr/bin/cmake -E cmake_link_script CMakeFiles/cmTryCompileExec1659049902.dir/link.txt --verbose=1
/opt/rh/devtoolset-8/root/usr/bin/cc       CMakeFiles/cmTryCompileExec1659049902.dir/CheckIncludeFile.c.o  -o cmTryCompileExec1659049902 -rdynamic 
gmake[1]: Leaving directory `/tmp/pip-req-build-h5_hpev5/openjpeg/src/openjpeg/build/CMakeFiles/CMakeTmp'


Determining if the include file stdint.h exists passed with the following output:
Change Dir: /tmp/pip-req-build-h5_hpev5/openjpeg/src/openjpeg/build/CMakeFiles/CMakeTmp

Run Build Command:/usr/bin/gmake "cmTryCompileExec535741703/fast"
/usr/bin/gmake -f CMakeFiles/cmTryCompileExec535741703.dir/build.make CMakeFiles/cmTryCompileExec535741703.dir/build
gmake[1]: Entering directory `/tmp/pip-req-build-h5_hpev5/openjpeg/src/openjpeg/build/CMakeFiles/CMakeTmp'
/usr/bin/cmake -E cmake_progress_report /tmp/pip-req-build-h5_hpev5/openjpeg/src/openjpeg/build/CMakeFiles/CMakeTmp/CMakeFiles 1
Building C object CMakeFiles/cmTryCompileExec535741703.dir/CheckIncludeFile.c.o
/opt/rh/devtoolset-8/root/usr/bin/cc    -o CMakeFiles/cmTryCompileExec535741703.dir/CheckIncludeFile.c.o   -c /tmp/pip-req-build-h5_hpev5/openjpeg/src/openjpeg/build/CMakeFiles/CMakeTmp/CheckIncludeFile.c
Linking C executable cmTryCompileExec535741703
/usr/bin/cmake -E cmake_link_script CMakeFiles/cmTryCompileExec535741703.dir/link.txt --verbose=1
/opt/rh/devtoolset-8/root/usr/bin/cc       CMakeFiles/cmTryCompileExec535741703.dir/CheckIncludeFile.c.o  -o cmTryCompileExec535741703 -rdynamic 
gmake[1]: Leaving directory `/tmp/pip-req-build-h5_hpev5/openjpeg/src/openjpeg/build/CMakeFiles/CMakeTmp'


Determining if the include file stddef.h exists passed with the following output:
Change Dir: /tmp/pip-req-build-h5_hpev5/openjpeg/src/openjpeg/build/CMakeFiles/CMakeTmp

Run Build Command:/usr/bin/gmake "cmTryCompileExec2058426551/fast"
/usr/bin/gmake -f CMakeFiles/cmTryCompileExec2058426551.dir/build.make CMakeFiles/cmTryCompileExec2058426551.dir/build
gmake[1]: Entering directory `/tmp/pip-req-build-h5_hpev5/openjpeg/src/openjpeg/build/CMakeFiles/CMakeTmp'
/usr/bin/cmake -E cmake_progress_report /tmp/pip-req-build-h5_hpev5/openjpeg/src/openjpeg/build/CMakeFiles/CMakeTmp/CMakeFiles 1
Building C object CMakeFiles/cmTryCompileExec2058426551.dir/CheckIncludeFile.c.o
/opt/rh/devtoolset-8/root/usr/bin/cc    -o CMakeFiles/cmTryCompileExec2058426551.dir/CheckIncludeFile.c.o   -c /tmp/pip-req-build-h5_hpev5/openjpeg/src/openjpeg/build/CMakeFiles/CMakeTmp/CheckIncludeFile.c
Linking C executable cmTryCompileExec2058426551
/usr/bin/cmake -E cmake_link_script CMakeFiles/cmTryCompileExec2058426551.dir/link.txt --verbose=1
/opt/rh/devtoolset-8/root/usr/bin/cc       CMakeFiles/cmTryCompileExec2058426551.dir/CheckIncludeFile.c.o  -o cmTryCompileExec2058426551 -rdynamic 
gmake[1]: Leaving directory `/tmp/pip-req-build-h5_hpev5/openjpeg/src/openjpeg/build/CMakeFiles/CMakeTmp'


Determining size of unsigned short passed with the following output:
Change Dir: /tmp/pip-req-build-h5_hpev5/openjpeg/src/openjpeg/build/CMakeFiles/CMakeTmp

Run Build Command:/usr/bin/gmake "cmTryCompileExec2087390063/fast"
/usr/bin/gmake -f CMakeFiles/cmTryCompileExec2087390063.dir/build.make CMakeFiles/cmTryCompileExec2087390063.dir/build
gmake[1]: Entering directory `/tmp/pip-req-build-h5_hpev5/openjpeg/src/openjpeg/build/CMakeFiles/CMakeTmp'
/usr/bin/cmake -E cmake_progress_report /tmp/pip-req-build-h5_hpev5/openjpeg/src/openjpeg/build/CMakeFiles/CMakeTmp/CMakeFiles 1
Building C object CMakeFiles/cmTryCompileExec2087390063.dir/CMAKE_SIZEOF_UNSIGNED_SHORT.c.o
/opt/rh/devtoolset-8/root/usr/bin/cc    -o CMakeFiles/cmTryCompileExec2087390063.dir/CMAKE_SIZEOF_UNSIGNED_SHORT.c.o   -c /tmp/pip-req-build-h5_hpev5/openjpeg/src/openjpeg/build/CMakeFiles/CheckTypeSize/CMAKE_SIZEOF_UNSIGNED_SHORT.c
Linking C executable cmTryCompileExec2087390063
/usr/bin/cmake -E cmake_link_script CMakeFiles/cmTryCompileExec2087390063.dir/link.txt --verbose=1
/opt/rh/devtoolset-8/root/usr/bin/cc       CMakeFiles/cmTryCompileExec2087390063.dir/CMAKE_SIZEOF_UNSIGNED_SHORT.c.o  -o cmTryCompileExec2087390063 -rdynamic 
gmake[1]: Leaving directory `/tmp/pip-req-build-h5_hpev5/openjpeg/src/openjpeg/build/CMakeFiles/CMakeTmp'


Determining if the include file string.h exists passed with the following output:
Change Dir: /tmp/pip-req-build-h5_hpev5/openjpeg/src/openjpeg/build/CMakeFiles/CMakeTmp

Run Build Command:/usr/bin/gmake "cmTryCompileExec4169059421/fast"
/usr/bin/gmake -f CMakeFiles/cmTryCompileExec4169059421.dir/build.make CMakeFiles/cmTryCompileExec4169059421.dir/build
gmake[1]: Entering directory `/tmp/pip-req-build-h5_hpev5/openjpeg/src/openjpeg/build/CMakeFiles/CMakeTmp'
/usr/bin/cmake -E cmake_progress_report /tmp/pip-req-build-h5_hpev5/openjpeg/src/openjpeg/build/CMakeFiles/CMakeTmp/CMakeFiles 1
Building C object CMakeFiles/cmTryCompileExec4169059421.dir/CheckIncludeFile.c.o
/opt/rh/devtoolset-8/root/usr/bin/cc    -o CMakeFiles/cmTryCompileExec4169059421.dir/CheckIncludeFile.c.o   -c /tmp/pip-req-build-h5_hpev5/openjpeg/src/openjpeg/build/CMakeFiles/CMakeTmp/CheckIncludeFile.c
Linking C executable cmTryCompileExec4169059421
/usr/bin/cmake -E cmake_link_script CMakeFiles/cmTryCompileExec4169059421.dir/link.txt --verbose=1
/opt/rh/devtoolset-8/root/usr/bin/cc       CMakeFiles/cmTryCompileExec4169059421.dir/CheckIncludeFile.c.o  -o cmTryCompileExec4169059421 -rdynamic 
gmake[1]: Leaving directory `/tmp/pip-req-build-h5_hpev5/openjpeg/src/openjpeg/build/CMakeFiles/CMakeTmp'


Determining if the include file memory.h exists passed with the following output:
Change Dir: /tmp/pip-req-build-h5_hpev5/openjpeg/src/openjpeg/build/CMakeFiles/CMakeTmp

Run Build Command:/usr/bin/gmake "cmTryCompileExec1709437370/fast"
/usr/bin/gmake -f CMakeFiles/cmTryCompileExec1709437370.dir/build.make CMakeFiles/cmTryCompileExec1709437370.dir/build
gmake[1]: Entering directory `/tmp/pip-req-build-h5_hpev5/openjpeg/src/openjpeg/build/CMakeFiles/CMakeTmp'
/usr/bin/cmake -E cmake_progress_report /tmp/pip-req-build-h5_hpev5/openjpeg/src/openjpeg/build/CMakeFiles/CMakeTmp/CMakeFiles 1
Building C object CMakeFiles/cmTryCompileExec1709437370.dir/CheckIncludeFile.c.o
/opt/rh/devtoolset-8/root/usr/bin/cc    -o CMakeFiles/cmTryCompileExec1709437370.dir/CheckIncludeFile.c.o   -c /tmp/pip-req-build-h5_hpev5/openjpeg/src/openjpeg/build/CMakeFiles/CMakeTmp/CheckIncludeFile.c
Linking C executable cmTryCompileExec1709437370
/usr/bin/cmake -E cmake_link_script CMakeFiles/cmTryCompileExec1709437370.dir/link.txt --verbose=1
/opt/rh/devtoolset-8/root/usr/bin/cc       CMakeFiles/cmTryCompileExec1709437370.dir/CheckIncludeFile.c.o  -o cmTryCompileExec1709437370 -rdynamic 
gmake[1]: Leaving directory `/tmp/pip-req-build-h5_hpev5/openjpeg/src/openjpeg/build/CMakeFiles/CMakeTmp'


Determining if the include file stdlib.h exists passed with the following output:
Change Dir: /tmp/pip-req-build-h5_hpev5/openjpeg/src/openjpeg/build/CMakeFiles/CMakeTmp

Run Build Command:/usr/bin/gmake "cmTryCompileExec1697055093/fast"
/usr/bin/gmake -f CMakeFiles/cmTryCompileExec1697055093.dir/build.make CMakeFiles/cmTryCompileExec1697055093.dir/build
gmake[1]: Entering directory `/tmp/pip-req-build-h5_hpev5/openjpeg/src/openjpeg/build/CMakeFiles/CMakeTmp'
/usr/bin/cmake -E cmake_progress_report /tmp/pip-req-build-h5_hpev5/openjpeg/src/openjpeg/build/CMakeFiles/CMakeTmp/CMakeFiles 1
Building C object CMakeFiles/cmTryCompileExec1697055093.dir/CheckIncludeFile.c.o
/opt/rh/devtoolset-8/root/usr/bin/cc    -o CMakeFiles/cmTryCompileExec1697055093.dir/CheckIncludeFile.c.o   -c /tmp/pip-req-build-h5_hpev5/openjpeg/src/openjpeg/build/CMakeFiles/CMakeTmp/CheckIncludeFile.c
Linking C executable cmTryCompileExec1697055093
/usr/bin/cmake -E cmake_link_script CMakeFiles/cmTryCompileExec1697055093.dir/link.txt --verbose=1
/opt/rh/devtoolset-8/root/usr/bin/cc       CMakeFiles/cmTryCompileExec1697055093.dir/CheckIncludeFile.c.o  -o cmTryCompileExec1697055093 -rdynamic 
gmake[1]: Leaving directory `/tmp/pip-req-build-h5_hpev5/openjpeg/src/openjpeg/build/CMakeFiles/CMakeTmp'


Determining if the include file stdio.h exists passed with the following output:
Change Dir: /tmp/pip-req-build-h5_hpev5/openjpeg/src/openjpeg/build/CMakeFiles/CMakeTmp

Run Build Command:/usr/bin/gmake "cmTryCompileExec1636075794/fast"
/usr/bin/gmake -f CMakeFiles/cmTryCompileExec1636075794.dir/build.make CMakeFiles/cmTryCompileExec1636075794.dir/build
gmake[1]: Entering directory `/tmp/pip-req-build-h5_hpev5/openjpeg/src/openjpeg/build/CMakeFiles/CMakeTmp'
/usr/bin/cmake -E cmake_progress_report /tmp/pip-req-build-h5_hpev5/openjpeg/src/openjpeg/build/CMakeFiles/CMakeTmp/CMakeFiles 1
Building C object CMakeFiles/cmTryCompileExec1636075794.dir/CheckIncludeFile.c.o
/opt/rh/devtoolset-8/root/usr/bin/cc    -o CMakeFiles/cmTryCompileExec1636075794.dir/CheckIncludeFile.c.o   -c /tmp/pip-req-build-h5_hpev5/openjpeg/src/openjpeg/build/CMakeFiles/CMakeTmp/CheckIncludeFile.c
Linking C executable cmTryCompileExec1636075794
/usr/bin/cmake -E cmake_link_script CMakeFiles/cmTryCompileExec1636075794.dir/link.txt --verbose=1
/opt/rh/devtoolset-8/root/usr/bin/cc       CMakeFiles/cmTryCompileExec1636075794.dir/CheckIncludeFile.c.o  -o cmTryCompileExec1636075794 -rdynamic 
gmake[1]: Leaving directory `/tmp/pip-req-build-h5_hpev5/openjpeg/src/openjpeg/build/CMakeFiles/CMakeTmp'


Determining if the include file math.h exists passed with the following output:
Change Dir: /tmp/pip-req-build-h5_hpev5/openjpeg/src/openjpeg/build/CMakeFiles/CMakeTmp

Run Build Command:/usr/bin/gmake "cmTryCompileExec3488901611/fast"
/usr/bin/gmake -f CMakeFiles/cmTryCompileExec3488901611.dir/build.make CMakeFiles/cmTryCompileExec3488901611.dir/build
gmake[1]: Entering directory `/tmp/pip-req-build-h5_hpev5/openjpeg/src/openjpeg/build/CMakeFiles/CMakeTmp'
/usr/bin/cmake -E cmake_progress_report /tmp/pip-req-build-h5_hpev5/openjpeg/src/openjpeg/build/CMakeFiles/CMakeTmp/CMakeFiles 1
Building C object CMakeFiles/cmTryCompileExec3488901611.dir/CheckIncludeFile.c.o
/opt/rh/devtoolset-8/root/usr/bin/cc    -o CMakeFiles/cmTryCompileExec3488901611.dir/CheckIncludeFile.c.o   -c /tmp/pip-req-build-h5_hpev5/openjpeg/src/openjpeg/build/CMakeFiles/CMakeTmp/CheckIncludeFile.c
Linking C executable cmTryCompileExec3488901611
/usr/bin/cmake -E cmake_link_script CMakeFiles/cmTryCompileExec3488901611.dir/link.txt --verbose=1
/opt/rh/devtoolset-8/root/usr/bin/cc       CMakeFiles/cmTryCompileExec3488901611.dir/CheckIncludeFile.c.o  -o cmTryCompileExec3488901611 -rdynamic 
gmake[1]: Leaving directory `/tmp/pip-req-build-h5_hpev5/openjpeg/src/openjpeg/build/CMakeFiles/CMakeTmp'


Determining if the include file float.h exists passed with the following output:
Change Dir: /tmp/pip-req-build-h5_hpev5/openjpeg/src/openjpeg/build/CMakeFiles/CMakeTmp

Run Build Command:/usr/bin/gmake "cmTryCompileExec3819462589/fast"
/usr/bin/gmake -f CMakeFiles/cmTryCompileExec3819462589.dir/build.make CMakeFiles/cmTryCompileExec3819462589.dir/build
gmake[1]: Entering directory `/tmp/pip-req-build-h5_hpev5/openjpeg/src/openjpeg/build/CMakeFiles/CMakeTmp'
/usr/bin/cmake -E cmake_progress_report /tmp/pip-req-build-h5_hpev5/openjpeg/src/openjpeg/build/CMakeFiles/CMakeTmp/CMakeFiles 1
Building C object CMakeFiles/cmTryCompileExec3819462589.dir/CheckIncludeFile.c.o
/opt/rh/devtoolset-8/root/usr/bin/cc    -o CMakeFiles/cmTryCompileExec3819462589.dir/CheckIncludeFile.c.o   -c /tmp/pip-req-build-h5_hpev5/openjpeg/src/openjpeg/build/CMakeFiles/CMakeTmp/CheckIncludeFile.c
Linking C executable cmTryCompileExec3819462589
/usr/bin/cmake -E cmake_link_script CMakeFiles/cmTryCompileExec3819462589.dir/link.txt --verbose=1
/opt/rh/devtoolset-8/root/usr/bin/cc       CMakeFiles/cmTryCompileExec3819462589.dir/CheckIncludeFile.c.o  -o cmTryCompileExec3819462589 -rdynamic 
gmake[1]: Leaving directory `/tmp/pip-req-build-h5_hpev5/openjpeg/src/openjpeg/build/CMakeFiles/CMakeTmp'


Determining if the include file time.h exists passed with the following output:
Change Dir: /tmp/pip-req-build-h5_hpev5/openjpeg/src/openjpeg/build/CMakeFiles/CMakeTmp

Run Build Command:/usr/bin/gmake "cmTryCompileExec1600681646/fast"
/usr/bin/gmake -f CMakeFiles/cmTryCompileExec1600681646.dir/build.make CMakeFiles/cmTryCompileExec1600681646.dir/build
gmake[1]: Entering directory `/tmp/pip-req-build-h5_hpev5/openjpeg/src/openjpeg/build/CMakeFiles/CMakeTmp'
/usr/bin/cmake -E cmake_progress_report /tmp/pip-req-build-h5_hpev5/openjpeg/src/openjpeg/build/CMakeFiles/CMakeTmp/CMakeFiles 1
Building C object CMakeFiles/cmTryCompileExec1600681646.dir/CheckIncludeFile.c.o
/opt/rh/devtoolset-8/root/usr/bin/cc    -o CMakeFiles/cmTryCompileExec1600681646.dir/CheckIncludeFile.c.o   -c /tmp/pip-req-build-h5_hpev5/openjpeg/src/openjpeg/build/CMakeFiles/CMakeTmp/CheckIncludeFile.c
Linking C executable cmTryCompileExec1600681646
/usr/bin/cmake -E cmake_link_script CMakeFiles/cmTryCompileExec1600681646.dir/link.txt --verbose=1
/opt/rh/devtoolset-8/root/usr/bin/cc       CMakeFiles/cmTryCompileExec1600681646.dir/CheckIncludeFile.c.o  -o cmTryCompileExec1600681646 -rdynamic 
gmake[1]: Leaving directory `/tmp/pip-req-build-h5_hpev5/openjpeg/src/openjpeg/build/CMakeFiles/CMakeTmp'


Determining if the include file stdarg.h exists passed with the following output:
Change Dir: /tmp/pip-req-build-h5_hpev5/openjpeg/src/openjpeg/build/CMakeFiles/CMakeTmp

Run Build Command:/usr/bin/gmake "cmTryCompileExec271693374/fast"
/usr/bin/gmake -f CMakeFiles/cmTryCompileExec271693374.dir/build.make CMakeFiles/cmTryCompileExec271693374.dir/build
gmake[1]: Entering directory `/tmp/pip-req-build-h5_hpev5/openjpeg/src/openjpeg/build/CMakeFiles/CMakeTmp'
/usr/bin/cmake -E cmake_progress_report /tmp/pip-req-build-h5_hpev5/openjpeg/src/openjpeg/build/CMakeFiles/CMakeTmp/CMakeFiles 1
Building C object CMakeFiles/cmTryCompileExec271693374.dir/CheckIncludeFile.c.o
/opt/rh/devtoolset-8/root/usr/bin/cc    -o CMakeFiles/cmTryCompileExec271693374.dir/CheckIncludeFile.c.o   -c /tmp/pip-req-build-h5_hpev5/openjpeg/src/openjpeg/build/CMakeFiles/CMakeTmp/CheckIncludeFile.c
Linking C executable cmTryCompileExec271693374
/usr/bin/cmake -E cmake_link_script CMakeFiles/cmTryCompileExec271693374.dir/link.txt --verbose=1
/opt/rh/devtoolset-8/root/usr/bin/cc       CMakeFiles/cmTryCompileExec271693374.dir/CheckIncludeFile.c.o  -o cmTryCompileExec271693374 -rdynamic 
gmake[1]: Leaving directory `/tmp/pip-req-build-h5_hpev5/openjpeg/src/openjpeg/build/CMakeFiles/CMakeTmp'


Determining if the include file ctype.h exists passed with the following output:
Change Dir: /tmp/pip-req-build-h5_hpev5/openjpeg/src/openjpeg/build/CMakeFiles/CMakeTmp

Run Build Command:/usr/bin/gmake "cmTryCompileExec3228667232/fast"
/usr/bin/gmake -f CMakeFiles/cmTryCompileExec3228667232.dir/build.make CMakeFiles/cmTryCompileExec3228667232.dir/build
gmake[1]: Entering directory `/tmp/pip-req-build-h5_hpev5/openjpeg/src/openjpeg/build/CMakeFiles/CMakeTmp'
/usr/bin/cmake -E cmake_progress_report /tmp/pip-req-build-h5_hpev5/openjpeg/src/openjpeg/build/CMakeFiles/CMakeTmp/CMakeFiles 1
Building C object CMakeFiles/cmTryCompileExec3228667232.dir/CheckIncludeFile.c.o
/opt/rh/devtoolset-8/root/usr/bin/cc    -o CMakeFiles/cmTryCompileExec3228667232.dir/CheckIncludeFile.c.o   -c /tmp/pip-req-build-h5_hpev5/openjpeg/src/openjpeg/build/CMakeFiles/CMakeTmp/CheckIncludeFile.c
Linking C executable cmTryCompileExec3228667232
/usr/bin/cmake -E cmake_link_script CMakeFiles/cmTryCompileExec3228667232.dir/link.txt --verbose=1
/opt/rh/devtoolset-8/root/usr/bin/cc       CMakeFiles/cmTryCompileExec3228667232.dir/CheckIncludeFile.c.o  -o cmTryCompileExec3228667232 -rdynamic 
gmake[1]: Leaving directory `/tmp/pip-req-build-h5_hpev5/openjpeg/src/openjpeg/build/CMakeFiles/CMakeTmp'


Determining if the include file assert.h exists passed with the following output:
Change Dir: /tmp/pip-req-build-h5_hpev5/openjpeg/src/openjpeg/build/CMakeFiles/CMakeTmp

Run Build Command:/usr/bin/gmake "cmTryCompileExec1787145644/fast"
/usr/bin/gmake -f CMakeFiles/cmTryCompileExec1787145644.dir/build.make CMakeFiles/cmTryCompileExec1787145644.dir/build
gmake[1]: Entering directory `/tmp/pip-req-build-h5_hpev5/openjpeg/src/openjpeg/build/CMakeFiles/CMakeTmp'
/usr/bin/cmake -E cmake_progress_report /tmp/pip-req-build-h5_hpev5/openjpeg/src/openjpeg/build/CMakeFiles/CMakeTmp/CMakeFiles 1
Building C object CMakeFiles/cmTryCompileExec1787145644.dir/CheckIncludeFile.c.o
/opt/rh/devtoolset-8/root/usr/bin/cc    -o CMakeFiles/cmTryCompileExec1787145644.dir/CheckIncludeFile.c.o   -c /tmp/pip-req-build-h5_hpev5/openjpeg/src/openjpeg/build/CMakeFiles/CMakeTmp/CheckIncludeFile.c
Linking C executable cmTryCompileExec1787145644
/usr/bin/cmake -E cmake_link_script CMakeFiles/cmTryCompileExec1787145644.dir/link.txt --verbose=1
/opt/rh/devtoolset-8/root/usr/bin/cc       CMakeFiles/cmTryCompileExec1787145644.dir/CheckIncludeFile.c.o  -o cmTryCompileExec1787145644 -rdynamic 
gmake[1]: Leaving directory `/tmp/pip-req-build-h5_hpev5/openjpeg/src/openjpeg/build/CMakeFiles/CMakeTmp'


Determining if the include file stdint.h exists passed with the following output:
Change Dir: /tmp/pip-req-build-h5_hpev5/openjpeg/src/openjpeg/build/CMakeFiles/CMakeTmp

Run Build Command:/usr/bin/gmake "cmTryCompileExec299513871/fast"
/usr/bin/gmake -f CMakeFiles/cmTryCompileExec299513871.dir/build.make CMakeFiles/cmTryCompileExec299513871.dir/build
gmake[1]: Entering directory `/tmp/pip-req-build-h5_hpev5/openjpeg/src/openjpeg/build/CMakeFiles/CMakeTmp'
/usr/bin/cmake -E cmake_progress_report /tmp/pip-req-build-h5_hpev5/openjpeg/src/openjpeg/build/CMakeFiles/CMakeTmp/CMakeFiles 1
Building C object CMakeFiles/cmTryCompileExec299513871.dir/CheckIncludeFile.c.o
/opt/rh/devtoolset-8/root/usr/bin/cc    -o CMakeFiles/cmTryCompileExec299513871.dir/CheckIncludeFile.c.o   -c /tmp/pip-req-build-h5_hpev5/openjpeg/src/openjpeg/build/CMakeFiles/CMakeTmp/CheckIncludeFile.c
Linking C executable cmTryCompileExec299513871
/usr/bin/cmake -E cmake_link_script CMakeFiles/cmTryCompileExec299513871.dir/link.txt --verbose=1
/opt/rh/devtoolset-8/root/usr/bin/cc       CMakeFiles/cmTryCompileExec299513871.dir/CheckIncludeFile.c.o  -o cmTryCompileExec299513871 -rdynamic 
gmake[1]: Leaving directory `/tmp/pip-req-build-h5_hpev5/openjpeg/src/openjpeg/build/CMakeFiles/CMakeTmp'


Determining if the include file inttypes.h exists passed with the following output:
Change Dir: /tmp/pip-req-build-h5_hpev5/openjpeg/src/openjpeg/build/CMakeFiles/CMakeTmp

Run Build Command:/usr/bin/gmake "cmTryCompileExec3992891441/fast"
/usr/bin/gmake -f CMakeFiles/cmTryCompileExec3992891441.dir/build.make CMakeFiles/cmTryCompileExec3992891441.dir/build
gmake[1]: Entering directory `/tmp/pip-req-build-h5_hpev5/openjpeg/src/openjpeg/build/CMakeFiles/CMakeTmp'
/usr/bin/cmake -E cmake_progress_report /tmp/pip-req-build-h5_hpev5/openjpeg/src/openjpeg/build/CMakeFiles/CMakeTmp/CMakeFiles 1
Building C object CMakeFiles/cmTryCompileExec3992891441.dir/CheckIncludeFile.c.o
/opt/rh/devtoolset-8/root/usr/bin/cc    -o CMakeFiles/cmTryCompileExec3992891441.dir/CheckIncludeFile.c.o   -c /tmp/pip-req-build-h5_hpev5/openjpeg/src/openjpeg/build/CMakeFiles/CMakeTmp/CheckIncludeFile.c
Linking C executable cmTryCompileExec3992891441
/usr/bin/cmake -E cmake_link_script CMakeFiles/cmTryCompileExec3992891441.dir/link.txt --verbose=1
/opt/rh/devtoolset-8/root/usr/bin/cc       CMakeFiles/cmTryCompileExec3992891441.dir/CheckIncludeFile.c.o  -o cmTryCompileExec3992891441 -rdynamic 
gmake[1]: Leaving directory `/tmp/pip-req-build-h5_hpev5/openjpeg/src/openjpeg/build/CMakeFiles/CMakeTmp'


Determining if the include file strings.h exists passed with the following output:
Change Dir: /tmp/pip-req-build-h5_hpev5/openjpeg/src/openjpeg/build/CMakeFiles/CMakeTmp

Run Build Command:/usr/bin/gmake "cmTryCompileExec1713918058/fast"
/usr/bin/gmake -f CMakeFiles/cmTryCompileExec1713918058.dir/build.make CMakeFiles/cmTryCompileExec1713918058.dir/build
gmake[1]: Entering directory `/tmp/pip-req-build-h5_hpev5/openjpeg/src/openjpeg/build/CMakeFiles/CMakeTmp'
/usr/bin/cmake -E cmake_progress_report /tmp/pip-req-build-h5_hpev5/openjpeg/src/openjpeg/build/CMakeFiles/CMakeTmp/CMakeFiles 1
Building C object CMakeFiles/cmTryCompileExec1713918058.dir/CheckIncludeFile.c.o
/opt/rh/devtoolset-8/root/usr/bin/cc    -o CMakeFiles/cmTryCompileExec1713918058.dir/CheckIncludeFile.c.o   -c /tmp/pip-req-build-h5_hpev5/openjpeg/src/openjpeg/build/CMakeFiles/CMakeTmp/CheckIncludeFile.c
Linking C executable cmTryCompileExec1713918058
/usr/bin/cmake -E cmake_link_script CMakeFiles/cmTryCompileExec1713918058.dir/link.txt --verbose=1
/opt/rh/devtoolset-8/root/usr/bin/cc       CMakeFiles/cmTryCompileExec1713918058.dir/CheckIncludeFile.c.o  -o cmTryCompileExec1713918058 -rdynamic 
gmake[1]: Leaving directory `/tmp/pip-req-build-h5_hpev5/openjpeg/src/openjpeg/build/CMakeFiles/CMakeTmp'


Determining if the include file sys/stat.h exists passed with the following output:
Change Dir: /tmp/pip-req-build-h5_hpev5/openjpeg/src/openjpeg/build/CMakeFiles/CMakeTmp

Run Build Command:/usr/bin/gmake "cmTryCompileExec3947932375/fast"
/usr/bin/gmake -f CMakeFiles/cmTryCompileExec3947932375.dir/build.make CMakeFiles/cmTryCompileExec3947932375.dir/build
gmake[1]: Entering directory `/tmp/pip-req-build-h5_hpev5/openjpeg/src/openjpeg/build/CMakeFiles/CMakeTmp'
/usr/bin/cmake -E cmake_progress_report /tmp/pip-req-build-h5_hpev5/openjpeg/src/openjpeg/build/CMakeFiles/CMakeTmp/CMakeFiles 1
Building C object CMakeFiles/cmTryCompileExec3947932375.dir/CheckIncludeFile.c.o
/opt/rh/devtoolset-8/root/usr/bin/cc    -o CMakeFiles/cmTryCompileExec3947932375.dir/CheckIncludeFile.c.o   -c /tmp/pip-req-build-h5_hpev5/openjpeg/src/openjpeg/build/CMakeFiles/CMakeTmp/CheckIncludeFile.c
Linking C executable cmTryCompileExec3947932375
/usr/bin/cmake -E cmake_link_script CMakeFiles/cmTryCompileExec3947932375.dir/link.txt --verbose=1
/opt/rh/devtoolset-8/root/usr/bin/cc       CMakeFiles/cmTryCompileExec3947932375.dir/CheckIncludeFile.c.o  -o cmTryCompileExec3947932375 -rdynamic 
gmake[1]: Leaving directory `/tmp/pip-req-build-h5_hpev5/openjpeg/src/openjpeg/build/CMakeFiles/CMakeTmp'


Determining if the include file unistd.h exists passed with the following output:
Change Dir: /tmp/pip-req-build-h5_hpev5/openjpeg/src/openjpeg/build/CMakeFiles/CMakeTmp

Run Build Command:/usr/bin/gmake "cmTryCompileExec2939989777/fast"
/usr/bin/gmake -f CMakeFiles/cmTryCompileExec2939989777.dir/build.make CMakeFiles/cmTryCompileExec2939989777.dir/build
gmake[1]: Entering directory `/tmp/pip-req-build-h5_hpev5/openjpeg/src/openjpeg/build/CMakeFiles/CMakeTmp'
/usr/bin/cmake -E cmake_progress_report /tmp/pip-req-build-h5_hpev5/openjpeg/src/openjpeg/build/CMakeFiles/CMakeTmp/CMakeFiles 1
Building C object CMakeFiles/cmTryCompileExec2939989777.dir/CheckIncludeFile.c.o
/opt/rh/devtoolset-8/root/usr/bin/cc    -o CMakeFiles/cmTryCompileExec2939989777.dir/CheckIncludeFile.c.o   -c /tmp/pip-req-build-h5_hpev5/openjpeg/src/openjpeg/build/CMakeFiles/CMakeTmp/CheckIncludeFile.c
Linking C executable cmTryCompileExec2939989777
/usr/bin/cmake -E cmake_link_script CMakeFiles/cmTryCompileExec2939989777.dir/link.txt --verbose=1
/opt/rh/devtoolset-8/root/usr/bin/cc       CMakeFiles/cmTryCompileExec2939989777.dir/CheckIncludeFile.c.o  -o cmTryCompileExec2939989777 -rdynamic 
gmake[1]: Leaving directory `/tmp/pip-req-build-h5_hpev5/openjpeg/src/openjpeg/build/CMakeFiles/CMakeTmp'


Determining if files malloc.h exist passed with the following output:
Change Dir: /tmp/pip-req-build-h5_hpev5/openjpeg/src/openjpeg/build/CMakeFiles/CMakeTmp

Run Build Command:/usr/bin/gmake "cmTryCompileExec3661984985/fast"
/usr/bin/gmake -f CMakeFiles/cmTryCompileExec3661984985.dir/build.make CMakeFiles/cmTryCompileExec3661984985.dir/build
gmake[1]: Entering directory `/tmp/pip-req-build-h5_hpev5/openjpeg/src/openjpeg/build/CMakeFiles/CMakeTmp'
/usr/bin/cmake -E cmake_progress_report /tmp/pip-req-build-h5_hpev5/openjpeg/src/openjpeg/build/CMakeFiles/CMakeTmp/CMakeFiles 1
Building C object CMakeFiles/cmTryCompileExec3661984985.dir/CheckIncludeFiles.c.o
/opt/rh/devtoolset-8/root/usr/bin/cc    -o CMakeFiles/cmTryCompileExec3661984985.dir/CheckIncludeFiles.c.o   -c /tmp/pip-req-build-h5_hpev5/openjpeg/src/openjpeg/build/CMakeFiles/CMakeTmp/CheckIncludeFiles.c
Linking C executable cmTryCompileExec3661984985
/usr/bin/cmake -E cmake_link_script CMakeFiles/cmTryCompileExec3661984985.dir/link.txt --verbose=1
/opt/rh/devtoolset-8/root/usr/bin/cc       CMakeFiles/cmTryCompileExec3661984985.dir/CheckIncludeFiles.c.o  -o cmTryCompileExec3661984985 -rdynamic 
gmake[1]: Leaving directory `/tmp/pip-req-build-h5_hpev5/openjpeg/src/openjpeg/build/CMakeFiles/CMakeTmp'


Determining if the posix_memalign exist passed with the following output:
Change Dir: /tmp/pip-req-build-h5_hpev5/openjpeg/src/openjpeg/build/CMakeFiles/CMakeTmp

Run Build Command:/usr/bin/gmake "cmTryCompileExec3270910580/fast"
/usr/bin/gmake -f CMakeFiles/cmTryCompileExec3270910580.dir/build.make CMakeFiles/cmTryCompileExec3270910580.dir/build
gmake[1]: Entering directory `/tmp/pip-req-build-h5_hpev5/openjpeg/src/openjpeg/build/CMakeFiles/CMakeTmp'
/usr/bin/cmake -E cmake_progress_report /tmp/pip-req-build-h5_hpev5/openjpeg/src/openjpeg/build/CMakeFiles/CMakeTmp/CMakeFiles 1
Building C object CMakeFiles/cmTryCompileExec3270910580.dir/CheckSymbolExists.c.o
/opt/rh/devtoolset-8/root/usr/bin/cc  -D_POSIX_C_SOURCE=200112L  -o CMakeFiles/cmTryCompileExec3270910580.dir/CheckSymbolExists.c.o   -c /tmp/pip-req-build-h5_hpev5/openjpeg/src/openjpeg/build/CMakeFiles/CMakeTmp/CheckSymbolExists.c
Linking C executable cmTryCompileExec3270910580
/usr/bin/cmake -E cmake_link_script CMakeFiles/cmTryCompileExec3270910580.dir/link.txt --verbose=1
/opt/rh/devtoolset-8/root/usr/bin/cc       CMakeFiles/cmTryCompileExec3270910580.dir/CheckSymbolExists.c.o  -o cmTryCompileExec3270910580 -rdynamic 
gmake[1]: Leaving directory `/tmp/pip-req-build-h5_hpev5/openjpeg/src/openjpeg/build/CMakeFiles/CMakeTmp'

File /tmp/pip-req-build-h5_hpev5/openjpeg/src/openjpeg/build/CMakeFiles/CMakeTmp/CheckSymbolExists.c:
/* */
#include <stdlib.h>

int main(int argc, char** argv)
{
  (void)argv;
#ifndef posix_memalign
  return ((int*)(&posix_memalign))[argc];
#else
  (void)argc;
  return 0;
#endif
}

Determining if the memalign exist passed with the following output:
Change Dir: /tmp/pip-req-build-h5_hpev5/openjpeg/src/openjpeg/build/CMakeFiles/CMakeTmp

Run Build Command:/usr/bin/gmake "cmTryCompileExec1910969933/fast"
/usr/bin/gmake -f CMakeFiles/cmTryCompileExec1910969933.dir/build.make CMakeFiles/cmTryCompileExec1910969933.dir/build
gmake[1]: Entering directory `/tmp/pip-req-build-h5_hpev5/openjpeg/src/openjpeg/build/CMakeFiles/CMakeTmp'
/usr/bin/cmake -E cmake_progress_report /tmp/pip-req-build-h5_hpev5/openjpeg/src/openjpeg/build/CMakeFiles/CMakeTmp/CMakeFiles 1
Building C object CMakeFiles/cmTryCompileExec1910969933.dir/CheckSymbolExists.c.o
/opt/rh/devtoolset-8/root/usr/bin/cc    -o CMakeFiles/cmTryCompileExec1910969933.dir/CheckSymbolExists.c.o   -c /tmp/pip-req-build-h5_hpev5/openjpeg/src/openjpeg/build/CMakeFiles/CMakeTmp/CheckSymbolExists.c
Linking C executable cmTryCompileExec1910969933
/usr/bin/cmake -E cmake_link_script CMakeFiles/cmTryCompileExec1910969933.dir/link.txt --verbose=1
/opt/rh/devtoolset-8/root/usr/bin/cc       CMakeFiles/cmTryCompileExec1910969933.dir/CheckSymbolExists.c.o  -o cmTryCompileExec1910969933 -rdynamic 
gmake[1]: Leaving directory `/tmp/pip-req-build-h5_hpev5/openjpeg/src/openjpeg/build/CMakeFiles/CMakeTmp'

File /tmp/pip-req-build-h5_hpev5/openjpeg/src/openjpeg/build/CMakeFiles/CMakeTmp/CheckSymbolExists.c:
/* */
#include <malloc.h>

int main(int argc, char** argv)
{
  (void)argv;
#ifndef memalign
  return ((int*)(&memalign))[argc];
#else
  (void)argc;
  return 0;
#endif
}

