The system is: Linux - 5.3.0-1022-azure - x86_64
Compiling the C compiler identification source file "CMakeCCompilerId.c" succeeded.
Compiler: /opt/rh/devtoolset-8/root/usr/bin/cc 
Build flags: 
Id flags: 

The output was:
0


Compilation of the C compiler identification source "CMakeCCompilerId.c" produced "a.out"

The C compiler identification is GNU, found in "/tmp/pip-req-build-5ti078d6/openjpeg/src/openjpeg/build/CMakeFiles/2.8.12.2/CompilerIdC/a.out"

Compiling the CXX compiler identification source file "CMakeCXXCompilerId.cpp" succeeded.
Compiler: /opt/rh/devtoolset-8/root/usr/bin/c++ 
Build flags: 
Id flags: 

The output was:
0


Compilation of the CXX compiler identification source "CMakeCXXCompilerId.cpp" produced "a.out"

The CXX compiler identification is GNU, found in "/tmp/pip-req-build-5ti078d6/openjpeg/src/openjpeg/build/CMakeFiles/2.8.12.2/CompilerIdCXX/a.out"

Determining if the C compiler works passed with the following output:
Change Dir: /tmp/pip-req-build-5ti078d6/openjpeg/src/openjpeg/build/CMakeFiles/CMakeTmp

Run Build Command:/usr/bin/gmake "cmTryCompileExec519697149/fast"
/usr/bin/gmake -f CMakeFiles/cmTryCompileExec519697149.dir/build.make CMakeFiles/cmTryCompileExec519697149.dir/build
gmake[1]: Entering directory `/tmp/pip-req-build-5ti078d6/openjpeg/src/openjpeg/build/CMakeFiles/CMakeTmp'
/usr/bin/cmake -E cmake_progress_report /tmp/pip-req-build-5ti078d6/openjpeg/src/openjpeg/build/CMakeFiles/CMakeTmp/CMakeFiles 1
Building C object CMakeFiles/cmTryCompileExec519697149.dir/testCCompiler.c.o
/opt/rh/devtoolset-8/root/usr/bin/cc    -o CMakeFiles/cmTryCompileExec519697149.dir/testCCompiler.c.o   -c /tmp/pip-req-build-5ti078d6/openjpeg/src/openjpeg/build/CMakeFiles/CMakeTmp/testCCompiler.c
Linking C executable cmTryCompileExec519697149
/usr/bin/cmake -E cmake_link_script CMakeFiles/cmTryCompileExec519697149.dir/link.txt --verbose=1
/opt/rh/devtoolset-8/root/usr/bin/cc       CMakeFiles/cmTryCompileExec519697149.dir/testCCompiler.c.o  -o cmTryCompileExec519697149 -rdynamic 
gmake[1]: Leaving directory `/tmp/pip-req-build-5ti078d6/openjpeg/src/openjpeg/build/CMakeFiles/CMakeTmp'


Detecting C compiler ABI info compiled with the following output:
Change Dir: /tmp/pip-req-build-5ti078d6/openjpeg/src/openjpeg/build/CMakeFiles/CMakeTmp

Run Build Command:/usr/bin/gmake "cmTryCompileExec1179280500/fast"
/usr/bin/gmake -f CMakeFiles/cmTryCompileExec1179280500.dir/build.make CMakeFiles/cmTryCompileExec1179280500.dir/build
gmake[1]: Entering directory `/tmp/pip-req-build-5ti078d6/openjpeg/src/openjpeg/build/CMakeFiles/CMakeTmp'
/usr/bin/cmake -E cmake_progress_report /tmp/pip-req-build-5ti078d6/openjpeg/src/openjpeg/build/CMakeFiles/CMakeTmp/CMakeFiles 1
Building C object CMakeFiles/cmTryCompileExec1179280500.dir/CMakeCCompilerABI.c.o
/opt/rh/devtoolset-8/root/usr/bin/cc    -o CMakeFiles/cmTryCompileExec1179280500.dir/CMakeCCompilerABI.c.o   -c /usr/share/cmake/Modules/CMakeCCompilerABI.c
Linking C executable cmTryCompileExec1179280500
/usr/bin/cmake -E cmake_link_script CMakeFiles/cmTryCompileExec1179280500.dir/link.txt --verbose=1
/opt/rh/devtoolset-8/root/usr/bin/cc     -v CMakeFiles/cmTryCompileExec1179280500.dir/CMakeCCompilerABI.c.o  -o cmTryCompileExec1179280500 -rdynamic  
Using built-in specs.
COLLECT_GCC=/opt/rh/devtoolset-8/root/usr/bin/cc
COLLECT_LTO_WRAPPER=/opt/rh/devtoolset-8/root/usr/libexec/gcc/x86_64-redhat-linux/8/lto-wrapper
Target: x86_64-redhat-linux
Configured with: ../configure --enable-bootstrap --enable-languages=c,c++,fortran,lto --prefix=/opt/rh/devtoolset-8/root/usr --mandir=/opt/rh/devtoolset-8/root/usr/share/man --infodir=/opt/rh/devtoolset-8/root/usr/share/info --with-bugurl=http://bugzilla.redhat.com/bugzilla --enable-shared --enable-threads=posix --enable-checking=release --enable-multilib --with-system-zlib --enable-__cxa_atexit --disable-libunwind-exceptions --enable-gnu-unique-object --enable-linker-build-id --with-gcc-major-version-only --with-linker-hash-style=gnu --with-default-libstdcxx-abi=gcc4-compatible --enable-plugin --enable-initfini-array --with-isl=/builddir/build/BUILD/gcc-8.3.1-20190311/obj-x86_64-redhat-linux/isl-install --disable-libmpx --with-mpc=/builddir/build/BUILD/gcc-8.3.1-20190311/obj-x86_64-redhat-linux/mpc-install --with-tune=generic --with-arch_32=i686 --build=x86_64-redhat-linux
Thread model: posix
gcc version 8.3.1 20190311 (Red Hat 8.3.1-3) (GCC) 
COMPILER_PATH=/opt/rh/devtoolset-8/root/usr/libexec/gcc/x86_64-redhat-linux/8/:/opt/rh/devtoolset-8/root/usr/libexec/gcc/x86_64-redhat-linux/8/:/opt/rh/devtoolset-8/root/usr/libexec/gcc/x86_64-redhat-linux/:/opt/rh/devtoolset-8/root/usr/lib/gcc/x86_64-redhat-linux/8/:/opt/rh/devtoolset-8/root/usr/lib/gcc/x86_64-redhat-linux/
LIBRARY_PATH=/opt/rh/devtoolset-8/root/usr/lib/gcc/x86_64-redhat-linux/8/:/opt/rh/devtoolset-8/root/usr/lib/gcc/x86_64-redhat-linux/8/../../../../lib64/:/lib/../lib64/:/usr/lib/../lib64/:/opt/rh/devtoolset-8/root/usr/lib/gcc/x86_64-redhat-linux/8/../../../:/lib/:/usr/lib/
COLLECT_GCC_OPTIONS='-v' '-o' 'cmTryCompileExec1179280500' '-rdynamic' '-mtune=generic' '-march=x86-64'
 /opt/rh/devtoolset-8/root/usr/libexec/gcc/x86_64-redhat-linux/8/collect2 -plugin /opt/rh/devtoolset-8/root/usr/libexec/gcc/x86_64-redhat-linux/8/liblto_plugin.so -plugin-opt=/opt/rh/devtoolset-8/root/usr/libexec/gcc/x86_64-redhat-linux/8/lto-wrapper -plugin-opt=-fresolution=/tmp/ccknJl4i.res -plugin-opt=-pass-through=-lgcc -plugin-opt=-pass-through=-lgcc_s -plugin-opt=-pass-through=-lc -plugin-opt=-pass-through=-lgcc -plugin-opt=-pass-through=-lgcc_s --build-id --no-add-needed --eh-frame-hdr --hash-style=gnu -m elf_x86_64 -export-dynamic -dynamic-linker /lib64/ld-linux-x86-64.so.2 -o cmTryCompileExec1179280500 /usr/lib/../lib64/crt1.o /usr/lib/../lib64/crti.o /opt/rh/devtoolset-8/root/usr/lib/gcc/x86_64-redhat-linux/8/crtbegin.o -L/opt/rh/devtoolset-8/root/usr/lib/gcc/x86_64-redhat-linux/8 -L/opt/rh/devtoolset-8/root/usr/lib/gcc/x86_64-redhat-linux/8/../../../../lib64 -L/lib/../lib64 -L/usr/lib/../lib64 -L/opt/rh/devtoolset-8/root/usr/lib/gcc/x86_64-redhat-linux/8/../../.. CMakeFiles/cmTryCompileExec1179280500.dir/CMakeCCompilerABI.c.o -lgcc --as-needed -lgcc_s --no-as-needed -lc -lgcc --as-needed -lgcc_s --no-as-needed /opt/rh/devtoolset-8/root/usr/lib/gcc/x86_64-redhat-linux/8/crtend.o /usr/lib/../lib64/crtn.o
COLLECT_GCC_OPTIONS='-v' '-o' 'cmTryCompileExec1179280500' '-rdynamic' '-mtune=generic' '-march=x86-64'
gmake[1]: Leaving directory `/tmp/pip-req-build-5ti078d6/openjpeg/src/openjpeg/build/CMakeFiles/CMakeTmp'


Parsed C implicit link information from above output:
  link line regex: [^( *|.*[/\])(ld|([^/\]+-)?ld|collect2)[^/\]*( |$)]
  ignore line: [Change Dir: /tmp/pip-req-build-5ti078d6/openjpeg/src/openjpeg/build/CMakeFiles/CMakeTmp]
  ignore line: []
  ignore line: [Run Build Command:/usr/bin/gmake "cmTryCompileExec1179280500/fast"]
  ignore line: [/usr/bin/gmake -f CMakeFiles/cmTryCompileExec1179280500.dir/build.make CMakeFiles/cmTryCompileExec1179280500.dir/build]
  ignore line: [gmake[1]: Entering directory `/tmp/pip-req-build-5ti078d6/openjpeg/src/openjpeg/build/CMakeFiles/CMakeTmp']
  ignore line: [/usr/bin/cmake -E cmake_progress_report /tmp/pip-req-build-5ti078d6/openjpeg/src/openjpeg/build/CMakeFiles/CMakeTmp/CMakeFiles 1]
  ignore line: [Building C object CMakeFiles/cmTryCompileExec1179280500.dir/CMakeCCompilerABI.c.o]
  ignore line: [/opt/rh/devtoolset-8/root/usr/bin/cc    -o CMakeFiles/cmTryCompileExec1179280500.dir/CMakeCCompilerABI.c.o   -c /usr/share/cmake/Modules/CMakeCCompilerABI.c]
  ignore line: [Linking C executable cmTryCompileExec1179280500]
  ignore line: [/usr/bin/cmake -E cmake_link_script CMakeFiles/cmTryCompileExec1179280500.dir/link.txt --verbose=1]
  ignore line: [/opt/rh/devtoolset-8/root/usr/bin/cc     -v CMakeFiles/cmTryCompileExec1179280500.dir/CMakeCCompilerABI.c.o  -o cmTryCompileExec1179280500 -rdynamic  ]
  ignore line: [Using built-in specs.]
  ignore line: [COLLECT_GCC=/opt/rh/devtoolset-8/root/usr/bin/cc]
  ignore line: [COLLECT_LTO_WRAPPER=/opt/rh/devtoolset-8/root/usr/libexec/gcc/x86_64-redhat-linux/8/lto-wrapper]
  ignore line: [Target: x86_64-redhat-linux]
  ignore line: [Configured with: ../configure --enable-bootstrap --enable-languages=c,c++,fortran,lto --prefix=/opt/rh/devtoolset-8/root/usr --mandir=/opt/rh/devtoolset-8/root/usr/share/man --infodir=/opt/rh/devtoolset-8/root/usr/share/info --with-bugurl=http://bugzilla.redhat.com/bugzilla --enable-shared --enable-threads=posix --enable-checking=release --enable-multilib --with-system-zlib --enable-__cxa_atexit --disable-libunwind-exceptions --enable-gnu-unique-object --enable-linker-build-id --with-gcc-major-version-only --with-linker-hash-style=gnu --with-default-libstdcxx-abi=gcc4-compatible --enable-plugin --enable-initfini-array --with-isl=/builddir/build/BUILD/gcc-8.3.1-20190311/obj-x86_64-redhat-linux/isl-install --disable-libmpx --with-mpc=/builddir/build/BUILD/gcc-8.3.1-20190311/obj-x86_64-redhat-linux/mpc-install --with-tune=generic --with-arch_32=i686 --build=x86_64-redhat-linux]
  ignore line: [Thread model: posix]
  ignore line: [gcc version 8.3.1 20190311 (Red Hat 8.3.1-3) (GCC) ]
  ignore line: [COMPILER_PATH=/opt/rh/devtoolset-8/root/usr/libexec/gcc/x86_64-redhat-linux/8/:/opt/rh/devtoolset-8/root/usr/libexec/gcc/x86_64-redhat-linux/8/:/opt/rh/devtoolset-8/root/usr/libexec/gcc/x86_64-redhat-linux/:/opt/rh/devtoolset-8/root/usr/lib/gcc/x86_64-redhat-linux/8/:/opt/rh/devtoolset-8/root/usr/lib/gcc/x86_64-redhat-linux/]
  ignore line: [LIBRARY_PATH=/opt/rh/devtoolset-8/root/usr/lib/gcc/x86_64-redhat-linux/8/:/opt/rh/devtoolset-8/root/usr/lib/gcc/x86_64-redhat-linux/8/../../../../lib64/:/lib/../lib64/:/usr/lib/../lib64/:/opt/rh/devtoolset-8/root/usr/lib/gcc/x86_64-redhat-linux/8/../../../:/lib/:/usr/lib/]
  ignore line: [COLLECT_GCC_OPTIONS='-v' '-o' 'cmTryCompileExec1179280500' '-rdynamic' '-mtune=generic' '-march=x86-64']
  link line: [ /opt/rh/devtoolset-8/root/usr/libexec/gcc/x86_64-redhat-linux/8/collect2 -plugin /opt/rh/devtoolset-8/root/usr/libexec/gcc/x86_64-redhat-linux/8/liblto_plugin.so -plugin-opt=/opt/rh/devtoolset-8/root/usr/libexec/gcc/x86_64-redhat-linux/8/lto-wrapper -plugin-opt=-fresolution=/tmp/ccknJl4i.res -plugin-opt=-pass-through=-lgcc -plugin-opt=-pass-through=-lgcc_s -plugin-opt=-pass-through=-lc -plugin-opt=-pass-through=-lgcc -plugin-opt=-pass-through=-lgcc_s --build-id --no-add-needed --eh-frame-hdr --hash-style=gnu -m elf_x86_64 -export-dynamic -dynamic-linker /lib64/ld-linux-x86-64.so.2 -o cmTryCompileExec1179280500 /usr/lib/../lib64/crt1.o /usr/lib/../lib64/crti.o /opt/rh/devtoolset-8/root/usr/lib/gcc/x86_64-redhat-linux/8/crtbegin.o -L/opt/rh/devtoolset-8/root/usr/lib/gcc/x86_64-redhat-linux/8 -L/opt/rh/devtoolset-8/root/usr/lib/gcc/x86_64-redhat-linux/8/../../../../lib64 -L/lib/../lib64 -L/usr/lib/../lib64 -L/opt/rh/devtoolset-8/root/usr/lib/gcc/x86_64-redhat-linux/8/../../.. CMakeFiles/cmTryCompileExec1179280500.dir/CMakeCCompilerABI.c.o -lgcc --as-needed -lgcc_s --no-as-needed -lc -lgcc --as-needed -lgcc_s --no-as-needed /opt/rh/devtoolset-8/root/usr/lib/gcc/x86_64-redhat-linux/8/crtend.o /usr/lib/../lib64/crtn.o]
    arg [/opt/rh/devtoolset-8/root/usr/libexec/gcc/x86_64-redhat-linux/8/collect2] ==> ignore
    arg [-plugin] ==> ignore
    arg [/opt/rh/devtoolset-8/root/usr/libexec/gcc/x86_64-redhat-linux/8/liblto_plugin.so] ==> ignore
    arg [-plugin-opt=/opt/rh/devtoolset-8/root/usr/libexec/gcc/x86_64-redhat-linux/8/lto-wrapper] ==> ignore
    arg [-plugin-opt=-fresolution=/tmp/ccknJl4i.res] ==> ignore
    arg [-plugin-opt=-pass-through=-lgcc] ==> ignore
    arg [-plugin-opt=-pass-through=-lgcc_s] ==> ignore
    arg [-plugin-opt=-pass-through=-lc] ==> ignore
    arg [-plugin-opt=-pass-through=-lgcc] ==> ignore
    arg [-plugin-opt=-pass-through=-lgcc_s] ==> ignore
    arg [--build-id] ==> ignore
    arg [--no-add-needed] ==> ignore
    arg [--eh-frame-hdr] ==> ignore
    arg [--hash-style=gnu] ==> ignore
    arg [-m] ==> ignore
    arg [elf_x86_64] ==> ignore
    arg [-export-dynamic] ==> ignore
    arg [-dynamic-linker] ==> ignore
    arg [/lib64/ld-linux-x86-64.so.2] ==> ignore
    arg [-o] ==> ignore
    arg [cmTryCompileExec1179280500] ==> ignore
    arg [/usr/lib/../lib64/crt1.o] ==> ignore
    arg [/usr/lib/../lib64/crti.o] ==> ignore
    arg [/opt/rh/devtoolset-8/root/usr/lib/gcc/x86_64-redhat-linux/8/crtbegin.o] ==> ignore
    arg [-L/opt/rh/devtoolset-8/root/usr/lib/gcc/x86_64-redhat-linux/8] ==> dir [/opt/rh/devtoolset-8/root/usr/lib/gcc/x86_64-redhat-linux/8]
    arg [-L/opt/rh/devtoolset-8/root/usr/lib/gcc/x86_64-redhat-linux/8/../../../../lib64] ==> dir [/opt/rh/devtoolset-8/root/usr/lib/gcc/x86_64-redhat-linux/8/../../../../lib64]
    arg [-L/lib/../lib64] ==> dir [/lib/../lib64]
    arg [-L/usr/lib/../lib64] ==> dir [/usr/lib/../lib64]
    arg [-L/opt/rh/devtoolset-8/root/usr/lib/gcc/x86_64-redhat-linux/8/../../..] ==> dir [/opt/rh/devtoolset-8/root/usr/lib/gcc/x86_64-redhat-linux/8/../../..]
    arg [CMakeFiles/cmTryCompileExec1179280500.dir/CMakeCCompilerABI.c.o] ==> ignore
    arg [-lgcc] ==> lib [gcc]
    arg [--as-needed] ==> ignore
    arg [-lgcc_s] ==> lib [gcc_s]
    arg [--no-as-needed] ==> ignore
    arg [-lc] ==> lib [c]
    arg [-lgcc] ==> lib [gcc]
    arg [--as-needed] ==> ignore
    arg [-lgcc_s] ==> lib [gcc_s]
    arg [--no-as-needed] ==> ignore
    arg [/opt/rh/devtoolset-8/root/usr/lib/gcc/x86_64-redhat-linux/8/crtend.o] ==> ignore
    arg [/usr/lib/../lib64/crtn.o] ==> ignore
  remove lib [gcc]
  remove lib [gcc_s]
  remove lib [gcc]
  remove lib [gcc_s]
  collapse library dir [/opt/rh/devtoolset-8/root/usr/lib/gcc/x86_64-redhat-linux/8] ==> [/opt/rh/devtoolset-8/root/usr/lib/gcc/x86_64-redhat-linux/8]
  collapse library dir [/opt/rh/devtoolset-8/root/usr/lib/gcc/x86_64-redhat-linux/8/../../../../lib64] ==> [/opt/rh/devtoolset-8/root/usr/lib64]
  collapse library dir [/lib/../lib64] ==> [/lib64]
  collapse library dir [/usr/lib/../lib64] ==> [/usr/lib64]
  collapse library dir [/opt/rh/devtoolset-8/root/usr/lib/gcc/x86_64-redhat-linux/8/../../..] ==> [/opt/rh/devtoolset-8/root/usr/lib]
  implicit libs: [c]
  implicit dirs: [/opt/rh/devtoolset-8/root/usr/lib/gcc/x86_64-redhat-linux/8;/opt/rh/devtoolset-8/root/usr/lib64;/lib64;/usr/lib64;/opt/rh/devtoolset-8/root/usr/lib]
  implicit fwks: []


Determining if the CXX compiler works passed with the following output:
Change Dir: /tmp/pip-req-build-5ti078d6/openjpeg/src/openjpeg/build/CMakeFiles/CMakeTmp

Run Build Command:/usr/bin/gmake "cmTryCompileExec2914579390/fast"
/usr/bin/gmake -f CMakeFiles/cmTryCompileExec2914579390.dir/build.make CMakeFiles/cmTryCompileExec2914579390.dir/build
gmake[1]: Entering directory `/tmp/pip-req-build-5ti078d6/openjpeg/src/openjpeg/build/CMakeFiles/CMakeTmp'
/usr/bin/cmake -E cmake_progress_report /tmp/pip-req-build-5ti078d6/openjpeg/src/openjpeg/build/CMakeFiles/CMakeTmp/CMakeFiles 1
Building CXX object CMakeFiles/cmTryCompileExec2914579390.dir/testCXXCompiler.cxx.o
/opt/rh/devtoolset-8/root/usr/bin/c++     -o CMakeFiles/cmTryCompileExec2914579390.dir/testCXXCompiler.cxx.o -c /tmp/pip-req-build-5ti078d6/openjpeg/src/openjpeg/build/CMakeFiles/CMakeTmp/testCXXCompiler.cxx
Linking CXX executable cmTryCompileExec2914579390
/usr/bin/cmake -E cmake_link_script CMakeFiles/cmTryCompileExec2914579390.dir/link.txt --verbose=1
/opt/rh/devtoolset-8/root/usr/bin/c++        CMakeFiles/cmTryCompileExec2914579390.dir/testCXXCompiler.cxx.o  -o cmTryCompileExec2914579390 -rdynamic 
gmake[1]: Leaving directory `/tmp/pip-req-build-5ti078d6/openjpeg/src/openjpeg/build/CMakeFiles/CMakeTmp'


Detecting CXX compiler ABI info compiled with the following output:
Change Dir: /tmp/pip-req-build-5ti078d6/openjpeg/src/openjpeg/build/CMakeFiles/CMakeTmp

Run Build Command:/usr/bin/gmake "cmTryCompileExec4045408611/fast"
/usr/bin/gmake -f CMakeFiles/cmTryCompileExec4045408611.dir/build.make CMakeFiles/cmTryCompileExec4045408611.dir/build
gmake[1]: Entering directory `/tmp/pip-req-build-5ti078d6/openjpeg/src/openjpeg/build/CMakeFiles/CMakeTmp'
/usr/bin/cmake -E cmake_progress_report /tmp/pip-req-build-5ti078d6/openjpeg/src/openjpeg/build/CMakeFiles/CMakeTmp/CMakeFiles 1
Building CXX object CMakeFiles/cmTryCompileExec4045408611.dir/CMakeCXXCompilerABI.cpp.o
/opt/rh/devtoolset-8/root/usr/bin/c++     -o CMakeFiles/cmTryCompileExec4045408611.dir/CMakeCXXCompilerABI.cpp.o -c /usr/share/cmake/Modules/CMakeCXXCompilerABI.cpp
Linking CXX executable cmTryCompileExec4045408611
/usr/bin/cmake -E cmake_link_script CMakeFiles/cmTryCompileExec4045408611.dir/link.txt --verbose=1
/opt/rh/devtoolset-8/root/usr/bin/c++      -v CMakeFiles/cmTryCompileExec4045408611.dir/CMakeCXXCompilerABI.cpp.o  -o cmTryCompileExec4045408611 -rdynamic  
Using built-in specs.
COLLECT_GCC=/opt/rh/devtoolset-8/root/usr/bin/c++
COLLECT_LTO_WRAPPER=/opt/rh/devtoolset-8/root/usr/libexec/gcc/x86_64-redhat-linux/8/lto-wrapper
Target: x86_64-redhat-linux
Configured with: ../configure --enable-bootstrap --enable-languages=c,c++,fortran,lto --prefix=/opt/rh/devtoolset-8/root/usr --mandir=/opt/rh/devtoolset-8/root/usr/share/man --infodir=/opt/rh/devtoolset-8/root/usr/share/info --with-bugurl=http://bugzilla.redhat.com/bugzilla --enable-shared --enable-threads=posix --enable-checking=release --enable-multilib --with-system-zlib --enable-__cxa_atexit --disable-libunwind-exceptions --enable-gnu-unique-object --enable-linker-build-id --with-gcc-major-version-only --with-linker-hash-style=gnu --with-default-libstdcxx-abi=gcc4-compatible --enable-plugin --enable-initfini-array --with-isl=/builddir/build/BUILD/gcc-8.3.1-20190311/obj-x86_64-redhat-linux/isl-install --disable-libmpx --with-mpc=/builddir/build/BUILD/gcc-8.3.1-20190311/obj-x86_64-redhat-linux/mpc-install --with-tune=generic --with-arch_32=i686 --build=x86_64-redhat-linux
Thread model: posix
gcc version 8.3.1 20190311 (Red Hat 8.3.1-3) (GCC) 
COMPILER_PATH=/opt/rh/devtoolset-8/root/usr/libexec/gcc/x86_64-redhat-linux/8/:/opt/rh/devtoolset-8/root/usr/libexec/gcc/x86_64-redhat-linux/8/:/opt/rh/devtoolset-8/root/usr/libexec/gcc/x86_64-redhat-linux/:/opt/rh/devtoolset-8/root/usr/lib/gcc/x86_64-redhat-linux/8/:/opt/rh/devtoolset-8/root/usr/lib/gcc/x86_64-redhat-linux/
LIBRARY_PATH=/opt/rh/devtoolset-8/root/usr/lib/gcc/x86_64-redhat-linux/8/:/opt/rh/devtoolset-8/root/usr/lib/gcc/x86_64-redhat-linux/8/../../../../lib64/:/lib/../lib64/:/usr/lib/../lib64/:/opt/rh/devtoolset-8/root/usr/lib/gcc/x86_64-redhat-linux/8/../../../:/lib/:/usr/lib/
COLLECT_GCC_OPTIONS='-v' '-o' 'cmTryCompileExec4045408611' '-rdynamic' '-shared-libgcc' '-mtune=generic' '-march=x86-64'
 /opt/rh/devtoolset-8/root/usr/libexec/gcc/x86_64-redhat-linux/8/collect2 -plugin /opt/rh/devtoolset-8/root/usr/libexec/gcc/x86_64-redhat-linux/8/liblto_plugin.so -plugin-opt=/opt/rh/devtoolset-8/root/usr/libexec/gcc/x86_64-redhat-linux/8/lto-wrapper -plugin-opt=-fresolution=/tmp/ccIVfUPv.res -plugin-opt=-pass-through=-lgcc_s -plugin-opt=-pass-through=-lgcc -plugin-opt=-pass-through=-lc -plugin-opt=-pass-through=-lgcc_s -plugin-opt=-pass-through=-lgcc --build-id --no-add-needed --eh-frame-hdr --hash-style=gnu -m elf_x86_64 -export-dynamic -dynamic-linker /lib64/ld-linux-x86-64.so.2 -o cmTryCompileExec4045408611 /usr/lib/../lib64/crt1.o /usr/lib/../lib64/crti.o /opt/rh/devtoolset-8/root/usr/lib/gcc/x86_64-redhat-linux/8/crtbegin.o -L/opt/rh/devtoolset-8/root/usr/lib/gcc/x86_64-redhat-linux/8 -L/opt/rh/devtoolset-8/root/usr/lib/gcc/x86_64-redhat-linux/8/../../../../lib64 -L/lib/../lib64 -L/usr/lib/../lib64 -L/opt/rh/devtoolset-8/root/usr/lib/gcc/x86_64-redhat-linux/8/../../.. CMakeFiles/cmTryCompileExec4045408611.dir/CMakeCXXCompilerABI.cpp.o -lstdc++ -lm -lgcc_s -lgcc -lc -lgcc_s -lgcc /opt/rh/devtoolset-8/root/usr/lib/gcc/x86_64-redhat-linux/8/crtend.o /usr/lib/../lib64/crtn.o
COLLECT_GCC_OPTIONS='-v' '-o' 'cmTryCompileExec4045408611' '-rdynamic' '-shared-libgcc' '-mtune=generic' '-march=x86-64'
gmake[1]: Leaving directory `/tmp/pip-req-build-5ti078d6/openjpeg/src/openjpeg/build/CMakeFiles/CMakeTmp'


Parsed CXX implicit link information from above output:
  link line regex: [^( *|.*[/\])(ld|([^/\]+-)?ld|collect2)[^/\]*( |$)]
  ignore line: [Change Dir: /tmp/pip-req-build-5ti078d6/openjpeg/src/openjpeg/build/CMakeFiles/CMakeTmp]
  ignore line: []
  ignore line: [Run Build Command:/usr/bin/gmake "cmTryCompileExec4045408611/fast"]
  ignore line: [/usr/bin/gmake -f CMakeFiles/cmTryCompileExec4045408611.dir/build.make CMakeFiles/cmTryCompileExec4045408611.dir/build]
  ignore line: [gmake[1]: Entering directory `/tmp/pip-req-build-5ti078d6/openjpeg/src/openjpeg/build/CMakeFiles/CMakeTmp']
  ignore line: [/usr/bin/cmake -E cmake_progress_report /tmp/pip-req-build-5ti078d6/openjpeg/src/openjpeg/build/CMakeFiles/CMakeTmp/CMakeFiles 1]
  ignore line: [Building CXX object CMakeFiles/cmTryCompileExec4045408611.dir/CMakeCXXCompilerABI.cpp.o]
  ignore line: [/opt/rh/devtoolset-8/root/usr/bin/c++     -o CMakeFiles/cmTryCompileExec4045408611.dir/CMakeCXXCompilerABI.cpp.o -c /usr/share/cmake/Modules/CMakeCXXCompilerABI.cpp]
  ignore line: [Linking CXX executable cmTryCompileExec4045408611]
  ignore line: [/usr/bin/cmake -E cmake_link_script CMakeFiles/cmTryCompileExec4045408611.dir/link.txt --verbose=1]
  ignore line: [/opt/rh/devtoolset-8/root/usr/bin/c++      -v CMakeFiles/cmTryCompileExec4045408611.dir/CMakeCXXCompilerABI.cpp.o  -o cmTryCompileExec4045408611 -rdynamic  ]
  ignore line: [Using built-in specs.]
  ignore line: [COLLECT_GCC=/opt/rh/devtoolset-8/root/usr/bin/c++]
  ignore line: [COLLECT_LTO_WRAPPER=/opt/rh/devtoolset-8/root/usr/libexec/gcc/x86_64-redhat-linux/8/lto-wrapper]
  ignore line: [Target: x86_64-redhat-linux]
  ignore line: [Configured with: ../configure --enable-bootstrap --enable-languages=c,c++,fortran,lto --prefix=/opt/rh/devtoolset-8/root/usr --mandir=/opt/rh/devtoolset-8/root/usr/share/man --infodir=/opt/rh/devtoolset-8/root/usr/share/info --with-bugurl=http://bugzilla.redhat.com/bugzilla --enable-shared --enable-threads=posix --enable-checking=release --enable-multilib --with-system-zlib --enable-__cxa_atexit --disable-libunwind-exceptions --enable-gnu-unique-object --enable-linker-build-id --with-gcc-major-version-only --with-linker-hash-style=gnu --with-default-libstdcxx-abi=gcc4-compatible --enable-plugin --enable-initfini-array --with-isl=/builddir/build/BUILD/gcc-8.3.1-20190311/obj-x86_64-redhat-linux/isl-install --disable-libmpx --with-mpc=/builddir/build/BUILD/gcc-8.3.1-20190311/obj-x86_64-redhat-linux/mpc-install --with-tune=generic --with-arch_32=i686 --build=x86_64-redhat-linux]
  ignore line: [Thread model: posix]
  ignore line: [gcc version 8.3.1 20190311 (Red Hat 8.3.1-3) (GCC) ]
  ignore line: [COMPILER_PATH=/opt/rh/devtoolset-8/root/usr/libexec/gcc/x86_64-redhat-linux/8/:/opt/rh/devtoolset-8/root/usr/libexec/gcc/x86_64-redhat-linux/8/:/opt/rh/devtoolset-8/root/usr/libexec/gcc/x86_64-redhat-linux/:/opt/rh/devtoolset-8/root/usr/lib/gcc/x86_64-redhat-linux/8/:/opt/rh/devtoolset-8/root/usr/lib/gcc/x86_64-redhat-linux/]
  ignore line: [LIBRARY_PATH=/opt/rh/devtoolset-8/root/usr/lib/gcc/x86_64-redhat-linux/8/:/opt/rh/devtoolset-8/root/usr/lib/gcc/x86_64-redhat-linux/8/../../../../lib64/:/lib/../lib64/:/usr/lib/../lib64/:/opt/rh/devtoolset-8/root/usr/lib/gcc/x86_64-redhat-linux/8/../../../:/lib/:/usr/lib/]
  ignore line: [COLLECT_GCC_OPTIONS='-v' '-o' 'cmTryCompileExec4045408611' '-rdynamic' '-shared-libgcc' '-mtune=generic' '-march=x86-64']
  link line: [ /opt/rh/devtoolset-8/root/usr/libexec/gcc/x86_64-redhat-linux/8/collect2 -plugin /opt/rh/devtoolset-8/root/usr/libexec/gcc/x86_64-redhat-linux/8/liblto_plugin.so -plugin-opt=/opt/rh/devtoolset-8/root/usr/libexec/gcc/x86_64-redhat-linux/8/lto-wrapper -plugin-opt=-fresolution=/tmp/ccIVfUPv.res -plugin-opt=-pass-through=-lgcc_s -plugin-opt=-pass-through=-lgcc -plugin-opt=-pass-through=-lc -plugin-opt=-pass-through=-lgcc_s -plugin-opt=-pass-through=-lgcc --build-id --no-add-needed --eh-frame-hdr --hash-style=gnu -m elf_x86_64 -export-dynamic -dynamic-linker /lib64/ld-linux-x86-64.so.2 -o cmTryCompileExec4045408611 /usr/lib/../lib64/crt1.o /usr/lib/../lib64/crti.o /opt/rh/devtoolset-8/root/usr/lib/gcc/x86_64-redhat-linux/8/crtbegin.o -L/opt/rh/devtoolset-8/root/usr/lib/gcc/x86_64-redhat-linux/8 -L/opt/rh/devtoolset-8/root/usr/lib/gcc/x86_64-redhat-linux/8/../../../../lib64 -L/lib/../lib64 -L/usr/lib/../lib64 -L/opt/rh/devtoolset-8/root/usr/lib/gcc/x86_64-redhat-linux/8/../../.. CMakeFiles/cmTryCompileExec4045408611.dir/CMakeCXXCompilerABI.cpp.o -lstdc++ -lm -lgcc_s -lgcc -lc -lgcc_s -lgcc /opt/rh/devtoolset-8/root/usr/lib/gcc/x86_64-redhat-linux/8/crtend.o /usr/lib/../lib64/crtn.o]
    arg [/opt/rh/devtoolset-8/root/usr/libexec/gcc/x86_64-redhat-linux/8/collect2] ==> ignore
    arg [-plugin] ==> ignore
    arg [/opt/rh/devtoolset-8/root/usr/libexec/gcc/x86_64-redhat-linux/8/liblto_plugin.so] ==> ignore
    arg [-plugin-opt=/opt/rh/devtoolset-8/root/usr/libexec/gcc/x86_64-redhat-linux/8/lto-wrapper] ==> ignore
    arg [-plugin-opt=-fresolution=/tmp/ccIVfUPv.res] ==> ignore
    arg [-plugin-opt=-pass-through=-lgcc_s] ==> ignore
    arg [-plugin-opt=-pass-through=-lgcc] ==> ignore
    arg [-plugin-opt=-pass-through=-lc] ==> ignore
    arg [-plugin-opt=-pass-through=-lgcc_s] ==> ignore
    arg [-plugin-opt=-pass-through=-lgcc] ==> ignore
    arg [--build-id] ==> ignore
    arg [--no-add-needed] ==> ignore
    arg [--eh-frame-hdr] ==> ignore
    arg [--hash-style=gnu] ==> ignore
    arg [-m] ==> ignore
    arg [elf_x86_64] ==> ignore
    arg [-export-dynamic] ==> ignore
    arg [-dynamic-linker] ==> ignore
    arg [/lib64/ld-linux-x86-64.so.2] ==> ignore
    arg [-o] ==> ignore
    arg [cmTryCompileExec4045408611] ==> ignore
    arg [/usr/lib/../lib64/crt1.o] ==> ignore
    arg [/usr/lib/../lib64/crti.o] ==> ignore
    arg [/opt/rh/devtoolset-8/root/usr/lib/gcc/x86_64-redhat-linux/8/crtbegin.o] ==> ignore
    arg [-L/opt/rh/devtoolset-8/root/usr/lib/gcc/x86_64-redhat-linux/8] ==> dir [/opt/rh/devtoolset-8/root/usr/lib/gcc/x86_64-redhat-linux/8]
    arg [-L/opt/rh/devtoolset-8/root/usr/lib/gcc/x86_64-redhat-linux/8/../../../../lib64] ==> dir [/opt/rh/devtoolset-8/root/usr/lib/gcc/x86_64-redhat-linux/8/../../../../lib64]
    arg [-L/lib/../lib64] ==> dir [/lib/../lib64]
    arg [-L/usr/lib/../lib64] ==> dir [/usr/lib/../lib64]
    arg [-L/opt/rh/devtoolset-8/root/usr/lib/gcc/x86_64-redhat-linux/8/../../..] ==> dir [/opt/rh/devtoolset-8/root/usr/lib/gcc/x86_64-redhat-linux/8/../../..]
    arg [CMakeFiles/cmTryCompileExec4045408611.dir/CMakeCXXCompilerABI.cpp.o] ==> ignore
    arg [-lstdc++] ==> lib [stdc++]
    arg [-lm] ==> lib [m]
    arg [-lgcc_s] ==> lib [gcc_s]
    arg [-lgcc] ==> lib [gcc]
    arg [-lc] ==> lib [c]
    arg [-lgcc_s] ==> lib [gcc_s]
    arg [-lgcc] ==> lib [gcc]
    arg [/opt/rh/devtoolset-8/root/usr/lib/gcc/x86_64-redhat-linux/8/crtend.o] ==> ignore
    arg [/usr/lib/../lib64/crtn.o] ==> ignore
  remove lib [gcc_s]
  remove lib [gcc]
  remove lib [gcc_s]
  remove lib [gcc]
  collapse library dir [/opt/rh/devtoolset-8/root/usr/lib/gcc/x86_64-redhat-linux/8] ==> [/opt/rh/devtoolset-8/root/usr/lib/gcc/x86_64-redhat-linux/8]
  collapse library dir [/opt/rh/devtoolset-8/root/usr/lib/gcc/x86_64-redhat-linux/8/../../../../lib64] ==> [/opt/rh/devtoolset-8/root/usr/lib64]
  collapse library dir [/lib/../lib64] ==> [/lib64]
  collapse library dir [/usr/lib/../lib64] ==> [/usr/lib64]
  collapse library dir [/opt/rh/devtoolset-8/root/usr/lib/gcc/x86_64-redhat-linux/8/../../..] ==> [/opt/rh/devtoolset-8/root/usr/lib]
  implicit libs: [stdc++;m;c]
  implicit dirs: [/opt/rh/devtoolset-8/root/usr/lib/gcc/x86_64-redhat-linux/8;/opt/rh/devtoolset-8/root/usr/lib64;/lib64;/usr/lib64;/opt/rh/devtoolset-8/root/usr/lib]
  implicit fwks: []


Determining if the include file sys/types.h exists passed with the following output:
Change Dir: /tmp/pip-req-build-5ti078d6/openjpeg/src/openjpeg/build/CMakeFiles/CMakeTmp

Run Build Command:/usr/bin/gmake "cmTryCompileExec3199612800/fast"
/usr/bin/gmake -f CMakeFiles/cmTryCompileExec3199612800.dir/build.make CMakeFiles/cmTryCompileExec3199612800.dir/build
gmake[1]: Entering directory `/tmp/pip-req-build-5ti078d6/openjpeg/src/openjpeg/build/CMakeFiles/CMakeTmp'
/usr/bin/cmake -E cmake_progress_report /tmp/pip-req-build-5ti078d6/openjpeg/src/openjpeg/build/CMakeFiles/CMakeTmp/CMakeFiles 1
Building C object CMakeFiles/cmTryCompileExec3199612800.dir/CheckIncludeFile.c.o
/opt/rh/devtoolset-8/root/usr/bin/cc    -o CMakeFiles/cmTryCompileExec3199612800.dir/CheckIncludeFile.c.o   -c /tmp/pip-req-build-5ti078d6/openjpeg/src/openjpeg/build/CMakeFiles/CMakeTmp/CheckIncludeFile.c
Linking C executable cmTryCompileExec3199612800
/usr/bin/cmake -E cmake_link_script CMakeFiles/cmTryCompileExec3199612800.dir/link.txt --verbose=1
/opt/rh/devtoolset-8/root/usr/bin/cc       CMakeFiles/cmTryCompileExec3199612800.dir/CheckIncludeFile.c.o  -o cmTryCompileExec3199612800 -rdynamic 
gmake[1]: Leaving directory `/tmp/pip-req-build-5ti078d6/openjpeg/src/openjpeg/build/CMakeFiles/CMakeTmp'


Determining if the include file stdint.h exists passed with the following output:
Change Dir: /tmp/pip-req-build-5ti078d6/openjpeg/src/openjpeg/build/CMakeFiles/CMakeTmp

Run Build Command:/usr/bin/gmake "cmTryCompileExec210768700/fast"
/usr/bin/gmake -f CMakeFiles/cmTryCompileExec210768700.dir/build.make CMakeFiles/cmTryCompileExec210768700.dir/build
gmake[1]: Entering directory `/tmp/pip-req-build-5ti078d6/openjpeg/src/openjpeg/build/CMakeFiles/CMakeTmp'
/usr/bin/cmake -E cmake_progress_report /tmp/pip-req-build-5ti078d6/openjpeg/src/openjpeg/build/CMakeFiles/CMakeTmp/CMakeFiles 1
Building C object CMakeFiles/cmTryCompileExec210768700.dir/CheckIncludeFile.c.o
/opt/rh/devtoolset-8/root/usr/bin/cc    -o CMakeFiles/cmTryCompileExec210768700.dir/CheckIncludeFile.c.o   -c /tmp/pip-req-build-5ti078d6/openjpeg/src/openjpeg/build/CMakeFiles/CMakeTmp/CheckIncludeFile.c
Linking C executable cmTryCompileExec210768700
/usr/bin/cmake -E cmake_link_script CMakeFiles/cmTryCompileExec210768700.dir/link.txt --verbose=1
/opt/rh/devtoolset-8/root/usr/bin/cc       CMakeFiles/cmTryCompileExec210768700.dir/CheckIncludeFile.c.o  -o cmTryCompileExec210768700 -rdynamic 
gmake[1]: Leaving directory `/tmp/pip-req-build-5ti078d6/openjpeg/src/openjpeg/build/CMakeFiles/CMakeTmp'


Determining if the include file stddef.h exists passed with the following output:
Change Dir: /tmp/pip-req-build-5ti078d6/openjpeg/src/openjpeg/build/CMakeFiles/CMakeTmp

Run Build Command:/usr/bin/gmake "cmTryCompileExec2153057924/fast"
/usr/bin/gmake -f CMakeFiles/cmTryCompileExec2153057924.dir/build.make CMakeFiles/cmTryCompileExec2153057924.dir/build
gmake[1]: Entering directory `/tmp/pip-req-build-5ti078d6/openjpeg/src/openjpeg/build/CMakeFiles/CMakeTmp'
/usr/bin/cmake -E cmake_progress_report /tmp/pip-req-build-5ti078d6/openjpeg/src/openjpeg/build/CMakeFiles/CMakeTmp/CMakeFiles 1
Building C object CMakeFiles/cmTryCompileExec2153057924.dir/CheckIncludeFile.c.o
/opt/rh/devtoolset-8/root/usr/bin/cc    -o CMakeFiles/cmTryCompileExec2153057924.dir/CheckIncludeFile.c.o   -c /tmp/pip-req-build-5ti078d6/openjpeg/src/openjpeg/build/CMakeFiles/CMakeTmp/CheckIncludeFile.c
Linking C executable cmTryCompileExec2153057924
/usr/bin/cmake -E cmake_link_script CMakeFiles/cmTryCompileExec2153057924.dir/link.txt --verbose=1
/opt/rh/devtoolset-8/root/usr/bin/cc       CMakeFiles/cmTryCompileExec2153057924.dir/CheckIncludeFile.c.o  -o cmTryCompileExec2153057924 -rdynamic 
gmake[1]: Leaving directory `/tmp/pip-req-build-5ti078d6/openjpeg/src/openjpeg/build/CMakeFiles/CMakeTmp'


Determining size of unsigned short passed with the following output:
Change Dir: /tmp/pip-req-build-5ti078d6/openjpeg/src/openjpeg/build/CMakeFiles/CMakeTmp

Run Build Command:/usr/bin/gmake "cmTryCompileExec3679560843/fast"
/usr/bin/gmake -f CMakeFiles/cmTryCompileExec3679560843.dir/build.make CMakeFiles/cmTryCompileExec3679560843.dir/build
gmake[1]: Entering directory `/tmp/pip-req-build-5ti078d6/openjpeg/src/openjpeg/build/CMakeFiles/CMakeTmp'
/usr/bin/cmake -E cmake_progress_report /tmp/pip-req-build-5ti078d6/openjpeg/src/openjpeg/build/CMakeFiles/CMakeTmp/CMakeFiles 1
Building C object CMakeFiles/cmTryCompileExec3679560843.dir/CMAKE_SIZEOF_UNSIGNED_SHORT.c.o
/opt/rh/devtoolset-8/root/usr/bin/cc    -o CMakeFiles/cmTryCompileExec3679560843.dir/CMAKE_SIZEOF_UNSIGNED_SHORT.c.o   -c /tmp/pip-req-build-5ti078d6/openjpeg/src/openjpeg/build/CMakeFiles/CheckTypeSize/CMAKE_SIZEOF_UNSIGNED_SHORT.c
Linking C executable cmTryCompileExec3679560843
/usr/bin/cmake -E cmake_link_script CMakeFiles/cmTryCompileExec3679560843.dir/link.txt --verbose=1
/opt/rh/devtoolset-8/root/usr/bin/cc       CMakeFiles/cmTryCompileExec3679560843.dir/CMAKE_SIZEOF_UNSIGNED_SHORT.c.o  -o cmTryCompileExec3679560843 -rdynamic 
gmake[1]: Leaving directory `/tmp/pip-req-build-5ti078d6/openjpeg/src/openjpeg/build/CMakeFiles/CMakeTmp'


Determining if the include file string.h exists passed with the following output:
Change Dir: /tmp/pip-req-build-5ti078d6/openjpeg/src/openjpeg/build/CMakeFiles/CMakeTmp

Run Build Command:/usr/bin/gmake "cmTryCompileExec135597479/fast"
/usr/bin/gmake -f CMakeFiles/cmTryCompileExec135597479.dir/build.make CMakeFiles/cmTryCompileExec135597479.dir/build
gmake[1]: Entering directory `/tmp/pip-req-build-5ti078d6/openjpeg/src/openjpeg/build/CMakeFiles/CMakeTmp'
/usr/bin/cmake -E cmake_progress_report /tmp/pip-req-build-5ti078d6/openjpeg/src/openjpeg/build/CMakeFiles/CMakeTmp/CMakeFiles 1
Building C object CMakeFiles/cmTryCompileExec135597479.dir/CheckIncludeFile.c.o
/opt/rh/devtoolset-8/root/usr/bin/cc    -o CMakeFiles/cmTryCompileExec135597479.dir/CheckIncludeFile.c.o   -c /tmp/pip-req-build-5ti078d6/openjpeg/src/openjpeg/build/CMakeFiles/CMakeTmp/CheckIncludeFile.c
Linking C executable cmTryCompileExec135597479
/usr/bin/cmake -E cmake_link_script CMakeFiles/cmTryCompileExec135597479.dir/link.txt --verbose=1
/opt/rh/devtoolset-8/root/usr/bin/cc       CMakeFiles/cmTryCompileExec135597479.dir/CheckIncludeFile.c.o  -o cmTryCompileExec135597479 -rdynamic 
gmake[1]: Leaving directory `/tmp/pip-req-build-5ti078d6/openjpeg/src/openjpeg/build/CMakeFiles/CMakeTmp'


Determining if the include file memory.h exists passed with the following output:
Change Dir: /tmp/pip-req-build-5ti078d6/openjpeg/src/openjpeg/build/CMakeFiles/CMakeTmp

Run Build Command:/usr/bin/gmake "cmTryCompileExec1013425230/fast"
/usr/bin/gmake -f CMakeFiles/cmTryCompileExec1013425230.dir/build.make CMakeFiles/cmTryCompileExec1013425230.dir/build
gmake[1]: Entering directory `/tmp/pip-req-build-5ti078d6/openjpeg/src/openjpeg/build/CMakeFiles/CMakeTmp'
/usr/bin/cmake -E cmake_progress_report /tmp/pip-req-build-5ti078d6/openjpeg/src/openjpeg/build/CMakeFiles/CMakeTmp/CMakeFiles 1
Building C object CMakeFiles/cmTryCompileExec1013425230.dir/CheckIncludeFile.c.o
/opt/rh/devtoolset-8/root/usr/bin/cc    -o CMakeFiles/cmTryCompileExec1013425230.dir/CheckIncludeFile.c.o   -c /tmp/pip-req-build-5ti078d6/openjpeg/src/openjpeg/build/CMakeFiles/CMakeTmp/CheckIncludeFile.c
Linking C executable cmTryCompileExec1013425230
/usr/bin/cmake -E cmake_link_script CMakeFiles/cmTryCompileExec1013425230.dir/link.txt --verbose=1
/opt/rh/devtoolset-8/root/usr/bin/cc       CMakeFiles/cmTryCompileExec1013425230.dir/CheckIncludeFile.c.o  -o cmTryCompileExec1013425230 -rdynamic 
gmake[1]: Leaving directory `/tmp/pip-req-build-5ti078d6/openjpeg/src/openjpeg/build/CMakeFiles/CMakeTmp'


Determining if the include file stdlib.h exists passed with the following output:
Change Dir: /tmp/pip-req-build-5ti078d6/openjpeg/src/openjpeg/build/CMakeFiles/CMakeTmp

Run Build Command:/usr/bin/gmake "cmTryCompileExec734988351/fast"
/usr/bin/gmake -f CMakeFiles/cmTryCompileExec734988351.dir/build.make CMakeFiles/cmTryCompileExec734988351.dir/build
gmake[1]: Entering directory `/tmp/pip-req-build-5ti078d6/openjpeg/src/openjpeg/build/CMakeFiles/CMakeTmp'
/usr/bin/cmake -E cmake_progress_report /tmp/pip-req-build-5ti078d6/openjpeg/src/openjpeg/build/CMakeFiles/CMakeTmp/CMakeFiles 1
Building C object CMakeFiles/cmTryCompileExec734988351.dir/CheckIncludeFile.c.o
/opt/rh/devtoolset-8/root/usr/bin/cc    -o CMakeFiles/cmTryCompileExec734988351.dir/CheckIncludeFile.c.o   -c /tmp/pip-req-build-5ti078d6/openjpeg/src/openjpeg/build/CMakeFiles/CMakeTmp/CheckIncludeFile.c
Linking C executable cmTryCompileExec734988351
/usr/bin/cmake -E cmake_link_script CMakeFiles/cmTryCompileExec734988351.dir/link.txt --verbose=1
/opt/rh/devtoolset-8/root/usr/bin/cc       CMakeFiles/cmTryCompileExec734988351.dir/CheckIncludeFile.c.o  -o cmTryCompileExec734988351 -rdynamic 
gmake[1]: Leaving directory `/tmp/pip-req-build-5ti078d6/openjpeg/src/openjpeg/build/CMakeFiles/CMakeTmp'


Determining if the include file stdio.h exists passed with the following output:
Change Dir: /tmp/pip-req-build-5ti078d6/openjpeg/src/openjpeg/build/CMakeFiles/CMakeTmp

Run Build Command:/usr/bin/gmake "cmTryCompileExec2196133178/fast"
/usr/bin/gmake -f CMakeFiles/cmTryCompileExec2196133178.dir/build.make CMakeFiles/cmTryCompileExec2196133178.dir/build
gmake[1]: Entering directory `/tmp/pip-req-build-5ti078d6/openjpeg/src/openjpeg/build/CMakeFiles/CMakeTmp'
/usr/bin/cmake -E cmake_progress_report /tmp/pip-req-build-5ti078d6/openjpeg/src/openjpeg/build/CMakeFiles/CMakeTmp/CMakeFiles 1
Building C object CMakeFiles/cmTryCompileExec2196133178.dir/CheckIncludeFile.c.o
/opt/rh/devtoolset-8/root/usr/bin/cc    -o CMakeFiles/cmTryCompileExec2196133178.dir/CheckIncludeFile.c.o   -c /tmp/pip-req-build-5ti078d6/openjpeg/src/openjpeg/build/CMakeFiles/CMakeTmp/CheckIncludeFile.c
Linking C executable cmTryCompileExec2196133178
/usr/bin/cmake -E cmake_link_script CMakeFiles/cmTryCompileExec2196133178.dir/link.txt --verbose=1
/opt/rh/devtoolset-8/root/usr/bin/cc       CMakeFiles/cmTryCompileExec2196133178.dir/CheckIncludeFile.c.o  -o cmTryCompileExec2196133178 -rdynamic 
gmake[1]: Leaving directory `/tmp/pip-req-build-5ti078d6/openjpeg/src/openjpeg/build/CMakeFiles/CMakeTmp'


Determining if the include file math.h exists passed with the following output:
Change Dir: /tmp/pip-req-build-5ti078d6/openjpeg/src/openjpeg/build/CMakeFiles/CMakeTmp

Run Build Command:/usr/bin/gmake "cmTryCompileExec1444887712/fast"
/usr/bin/gmake -f CMakeFiles/cmTryCompileExec1444887712.dir/build.make CMakeFiles/cmTryCompileExec1444887712.dir/build
gmake[1]: Entering directory `/tmp/pip-req-build-5ti078d6/openjpeg/src/openjpeg/build/CMakeFiles/CMakeTmp'
/usr/bin/cmake -E cmake_progress_report /tmp/pip-req-build-5ti078d6/openjpeg/src/openjpeg/build/CMakeFiles/CMakeTmp/CMakeFiles 1
Building C object CMakeFiles/cmTryCompileExec1444887712.dir/CheckIncludeFile.c.o
/opt/rh/devtoolset-8/root/usr/bin/cc    -o CMakeFiles/cmTryCompileExec1444887712.dir/CheckIncludeFile.c.o   -c /tmp/pip-req-build-5ti078d6/openjpeg/src/openjpeg/build/CMakeFiles/CMakeTmp/CheckIncludeFile.c
Linking C executable cmTryCompileExec1444887712
/usr/bin/cmake -E cmake_link_script CMakeFiles/cmTryCompileExec1444887712.dir/link.txt --verbose=1
/opt/rh/devtoolset-8/root/usr/bin/cc       CMakeFiles/cmTryCompileExec1444887712.dir/CheckIncludeFile.c.o  -o cmTryCompileExec1444887712 -rdynamic 
gmake[1]: Leaving directory `/tmp/pip-req-build-5ti078d6/openjpeg/src/openjpeg/build/CMakeFiles/CMakeTmp'


Determining if the include file float.h exists passed with the following output:
Change Dir: /tmp/pip-req-build-5ti078d6/openjpeg/src/openjpeg/build/CMakeFiles/CMakeTmp

Run Build Command:/usr/bin/gmake "cmTryCompileExec3160286903/fast"
/usr/bin/gmake -f CMakeFiles/cmTryCompileExec3160286903.dir/build.make CMakeFiles/cmTryCompileExec3160286903.dir/build
gmake[1]: Entering directory `/tmp/pip-req-build-5ti078d6/openjpeg/src/openjpeg/build/CMakeFiles/CMakeTmp'
/usr/bin/cmake -E cmake_progress_report /tmp/pip-req-build-5ti078d6/openjpeg/src/openjpeg/build/CMakeFiles/CMakeTmp/CMakeFiles 1
Building C object CMakeFiles/cmTryCompileExec3160286903.dir/CheckIncludeFile.c.o
/opt/rh/devtoolset-8/root/usr/bin/cc    -o CMakeFiles/cmTryCompileExec3160286903.dir/CheckIncludeFile.c.o   -c /tmp/pip-req-build-5ti078d6/openjpeg/src/openjpeg/build/CMakeFiles/CMakeTmp/CheckIncludeFile.c
Linking C executable cmTryCompileExec3160286903
/usr/bin/cmake -E cmake_link_script CMakeFiles/cmTryCompileExec3160286903.dir/link.txt --verbose=1
/opt/rh/devtoolset-8/root/usr/bin/cc       CMakeFiles/cmTryCompileExec3160286903.dir/CheckIncludeFile.c.o  -o cmTryCompileExec3160286903 -rdynamic 
gmake[1]: Leaving directory `/tmp/pip-req-build-5ti078d6/openjpeg/src/openjpeg/build/CMakeFiles/CMakeTmp'


Determining if the include file time.h exists passed with the following output:
Change Dir: /tmp/pip-req-build-5ti078d6/openjpeg/src/openjpeg/build/CMakeFiles/CMakeTmp

Run Build Command:/usr/bin/gmake "cmTryCompileExec2654073758/fast"
/usr/bin/gmake -f CMakeFiles/cmTryCompileExec2654073758.dir/build.make CMakeFiles/cmTryCompileExec2654073758.dir/build
gmake[1]: Entering directory `/tmp/pip-req-build-5ti078d6/openjpeg/src/openjpeg/build/CMakeFiles/CMakeTmp'
/usr/bin/cmake -E cmake_progress_report /tmp/pip-req-build-5ti078d6/openjpeg/src/openjpeg/build/CMakeFiles/CMakeTmp/CMakeFiles 1
Building C object CMakeFiles/cmTryCompileExec2654073758.dir/CheckIncludeFile.c.o
/opt/rh/devtoolset-8/root/usr/bin/cc    -o CMakeFiles/cmTryCompileExec2654073758.dir/CheckIncludeFile.c.o   -c /tmp/pip-req-build-5ti078d6/openjpeg/src/openjpeg/build/CMakeFiles/CMakeTmp/CheckIncludeFile.c
Linking C executable cmTryCompileExec2654073758
/usr/bin/cmake -E cmake_link_script CMakeFiles/cmTryCompileExec2654073758.dir/link.txt --verbose=1
/opt/rh/devtoolset-8/root/usr/bin/cc       CMakeFiles/cmTryCompileExec2654073758.dir/CheckIncludeFile.c.o  -o cmTryCompileExec2654073758 -rdynamic 
gmake[1]: Leaving directory `/tmp/pip-req-build-5ti078d6/openjpeg/src/openjpeg/build/CMakeFiles/CMakeTmp'


Determining if the include file stdarg.h exists passed with the following output:
Change Dir: /tmp/pip-req-build-5ti078d6/openjpeg/src/openjpeg/build/CMakeFiles/CMakeTmp

Run Build Command:/usr/bin/gmake "cmTryCompileExec1289468252/fast"
/usr/bin/gmake -f CMakeFiles/cmTryCompileExec1289468252.dir/build.make CMakeFiles/cmTryCompileExec1289468252.dir/build
gmake[1]: Entering directory `/tmp/pip-req-build-5ti078d6/openjpeg/src/openjpeg/build/CMakeFiles/CMakeTmp'
/usr/bin/cmake -E cmake_progress_report /tmp/pip-req-build-5ti078d6/openjpeg/src/openjpeg/build/CMakeFiles/CMakeTmp/CMakeFiles 1
Building C object CMakeFiles/cmTryCompileExec1289468252.dir/CheckIncludeFile.c.o
/opt/rh/devtoolset-8/root/usr/bin/cc    -o CMakeFiles/cmTryCompileExec1289468252.dir/CheckIncludeFile.c.o   -c /tmp/pip-req-build-5ti078d6/openjpeg/src/openjpeg/build/CMakeFiles/CMakeTmp/CheckIncludeFile.c
Linking C executable cmTryCompileExec1289468252
/usr/bin/cmake -E cmake_link_script CMakeFiles/cmTryCompileExec1289468252.dir/link.txt --verbose=1
/opt/rh/devtoolset-8/root/usr/bin/cc       CMakeFiles/cmTryCompileExec1289468252.dir/CheckIncludeFile.c.o  -o cmTryCompileExec1289468252 -rdynamic 
gmake[1]: Leaving directory `/tmp/pip-req-build-5ti078d6/openjpeg/src/openjpeg/build/CMakeFiles/CMakeTmp'


Determining if the include file ctype.h exists passed with the following output:
Change Dir: /tmp/pip-req-build-5ti078d6/openjpeg/src/openjpeg/build/CMakeFiles/CMakeTmp

Run Build Command:/usr/bin/gmake "cmTryCompileExec3442956894/fast"
/usr/bin/gmake -f CMakeFiles/cmTryCompileExec3442956894.dir/build.make CMakeFiles/cmTryCompileExec3442956894.dir/build
gmake[1]: Entering directory `/tmp/pip-req-build-5ti078d6/openjpeg/src/openjpeg/build/CMakeFiles/CMakeTmp'
/usr/bin/cmake -E cmake_progress_report /tmp/pip-req-build-5ti078d6/openjpeg/src/openjpeg/build/CMakeFiles/CMakeTmp/CMakeFiles 1
Building C object CMakeFiles/cmTryCompileExec3442956894.dir/CheckIncludeFile.c.o
/opt/rh/devtoolset-8/root/usr/bin/cc    -o CMakeFiles/cmTryCompileExec3442956894.dir/CheckIncludeFile.c.o   -c /tmp/pip-req-build-5ti078d6/openjpeg/src/openjpeg/build/CMakeFiles/CMakeTmp/CheckIncludeFile.c
Linking C executable cmTryCompileExec3442956894
/usr/bin/cmake -E cmake_link_script CMakeFiles/cmTryCompileExec3442956894.dir/link.txt --verbose=1
/opt/rh/devtoolset-8/root/usr/bin/cc       CMakeFiles/cmTryCompileExec3442956894.dir/CheckIncludeFile.c.o  -o cmTryCompileExec3442956894 -rdynamic 
gmake[1]: Leaving directory `/tmp/pip-req-build-5ti078d6/openjpeg/src/openjpeg/build/CMakeFiles/CMakeTmp'


Determining if the include file assert.h exists passed with the following output:
Change Dir: /tmp/pip-req-build-5ti078d6/openjpeg/src/openjpeg/build/CMakeFiles/CMakeTmp

Run Build Command:/usr/bin/gmake "cmTryCompileExec617489781/fast"
/usr/bin/gmake -f CMakeFiles/cmTryCompileExec617489781.dir/build.make CMakeFiles/cmTryCompileExec617489781.dir/build
gmake[1]: Entering directory `/tmp/pip-req-build-5ti078d6/openjpeg/src/openjpeg/build/CMakeFiles/CMakeTmp'
/usr/bin/cmake -E cmake_progress_report /tmp/pip-req-build-5ti078d6/openjpeg/src/openjpeg/build/CMakeFiles/CMakeTmp/CMakeFiles 1
Building C object CMakeFiles/cmTryCompileExec617489781.dir/CheckIncludeFile.c.o
/opt/rh/devtoolset-8/root/usr/bin/cc    -o CMakeFiles/cmTryCompileExec617489781.dir/CheckIncludeFile.c.o   -c /tmp/pip-req-build-5ti078d6/openjpeg/src/openjpeg/build/CMakeFiles/CMakeTmp/CheckIncludeFile.c
Linking C executable cmTryCompileExec617489781
/usr/bin/cmake -E cmake_link_script CMakeFiles/cmTryCompileExec617489781.dir/link.txt --verbose=1
/opt/rh/devtoolset-8/root/usr/bin/cc       CMakeFiles/cmTryCompileExec617489781.dir/CheckIncludeFile.c.o  -o cmTryCompileExec617489781 -rdynamic 
gmake[1]: Leaving directory `/tmp/pip-req-build-5ti078d6/openjpeg/src/openjpeg/build/CMakeFiles/CMakeTmp'


Determining if the include file stdint.h exists passed with the following output:
Change Dir: /tmp/pip-req-build-5ti078d6/openjpeg/src/openjpeg/build/CMakeFiles/CMakeTmp

Run Build Command:/usr/bin/gmake "cmTryCompileExec2046545862/fast"
/usr/bin/gmake -f CMakeFiles/cmTryCompileExec2046545862.dir/build.make CMakeFiles/cmTryCompileExec2046545862.dir/build
gmake[1]: Entering directory `/tmp/pip-req-build-5ti078d6/openjpeg/src/openjpeg/build/CMakeFiles/CMakeTmp'
/usr/bin/cmake -E cmake_progress_report /tmp/pip-req-build-5ti078d6/openjpeg/src/openjpeg/build/CMakeFiles/CMakeTmp/CMakeFiles 1
Building C object CMakeFiles/cmTryCompileExec2046545862.dir/CheckIncludeFile.c.o
/opt/rh/devtoolset-8/root/usr/bin/cc    -o CMakeFiles/cmTryCompileExec2046545862.dir/CheckIncludeFile.c.o   -c /tmp/pip-req-build-5ti078d6/openjpeg/src/openjpeg/build/CMakeFiles/CMakeTmp/CheckIncludeFile.c
Linking C executable cmTryCompileExec2046545862
/usr/bin/cmake -E cmake_link_script CMakeFiles/cmTryCompileExec2046545862.dir/link.txt --verbose=1
/opt/rh/devtoolset-8/root/usr/bin/cc       CMakeFiles/cmTryCompileExec2046545862.dir/CheckIncludeFile.c.o  -o cmTryCompileExec2046545862 -rdynamic 
gmake[1]: Leaving directory `/tmp/pip-req-build-5ti078d6/openjpeg/src/openjpeg/build/CMakeFiles/CMakeTmp'


Determining if the include file inttypes.h exists passed with the following output:
Change Dir: /tmp/pip-req-build-5ti078d6/openjpeg/src/openjpeg/build/CMakeFiles/CMakeTmp

Run Build Command:/usr/bin/gmake "cmTryCompileExec3576931047/fast"
/usr/bin/gmake -f CMakeFiles/cmTryCompileExec3576931047.dir/build.make CMakeFiles/cmTryCompileExec3576931047.dir/build
gmake[1]: Entering directory `/tmp/pip-req-build-5ti078d6/openjpeg/src/openjpeg/build/CMakeFiles/CMakeTmp'
/usr/bin/cmake -E cmake_progress_report /tmp/pip-req-build-5ti078d6/openjpeg/src/openjpeg/build/CMakeFiles/CMakeTmp/CMakeFiles 1
Building C object CMakeFiles/cmTryCompileExec3576931047.dir/CheckIncludeFile.c.o
/opt/rh/devtoolset-8/root/usr/bin/cc    -o CMakeFiles/cmTryCompileExec3576931047.dir/CheckIncludeFile.c.o   -c /tmp/pip-req-build-5ti078d6/openjpeg/src/openjpeg/build/CMakeFiles/CMakeTmp/CheckIncludeFile.c
Linking C executable cmTryCompileExec3576931047
/usr/bin/cmake -E cmake_link_script CMakeFiles/cmTryCompileExec3576931047.dir/link.txt --verbose=1
/opt/rh/devtoolset-8/root/usr/bin/cc       CMakeFiles/cmTryCompileExec3576931047.dir/CheckIncludeFile.c.o  -o cmTryCompileExec3576931047 -rdynamic 
gmake[1]: Leaving directory `/tmp/pip-req-build-5ti078d6/openjpeg/src/openjpeg/build/CMakeFiles/CMakeTmp'


Determining if the include file strings.h exists passed with the following output:
Change Dir: /tmp/pip-req-build-5ti078d6/openjpeg/src/openjpeg/build/CMakeFiles/CMakeTmp

Run Build Command:/usr/bin/gmake "cmTryCompileExec281546023/fast"
/usr/bin/gmake -f CMakeFiles/cmTryCompileExec281546023.dir/build.make CMakeFiles/cmTryCompileExec281546023.dir/build
gmake[1]: Entering directory `/tmp/pip-req-build-5ti078d6/openjpeg/src/openjpeg/build/CMakeFiles/CMakeTmp'
/usr/bin/cmake -E cmake_progress_report /tmp/pip-req-build-5ti078d6/openjpeg/src/openjpeg/build/CMakeFiles/CMakeTmp/CMakeFiles 1
Building C object CMakeFiles/cmTryCompileExec281546023.dir/CheckIncludeFile.c.o
/opt/rh/devtoolset-8/root/usr/bin/cc    -o CMakeFiles/cmTryCompileExec281546023.dir/CheckIncludeFile.c.o   -c /tmp/pip-req-build-5ti078d6/openjpeg/src/openjpeg/build/CMakeFiles/CMakeTmp/CheckIncludeFile.c
Linking C executable cmTryCompileExec281546023
/usr/bin/cmake -E cmake_link_script CMakeFiles/cmTryCompileExec281546023.dir/link.txt --verbose=1
/opt/rh/devtoolset-8/root/usr/bin/cc       CMakeFiles/cmTryCompileExec281546023.dir/CheckIncludeFile.c.o  -o cmTryCompileExec281546023 -rdynamic 
gmake[1]: Leaving directory `/tmp/pip-req-build-5ti078d6/openjpeg/src/openjpeg/build/CMakeFiles/CMakeTmp'


Determining if the include file sys/stat.h exists passed with the following output:
Change Dir: /tmp/pip-req-build-5ti078d6/openjpeg/src/openjpeg/build/CMakeFiles/CMakeTmp

Run Build Command:/usr/bin/gmake "cmTryCompileExec3941055655/fast"
/usr/bin/gmake -f CMakeFiles/cmTryCompileExec3941055655.dir/build.make CMakeFiles/cmTryCompileExec3941055655.dir/build
gmake[1]: Entering directory `/tmp/pip-req-build-5ti078d6/openjpeg/src/openjpeg/build/CMakeFiles/CMakeTmp'
/usr/bin/cmake -E cmake_progress_report /tmp/pip-req-build-5ti078d6/openjpeg/src/openjpeg/build/CMakeFiles/CMakeTmp/CMakeFiles 1
Building C object CMakeFiles/cmTryCompileExec3941055655.dir/CheckIncludeFile.c.o
/opt/rh/devtoolset-8/root/usr/bin/cc    -o CMakeFiles/cmTryCompileExec3941055655.dir/CheckIncludeFile.c.o   -c /tmp/pip-req-build-5ti078d6/openjpeg/src/openjpeg/build/CMakeFiles/CMakeTmp/CheckIncludeFile.c
Linking C executable cmTryCompileExec3941055655
/usr/bin/cmake -E cmake_link_script CMakeFiles/cmTryCompileExec3941055655.dir/link.txt --verbose=1
/opt/rh/devtoolset-8/root/usr/bin/cc       CMakeFiles/cmTryCompileExec3941055655.dir/CheckIncludeFile.c.o  -o cmTryCompileExec3941055655 -rdynamic 
gmake[1]: Leaving directory `/tmp/pip-req-build-5ti078d6/openjpeg/src/openjpeg/build/CMakeFiles/CMakeTmp'


Determining if the include file unistd.h exists passed with the following output:
Change Dir: /tmp/pip-req-build-5ti078d6/openjpeg/src/openjpeg/build/CMakeFiles/CMakeTmp

Run Build Command:/usr/bin/gmake "cmTryCompileExec2933699427/fast"
/usr/bin/gmake -f CMakeFiles/cmTryCompileExec2933699427.dir/build.make CMakeFiles/cmTryCompileExec2933699427.dir/build
gmake[1]: Entering directory `/tmp/pip-req-build-5ti078d6/openjpeg/src/openjpeg/build/CMakeFiles/CMakeTmp'
/usr/bin/cmake -E cmake_progress_report /tmp/pip-req-build-5ti078d6/openjpeg/src/openjpeg/build/CMakeFiles/CMakeTmp/CMakeFiles 1
Building C object CMakeFiles/cmTryCompileExec2933699427.dir/CheckIncludeFile.c.o
/opt/rh/devtoolset-8/root/usr/bin/cc    -o CMakeFiles/cmTryCompileExec2933699427.dir/CheckIncludeFile.c.o   -c /tmp/pip-req-build-5ti078d6/openjpeg/src/openjpeg/build/CMakeFiles/CMakeTmp/CheckIncludeFile.c
Linking C executable cmTryCompileExec2933699427
/usr/bin/cmake -E cmake_link_script CMakeFiles/cmTryCompileExec2933699427.dir/link.txt --verbose=1
/opt/rh/devtoolset-8/root/usr/bin/cc       CMakeFiles/cmTryCompileExec2933699427.dir/CheckIncludeFile.c.o  -o cmTryCompileExec2933699427 -rdynamic 
gmake[1]: Leaving directory `/tmp/pip-req-build-5ti078d6/openjpeg/src/openjpeg/build/CMakeFiles/CMakeTmp'


Determining if files malloc.h exist passed with the following output:
Change Dir: /tmp/pip-req-build-5ti078d6/openjpeg/src/openjpeg/build/CMakeFiles/CMakeTmp

Run Build Command:/usr/bin/gmake "cmTryCompileExec1754475852/fast"
/usr/bin/gmake -f CMakeFiles/cmTryCompileExec1754475852.dir/build.make CMakeFiles/cmTryCompileExec1754475852.dir/build
gmake[1]: Entering directory `/tmp/pip-req-build-5ti078d6/openjpeg/src/openjpeg/build/CMakeFiles/CMakeTmp'
/usr/bin/cmake -E cmake_progress_report /tmp/pip-req-build-5ti078d6/openjpeg/src/openjpeg/build/CMakeFiles/CMakeTmp/CMakeFiles 1
Building C object CMakeFiles/cmTryCompileExec1754475852.dir/CheckIncludeFiles.c.o
/opt/rh/devtoolset-8/root/usr/bin/cc    -o CMakeFiles/cmTryCompileExec1754475852.dir/CheckIncludeFiles.c.o   -c /tmp/pip-req-build-5ti078d6/openjpeg/src/openjpeg/build/CMakeFiles/CMakeTmp/CheckIncludeFiles.c
Linking C executable cmTryCompileExec1754475852
/usr/bin/cmake -E cmake_link_script CMakeFiles/cmTryCompileExec1754475852.dir/link.txt --verbose=1
/opt/rh/devtoolset-8/root/usr/bin/cc       CMakeFiles/cmTryCompileExec1754475852.dir/CheckIncludeFiles.c.o  -o cmTryCompileExec1754475852 -rdynamic 
gmake[1]: Leaving directory `/tmp/pip-req-build-5ti078d6/openjpeg/src/openjpeg/build/CMakeFiles/CMakeTmp'


Determining if the posix_memalign exist passed with the following output:
Change Dir: /tmp/pip-req-build-5ti078d6/openjpeg/src/openjpeg/build/CMakeFiles/CMakeTmp

Run Build Command:/usr/bin/gmake "cmTryCompileExec958417749/fast"
/usr/bin/gmake -f CMakeFiles/cmTryCompileExec958417749.dir/build.make CMakeFiles/cmTryCompileExec958417749.dir/build
gmake[1]: Entering directory `/tmp/pip-req-build-5ti078d6/openjpeg/src/openjpeg/build/CMakeFiles/CMakeTmp'
/usr/bin/cmake -E cmake_progress_report /tmp/pip-req-build-5ti078d6/openjpeg/src/openjpeg/build/CMakeFiles/CMakeTmp/CMakeFiles 1
Building C object CMakeFiles/cmTryCompileExec958417749.dir/CheckSymbolExists.c.o
/opt/rh/devtoolset-8/root/usr/bin/cc  -D_POSIX_C_SOURCE=200112L  -o CMakeFiles/cmTryCompileExec958417749.dir/CheckSymbolExists.c.o   -c /tmp/pip-req-build-5ti078d6/openjpeg/src/openjpeg/build/CMakeFiles/CMakeTmp/CheckSymbolExists.c
Linking C executable cmTryCompileExec958417749
/usr/bin/cmake -E cmake_link_script CMakeFiles/cmTryCompileExec958417749.dir/link.txt --verbose=1
/opt/rh/devtoolset-8/root/usr/bin/cc       CMakeFiles/cmTryCompileExec958417749.dir/CheckSymbolExists.c.o  -o cmTryCompileExec958417749 -rdynamic 
gmake[1]: Leaving directory `/tmp/pip-req-build-5ti078d6/openjpeg/src/openjpeg/build/CMakeFiles/CMakeTmp'

File /tmp/pip-req-build-5ti078d6/openjpeg/src/openjpeg/build/CMakeFiles/CMakeTmp/CheckSymbolExists.c:
/* */
#include <stdlib.h>

int main(int argc, char** argv)
{
  (void)argv;
#ifndef posix_memalign
  return ((int*)(&posix_memalign))[argc];
#else
  (void)argc;
  return 0;
#endif
}

Determining if the memalign exist passed with the following output:
Change Dir: /tmp/pip-req-build-5ti078d6/openjpeg/src/openjpeg/build/CMakeFiles/CMakeTmp

Run Build Command:/usr/bin/gmake "cmTryCompileExec2169754337/fast"
/usr/bin/gmake -f CMakeFiles/cmTryCompileExec2169754337.dir/build.make CMakeFiles/cmTryCompileExec2169754337.dir/build
gmake[1]: Entering directory `/tmp/pip-req-build-5ti078d6/openjpeg/src/openjpeg/build/CMakeFiles/CMakeTmp'
/usr/bin/cmake -E cmake_progress_report /tmp/pip-req-build-5ti078d6/openjpeg/src/openjpeg/build/CMakeFiles/CMakeTmp/CMakeFiles 1
Building C object CMakeFiles/cmTryCompileExec2169754337.dir/CheckSymbolExists.c.o
/opt/rh/devtoolset-8/root/usr/bin/cc    -o CMakeFiles/cmTryCompileExec2169754337.dir/CheckSymbolExists.c.o   -c /tmp/pip-req-build-5ti078d6/openjpeg/src/openjpeg/build/CMakeFiles/CMakeTmp/CheckSymbolExists.c
Linking C executable cmTryCompileExec2169754337
/usr/bin/cmake -E cmake_link_script CMakeFiles/cmTryCompileExec2169754337.dir/link.txt --verbose=1
/opt/rh/devtoolset-8/root/usr/bin/cc       CMakeFiles/cmTryCompileExec2169754337.dir/CheckSymbolExists.c.o  -o cmTryCompileExec2169754337 -rdynamic 
gmake[1]: Leaving directory `/tmp/pip-req-build-5ti078d6/openjpeg/src/openjpeg/build/CMakeFiles/CMakeTmp'

File /tmp/pip-req-build-5ti078d6/openjpeg/src/openjpeg/build/CMakeFiles/CMakeTmp/CheckSymbolExists.c:
/* */
#include <malloc.h>

int main(int argc, char** argv)
{
  (void)argv;
#ifndef memalign
  return ((int*)(&memalign))[argc];
#else
  (void)argc;
  return 0;
#endif
}

