1581560889.515 : radical.entk.task_processor : 95124 : 140733579129264 : DEBUG    : Creating CU from Task task.0000
1581560889.516 : radical.entk.task_processor : 95124 : 140733579129264 : DEBUG    : CU task.0000,my-first-task,stage.0000,None,pipeline.0000,None created from Task task.0000
1581560900.594 : radical.entk.task_processor : 95124 : 140734719979952 : DEBUG    : Create Task from CU task.0000,my-first-task,stage.0000,None,pipeline.0000,None
1581560900.595 : radical.entk.task_processor : 95124 : 140734719979952 : DEBUG    : Task task.0000 created from CU task.0000,my-first-task,stage.0000,None,pipeline.0000,None
1581626352.660 : radical.entk.task_processor : 23534 : 140733176476080 : DEBUG    : Creating CU from Task task.0000
1581626352.660 : radical.entk.task_processor : 23534 : 140733176476080 : DEBUG    : CU task.0000,my-first-task,stage.0000,None,pipeline.0000,None created from Task task.0000
1581626364.686 : radical.entk.task_processor : 23534 : 140734317326768 : DEBUG    : Create Task from CU task.0000,my-first-task,stage.0000,None,pipeline.0000,None
1581626364.687 : radical.entk.task_processor : 23534 : 140734317326768 : DEBUG    : Task task.0000 created from CU task.0000,my-first-task,stage.0000,None,pipeline.0000,None
1585537285.684 : radical.entk.task_processor : 60712 : 140733914673584 : DEBUG    : Creating CU from Task task.0000
1585537285.685 : radical.entk.task_processor : 60712 : 140733914673584 : DEBUG    : CU task.0000,my-first-task,stage.0000,None,pipeline.0000,None created from Task task.0000
1585537293.793 : radical.entk.task_processor : 60712 : 140735542194608 : DEBUG    : Create Task from CU task.0000,my-first-task,stage.0000,None,pipeline.0000,None
1585537293.795 : radical.entk.task_processor : 60712 : 140735542194608 : DEBUG    : Task task.0000 created from CU task.0000,my-first-task,stage.0000,None,pipeline.0000,None
1585537577.937 : radical.entk.task_processor : 67789 : 140733461819824 : DEBUG    : Creating CU from Task task.0006
1585537577.943 : radical.entk.task_processor : 67789 : 140733461819824 : DEBUG    : CU task.0006,my-first-task,stage.0001,None,pipeline.0001,None created from Task task.0006
1585537579.250 : radical.entk.task_processor : 67789 : 140733461819824 : DEBUG    : Creating CU from Task task.0007
1585537579.250 : radical.entk.task_processor : 67789 : 140733461819824 : DEBUG    : CU task.0007,my-first-task,stage.0002,None,pipeline.0001,None created from Task task.0007
1585537587.161 : radical.entk.task_processor : 67789 : 140735298597296 : DEBUG    : Create Task from CU task.0006,my-first-task,stage.0001,None,pipeline.0001,None
1585537587.186 : radical.entk.task_processor : 67789 : 140735298597296 : DEBUG    : Task task.0006 created from CU task.0006,my-first-task,stage.0001,None,pipeline.0001,None
1585537588.356 : radical.entk.task_processor : 67789 : 140735298597296 : DEBUG    : Create Task from CU task.0007,my-first-task,stage.0002,None,pipeline.0001,None
1585537588.377 : radical.entk.task_processor : 67789 : 140735298597296 : DEBUG    : Task task.0007 created from CU task.0007,my-first-task,stage.0002,None,pipeline.0001,None
1585538285.148 : radical.entk.task_processor : 83901 : 140734031983024 : DEBUG    : Creating CU from Task task.0000
1585538285.150 : radical.entk.task_processor : 83901 : 140734031983024 : DEBUG    : CU task.0000,my-second-task,stage.0000,None,pipeline.0000,None created from Task task.0000
1585538286.435 : radical.entk.task_processor : 83901 : 140734031983024 : DEBUG    : Creating CU from Task task.0001
1585538286.435 : radical.entk.task_processor : 83901 : 140734031983024 : DEBUG    : CU task.0001,my-first-task,stage.0000,None,pipeline.0000,None created from Task task.0001
1585538294.911 : radical.entk.task_processor : 83901 : 140735525286320 : DEBUG    : Create Task from CU task.0000,my-second-task,stage.0000,None,pipeline.0000,None
1585538294.912 : radical.entk.task_processor : 83901 : 140735525286320 : DEBUG    : Task task.0000 created from CU task.0000,my-second-task,stage.0000,None,pipeline.0000,None
1585538296.197 : radical.entk.task_processor : 83901 : 140735525286320 : DEBUG    : Create Task from CU task.0001,my-first-task,stage.0000,None,pipeline.0000,None
1585538296.198 : radical.entk.task_processor : 83901 : 140735525286320 : DEBUG    : Task task.0001 created from CU task.0001,my-first-task,stage.0000,None,pipeline.0000,None
1585538298.513 : radical.entk.task_processor : 83901 : 140734031983024 : DEBUG    : Creating CU from Task task.0002
1585538298.513 : radical.entk.task_processor : 83901 : 140734031983024 : DEBUG    : CU task.0002,my-third-task,stage.0001,None,pipeline.0000,None created from Task task.0002
1585538305.668 : radical.entk.task_processor : 83901 : 140735525286320 : DEBUG    : Create Task from CU task.0002,my-third-task,stage.0001,None,pipeline.0000,None
1585538305.668 : radical.entk.task_processor : 83901 : 140735525286320 : DEBUG    : Task task.0002 created from CU task.0002,my-third-task,stage.0001,None,pipeline.0000,None
1585538677.573 : radical.entk.task_processor : 30042 : 140733947965872 : DEBUG    : Creating CU from Task task.0018
1585538677.574 : radical.entk.task_processor : 30042 : 140733947965872 : DEBUG    : CU task.0018,my-first-task,stage.0003,None,pipeline.0002,None created from Task task.0018
1585538678.978 : radical.entk.task_processor : 30042 : 140733947965872 : DEBUG    : Creating CU from Task task.0019
1585538678.978 : radical.entk.task_processor : 30042 : 140733947965872 : DEBUG    : CU task.0019,my-second-task,stage.0003,None,pipeline.0002,None created from Task task.0019
1585538687.874 : radical.entk.task_processor : 30042 : 140735508378032 : DEBUG    : Create Task from CU task.0018,my-first-task,stage.0003,None,pipeline.0002,None
1585538687.877 : radical.entk.task_processor : 30042 : 140735508378032 : DEBUG    : Task task.0018 created from CU task.0018,my-first-task,stage.0003,None,pipeline.0002,None
1585538689.099 : radical.entk.task_processor : 30042 : 140735508378032 : DEBUG    : Create Task from CU task.0019,my-second-task,stage.0003,None,pipeline.0002,None
1585538689.102 : radical.entk.task_processor : 30042 : 140735508378032 : DEBUG    : Task task.0019 created from CU task.0019,my-second-task,stage.0003,None,pipeline.0002,None
1585538692.857 : radical.entk.task_processor : 30042 : 140733947965872 : DEBUG    : Creating CU from Task task.0020
1585538692.857 : radical.entk.task_processor : 30042 : 140733947965872 : DEBUG    : CU task.0020,my-third-task,stage.0004,None,pipeline.0002,None created from Task task.0020
1585538700.747 : radical.entk.task_processor : 30042 : 140735508378032 : DEBUG    : Create Task from CU task.0020,my-third-task,stage.0004,None,pipeline.0002,None
1585538700.751 : radical.entk.task_processor : 30042 : 140735508378032 : DEBUG    : Task task.0020 created from CU task.0020,my-third-task,stage.0004,None,pipeline.0002,None
1590678681.332 : radical.entk.task_processor : 72443 : 140733327602096 : DEBUG    : Creating CU from Task task.0000
1590678681.334 : radical.entk.task_processor : 72443 : 140733327602096 : DEBUG    : CU task.0000,my-first-task,stage.0000,None,pipeline.0000,None created from Task task.0000
1590678687.630 : radical.entk.task_processor : 72443 : 140734938214832 : DEBUG    : Create Task from CU task.0000,my-first-task,stage.0000,None,pipeline.0000,None
1590678687.631 : radical.entk.task_processor : 72443 : 140734938214832 : DEBUG    : Task task.0000 created from CU task.0000,my-first-task,stage.0000,None,pipeline.0000,None
1590679864.840 : radical.entk.task_processor : 87493 : 140734417727920 : DEBUG    : Creating CU from Task task.0000
1590679864.842 : radical.entk.task_processor : 87493 : 140734417727920 : DEBUG    : CU task.0000,,stage.0000,None,pipeline.0000,None created from Task task.0000
1590679872.176 : radical.entk.task_processor : 87493 : 140736028340656 : DEBUG    : Create Task from CU task.0000,,stage.0000,None,pipeline.0000,None
1590679872.177 : radical.entk.task_processor : 87493 : 140736028340656 : DEBUG    : Task task.0000 created from CU task.0000,,stage.0000,None,pipeline.0000,None
1590679875.843 : radical.entk.task_processor : 87493 : 140734417727920 : DEBUG    : Creating CU from Task task.0001
1590679875.844 : radical.entk.task_processor : 87493 : 140734417727920 : DEBUG    : CU task.0001,,stage.0001,None,pipeline.0000,None created from Task task.0001
1590679880.546 : radical.entk.task_processor : 87493 : 140736028340656 : DEBUG    : Create Task from CU task.0001,,stage.0001,None,pipeline.0000,None
1590679880.547 : radical.entk.task_processor : 87493 : 140736028340656 : DEBUG    : Task task.0001 created from CU task.0001,,stage.0001,None,pipeline.0000,None
1590679882.187 : radical.entk.task_processor : 87493 : 140734417727920 : DEBUG    : Creating CU from Task task.0002
1590679882.187 : radical.entk.task_processor : 87493 : 140734417727920 : DEBUG    : CU task.0002,,stage.0002,None,pipeline.0000,None created from Task task.0002
1590679887.881 : radical.entk.task_processor : 87493 : 140736028340656 : DEBUG    : Create Task from CU task.0002,,stage.0002,None,pipeline.0000,None
1590679887.882 : radical.entk.task_processor : 87493 : 140736028340656 : DEBUG    : Task task.0002 created from CU task.0002,,stage.0002,None,pipeline.0000,None
1590762790.352 : radical.entk.task_processor : 12280 : 140734023528880 : DEBUG    : Creating CU from Task task.0000
1590762790.354 : radical.entk.task_processor : 12280 : 140734023528880 : DEBUG    : CU task.0000,,stage.0000,None,pipeline.0000,None created from Task task.0000
1590762798.723 : radical.entk.task_processor : 12280 : 140735499923888 : DEBUG    : Create Task from CU task.0000,,stage.0000,None,pipeline.0000,None
1590762798.724 : radical.entk.task_processor : 12280 : 140735499923888 : DEBUG    : Task task.0000 created from CU task.0000,,stage.0000,None,pipeline.0000,None
1590762802.137 : radical.entk.task_processor : 12280 : 140734023528880 : DEBUG    : Creating CU from Task task.0001
1590762802.138 : radical.entk.task_processor : 12280 : 140734023528880 : DEBUG    : CU task.0001,,stage.0001,Stage 2,pipeline.0000,None created from Task task.0001
1590762811.755 : radical.entk.task_processor : 12280 : 140735499923888 : DEBUG    : Create Task from CU task.0001,,stage.0001,Stage 2,pipeline.0000,None
1590762811.756 : radical.entk.task_processor : 12280 : 140735499923888 : DEBUG    : Task task.0001 created from CU task.0001,,stage.0001,Stage 2,pipeline.0000,None
1590763238.705 : radical.entk.task_processor : 34501 : 140734300418480 : DEBUG    : Creating CU from Task task.0000
1590763238.707 : radical.entk.task_processor : 34501 : 140734300418480 : DEBUG    : CU task.0000,,stage.0000,None,pipeline.0000,None created from Task task.0000
1590763246.037 : radical.entk.task_processor : 34501 : 140735843922352 : DEBUG    : Create Task from CU task.0000,,stage.0000,None,pipeline.0000,None
1590763246.037 : radical.entk.task_processor : 34501 : 140735843922352 : DEBUG    : Task task.0000 created from CU task.0000,,stage.0000,None,pipeline.0000,None
1590763247.316 : radical.entk.task_processor : 34501 : 140734300418480 : DEBUG    : Creating CU from Task task.0001
1590763247.316 : radical.entk.task_processor : 34501 : 140734300418480 : DEBUG    : CU task.0001,,stage.0001,Stage 2,pipeline.0000,None created from Task task.0001
1590763252.330 : radical.entk.task_processor : 34501 : 140735843922352 : DEBUG    : Create Task from CU task.0001,,stage.0001,Stage 2,pipeline.0000,None
1590763252.330 : radical.entk.task_processor : 34501 : 140735843922352 : DEBUG    : Task task.0001 created from CU task.0001,,stage.0001,Stage 2,pipeline.0000,None
1590764792.483 : radical.entk.task_processor : 55341 : 140733956420016 : DEBUG    : Creating CU from Task task.0000
1590764792.487 : radical.entk.task_processor : 55341 : 140733956420016 : DEBUG    : CU task.0000,,stage.0000,None,pipeline.0000,None created from Task task.0000
1590764800.840 : radical.entk.task_processor : 55341 : 140735432815024 : DEBUG    : Create Task from CU task.0000,,stage.0000,None,pipeline.0000,None
1590764800.841 : radical.entk.task_processor : 55341 : 140735432815024 : DEBUG    : Task task.0000 created from CU task.0000,,stage.0000,None,pipeline.0000,None
1590764803.759 : radical.entk.task_processor : 55341 : 140733956420016 : DEBUG    : Creating CU from Task task.0001
1590764803.759 : radical.entk.task_processor : 55341 : 140733956420016 : DEBUG    : CU task.0001,,stage.0001,Stage 2,pipeline.0000,None created from Task task.0001
1590764811.373 : radical.entk.task_processor : 55341 : 140735432815024 : DEBUG    : Create Task from CU task.0001,,stage.0001,Stage 2,pipeline.0000,None
1590764811.374 : radical.entk.task_processor : 55341 : 140735432815024 : DEBUG    : Task task.0001 created from CU task.0001,,stage.0001,Stage 2,pipeline.0000,None
1590765016.241 : radical.entk.task_processor : 61175 : 140733864473008 : DEBUG    : Creating CU from Task task.0000
1590765016.243 : radical.entk.task_processor : 61175 : 140733864473008 : DEBUG    : CU task.0000,,stage.0000,None,pipeline.0000,None created from Task task.0000
1590765024.612 : radical.entk.task_processor : 61175 : 140735475085744 : DEBUG    : Create Task from CU task.0000,,stage.0000,None,pipeline.0000,None
1590765024.613 : radical.entk.task_processor : 61175 : 140735475085744 : DEBUG    : Task task.0000 created from CU task.0000,,stage.0000,None,pipeline.0000,None
1590765026.951 : radical.entk.task_processor : 61175 : 140733864473008 : DEBUG    : Creating CU from Task task.0001
1590765026.951 : radical.entk.task_processor : 61175 : 140733864473008 : DEBUG    : CU task.0001,,stage.0001,Stage 2,pipeline.0000,None created from Task task.0001
1590765032.982 : radical.entk.task_processor : 61175 : 140735475085744 : DEBUG    : Create Task from CU task.0001,,stage.0001,Stage 2,pipeline.0000,None
1590765032.982 : radical.entk.task_processor : 61175 : 140735475085744 : DEBUG    : Task task.0001 created from CU task.0001,,stage.0001,Stage 2,pipeline.0000,None
1590765036.466 : radical.entk.task_processor : 61175 : 140733864473008 : DEBUG    : Creating CU from Task task.0002
1590765036.466 : radical.entk.task_processor : 61175 : 140733864473008 : DEBUG    : CU task.0002,,stage.0002,Stage 3,pipeline.0000,None created from Task task.0002
1590765044.459 : radical.entk.task_processor : 61175 : 140735475085744 : DEBUG    : Create Task from CU task.0002,,stage.0002,Stage 3,pipeline.0000,None
1590765044.460 : radical.entk.task_processor : 61175 : 140735475085744 : DEBUG    : Task task.0002 created from CU task.0002,,stage.0002,Stage 3,pipeline.0000,None
1590765304.671 : radical.entk.task_processor : 66956 : 140733444911536 : DEBUG    : Creating CU from Task task.0000
1590765304.673 : radical.entk.task_processor : 66956 : 140733444911536 : DEBUG    : CU task.0000,,stage.0000,None,pipeline.0000,None created from Task task.0000
1590765312.003 : radical.entk.task_processor : 66956 : 140734988415408 : DEBUG    : Create Task from CU task.0000,,stage.0000,None,pipeline.0000,None
1590765312.004 : radical.entk.task_processor : 66956 : 140734988415408 : DEBUG    : Task task.0000 created from CU task.0000,,stage.0000,None,pipeline.0000,None
1590765313.291 : radical.entk.task_processor : 66956 : 140733444911536 : DEBUG    : Creating CU from Task task.0001
1590765313.291 : radical.entk.task_processor : 66956 : 140733444911536 : DEBUG    : CU task.0001,,stage.0001,Stage 2,pipeline.0000,None created from Task task.0001
1590765318.344 : radical.entk.task_processor : 66956 : 140734988415408 : DEBUG    : Create Task from CU task.0001,,stage.0001,Stage 2,pipeline.0000,None
1590765318.344 : radical.entk.task_processor : 66956 : 140734988415408 : DEBUG    : Task task.0001 created from CU task.0001,,stage.0001,Stage 2,pipeline.0000,None
1590765319.670 : radical.entk.task_processor : 66956 : 140733444911536 : DEBUG    : Creating CU from Task task.0002
1590765319.671 : radical.entk.task_processor : 66956 : 140733444911536 : DEBUG    : CU task.0002,,stage.0002,Stage 3,pipeline.0000,None created from Task task.0002
1590765325.661 : radical.entk.task_processor : 66956 : 140734988415408 : DEBUG    : Create Task from CU task.0002,,stage.0002,Stage 3,pipeline.0000,None
1590765325.661 : radical.entk.task_processor : 66956 : 140734988415408 : DEBUG    : Task task.0002 created from CU task.0002,,stage.0002,Stage 3,pipeline.0000,None
