The system is: Linux - 5.3.0-1022-azure - x86_64
Compiling the C compiler identification source file "CMakeCCompilerId.c" succeeded.
Compiler: /opt/rh/devtoolset-8/root/usr/bin/cc 
Build flags: 
Id flags: 

The output was:
0


Compilation of the C compiler identification source "CMakeCCompilerId.c" produced "a.out"

The C compiler identification is GNU, found in "/tmp/pip-req-build-wtuspnlx/openjpeg/src/openjpeg/build/CMakeFiles/2.8.12.2/CompilerIdC/a.out"

Compiling the CXX compiler identification source file "CMakeCXXCompilerId.cpp" succeeded.
Compiler: /opt/rh/devtoolset-8/root/usr/bin/c++ 
Build flags: 
Id flags: 

The output was:
0


Compilation of the CXX compiler identification source "CMakeCXXCompilerId.cpp" produced "a.out"

The CXX compiler identification is GNU, found in "/tmp/pip-req-build-wtuspnlx/openjpeg/src/openjpeg/build/CMakeFiles/2.8.12.2/CompilerIdCXX/a.out"

Determining if the C compiler works passed with the following output:
Change Dir: /tmp/pip-req-build-wtuspnlx/openjpeg/src/openjpeg/build/CMakeFiles/CMakeTmp

Run Build Command:/usr/bin/gmake "cmTryCompileExec3092833092/fast"
/usr/bin/gmake -f CMakeFiles/cmTryCompileExec3092833092.dir/build.make CMakeFiles/cmTryCompileExec3092833092.dir/build
gmake[1]: Entering directory `/tmp/pip-req-build-wtuspnlx/openjpeg/src/openjpeg/build/CMakeFiles/CMakeTmp'
/usr/bin/cmake -E cmake_progress_report /tmp/pip-req-build-wtuspnlx/openjpeg/src/openjpeg/build/CMakeFiles/CMakeTmp/CMakeFiles 1
Building C object CMakeFiles/cmTryCompileExec3092833092.dir/testCCompiler.c.o
/opt/rh/devtoolset-8/root/usr/bin/cc    -o CMakeFiles/cmTryCompileExec3092833092.dir/testCCompiler.c.o   -c /tmp/pip-req-build-wtuspnlx/openjpeg/src/openjpeg/build/CMakeFiles/CMakeTmp/testCCompiler.c
Linking C executable cmTryCompileExec3092833092
/usr/bin/cmake -E cmake_link_script CMakeFiles/cmTryCompileExec3092833092.dir/link.txt --verbose=1
/opt/rh/devtoolset-8/root/usr/bin/cc       CMakeFiles/cmTryCompileExec3092833092.dir/testCCompiler.c.o  -o cmTryCompileExec3092833092 -rdynamic 
gmake[1]: Leaving directory `/tmp/pip-req-build-wtuspnlx/openjpeg/src/openjpeg/build/CMakeFiles/CMakeTmp'


Detecting C compiler ABI info compiled with the following output:
Change Dir: /tmp/pip-req-build-wtuspnlx/openjpeg/src/openjpeg/build/CMakeFiles/CMakeTmp

Run Build Command:/usr/bin/gmake "cmTryCompileExec1460428805/fast"
/usr/bin/gmake -f CMakeFiles/cmTryCompileExec1460428805.dir/build.make CMakeFiles/cmTryCompileExec1460428805.dir/build
gmake[1]: Entering directory `/tmp/pip-req-build-wtuspnlx/openjpeg/src/openjpeg/build/CMakeFiles/CMakeTmp'
/usr/bin/cmake -E cmake_progress_report /tmp/pip-req-build-wtuspnlx/openjpeg/src/openjpeg/build/CMakeFiles/CMakeTmp/CMakeFiles 1
Building C object CMakeFiles/cmTryCompileExec1460428805.dir/CMakeCCompilerABI.c.o
/opt/rh/devtoolset-8/root/usr/bin/cc    -o CMakeFiles/cmTryCompileExec1460428805.dir/CMakeCCompilerABI.c.o   -c /usr/share/cmake/Modules/CMakeCCompilerABI.c
Linking C executable cmTryCompileExec1460428805
/usr/bin/cmake -E cmake_link_script CMakeFiles/cmTryCompileExec1460428805.dir/link.txt --verbose=1
/opt/rh/devtoolset-8/root/usr/bin/cc     -v CMakeFiles/cmTryCompileExec1460428805.dir/CMakeCCompilerABI.c.o  -o cmTryCompileExec1460428805 -rdynamic  
Using built-in specs.
COLLECT_GCC=/opt/rh/devtoolset-8/root/usr/bin/cc
COLLECT_LTO_WRAPPER=/opt/rh/devtoolset-8/root/usr/libexec/gcc/x86_64-redhat-linux/8/lto-wrapper
Target: x86_64-redhat-linux
Configured with: ../configure --enable-bootstrap --enable-languages=c,c++,fortran,lto --prefix=/opt/rh/devtoolset-8/root/usr --mandir=/opt/rh/devtoolset-8/root/usr/share/man --infodir=/opt/rh/devtoolset-8/root/usr/share/info --with-bugurl=http://bugzilla.redhat.com/bugzilla --enable-shared --enable-threads=posix --enable-checking=release --enable-multilib --with-system-zlib --enable-__cxa_atexit --disable-libunwind-exceptions --enable-gnu-unique-object --enable-linker-build-id --with-gcc-major-version-only --with-linker-hash-style=gnu --with-default-libstdcxx-abi=gcc4-compatible --enable-plugin --enable-initfini-array --with-isl=/builddir/build/BUILD/gcc-8.3.1-20190311/obj-x86_64-redhat-linux/isl-install --disable-libmpx --with-mpc=/builddir/build/BUILD/gcc-8.3.1-20190311/obj-x86_64-redhat-linux/mpc-install --with-tune=generic --with-arch_32=i686 --build=x86_64-redhat-linux
Thread model: posix
gcc version 8.3.1 20190311 (Red Hat 8.3.1-3) (GCC) 
COMPILER_PATH=/opt/rh/devtoolset-8/root/usr/libexec/gcc/x86_64-redhat-linux/8/:/opt/rh/devtoolset-8/root/usr/libexec/gcc/x86_64-redhat-linux/8/:/opt/rh/devtoolset-8/root/usr/libexec/gcc/x86_64-redhat-linux/:/opt/rh/devtoolset-8/root/usr/lib/gcc/x86_64-redhat-linux/8/:/opt/rh/devtoolset-8/root/usr/lib/gcc/x86_64-redhat-linux/
LIBRARY_PATH=/opt/rh/devtoolset-8/root/usr/lib/gcc/x86_64-redhat-linux/8/:/opt/rh/devtoolset-8/root/usr/lib/gcc/x86_64-redhat-linux/8/../../../../lib64/:/lib/../lib64/:/usr/lib/../lib64/:/opt/rh/devtoolset-8/root/usr/lib/gcc/x86_64-redhat-linux/8/../../../:/lib/:/usr/lib/
COLLECT_GCC_OPTIONS='-v' '-o' 'cmTryCompileExec1460428805' '-rdynamic' '-mtune=generic' '-march=x86-64'
 /opt/rh/devtoolset-8/root/usr/libexec/gcc/x86_64-redhat-linux/8/collect2 -plugin /opt/rh/devtoolset-8/root/usr/libexec/gcc/x86_64-redhat-linux/8/liblto_plugin.so -plugin-opt=/opt/rh/devtoolset-8/root/usr/libexec/gcc/x86_64-redhat-linux/8/lto-wrapper -plugin-opt=-fresolution=/tmp/ccqVoJ8s.res -plugin-opt=-pass-through=-lgcc -plugin-opt=-pass-through=-lgcc_s -plugin-opt=-pass-through=-lc -plugin-opt=-pass-through=-lgcc -plugin-opt=-pass-through=-lgcc_s --build-id --no-add-needed --eh-frame-hdr --hash-style=gnu -m elf_x86_64 -export-dynamic -dynamic-linker /lib64/ld-linux-x86-64.so.2 -o cmTryCompileExec1460428805 /usr/lib/../lib64/crt1.o /usr/lib/../lib64/crti.o /opt/rh/devtoolset-8/root/usr/lib/gcc/x86_64-redhat-linux/8/crtbegin.o -L/opt/rh/devtoolset-8/root/usr/lib/gcc/x86_64-redhat-linux/8 -L/opt/rh/devtoolset-8/root/usr/lib/gcc/x86_64-redhat-linux/8/../../../../lib64 -L/lib/../lib64 -L/usr/lib/../lib64 -L/opt/rh/devtoolset-8/root/usr/lib/gcc/x86_64-redhat-linux/8/../../.. CMakeFiles/cmTryCompileExec1460428805.dir/CMakeCCompilerABI.c.o -lgcc --as-needed -lgcc_s --no-as-needed -lc -lgcc --as-needed -lgcc_s --no-as-needed /opt/rh/devtoolset-8/root/usr/lib/gcc/x86_64-redhat-linux/8/crtend.o /usr/lib/../lib64/crtn.o
COLLECT_GCC_OPTIONS='-v' '-o' 'cmTryCompileExec1460428805' '-rdynamic' '-mtune=generic' '-march=x86-64'
gmake[1]: Leaving directory `/tmp/pip-req-build-wtuspnlx/openjpeg/src/openjpeg/build/CMakeFiles/CMakeTmp'


Parsed C implicit link information from above output:
  link line regex: [^( *|.*[/\])(ld|([^/\]+-)?ld|collect2)[^/\]*( |$)]
  ignore line: [Change Dir: /tmp/pip-req-build-wtuspnlx/openjpeg/src/openjpeg/build/CMakeFiles/CMakeTmp]
  ignore line: []
  ignore line: [Run Build Command:/usr/bin/gmake "cmTryCompileExec1460428805/fast"]
  ignore line: [/usr/bin/gmake -f CMakeFiles/cmTryCompileExec1460428805.dir/build.make CMakeFiles/cmTryCompileExec1460428805.dir/build]
  ignore line: [gmake[1]: Entering directory `/tmp/pip-req-build-wtuspnlx/openjpeg/src/openjpeg/build/CMakeFiles/CMakeTmp']
  ignore line: [/usr/bin/cmake -E cmake_progress_report /tmp/pip-req-build-wtuspnlx/openjpeg/src/openjpeg/build/CMakeFiles/CMakeTmp/CMakeFiles 1]
  ignore line: [Building C object CMakeFiles/cmTryCompileExec1460428805.dir/CMakeCCompilerABI.c.o]
  ignore line: [/opt/rh/devtoolset-8/root/usr/bin/cc    -o CMakeFiles/cmTryCompileExec1460428805.dir/CMakeCCompilerABI.c.o   -c /usr/share/cmake/Modules/CMakeCCompilerABI.c]
  ignore line: [Linking C executable cmTryCompileExec1460428805]
  ignore line: [/usr/bin/cmake -E cmake_link_script CMakeFiles/cmTryCompileExec1460428805.dir/link.txt --verbose=1]
  ignore line: [/opt/rh/devtoolset-8/root/usr/bin/cc     -v CMakeFiles/cmTryCompileExec1460428805.dir/CMakeCCompilerABI.c.o  -o cmTryCompileExec1460428805 -rdynamic  ]
  ignore line: [Using built-in specs.]
  ignore line: [COLLECT_GCC=/opt/rh/devtoolset-8/root/usr/bin/cc]
  ignore line: [COLLECT_LTO_WRAPPER=/opt/rh/devtoolset-8/root/usr/libexec/gcc/x86_64-redhat-linux/8/lto-wrapper]
  ignore line: [Target: x86_64-redhat-linux]
  ignore line: [Configured with: ../configure --enable-bootstrap --enable-languages=c,c++,fortran,lto --prefix=/opt/rh/devtoolset-8/root/usr --mandir=/opt/rh/devtoolset-8/root/usr/share/man --infodir=/opt/rh/devtoolset-8/root/usr/share/info --with-bugurl=http://bugzilla.redhat.com/bugzilla --enable-shared --enable-threads=posix --enable-checking=release --enable-multilib --with-system-zlib --enable-__cxa_atexit --disable-libunwind-exceptions --enable-gnu-unique-object --enable-linker-build-id --with-gcc-major-version-only --with-linker-hash-style=gnu --with-default-libstdcxx-abi=gcc4-compatible --enable-plugin --enable-initfini-array --with-isl=/builddir/build/BUILD/gcc-8.3.1-20190311/obj-x86_64-redhat-linux/isl-install --disable-libmpx --with-mpc=/builddir/build/BUILD/gcc-8.3.1-20190311/obj-x86_64-redhat-linux/mpc-install --with-tune=generic --with-arch_32=i686 --build=x86_64-redhat-linux]
  ignore line: [Thread model: posix]
  ignore line: [gcc version 8.3.1 20190311 (Red Hat 8.3.1-3) (GCC) ]
  ignore line: [COMPILER_PATH=/opt/rh/devtoolset-8/root/usr/libexec/gcc/x86_64-redhat-linux/8/:/opt/rh/devtoolset-8/root/usr/libexec/gcc/x86_64-redhat-linux/8/:/opt/rh/devtoolset-8/root/usr/libexec/gcc/x86_64-redhat-linux/:/opt/rh/devtoolset-8/root/usr/lib/gcc/x86_64-redhat-linux/8/:/opt/rh/devtoolset-8/root/usr/lib/gcc/x86_64-redhat-linux/]
  ignore line: [LIBRARY_PATH=/opt/rh/devtoolset-8/root/usr/lib/gcc/x86_64-redhat-linux/8/:/opt/rh/devtoolset-8/root/usr/lib/gcc/x86_64-redhat-linux/8/../../../../lib64/:/lib/../lib64/:/usr/lib/../lib64/:/opt/rh/devtoolset-8/root/usr/lib/gcc/x86_64-redhat-linux/8/../../../:/lib/:/usr/lib/]
  ignore line: [COLLECT_GCC_OPTIONS='-v' '-o' 'cmTryCompileExec1460428805' '-rdynamic' '-mtune=generic' '-march=x86-64']
  link line: [ /opt/rh/devtoolset-8/root/usr/libexec/gcc/x86_64-redhat-linux/8/collect2 -plugin /opt/rh/devtoolset-8/root/usr/libexec/gcc/x86_64-redhat-linux/8/liblto_plugin.so -plugin-opt=/opt/rh/devtoolset-8/root/usr/libexec/gcc/x86_64-redhat-linux/8/lto-wrapper -plugin-opt=-fresolution=/tmp/ccqVoJ8s.res -plugin-opt=-pass-through=-lgcc -plugin-opt=-pass-through=-lgcc_s -plugin-opt=-pass-through=-lc -plugin-opt=-pass-through=-lgcc -plugin-opt=-pass-through=-lgcc_s --build-id --no-add-needed --eh-frame-hdr --hash-style=gnu -m elf_x86_64 -export-dynamic -dynamic-linker /lib64/ld-linux-x86-64.so.2 -o cmTryCompileExec1460428805 /usr/lib/../lib64/crt1.o /usr/lib/../lib64/crti.o /opt/rh/devtoolset-8/root/usr/lib/gcc/x86_64-redhat-linux/8/crtbegin.o -L/opt/rh/devtoolset-8/root/usr/lib/gcc/x86_64-redhat-linux/8 -L/opt/rh/devtoolset-8/root/usr/lib/gcc/x86_64-redhat-linux/8/../../../../lib64 -L/lib/../lib64 -L/usr/lib/../lib64 -L/opt/rh/devtoolset-8/root/usr/lib/gcc/x86_64-redhat-linux/8/../../.. CMakeFiles/cmTryCompileExec1460428805.dir/CMakeCCompilerABI.c.o -lgcc --as-needed -lgcc_s --no-as-needed -lc -lgcc --as-needed -lgcc_s --no-as-needed /opt/rh/devtoolset-8/root/usr/lib/gcc/x86_64-redhat-linux/8/crtend.o /usr/lib/../lib64/crtn.o]
    arg [/opt/rh/devtoolset-8/root/usr/libexec/gcc/x86_64-redhat-linux/8/collect2] ==> ignore
    arg [-plugin] ==> ignore
    arg [/opt/rh/devtoolset-8/root/usr/libexec/gcc/x86_64-redhat-linux/8/liblto_plugin.so] ==> ignore
    arg [-plugin-opt=/opt/rh/devtoolset-8/root/usr/libexec/gcc/x86_64-redhat-linux/8/lto-wrapper] ==> ignore
    arg [-plugin-opt=-fresolution=/tmp/ccqVoJ8s.res] ==> ignore
    arg [-plugin-opt=-pass-through=-lgcc] ==> ignore
    arg [-plugin-opt=-pass-through=-lgcc_s] ==> ignore
    arg [-plugin-opt=-pass-through=-lc] ==> ignore
    arg [-plugin-opt=-pass-through=-lgcc] ==> ignore
    arg [-plugin-opt=-pass-through=-lgcc_s] ==> ignore
    arg [--build-id] ==> ignore
    arg [--no-add-needed] ==> ignore
    arg [--eh-frame-hdr] ==> ignore
    arg [--hash-style=gnu] ==> ignore
    arg [-m] ==> ignore
    arg [elf_x86_64] ==> ignore
    arg [-export-dynamic] ==> ignore
    arg [-dynamic-linker] ==> ignore
    arg [/lib64/ld-linux-x86-64.so.2] ==> ignore
    arg [-o] ==> ignore
    arg [cmTryCompileExec1460428805] ==> ignore
    arg [/usr/lib/../lib64/crt1.o] ==> ignore
    arg [/usr/lib/../lib64/crti.o] ==> ignore
    arg [/opt/rh/devtoolset-8/root/usr/lib/gcc/x86_64-redhat-linux/8/crtbegin.o] ==> ignore
    arg [-L/opt/rh/devtoolset-8/root/usr/lib/gcc/x86_64-redhat-linux/8] ==> dir [/opt/rh/devtoolset-8/root/usr/lib/gcc/x86_64-redhat-linux/8]
    arg [-L/opt/rh/devtoolset-8/root/usr/lib/gcc/x86_64-redhat-linux/8/../../../../lib64] ==> dir [/opt/rh/devtoolset-8/root/usr/lib/gcc/x86_64-redhat-linux/8/../../../../lib64]
    arg [-L/lib/../lib64] ==> dir [/lib/../lib64]
    arg [-L/usr/lib/../lib64] ==> dir [/usr/lib/../lib64]
    arg [-L/opt/rh/devtoolset-8/root/usr/lib/gcc/x86_64-redhat-linux/8/../../..] ==> dir [/opt/rh/devtoolset-8/root/usr/lib/gcc/x86_64-redhat-linux/8/../../..]
    arg [CMakeFiles/cmTryCompileExec1460428805.dir/CMakeCCompilerABI.c.o] ==> ignore
    arg [-lgcc] ==> lib [gcc]
    arg [--as-needed] ==> ignore
    arg [-lgcc_s] ==> lib [gcc_s]
    arg [--no-as-needed] ==> ignore
    arg [-lc] ==> lib [c]
    arg [-lgcc] ==> lib [gcc]
    arg [--as-needed] ==> ignore
    arg [-lgcc_s] ==> lib [gcc_s]
    arg [--no-as-needed] ==> ignore
    arg [/opt/rh/devtoolset-8/root/usr/lib/gcc/x86_64-redhat-linux/8/crtend.o] ==> ignore
    arg [/usr/lib/../lib64/crtn.o] ==> ignore
  remove lib [gcc]
  remove lib [gcc_s]
  remove lib [gcc]
  remove lib [gcc_s]
  collapse library dir [/opt/rh/devtoolset-8/root/usr/lib/gcc/x86_64-redhat-linux/8] ==> [/opt/rh/devtoolset-8/root/usr/lib/gcc/x86_64-redhat-linux/8]
  collapse library dir [/opt/rh/devtoolset-8/root/usr/lib/gcc/x86_64-redhat-linux/8/../../../../lib64] ==> [/opt/rh/devtoolset-8/root/usr/lib64]
  collapse library dir [/lib/../lib64] ==> [/lib64]
  collapse library dir [/usr/lib/../lib64] ==> [/usr/lib64]
  collapse library dir [/opt/rh/devtoolset-8/root/usr/lib/gcc/x86_64-redhat-linux/8/../../..] ==> [/opt/rh/devtoolset-8/root/usr/lib]
  implicit libs: [c]
  implicit dirs: [/opt/rh/devtoolset-8/root/usr/lib/gcc/x86_64-redhat-linux/8;/opt/rh/devtoolset-8/root/usr/lib64;/lib64;/usr/lib64;/opt/rh/devtoolset-8/root/usr/lib]
  implicit fwks: []


Determining if the CXX compiler works passed with the following output:
Change Dir: /tmp/pip-req-build-wtuspnlx/openjpeg/src/openjpeg/build/CMakeFiles/CMakeTmp

Run Build Command:/usr/bin/gmake "cmTryCompileExec274847605/fast"
/usr/bin/gmake -f CMakeFiles/cmTryCompileExec274847605.dir/build.make CMakeFiles/cmTryCompileExec274847605.dir/build
gmake[1]: Entering directory `/tmp/pip-req-build-wtuspnlx/openjpeg/src/openjpeg/build/CMakeFiles/CMakeTmp'
/usr/bin/cmake -E cmake_progress_report /tmp/pip-req-build-wtuspnlx/openjpeg/src/openjpeg/build/CMakeFiles/CMakeTmp/CMakeFiles 1
Building CXX object CMakeFiles/cmTryCompileExec274847605.dir/testCXXCompiler.cxx.o
/opt/rh/devtoolset-8/root/usr/bin/c++     -o CMakeFiles/cmTryCompileExec274847605.dir/testCXXCompiler.cxx.o -c /tmp/pip-req-build-wtuspnlx/openjpeg/src/openjpeg/build/CMakeFiles/CMakeTmp/testCXXCompiler.cxx
Linking CXX executable cmTryCompileExec274847605
/usr/bin/cmake -E cmake_link_script CMakeFiles/cmTryCompileExec274847605.dir/link.txt --verbose=1
/opt/rh/devtoolset-8/root/usr/bin/c++        CMakeFiles/cmTryCompileExec274847605.dir/testCXXCompiler.cxx.o  -o cmTryCompileExec274847605 -rdynamic 
gmake[1]: Leaving directory `/tmp/pip-req-build-wtuspnlx/openjpeg/src/openjpeg/build/CMakeFiles/CMakeTmp'


Detecting CXX compiler ABI info compiled with the following output:
Change Dir: /tmp/pip-req-build-wtuspnlx/openjpeg/src/openjpeg/build/CMakeFiles/CMakeTmp

Run Build Command:/usr/bin/gmake "cmTryCompileExec4197849998/fast"
/usr/bin/gmake -f CMakeFiles/cmTryCompileExec4197849998.dir/build.make CMakeFiles/cmTryCompileExec4197849998.dir/build
gmake[1]: Entering directory `/tmp/pip-req-build-wtuspnlx/openjpeg/src/openjpeg/build/CMakeFiles/CMakeTmp'
/usr/bin/cmake -E cmake_progress_report /tmp/pip-req-build-wtuspnlx/openjpeg/src/openjpeg/build/CMakeFiles/CMakeTmp/CMakeFiles 1
Building CXX object CMakeFiles/cmTryCompileExec4197849998.dir/CMakeCXXCompilerABI.cpp.o
/opt/rh/devtoolset-8/root/usr/bin/c++     -o CMakeFiles/cmTryCompileExec4197849998.dir/CMakeCXXCompilerABI.cpp.o -c /usr/share/cmake/Modules/CMakeCXXCompilerABI.cpp
Linking CXX executable cmTryCompileExec4197849998
/usr/bin/cmake -E cmake_link_script CMakeFiles/cmTryCompileExec4197849998.dir/link.txt --verbose=1
/opt/rh/devtoolset-8/root/usr/bin/c++      -v CMakeFiles/cmTryCompileExec4197849998.dir/CMakeCXXCompilerABI.cpp.o  -o cmTryCompileExec4197849998 -rdynamic  
Using built-in specs.
COLLECT_GCC=/opt/rh/devtoolset-8/root/usr/bin/c++
COLLECT_LTO_WRAPPER=/opt/rh/devtoolset-8/root/usr/libexec/gcc/x86_64-redhat-linux/8/lto-wrapper
Target: x86_64-redhat-linux
Configured with: ../configure --enable-bootstrap --enable-languages=c,c++,fortran,lto --prefix=/opt/rh/devtoolset-8/root/usr --mandir=/opt/rh/devtoolset-8/root/usr/share/man --infodir=/opt/rh/devtoolset-8/root/usr/share/info --with-bugurl=http://bugzilla.redhat.com/bugzilla --enable-shared --enable-threads=posix --enable-checking=release --enable-multilib --with-system-zlib --enable-__cxa_atexit --disable-libunwind-exceptions --enable-gnu-unique-object --enable-linker-build-id --with-gcc-major-version-only --with-linker-hash-style=gnu --with-default-libstdcxx-abi=gcc4-compatible --enable-plugin --enable-initfini-array --with-isl=/builddir/build/BUILD/gcc-8.3.1-20190311/obj-x86_64-redhat-linux/isl-install --disable-libmpx --with-mpc=/builddir/build/BUILD/gcc-8.3.1-20190311/obj-x86_64-redhat-linux/mpc-install --with-tune=generic --with-arch_32=i686 --build=x86_64-redhat-linux
Thread model: posix
gcc version 8.3.1 20190311 (Red Hat 8.3.1-3) (GCC) 
COMPILER_PATH=/opt/rh/devtoolset-8/root/usr/libexec/gcc/x86_64-redhat-linux/8/:/opt/rh/devtoolset-8/root/usr/libexec/gcc/x86_64-redhat-linux/8/:/opt/rh/devtoolset-8/root/usr/libexec/gcc/x86_64-redhat-linux/:/opt/rh/devtoolset-8/root/usr/lib/gcc/x86_64-redhat-linux/8/:/opt/rh/devtoolset-8/root/usr/lib/gcc/x86_64-redhat-linux/
LIBRARY_PATH=/opt/rh/devtoolset-8/root/usr/lib/gcc/x86_64-redhat-linux/8/:/opt/rh/devtoolset-8/root/usr/lib/gcc/x86_64-redhat-linux/8/../../../../lib64/:/lib/../lib64/:/usr/lib/../lib64/:/opt/rh/devtoolset-8/root/usr/lib/gcc/x86_64-redhat-linux/8/../../../:/lib/:/usr/lib/
COLLECT_GCC_OPTIONS='-v' '-o' 'cmTryCompileExec4197849998' '-rdynamic' '-shared-libgcc' '-mtune=generic' '-march=x86-64'
 /opt/rh/devtoolset-8/root/usr/libexec/gcc/x86_64-redhat-linux/8/collect2 -plugin /opt/rh/devtoolset-8/root/usr/libexec/gcc/x86_64-redhat-linux/8/liblto_plugin.so -plugin-opt=/opt/rh/devtoolset-8/root/usr/libexec/gcc/x86_64-redhat-linux/8/lto-wrapper -plugin-opt=-fresolution=/tmp/ccWc8o6I.res -plugin-opt=-pass-through=-lgcc_s -plugin-opt=-pass-through=-lgcc -plugin-opt=-pass-through=-lc -plugin-opt=-pass-through=-lgcc_s -plugin-opt=-pass-through=-lgcc --build-id --no-add-needed --eh-frame-hdr --hash-style=gnu -m elf_x86_64 -export-dynamic -dynamic-linker /lib64/ld-linux-x86-64.so.2 -o cmTryCompileExec4197849998 /usr/lib/../lib64/crt1.o /usr/lib/../lib64/crti.o /opt/rh/devtoolset-8/root/usr/lib/gcc/x86_64-redhat-linux/8/crtbegin.o -L/opt/rh/devtoolset-8/root/usr/lib/gcc/x86_64-redhat-linux/8 -L/opt/rh/devtoolset-8/root/usr/lib/gcc/x86_64-redhat-linux/8/../../../../lib64 -L/lib/../lib64 -L/usr/lib/../lib64 -L/opt/rh/devtoolset-8/root/usr/lib/gcc/x86_64-redhat-linux/8/../../.. CMakeFiles/cmTryCompileExec4197849998.dir/CMakeCXXCompilerABI.cpp.o -lstdc++ -lm -lgcc_s -lgcc -lc -lgcc_s -lgcc /opt/rh/devtoolset-8/root/usr/lib/gcc/x86_64-redhat-linux/8/crtend.o /usr/lib/../lib64/crtn.o
COLLECT_GCC_OPTIONS='-v' '-o' 'cmTryCompileExec4197849998' '-rdynamic' '-shared-libgcc' '-mtune=generic' '-march=x86-64'
gmake[1]: Leaving directory `/tmp/pip-req-build-wtuspnlx/openjpeg/src/openjpeg/build/CMakeFiles/CMakeTmp'


Parsed CXX implicit link information from above output:
  link line regex: [^( *|.*[/\])(ld|([^/\]+-)?ld|collect2)[^/\]*( |$)]
  ignore line: [Change Dir: /tmp/pip-req-build-wtuspnlx/openjpeg/src/openjpeg/build/CMakeFiles/CMakeTmp]
  ignore line: []
  ignore line: [Run Build Command:/usr/bin/gmake "cmTryCompileExec4197849998/fast"]
  ignore line: [/usr/bin/gmake -f CMakeFiles/cmTryCompileExec4197849998.dir/build.make CMakeFiles/cmTryCompileExec4197849998.dir/build]
  ignore line: [gmake[1]: Entering directory `/tmp/pip-req-build-wtuspnlx/openjpeg/src/openjpeg/build/CMakeFiles/CMakeTmp']
  ignore line: [/usr/bin/cmake -E cmake_progress_report /tmp/pip-req-build-wtuspnlx/openjpeg/src/openjpeg/build/CMakeFiles/CMakeTmp/CMakeFiles 1]
  ignore line: [Building CXX object CMakeFiles/cmTryCompileExec4197849998.dir/CMakeCXXCompilerABI.cpp.o]
  ignore line: [/opt/rh/devtoolset-8/root/usr/bin/c++     -o CMakeFiles/cmTryCompileExec4197849998.dir/CMakeCXXCompilerABI.cpp.o -c /usr/share/cmake/Modules/CMakeCXXCompilerABI.cpp]
  ignore line: [Linking CXX executable cmTryCompileExec4197849998]
  ignore line: [/usr/bin/cmake -E cmake_link_script CMakeFiles/cmTryCompileExec4197849998.dir/link.txt --verbose=1]
  ignore line: [/opt/rh/devtoolset-8/root/usr/bin/c++      -v CMakeFiles/cmTryCompileExec4197849998.dir/CMakeCXXCompilerABI.cpp.o  -o cmTryCompileExec4197849998 -rdynamic  ]
  ignore line: [Using built-in specs.]
  ignore line: [COLLECT_GCC=/opt/rh/devtoolset-8/root/usr/bin/c++]
  ignore line: [COLLECT_LTO_WRAPPER=/opt/rh/devtoolset-8/root/usr/libexec/gcc/x86_64-redhat-linux/8/lto-wrapper]
  ignore line: [Target: x86_64-redhat-linux]
  ignore line: [Configured with: ../configure --enable-bootstrap --enable-languages=c,c++,fortran,lto --prefix=/opt/rh/devtoolset-8/root/usr --mandir=/opt/rh/devtoolset-8/root/usr/share/man --infodir=/opt/rh/devtoolset-8/root/usr/share/info --with-bugurl=http://bugzilla.redhat.com/bugzilla --enable-shared --enable-threads=posix --enable-checking=release --enable-multilib --with-system-zlib --enable-__cxa_atexit --disable-libunwind-exceptions --enable-gnu-unique-object --enable-linker-build-id --with-gcc-major-version-only --with-linker-hash-style=gnu --with-default-libstdcxx-abi=gcc4-compatible --enable-plugin --enable-initfini-array --with-isl=/builddir/build/BUILD/gcc-8.3.1-20190311/obj-x86_64-redhat-linux/isl-install --disable-libmpx --with-mpc=/builddir/build/BUILD/gcc-8.3.1-20190311/obj-x86_64-redhat-linux/mpc-install --with-tune=generic --with-arch_32=i686 --build=x86_64-redhat-linux]
  ignore line: [Thread model: posix]
  ignore line: [gcc version 8.3.1 20190311 (Red Hat 8.3.1-3) (GCC) ]
  ignore line: [COMPILER_PATH=/opt/rh/devtoolset-8/root/usr/libexec/gcc/x86_64-redhat-linux/8/:/opt/rh/devtoolset-8/root/usr/libexec/gcc/x86_64-redhat-linux/8/:/opt/rh/devtoolset-8/root/usr/libexec/gcc/x86_64-redhat-linux/:/opt/rh/devtoolset-8/root/usr/lib/gcc/x86_64-redhat-linux/8/:/opt/rh/devtoolset-8/root/usr/lib/gcc/x86_64-redhat-linux/]
  ignore line: [LIBRARY_PATH=/opt/rh/devtoolset-8/root/usr/lib/gcc/x86_64-redhat-linux/8/:/opt/rh/devtoolset-8/root/usr/lib/gcc/x86_64-redhat-linux/8/../../../../lib64/:/lib/../lib64/:/usr/lib/../lib64/:/opt/rh/devtoolset-8/root/usr/lib/gcc/x86_64-redhat-linux/8/../../../:/lib/:/usr/lib/]
  ignore line: [COLLECT_GCC_OPTIONS='-v' '-o' 'cmTryCompileExec4197849998' '-rdynamic' '-shared-libgcc' '-mtune=generic' '-march=x86-64']
  link line: [ /opt/rh/devtoolset-8/root/usr/libexec/gcc/x86_64-redhat-linux/8/collect2 -plugin /opt/rh/devtoolset-8/root/usr/libexec/gcc/x86_64-redhat-linux/8/liblto_plugin.so -plugin-opt=/opt/rh/devtoolset-8/root/usr/libexec/gcc/x86_64-redhat-linux/8/lto-wrapper -plugin-opt=-fresolution=/tmp/ccWc8o6I.res -plugin-opt=-pass-through=-lgcc_s -plugin-opt=-pass-through=-lgcc -plugin-opt=-pass-through=-lc -plugin-opt=-pass-through=-lgcc_s -plugin-opt=-pass-through=-lgcc --build-id --no-add-needed --eh-frame-hdr --hash-style=gnu -m elf_x86_64 -export-dynamic -dynamic-linker /lib64/ld-linux-x86-64.so.2 -o cmTryCompileExec4197849998 /usr/lib/../lib64/crt1.o /usr/lib/../lib64/crti.o /opt/rh/devtoolset-8/root/usr/lib/gcc/x86_64-redhat-linux/8/crtbegin.o -L/opt/rh/devtoolset-8/root/usr/lib/gcc/x86_64-redhat-linux/8 -L/opt/rh/devtoolset-8/root/usr/lib/gcc/x86_64-redhat-linux/8/../../../../lib64 -L/lib/../lib64 -L/usr/lib/../lib64 -L/opt/rh/devtoolset-8/root/usr/lib/gcc/x86_64-redhat-linux/8/../../.. CMakeFiles/cmTryCompileExec4197849998.dir/CMakeCXXCompilerABI.cpp.o -lstdc++ -lm -lgcc_s -lgcc -lc -lgcc_s -lgcc /opt/rh/devtoolset-8/root/usr/lib/gcc/x86_64-redhat-linux/8/crtend.o /usr/lib/../lib64/crtn.o]
    arg [/opt/rh/devtoolset-8/root/usr/libexec/gcc/x86_64-redhat-linux/8/collect2] ==> ignore
    arg [-plugin] ==> ignore
    arg [/opt/rh/devtoolset-8/root/usr/libexec/gcc/x86_64-redhat-linux/8/liblto_plugin.so] ==> ignore
    arg [-plugin-opt=/opt/rh/devtoolset-8/root/usr/libexec/gcc/x86_64-redhat-linux/8/lto-wrapper] ==> ignore
    arg [-plugin-opt=-fresolution=/tmp/ccWc8o6I.res] ==> ignore
    arg [-plugin-opt=-pass-through=-lgcc_s] ==> ignore
    arg [-plugin-opt=-pass-through=-lgcc] ==> ignore
    arg [-plugin-opt=-pass-through=-lc] ==> ignore
    arg [-plugin-opt=-pass-through=-lgcc_s] ==> ignore
    arg [-plugin-opt=-pass-through=-lgcc] ==> ignore
    arg [--build-id] ==> ignore
    arg [--no-add-needed] ==> ignore
    arg [--eh-frame-hdr] ==> ignore
    arg [--hash-style=gnu] ==> ignore
    arg [-m] ==> ignore
    arg [elf_x86_64] ==> ignore
    arg [-export-dynamic] ==> ignore
    arg [-dynamic-linker] ==> ignore
    arg [/lib64/ld-linux-x86-64.so.2] ==> ignore
    arg [-o] ==> ignore
    arg [cmTryCompileExec4197849998] ==> ignore
    arg [/usr/lib/../lib64/crt1.o] ==> ignore
    arg [/usr/lib/../lib64/crti.o] ==> ignore
    arg [/opt/rh/devtoolset-8/root/usr/lib/gcc/x86_64-redhat-linux/8/crtbegin.o] ==> ignore
    arg [-L/opt/rh/devtoolset-8/root/usr/lib/gcc/x86_64-redhat-linux/8] ==> dir [/opt/rh/devtoolset-8/root/usr/lib/gcc/x86_64-redhat-linux/8]
    arg [-L/opt/rh/devtoolset-8/root/usr/lib/gcc/x86_64-redhat-linux/8/../../../../lib64] ==> dir [/opt/rh/devtoolset-8/root/usr/lib/gcc/x86_64-redhat-linux/8/../../../../lib64]
    arg [-L/lib/../lib64] ==> dir [/lib/../lib64]
    arg [-L/usr/lib/../lib64] ==> dir [/usr/lib/../lib64]
    arg [-L/opt/rh/devtoolset-8/root/usr/lib/gcc/x86_64-redhat-linux/8/../../..] ==> dir [/opt/rh/devtoolset-8/root/usr/lib/gcc/x86_64-redhat-linux/8/../../..]
    arg [CMakeFiles/cmTryCompileExec4197849998.dir/CMakeCXXCompilerABI.cpp.o] ==> ignore
    arg [-lstdc++] ==> lib [stdc++]
    arg [-lm] ==> lib [m]
    arg [-lgcc_s] ==> lib [gcc_s]
    arg [-lgcc] ==> lib [gcc]
    arg [-lc] ==> lib [c]
    arg [-lgcc_s] ==> lib [gcc_s]
    arg [-lgcc] ==> lib [gcc]
    arg [/opt/rh/devtoolset-8/root/usr/lib/gcc/x86_64-redhat-linux/8/crtend.o] ==> ignore
    arg [/usr/lib/../lib64/crtn.o] ==> ignore
  remove lib [gcc_s]
  remove lib [gcc]
  remove lib [gcc_s]
  remove lib [gcc]
  collapse library dir [/opt/rh/devtoolset-8/root/usr/lib/gcc/x86_64-redhat-linux/8] ==> [/opt/rh/devtoolset-8/root/usr/lib/gcc/x86_64-redhat-linux/8]
  collapse library dir [/opt/rh/devtoolset-8/root/usr/lib/gcc/x86_64-redhat-linux/8/../../../../lib64] ==> [/opt/rh/devtoolset-8/root/usr/lib64]
  collapse library dir [/lib/../lib64] ==> [/lib64]
  collapse library dir [/usr/lib/../lib64] ==> [/usr/lib64]
  collapse library dir [/opt/rh/devtoolset-8/root/usr/lib/gcc/x86_64-redhat-linux/8/../../..] ==> [/opt/rh/devtoolset-8/root/usr/lib]
  implicit libs: [stdc++;m;c]
  implicit dirs: [/opt/rh/devtoolset-8/root/usr/lib/gcc/x86_64-redhat-linux/8;/opt/rh/devtoolset-8/root/usr/lib64;/lib64;/usr/lib64;/opt/rh/devtoolset-8/root/usr/lib]
  implicit fwks: []


Determining if the include file sys/types.h exists passed with the following output:
Change Dir: /tmp/pip-req-build-wtuspnlx/openjpeg/src/openjpeg/build/CMakeFiles/CMakeTmp

Run Build Command:/usr/bin/gmake "cmTryCompileExec307514568/fast"
/usr/bin/gmake -f CMakeFiles/cmTryCompileExec307514568.dir/build.make CMakeFiles/cmTryCompileExec307514568.dir/build
gmake[1]: Entering directory `/tmp/pip-req-build-wtuspnlx/openjpeg/src/openjpeg/build/CMakeFiles/CMakeTmp'
/usr/bin/cmake -E cmake_progress_report /tmp/pip-req-build-wtuspnlx/openjpeg/src/openjpeg/build/CMakeFiles/CMakeTmp/CMakeFiles 1
Building C object CMakeFiles/cmTryCompileExec307514568.dir/CheckIncludeFile.c.o
/opt/rh/devtoolset-8/root/usr/bin/cc    -o CMakeFiles/cmTryCompileExec307514568.dir/CheckIncludeFile.c.o   -c /tmp/pip-req-build-wtuspnlx/openjpeg/src/openjpeg/build/CMakeFiles/CMakeTmp/CheckIncludeFile.c
Linking C executable cmTryCompileExec307514568
/usr/bin/cmake -E cmake_link_script CMakeFiles/cmTryCompileExec307514568.dir/link.txt --verbose=1
/opt/rh/devtoolset-8/root/usr/bin/cc       CMakeFiles/cmTryCompileExec307514568.dir/CheckIncludeFile.c.o  -o cmTryCompileExec307514568 -rdynamic 
gmake[1]: Leaving directory `/tmp/pip-req-build-wtuspnlx/openjpeg/src/openjpeg/build/CMakeFiles/CMakeTmp'


Determining if the include file stdint.h exists passed with the following output:
Change Dir: /tmp/pip-req-build-wtuspnlx/openjpeg/src/openjpeg/build/CMakeFiles/CMakeTmp

Run Build Command:/usr/bin/gmake "cmTryCompileExec4039102820/fast"
/usr/bin/gmake -f CMakeFiles/cmTryCompileExec4039102820.dir/build.make CMakeFiles/cmTryCompileExec4039102820.dir/build
gmake[1]: Entering directory `/tmp/pip-req-build-wtuspnlx/openjpeg/src/openjpeg/build/CMakeFiles/CMakeTmp'
/usr/bin/cmake -E cmake_progress_report /tmp/pip-req-build-wtuspnlx/openjpeg/src/openjpeg/build/CMakeFiles/CMakeTmp/CMakeFiles 1
Building C object CMakeFiles/cmTryCompileExec4039102820.dir/CheckIncludeFile.c.o
/opt/rh/devtoolset-8/root/usr/bin/cc    -o CMakeFiles/cmTryCompileExec4039102820.dir/CheckIncludeFile.c.o   -c /tmp/pip-req-build-wtuspnlx/openjpeg/src/openjpeg/build/CMakeFiles/CMakeTmp/CheckIncludeFile.c
Linking C executable cmTryCompileExec4039102820
/usr/bin/cmake -E cmake_link_script CMakeFiles/cmTryCompileExec4039102820.dir/link.txt --verbose=1
/opt/rh/devtoolset-8/root/usr/bin/cc       CMakeFiles/cmTryCompileExec4039102820.dir/CheckIncludeFile.c.o  -o cmTryCompileExec4039102820 -rdynamic 
gmake[1]: Leaving directory `/tmp/pip-req-build-wtuspnlx/openjpeg/src/openjpeg/build/CMakeFiles/CMakeTmp'


Determining if the include file stddef.h exists passed with the following output:
Change Dir: /tmp/pip-req-build-wtuspnlx/openjpeg/src/openjpeg/build/CMakeFiles/CMakeTmp

Run Build Command:/usr/bin/gmake "cmTryCompileExec3765415696/fast"
/usr/bin/gmake -f CMakeFiles/cmTryCompileExec3765415696.dir/build.make CMakeFiles/cmTryCompileExec3765415696.dir/build
gmake[1]: Entering directory `/tmp/pip-req-build-wtuspnlx/openjpeg/src/openjpeg/build/CMakeFiles/CMakeTmp'
/usr/bin/cmake -E cmake_progress_report /tmp/pip-req-build-wtuspnlx/openjpeg/src/openjpeg/build/CMakeFiles/CMakeTmp/CMakeFiles 1
Building C object CMakeFiles/cmTryCompileExec3765415696.dir/CheckIncludeFile.c.o
/opt/rh/devtoolset-8/root/usr/bin/cc    -o CMakeFiles/cmTryCompileExec3765415696.dir/CheckIncludeFile.c.o   -c /tmp/pip-req-build-wtuspnlx/openjpeg/src/openjpeg/build/CMakeFiles/CMakeTmp/CheckIncludeFile.c
Linking C executable cmTryCompileExec3765415696
/usr/bin/cmake -E cmake_link_script CMakeFiles/cmTryCompileExec3765415696.dir/link.txt --verbose=1
/opt/rh/devtoolset-8/root/usr/bin/cc       CMakeFiles/cmTryCompileExec3765415696.dir/CheckIncludeFile.c.o  -o cmTryCompileExec3765415696 -rdynamic 
gmake[1]: Leaving directory `/tmp/pip-req-build-wtuspnlx/openjpeg/src/openjpeg/build/CMakeFiles/CMakeTmp'


Determining size of unsigned short passed with the following output:
Change Dir: /tmp/pip-req-build-wtuspnlx/openjpeg/src/openjpeg/build/CMakeFiles/CMakeTmp

Run Build Command:/usr/bin/gmake "cmTryCompileExec2388982621/fast"
/usr/bin/gmake -f CMakeFiles/cmTryCompileExec2388982621.dir/build.make CMakeFiles/cmTryCompileExec2388982621.dir/build
gmake[1]: Entering directory `/tmp/pip-req-build-wtuspnlx/openjpeg/src/openjpeg/build/CMakeFiles/CMakeTmp'
/usr/bin/cmake -E cmake_progress_report /tmp/pip-req-build-wtuspnlx/openjpeg/src/openjpeg/build/CMakeFiles/CMakeTmp/CMakeFiles 1
Building C object CMakeFiles/cmTryCompileExec2388982621.dir/CMAKE_SIZEOF_UNSIGNED_SHORT.c.o
/opt/rh/devtoolset-8/root/usr/bin/cc    -o CMakeFiles/cmTryCompileExec2388982621.dir/CMAKE_SIZEOF_UNSIGNED_SHORT.c.o   -c /tmp/pip-req-build-wtuspnlx/openjpeg/src/openjpeg/build/CMakeFiles/CheckTypeSize/CMAKE_SIZEOF_UNSIGNED_SHORT.c
Linking C executable cmTryCompileExec2388982621
/usr/bin/cmake -E cmake_link_script CMakeFiles/cmTryCompileExec2388982621.dir/link.txt --verbose=1
/opt/rh/devtoolset-8/root/usr/bin/cc       CMakeFiles/cmTryCompileExec2388982621.dir/CMAKE_SIZEOF_UNSIGNED_SHORT.c.o  -o cmTryCompileExec2388982621 -rdynamic 
gmake[1]: Leaving directory `/tmp/pip-req-build-wtuspnlx/openjpeg/src/openjpeg/build/CMakeFiles/CMakeTmp'


Determining if the include file string.h exists passed with the following output:
Change Dir: /tmp/pip-req-build-wtuspnlx/openjpeg/src/openjpeg/build/CMakeFiles/CMakeTmp

Run Build Command:/usr/bin/gmake "cmTryCompileExec4095308936/fast"
/usr/bin/gmake -f CMakeFiles/cmTryCompileExec4095308936.dir/build.make CMakeFiles/cmTryCompileExec4095308936.dir/build
gmake[1]: Entering directory `/tmp/pip-req-build-wtuspnlx/openjpeg/src/openjpeg/build/CMakeFiles/CMakeTmp'
/usr/bin/cmake -E cmake_progress_report /tmp/pip-req-build-wtuspnlx/openjpeg/src/openjpeg/build/CMakeFiles/CMakeTmp/CMakeFiles 1
Building C object CMakeFiles/cmTryCompileExec4095308936.dir/CheckIncludeFile.c.o
/opt/rh/devtoolset-8/root/usr/bin/cc    -o CMakeFiles/cmTryCompileExec4095308936.dir/CheckIncludeFile.c.o   -c /tmp/pip-req-build-wtuspnlx/openjpeg/src/openjpeg/build/CMakeFiles/CMakeTmp/CheckIncludeFile.c
Linking C executable cmTryCompileExec4095308936
/usr/bin/cmake -E cmake_link_script CMakeFiles/cmTryCompileExec4095308936.dir/link.txt --verbose=1
/opt/rh/devtoolset-8/root/usr/bin/cc       CMakeFiles/cmTryCompileExec4095308936.dir/CheckIncludeFile.c.o  -o cmTryCompileExec4095308936 -rdynamic 
gmake[1]: Leaving directory `/tmp/pip-req-build-wtuspnlx/openjpeg/src/openjpeg/build/CMakeFiles/CMakeTmp'


Determining if the include file memory.h exists passed with the following output:
Change Dir: /tmp/pip-req-build-wtuspnlx/openjpeg/src/openjpeg/build/CMakeFiles/CMakeTmp

Run Build Command:/usr/bin/gmake "cmTryCompileExec3321769651/fast"
/usr/bin/gmake -f CMakeFiles/cmTryCompileExec3321769651.dir/build.make CMakeFiles/cmTryCompileExec3321769651.dir/build
gmake[1]: Entering directory `/tmp/pip-req-build-wtuspnlx/openjpeg/src/openjpeg/build/CMakeFiles/CMakeTmp'
/usr/bin/cmake -E cmake_progress_report /tmp/pip-req-build-wtuspnlx/openjpeg/src/openjpeg/build/CMakeFiles/CMakeTmp/CMakeFiles 1
Building C object CMakeFiles/cmTryCompileExec3321769651.dir/CheckIncludeFile.c.o
/opt/rh/devtoolset-8/root/usr/bin/cc    -o CMakeFiles/cmTryCompileExec3321769651.dir/CheckIncludeFile.c.o   -c /tmp/pip-req-build-wtuspnlx/openjpeg/src/openjpeg/build/CMakeFiles/CMakeTmp/CheckIncludeFile.c
Linking C executable cmTryCompileExec3321769651
/usr/bin/cmake -E cmake_link_script CMakeFiles/cmTryCompileExec3321769651.dir/link.txt --verbose=1
/opt/rh/devtoolset-8/root/usr/bin/cc       CMakeFiles/cmTryCompileExec3321769651.dir/CheckIncludeFile.c.o  -o cmTryCompileExec3321769651 -rdynamic 
gmake[1]: Leaving directory `/tmp/pip-req-build-wtuspnlx/openjpeg/src/openjpeg/build/CMakeFiles/CMakeTmp'


Determining if the include file stdlib.h exists passed with the following output:
Change Dir: /tmp/pip-req-build-wtuspnlx/openjpeg/src/openjpeg/build/CMakeFiles/CMakeTmp

Run Build Command:/usr/bin/gmake "cmTryCompileExec2945454271/fast"
/usr/bin/gmake -f CMakeFiles/cmTryCompileExec2945454271.dir/build.make CMakeFiles/cmTryCompileExec2945454271.dir/build
gmake[1]: Entering directory `/tmp/pip-req-build-wtuspnlx/openjpeg/src/openjpeg/build/CMakeFiles/CMakeTmp'
/usr/bin/cmake -E cmake_progress_report /tmp/pip-req-build-wtuspnlx/openjpeg/src/openjpeg/build/CMakeFiles/CMakeTmp/CMakeFiles 1
Building C object CMakeFiles/cmTryCompileExec2945454271.dir/CheckIncludeFile.c.o
/opt/rh/devtoolset-8/root/usr/bin/cc    -o CMakeFiles/cmTryCompileExec2945454271.dir/CheckIncludeFile.c.o   -c /tmp/pip-req-build-wtuspnlx/openjpeg/src/openjpeg/build/CMakeFiles/CMakeTmp/CheckIncludeFile.c
Linking C executable cmTryCompileExec2945454271
/usr/bin/cmake -E cmake_link_script CMakeFiles/cmTryCompileExec2945454271.dir/link.txt --verbose=1
/opt/rh/devtoolset-8/root/usr/bin/cc       CMakeFiles/cmTryCompileExec2945454271.dir/CheckIncludeFile.c.o  -o cmTryCompileExec2945454271 -rdynamic 
gmake[1]: Leaving directory `/tmp/pip-req-build-wtuspnlx/openjpeg/src/openjpeg/build/CMakeFiles/CMakeTmp'


Determining if the include file stdio.h exists passed with the following output:
Change Dir: /tmp/pip-req-build-wtuspnlx/openjpeg/src/openjpeg/build/CMakeFiles/CMakeTmp

Run Build Command:/usr/bin/gmake "cmTryCompileExec3186138392/fast"
/usr/bin/gmake -f CMakeFiles/cmTryCompileExec3186138392.dir/build.make CMakeFiles/cmTryCompileExec3186138392.dir/build
gmake[1]: Entering directory `/tmp/pip-req-build-wtuspnlx/openjpeg/src/openjpeg/build/CMakeFiles/CMakeTmp'
/usr/bin/cmake -E cmake_progress_report /tmp/pip-req-build-wtuspnlx/openjpeg/src/openjpeg/build/CMakeFiles/CMakeTmp/CMakeFiles 1
Building C object CMakeFiles/cmTryCompileExec3186138392.dir/CheckIncludeFile.c.o
/opt/rh/devtoolset-8/root/usr/bin/cc    -o CMakeFiles/cmTryCompileExec3186138392.dir/CheckIncludeFile.c.o   -c /tmp/pip-req-build-wtuspnlx/openjpeg/src/openjpeg/build/CMakeFiles/CMakeTmp/CheckIncludeFile.c
Linking C executable cmTryCompileExec3186138392
/usr/bin/cmake -E cmake_link_script CMakeFiles/cmTryCompileExec3186138392.dir/link.txt --verbose=1
/opt/rh/devtoolset-8/root/usr/bin/cc       CMakeFiles/cmTryCompileExec3186138392.dir/CheckIncludeFile.c.o  -o cmTryCompileExec3186138392 -rdynamic 
gmake[1]: Leaving directory `/tmp/pip-req-build-wtuspnlx/openjpeg/src/openjpeg/build/CMakeFiles/CMakeTmp'


Determining if the include file math.h exists passed with the following output:
Change Dir: /tmp/pip-req-build-wtuspnlx/openjpeg/src/openjpeg/build/CMakeFiles/CMakeTmp

Run Build Command:/usr/bin/gmake "cmTryCompileExec4012785956/fast"
/usr/bin/gmake -f CMakeFiles/cmTryCompileExec4012785956.dir/build.make CMakeFiles/cmTryCompileExec4012785956.dir/build
gmake[1]: Entering directory `/tmp/pip-req-build-wtuspnlx/openjpeg/src/openjpeg/build/CMakeFiles/CMakeTmp'
/usr/bin/cmake -E cmake_progress_report /tmp/pip-req-build-wtuspnlx/openjpeg/src/openjpeg/build/CMakeFiles/CMakeTmp/CMakeFiles 1
Building C object CMakeFiles/cmTryCompileExec4012785956.dir/CheckIncludeFile.c.o
/opt/rh/devtoolset-8/root/usr/bin/cc    -o CMakeFiles/cmTryCompileExec4012785956.dir/CheckIncludeFile.c.o   -c /tmp/pip-req-build-wtuspnlx/openjpeg/src/openjpeg/build/CMakeFiles/CMakeTmp/CheckIncludeFile.c
Linking C executable cmTryCompileExec4012785956
/usr/bin/cmake -E cmake_link_script CMakeFiles/cmTryCompileExec4012785956.dir/link.txt --verbose=1
/opt/rh/devtoolset-8/root/usr/bin/cc       CMakeFiles/cmTryCompileExec4012785956.dir/CheckIncludeFile.c.o  -o cmTryCompileExec4012785956 -rdynamic 
gmake[1]: Leaving directory `/tmp/pip-req-build-wtuspnlx/openjpeg/src/openjpeg/build/CMakeFiles/CMakeTmp'


Determining if the include file float.h exists passed with the following output:
Change Dir: /tmp/pip-req-build-wtuspnlx/openjpeg/src/openjpeg/build/CMakeFiles/CMakeTmp

Run Build Command:/usr/bin/gmake "cmTryCompileExec3835867738/fast"
/usr/bin/gmake -f CMakeFiles/cmTryCompileExec3835867738.dir/build.make CMakeFiles/cmTryCompileExec3835867738.dir/build
gmake[1]: Entering directory `/tmp/pip-req-build-wtuspnlx/openjpeg/src/openjpeg/build/CMakeFiles/CMakeTmp'
/usr/bin/cmake -E cmake_progress_report /tmp/pip-req-build-wtuspnlx/openjpeg/src/openjpeg/build/CMakeFiles/CMakeTmp/CMakeFiles 1
Building C object CMakeFiles/cmTryCompileExec3835867738.dir/CheckIncludeFile.c.o
/opt/rh/devtoolset-8/root/usr/bin/cc    -o CMakeFiles/cmTryCompileExec3835867738.dir/CheckIncludeFile.c.o   -c /tmp/pip-req-build-wtuspnlx/openjpeg/src/openjpeg/build/CMakeFiles/CMakeTmp/CheckIncludeFile.c
Linking C executable cmTryCompileExec3835867738
/usr/bin/cmake -E cmake_link_script CMakeFiles/cmTryCompileExec3835867738.dir/link.txt --verbose=1
/opt/rh/devtoolset-8/root/usr/bin/cc       CMakeFiles/cmTryCompileExec3835867738.dir/CheckIncludeFile.c.o  -o cmTryCompileExec3835867738 -rdynamic 
gmake[1]: Leaving directory `/tmp/pip-req-build-wtuspnlx/openjpeg/src/openjpeg/build/CMakeFiles/CMakeTmp'


Determining if the include file time.h exists passed with the following output:
Change Dir: /tmp/pip-req-build-wtuspnlx/openjpeg/src/openjpeg/build/CMakeFiles/CMakeTmp

Run Build Command:/usr/bin/gmake "cmTryCompileExec1875329296/fast"
/usr/bin/gmake -f CMakeFiles/cmTryCompileExec1875329296.dir/build.make CMakeFiles/cmTryCompileExec1875329296.dir/build
gmake[1]: Entering directory `/tmp/pip-req-build-wtuspnlx/openjpeg/src/openjpeg/build/CMakeFiles/CMakeTmp'
/usr/bin/cmake -E cmake_progress_report /tmp/pip-req-build-wtuspnlx/openjpeg/src/openjpeg/build/CMakeFiles/CMakeTmp/CMakeFiles 1
Building C object CMakeFiles/cmTryCompileExec1875329296.dir/CheckIncludeFile.c.o
/opt/rh/devtoolset-8/root/usr/bin/cc    -o CMakeFiles/cmTryCompileExec1875329296.dir/CheckIncludeFile.c.o   -c /tmp/pip-req-build-wtuspnlx/openjpeg/src/openjpeg/build/CMakeFiles/CMakeTmp/CheckIncludeFile.c
Linking C executable cmTryCompileExec1875329296
/usr/bin/cmake -E cmake_link_script CMakeFiles/cmTryCompileExec1875329296.dir/link.txt --verbose=1
/opt/rh/devtoolset-8/root/usr/bin/cc       CMakeFiles/cmTryCompileExec1875329296.dir/CheckIncludeFile.c.o  -o cmTryCompileExec1875329296 -rdynamic 
gmake[1]: Leaving directory `/tmp/pip-req-build-wtuspnlx/openjpeg/src/openjpeg/build/CMakeFiles/CMakeTmp'


Determining if the include file stdarg.h exists passed with the following output:
Change Dir: /tmp/pip-req-build-wtuspnlx/openjpeg/src/openjpeg/build/CMakeFiles/CMakeTmp

Run Build Command:/usr/bin/gmake "cmTryCompileExec982615794/fast"
/usr/bin/gmake -f CMakeFiles/cmTryCompileExec982615794.dir/build.make CMakeFiles/cmTryCompileExec982615794.dir/build
gmake[1]: Entering directory `/tmp/pip-req-build-wtuspnlx/openjpeg/src/openjpeg/build/CMakeFiles/CMakeTmp'
/usr/bin/cmake -E cmake_progress_report /tmp/pip-req-build-wtuspnlx/openjpeg/src/openjpeg/build/CMakeFiles/CMakeTmp/CMakeFiles 1
Building C object CMakeFiles/cmTryCompileExec982615794.dir/CheckIncludeFile.c.o
/opt/rh/devtoolset-8/root/usr/bin/cc    -o CMakeFiles/cmTryCompileExec982615794.dir/CheckIncludeFile.c.o   -c /tmp/pip-req-build-wtuspnlx/openjpeg/src/openjpeg/build/CMakeFiles/CMakeTmp/CheckIncludeFile.c
Linking C executable cmTryCompileExec982615794
/usr/bin/cmake -E cmake_link_script CMakeFiles/cmTryCompileExec982615794.dir/link.txt --verbose=1
/opt/rh/devtoolset-8/root/usr/bin/cc       CMakeFiles/cmTryCompileExec982615794.dir/CheckIncludeFile.c.o  -o cmTryCompileExec982615794 -rdynamic 
gmake[1]: Leaving directory `/tmp/pip-req-build-wtuspnlx/openjpeg/src/openjpeg/build/CMakeFiles/CMakeTmp'


Determining if the include file ctype.h exists passed with the following output:
Change Dir: /tmp/pip-req-build-wtuspnlx/openjpeg/src/openjpeg/build/CMakeFiles/CMakeTmp

Run Build Command:/usr/bin/gmake "cmTryCompileExec575572505/fast"
/usr/bin/gmake -f CMakeFiles/cmTryCompileExec575572505.dir/build.make CMakeFiles/cmTryCompileExec575572505.dir/build
gmake[1]: Entering directory `/tmp/pip-req-build-wtuspnlx/openjpeg/src/openjpeg/build/CMakeFiles/CMakeTmp'
/usr/bin/cmake -E cmake_progress_report /tmp/pip-req-build-wtuspnlx/openjpeg/src/openjpeg/build/CMakeFiles/CMakeTmp/CMakeFiles 1
Building C object CMakeFiles/cmTryCompileExec575572505.dir/CheckIncludeFile.c.o
/opt/rh/devtoolset-8/root/usr/bin/cc    -o CMakeFiles/cmTryCompileExec575572505.dir/CheckIncludeFile.c.o   -c /tmp/pip-req-build-wtuspnlx/openjpeg/src/openjpeg/build/CMakeFiles/CMakeTmp/CheckIncludeFile.c
Linking C executable cmTryCompileExec575572505
/usr/bin/cmake -E cmake_link_script CMakeFiles/cmTryCompileExec575572505.dir/link.txt --verbose=1
/opt/rh/devtoolset-8/root/usr/bin/cc       CMakeFiles/cmTryCompileExec575572505.dir/CheckIncludeFile.c.o  -o cmTryCompileExec575572505 -rdynamic 
gmake[1]: Leaving directory `/tmp/pip-req-build-wtuspnlx/openjpeg/src/openjpeg/build/CMakeFiles/CMakeTmp'


Determining if the include file assert.h exists passed with the following output:
Change Dir: /tmp/pip-req-build-wtuspnlx/openjpeg/src/openjpeg/build/CMakeFiles/CMakeTmp

Run Build Command:/usr/bin/gmake "cmTryCompileExec2717435836/fast"
/usr/bin/gmake -f CMakeFiles/cmTryCompileExec2717435836.dir/build.make CMakeFiles/cmTryCompileExec2717435836.dir/build
gmake[1]: Entering directory `/tmp/pip-req-build-wtuspnlx/openjpeg/src/openjpeg/build/CMakeFiles/CMakeTmp'
/usr/bin/cmake -E cmake_progress_report /tmp/pip-req-build-wtuspnlx/openjpeg/src/openjpeg/build/CMakeFiles/CMakeTmp/CMakeFiles 1
Building C object CMakeFiles/cmTryCompileExec2717435836.dir/CheckIncludeFile.c.o
/opt/rh/devtoolset-8/root/usr/bin/cc    -o CMakeFiles/cmTryCompileExec2717435836.dir/CheckIncludeFile.c.o   -c /tmp/pip-req-build-wtuspnlx/openjpeg/src/openjpeg/build/CMakeFiles/CMakeTmp/CheckIncludeFile.c
Linking C executable cmTryCompileExec2717435836
/usr/bin/cmake -E cmake_link_script CMakeFiles/cmTryCompileExec2717435836.dir/link.txt --verbose=1
/opt/rh/devtoolset-8/root/usr/bin/cc       CMakeFiles/cmTryCompileExec2717435836.dir/CheckIncludeFile.c.o  -o cmTryCompileExec2717435836 -rdynamic 
gmake[1]: Leaving directory `/tmp/pip-req-build-wtuspnlx/openjpeg/src/openjpeg/build/CMakeFiles/CMakeTmp'


Determining if the include file stdint.h exists passed with the following output:
Change Dir: /tmp/pip-req-build-wtuspnlx/openjpeg/src/openjpeg/build/CMakeFiles/CMakeTmp

Run Build Command:/usr/bin/gmake "cmTryCompileExec1883212261/fast"
/usr/bin/gmake -f CMakeFiles/cmTryCompileExec1883212261.dir/build.make CMakeFiles/cmTryCompileExec1883212261.dir/build
gmake[1]: Entering directory `/tmp/pip-req-build-wtuspnlx/openjpeg/src/openjpeg/build/CMakeFiles/CMakeTmp'
/usr/bin/cmake -E cmake_progress_report /tmp/pip-req-build-wtuspnlx/openjpeg/src/openjpeg/build/CMakeFiles/CMakeTmp/CMakeFiles 1
Building C object CMakeFiles/cmTryCompileExec1883212261.dir/CheckIncludeFile.c.o
/opt/rh/devtoolset-8/root/usr/bin/cc    -o CMakeFiles/cmTryCompileExec1883212261.dir/CheckIncludeFile.c.o   -c /tmp/pip-req-build-wtuspnlx/openjpeg/src/openjpeg/build/CMakeFiles/CMakeTmp/CheckIncludeFile.c
Linking C executable cmTryCompileExec1883212261
/usr/bin/cmake -E cmake_link_script CMakeFiles/cmTryCompileExec1883212261.dir/link.txt --verbose=1
/opt/rh/devtoolset-8/root/usr/bin/cc       CMakeFiles/cmTryCompileExec1883212261.dir/CheckIncludeFile.c.o  -o cmTryCompileExec1883212261 -rdynamic 
gmake[1]: Leaving directory `/tmp/pip-req-build-wtuspnlx/openjpeg/src/openjpeg/build/CMakeFiles/CMakeTmp'


Determining if the include file inttypes.h exists passed with the following output:
Change Dir: /tmp/pip-req-build-wtuspnlx/openjpeg/src/openjpeg/build/CMakeFiles/CMakeTmp

Run Build Command:/usr/bin/gmake "cmTryCompileExec1490931282/fast"
/usr/bin/gmake -f CMakeFiles/cmTryCompileExec1490931282.dir/build.make CMakeFiles/cmTryCompileExec1490931282.dir/build
gmake[1]: Entering directory `/tmp/pip-req-build-wtuspnlx/openjpeg/src/openjpeg/build/CMakeFiles/CMakeTmp'
/usr/bin/cmake -E cmake_progress_report /tmp/pip-req-build-wtuspnlx/openjpeg/src/openjpeg/build/CMakeFiles/CMakeTmp/CMakeFiles 1
Building C object CMakeFiles/cmTryCompileExec1490931282.dir/CheckIncludeFile.c.o
/opt/rh/devtoolset-8/root/usr/bin/cc    -o CMakeFiles/cmTryCompileExec1490931282.dir/CheckIncludeFile.c.o   -c /tmp/pip-req-build-wtuspnlx/openjpeg/src/openjpeg/build/CMakeFiles/CMakeTmp/CheckIncludeFile.c
Linking C executable cmTryCompileExec1490931282
/usr/bin/cmake -E cmake_link_script CMakeFiles/cmTryCompileExec1490931282.dir/link.txt --verbose=1
/opt/rh/devtoolset-8/root/usr/bin/cc       CMakeFiles/cmTryCompileExec1490931282.dir/CheckIncludeFile.c.o  -o cmTryCompileExec1490931282 -rdynamic 
gmake[1]: Leaving directory `/tmp/pip-req-build-wtuspnlx/openjpeg/src/openjpeg/build/CMakeFiles/CMakeTmp'


Determining if the include file strings.h exists passed with the following output:
Change Dir: /tmp/pip-req-build-wtuspnlx/openjpeg/src/openjpeg/build/CMakeFiles/CMakeTmp

Run Build Command:/usr/bin/gmake "cmTryCompileExec4184484787/fast"
/usr/bin/gmake -f CMakeFiles/cmTryCompileExec4184484787.dir/build.make CMakeFiles/cmTryCompileExec4184484787.dir/build
gmake[1]: Entering directory `/tmp/pip-req-build-wtuspnlx/openjpeg/src/openjpeg/build/CMakeFiles/CMakeTmp'
/usr/bin/cmake -E cmake_progress_report /tmp/pip-req-build-wtuspnlx/openjpeg/src/openjpeg/build/CMakeFiles/CMakeTmp/CMakeFiles 1
Building C object CMakeFiles/cmTryCompileExec4184484787.dir/CheckIncludeFile.c.o
/opt/rh/devtoolset-8/root/usr/bin/cc    -o CMakeFiles/cmTryCompileExec4184484787.dir/CheckIncludeFile.c.o   -c /tmp/pip-req-build-wtuspnlx/openjpeg/src/openjpeg/build/CMakeFiles/CMakeTmp/CheckIncludeFile.c
Linking C executable cmTryCompileExec4184484787
/usr/bin/cmake -E cmake_link_script CMakeFiles/cmTryCompileExec4184484787.dir/link.txt --verbose=1
/opt/rh/devtoolset-8/root/usr/bin/cc       CMakeFiles/cmTryCompileExec4184484787.dir/CheckIncludeFile.c.o  -o cmTryCompileExec4184484787 -rdynamic 
gmake[1]: Leaving directory `/tmp/pip-req-build-wtuspnlx/openjpeg/src/openjpeg/build/CMakeFiles/CMakeTmp'


Determining if the include file sys/stat.h exists passed with the following output:
Change Dir: /tmp/pip-req-build-wtuspnlx/openjpeg/src/openjpeg/build/CMakeFiles/CMakeTmp

Run Build Command:/usr/bin/gmake "cmTryCompileExec3260653309/fast"
/usr/bin/gmake -f CMakeFiles/cmTryCompileExec3260653309.dir/build.make CMakeFiles/cmTryCompileExec3260653309.dir/build
gmake[1]: Entering directory `/tmp/pip-req-build-wtuspnlx/openjpeg/src/openjpeg/build/CMakeFiles/CMakeTmp'
/usr/bin/cmake -E cmake_progress_report /tmp/pip-req-build-wtuspnlx/openjpeg/src/openjpeg/build/CMakeFiles/CMakeTmp/CMakeFiles 1
Building C object CMakeFiles/cmTryCompileExec3260653309.dir/CheckIncludeFile.c.o
/opt/rh/devtoolset-8/root/usr/bin/cc    -o CMakeFiles/cmTryCompileExec3260653309.dir/CheckIncludeFile.c.o   -c /tmp/pip-req-build-wtuspnlx/openjpeg/src/openjpeg/build/CMakeFiles/CMakeTmp/CheckIncludeFile.c
Linking C executable cmTryCompileExec3260653309
/usr/bin/cmake -E cmake_link_script CMakeFiles/cmTryCompileExec3260653309.dir/link.txt --verbose=1
/opt/rh/devtoolset-8/root/usr/bin/cc       CMakeFiles/cmTryCompileExec3260653309.dir/CheckIncludeFile.c.o  -o cmTryCompileExec3260653309 -rdynamic 
gmake[1]: Leaving directory `/tmp/pip-req-build-wtuspnlx/openjpeg/src/openjpeg/build/CMakeFiles/CMakeTmp'


Determining if the include file unistd.h exists passed with the following output:
Change Dir: /tmp/pip-req-build-wtuspnlx/openjpeg/src/openjpeg/build/CMakeFiles/CMakeTmp

Run Build Command:/usr/bin/gmake "cmTryCompileExec981059058/fast"
/usr/bin/gmake -f CMakeFiles/cmTryCompileExec981059058.dir/build.make CMakeFiles/cmTryCompileExec981059058.dir/build
gmake[1]: Entering directory `/tmp/pip-req-build-wtuspnlx/openjpeg/src/openjpeg/build/CMakeFiles/CMakeTmp'
/usr/bin/cmake -E cmake_progress_report /tmp/pip-req-build-wtuspnlx/openjpeg/src/openjpeg/build/CMakeFiles/CMakeTmp/CMakeFiles 1
Building C object CMakeFiles/cmTryCompileExec981059058.dir/CheckIncludeFile.c.o
/opt/rh/devtoolset-8/root/usr/bin/cc    -o CMakeFiles/cmTryCompileExec981059058.dir/CheckIncludeFile.c.o   -c /tmp/pip-req-build-wtuspnlx/openjpeg/src/openjpeg/build/CMakeFiles/CMakeTmp/CheckIncludeFile.c
Linking C executable cmTryCompileExec981059058
/usr/bin/cmake -E cmake_link_script CMakeFiles/cmTryCompileExec981059058.dir/link.txt --verbose=1
/opt/rh/devtoolset-8/root/usr/bin/cc       CMakeFiles/cmTryCompileExec981059058.dir/CheckIncludeFile.c.o  -o cmTryCompileExec981059058 -rdynamic 
gmake[1]: Leaving directory `/tmp/pip-req-build-wtuspnlx/openjpeg/src/openjpeg/build/CMakeFiles/CMakeTmp'


Determining if files malloc.h exist passed with the following output:
Change Dir: /tmp/pip-req-build-wtuspnlx/openjpeg/src/openjpeg/build/CMakeFiles/CMakeTmp

Run Build Command:/usr/bin/gmake "cmTryCompileExec2388620672/fast"
/usr/bin/gmake -f CMakeFiles/cmTryCompileExec2388620672.dir/build.make CMakeFiles/cmTryCompileExec2388620672.dir/build
gmake[1]: Entering directory `/tmp/pip-req-build-wtuspnlx/openjpeg/src/openjpeg/build/CMakeFiles/CMakeTmp'
/usr/bin/cmake -E cmake_progress_report /tmp/pip-req-build-wtuspnlx/openjpeg/src/openjpeg/build/CMakeFiles/CMakeTmp/CMakeFiles 1
Building C object CMakeFiles/cmTryCompileExec2388620672.dir/CheckIncludeFiles.c.o
/opt/rh/devtoolset-8/root/usr/bin/cc    -o CMakeFiles/cmTryCompileExec2388620672.dir/CheckIncludeFiles.c.o   -c /tmp/pip-req-build-wtuspnlx/openjpeg/src/openjpeg/build/CMakeFiles/CMakeTmp/CheckIncludeFiles.c
Linking C executable cmTryCompileExec2388620672
/usr/bin/cmake -E cmake_link_script CMakeFiles/cmTryCompileExec2388620672.dir/link.txt --verbose=1
/opt/rh/devtoolset-8/root/usr/bin/cc       CMakeFiles/cmTryCompileExec2388620672.dir/CheckIncludeFiles.c.o  -o cmTryCompileExec2388620672 -rdynamic 
gmake[1]: Leaving directory `/tmp/pip-req-build-wtuspnlx/openjpeg/src/openjpeg/build/CMakeFiles/CMakeTmp'


Determining if the posix_memalign exist passed with the following output:
Change Dir: /tmp/pip-req-build-wtuspnlx/openjpeg/src/openjpeg/build/CMakeFiles/CMakeTmp

Run Build Command:/usr/bin/gmake "cmTryCompileExec2249460190/fast"
/usr/bin/gmake -f CMakeFiles/cmTryCompileExec2249460190.dir/build.make CMakeFiles/cmTryCompileExec2249460190.dir/build
gmake[1]: Entering directory `/tmp/pip-req-build-wtuspnlx/openjpeg/src/openjpeg/build/CMakeFiles/CMakeTmp'
/usr/bin/cmake -E cmake_progress_report /tmp/pip-req-build-wtuspnlx/openjpeg/src/openjpeg/build/CMakeFiles/CMakeTmp/CMakeFiles 1
Building C object CMakeFiles/cmTryCompileExec2249460190.dir/CheckSymbolExists.c.o
/opt/rh/devtoolset-8/root/usr/bin/cc  -D_POSIX_C_SOURCE=200112L  -o CMakeFiles/cmTryCompileExec2249460190.dir/CheckSymbolExists.c.o   -c /tmp/pip-req-build-wtuspnlx/openjpeg/src/openjpeg/build/CMakeFiles/CMakeTmp/CheckSymbolExists.c
Linking C executable cmTryCompileExec2249460190
/usr/bin/cmake -E cmake_link_script CMakeFiles/cmTryCompileExec2249460190.dir/link.txt --verbose=1
/opt/rh/devtoolset-8/root/usr/bin/cc       CMakeFiles/cmTryCompileExec2249460190.dir/CheckSymbolExists.c.o  -o cmTryCompileExec2249460190 -rdynamic 
gmake[1]: Leaving directory `/tmp/pip-req-build-wtuspnlx/openjpeg/src/openjpeg/build/CMakeFiles/CMakeTmp'

File /tmp/pip-req-build-wtuspnlx/openjpeg/src/openjpeg/build/CMakeFiles/CMakeTmp/CheckSymbolExists.c:
/* */
#include <stdlib.h>

int main(int argc, char** argv)
{
  (void)argv;
#ifndef posix_memalign
  return ((int*)(&posix_memalign))[argc];
#else
  (void)argc;
  return 0;
#endif
}

Determining if the memalign exist passed with the following output:
Change Dir: /tmp/pip-req-build-wtuspnlx/openjpeg/src/openjpeg/build/CMakeFiles/CMakeTmp

Run Build Command:/usr/bin/gmake "cmTryCompileExec1900433955/fast"
/usr/bin/gmake -f CMakeFiles/cmTryCompileExec1900433955.dir/build.make CMakeFiles/cmTryCompileExec1900433955.dir/build
gmake[1]: Entering directory `/tmp/pip-req-build-wtuspnlx/openjpeg/src/openjpeg/build/CMakeFiles/CMakeTmp'
/usr/bin/cmake -E cmake_progress_report /tmp/pip-req-build-wtuspnlx/openjpeg/src/openjpeg/build/CMakeFiles/CMakeTmp/CMakeFiles 1
Building C object CMakeFiles/cmTryCompileExec1900433955.dir/CheckSymbolExists.c.o
/opt/rh/devtoolset-8/root/usr/bin/cc    -o CMakeFiles/cmTryCompileExec1900433955.dir/CheckSymbolExists.c.o   -c /tmp/pip-req-build-wtuspnlx/openjpeg/src/openjpeg/build/CMakeFiles/CMakeTmp/CheckSymbolExists.c
Linking C executable cmTryCompileExec1900433955
/usr/bin/cmake -E cmake_link_script CMakeFiles/cmTryCompileExec1900433955.dir/link.txt --verbose=1
/opt/rh/devtoolset-8/root/usr/bin/cc       CMakeFiles/cmTryCompileExec1900433955.dir/CheckSymbolExists.c.o  -o cmTryCompileExec1900433955 -rdynamic 
gmake[1]: Leaving directory `/tmp/pip-req-build-wtuspnlx/openjpeg/src/openjpeg/build/CMakeFiles/CMakeTmp'

File /tmp/pip-req-build-wtuspnlx/openjpeg/src/openjpeg/build/CMakeFiles/CMakeTmp/CheckSymbolExists.c:
/* */
#include <malloc.h>

int main(int argc, char** argv)
{
  (void)argv;
#ifndef memalign
  return ((int*)(&memalign))[argc];
#else
  (void)argc;
  return 0;
#endif
}

