The system is: Linux - 5.3.0-1022-azure - i686
Compiling the C compiler identification source file "CMakeCCompilerId.c" succeeded.
Compiler: /opt/rh/devtoolset-8/root/usr/bin/cc 
Build flags: 
Id flags: 

The output was:
0


Compilation of the C compiler identification source "CMakeCCompilerId.c" produced "a.out"

The C compiler identification is GNU, found in "/tmp/pip-req-build-xonnit_5/openjpeg/src/openjpeg/build/CMakeFiles/2.8.12.2/CompilerIdC/a.out"

Compiling the CXX compiler identification source file "CMakeCXXCompilerId.cpp" succeeded.
Compiler: /opt/rh/devtoolset-8/root/usr/bin/c++ 
Build flags: 
Id flags: 

The output was:
0


Compilation of the CXX compiler identification source "CMakeCXXCompilerId.cpp" produced "a.out"

The CXX compiler identification is GNU, found in "/tmp/pip-req-build-xonnit_5/openjpeg/src/openjpeg/build/CMakeFiles/2.8.12.2/CompilerIdCXX/a.out"

Determining if the C compiler works passed with the following output:
Change Dir: /tmp/pip-req-build-xonnit_5/openjpeg/src/openjpeg/build/CMakeFiles/CMakeTmp

Run Build Command:/usr/bin/gmake "cmTryCompileExec1169608887/fast"
/usr/bin/gmake -f CMakeFiles/cmTryCompileExec1169608887.dir/build.make CMakeFiles/cmTryCompileExec1169608887.dir/build
gmake[1]: Entering directory `/tmp/pip-req-build-xonnit_5/openjpeg/src/openjpeg/build/CMakeFiles/CMakeTmp'
/usr/bin/cmake -E cmake_progress_report /tmp/pip-req-build-xonnit_5/openjpeg/src/openjpeg/build/CMakeFiles/CMakeTmp/CMakeFiles 1
Building C object CMakeFiles/cmTryCompileExec1169608887.dir/testCCompiler.c.o
/opt/rh/devtoolset-8/root/usr/bin/cc    -o CMakeFiles/cmTryCompileExec1169608887.dir/testCCompiler.c.o   -c /tmp/pip-req-build-xonnit_5/openjpeg/src/openjpeg/build/CMakeFiles/CMakeTmp/testCCompiler.c
Linking C executable cmTryCompileExec1169608887
/usr/bin/cmake -E cmake_link_script CMakeFiles/cmTryCompileExec1169608887.dir/link.txt --verbose=1
/opt/rh/devtoolset-8/root/usr/bin/cc       CMakeFiles/cmTryCompileExec1169608887.dir/testCCompiler.c.o  -o cmTryCompileExec1169608887 -rdynamic 
gmake[1]: Leaving directory `/tmp/pip-req-build-xonnit_5/openjpeg/src/openjpeg/build/CMakeFiles/CMakeTmp'


Detecting C compiler ABI info compiled with the following output:
Change Dir: /tmp/pip-req-build-xonnit_5/openjpeg/src/openjpeg/build/CMakeFiles/CMakeTmp

Run Build Command:/usr/bin/gmake "cmTryCompileExec4113576271/fast"
/usr/bin/gmake -f CMakeFiles/cmTryCompileExec4113576271.dir/build.make CMakeFiles/cmTryCompileExec4113576271.dir/build
gmake[1]: Entering directory `/tmp/pip-req-build-xonnit_5/openjpeg/src/openjpeg/build/CMakeFiles/CMakeTmp'
/usr/bin/cmake -E cmake_progress_report /tmp/pip-req-build-xonnit_5/openjpeg/src/openjpeg/build/CMakeFiles/CMakeTmp/CMakeFiles 1
Building C object CMakeFiles/cmTryCompileExec4113576271.dir/CMakeCCompilerABI.c.o
/opt/rh/devtoolset-8/root/usr/bin/cc    -o CMakeFiles/cmTryCompileExec4113576271.dir/CMakeCCompilerABI.c.o   -c /usr/share/cmake/Modules/CMakeCCompilerABI.c
Linking C executable cmTryCompileExec4113576271
/usr/bin/cmake -E cmake_link_script CMakeFiles/cmTryCompileExec4113576271.dir/link.txt --verbose=1
/opt/rh/devtoolset-8/root/usr/bin/cc     -v CMakeFiles/cmTryCompileExec4113576271.dir/CMakeCCompilerABI.c.o  -o cmTryCompileExec4113576271 -rdynamic  
Using built-in specs.
COLLECT_GCC=/opt/rh/devtoolset-8/root/usr/bin/cc
COLLECT_LTO_WRAPPER=/opt/rh/devtoolset-8/root/usr/libexec/gcc/i686-redhat-linux/8/lto-wrapper
Target: i686-redhat-linux
Configured with: ../configure --enable-bootstrap --enable-languages=c,c++,fortran,lto --prefix=/opt/rh/devtoolset-8/root/usr --mandir=/opt/rh/devtoolset-8/root/usr/share/man --infodir=/opt/rh/devtoolset-8/root/usr/share/info --with-bugurl=http://bugzilla.redhat.com/bugzilla --enable-shared --enable-threads=posix --enable-checking=release --enable-multilib --with-system-zlib --enable-__cxa_atexit --disable-libunwind-exceptions --enable-gnu-unique-object --enable-linker-build-id --with-gcc-major-version-only --with-linker-hash-style=gnu --with-default-libstdcxx-abi=gcc4-compatible --enable-plugin --enable-initfini-array --with-isl=/builddir/build/BUILD/gcc-8.3.1-20190311/obj-i686-redhat-linux/isl-install --disable-libmpx --with-mpc=/builddir/build/BUILD/gcc-8.3.1-20190311/obj-i686-redhat-linux/mpc-install --with-tune=generic --with-arch=i686 --build=i686-redhat-linux
Thread model: posix
gcc version 8.3.1 20190311 (Red Hat 8.3.1-3) (GCC) 
COMPILER_PATH=/opt/rh/devtoolset-8/root/usr/libexec/gcc/i686-redhat-linux/8/:/opt/rh/devtoolset-8/root/usr/libexec/gcc/i686-redhat-linux/8/:/opt/rh/devtoolset-8/root/usr/libexec/gcc/i686-redhat-linux/:/opt/rh/devtoolset-8/root/usr/lib/gcc/i686-redhat-linux/8/:/opt/rh/devtoolset-8/root/usr/lib/gcc/i686-redhat-linux/
LIBRARY_PATH=/opt/rh/devtoolset-8/root/usr/lib/gcc/i686-redhat-linux/8/:/opt/rh/devtoolset-8/root/usr/lib/gcc/i686-redhat-linux/8/../../../:/lib/:/usr/lib/
COLLECT_GCC_OPTIONS='-v' '-o' 'cmTryCompileExec4113576271' '-rdynamic' '-mtune=generic' '-march=i686'
 /opt/rh/devtoolset-8/root/usr/libexec/gcc/i686-redhat-linux/8/collect2 -plugin /opt/rh/devtoolset-8/root/usr/libexec/gcc/i686-redhat-linux/8/liblto_plugin.so -plugin-opt=/opt/rh/devtoolset-8/root/usr/libexec/gcc/i686-redhat-linux/8/lto-wrapper -plugin-opt=-fresolution=/tmp/cc3w7FxZ.res -plugin-opt=-pass-through=-lgcc -plugin-opt=-pass-through=-lgcc_s -plugin-opt=-pass-through=-lc -plugin-opt=-pass-through=-lgcc -plugin-opt=-pass-through=-lgcc_s --build-id --no-add-needed --eh-frame-hdr --hash-style=gnu -m elf_i386 -export-dynamic -dynamic-linker /lib/ld-linux.so.2 -o cmTryCompileExec4113576271 /usr/lib/crt1.o /usr/lib/crti.o /opt/rh/devtoolset-8/root/usr/lib/gcc/i686-redhat-linux/8/crtbegin.o -L/opt/rh/devtoolset-8/root/usr/lib/gcc/i686-redhat-linux/8 -L/opt/rh/devtoolset-8/root/usr/lib/gcc/i686-redhat-linux/8/../../.. CMakeFiles/cmTryCompileExec4113576271.dir/CMakeCCompilerABI.c.o -lgcc --as-needed -lgcc_s --no-as-needed -lc -lgcc --as-needed -lgcc_s --no-as-needed /opt/rh/devtoolset-8/root/usr/lib/gcc/i686-redhat-linux/8/crtend.o /usr/lib/crtn.o
COLLECT_GCC_OPTIONS='-v' '-o' 'cmTryCompileExec4113576271' '-rdynamic' '-mtune=generic' '-march=i686'
gmake[1]: Leaving directory `/tmp/pip-req-build-xonnit_5/openjpeg/src/openjpeg/build/CMakeFiles/CMakeTmp'


Parsed C implicit link information from above output:
  link line regex: [^( *|.*[/\])(ld|([^/\]+-)?ld|collect2)[^/\]*( |$)]
  ignore line: [Change Dir: /tmp/pip-req-build-xonnit_5/openjpeg/src/openjpeg/build/CMakeFiles/CMakeTmp]
  ignore line: []
  ignore line: [Run Build Command:/usr/bin/gmake "cmTryCompileExec4113576271/fast"]
  ignore line: [/usr/bin/gmake -f CMakeFiles/cmTryCompileExec4113576271.dir/build.make CMakeFiles/cmTryCompileExec4113576271.dir/build]
  ignore line: [gmake[1]: Entering directory `/tmp/pip-req-build-xonnit_5/openjpeg/src/openjpeg/build/CMakeFiles/CMakeTmp']
  ignore line: [/usr/bin/cmake -E cmake_progress_report /tmp/pip-req-build-xonnit_5/openjpeg/src/openjpeg/build/CMakeFiles/CMakeTmp/CMakeFiles 1]
  ignore line: [Building C object CMakeFiles/cmTryCompileExec4113576271.dir/CMakeCCompilerABI.c.o]
  ignore line: [/opt/rh/devtoolset-8/root/usr/bin/cc    -o CMakeFiles/cmTryCompileExec4113576271.dir/CMakeCCompilerABI.c.o   -c /usr/share/cmake/Modules/CMakeCCompilerABI.c]
  ignore line: [Linking C executable cmTryCompileExec4113576271]
  ignore line: [/usr/bin/cmake -E cmake_link_script CMakeFiles/cmTryCompileExec4113576271.dir/link.txt --verbose=1]
  ignore line: [/opt/rh/devtoolset-8/root/usr/bin/cc     -v CMakeFiles/cmTryCompileExec4113576271.dir/CMakeCCompilerABI.c.o  -o cmTryCompileExec4113576271 -rdynamic  ]
  ignore line: [Using built-in specs.]
  ignore line: [COLLECT_GCC=/opt/rh/devtoolset-8/root/usr/bin/cc]
  ignore line: [COLLECT_LTO_WRAPPER=/opt/rh/devtoolset-8/root/usr/libexec/gcc/i686-redhat-linux/8/lto-wrapper]
  ignore line: [Target: i686-redhat-linux]
  ignore line: [Configured with: ../configure --enable-bootstrap --enable-languages=c,c++,fortran,lto --prefix=/opt/rh/devtoolset-8/root/usr --mandir=/opt/rh/devtoolset-8/root/usr/share/man --infodir=/opt/rh/devtoolset-8/root/usr/share/info --with-bugurl=http://bugzilla.redhat.com/bugzilla --enable-shared --enable-threads=posix --enable-checking=release --enable-multilib --with-system-zlib --enable-__cxa_atexit --disable-libunwind-exceptions --enable-gnu-unique-object --enable-linker-build-id --with-gcc-major-version-only --with-linker-hash-style=gnu --with-default-libstdcxx-abi=gcc4-compatible --enable-plugin --enable-initfini-array --with-isl=/builddir/build/BUILD/gcc-8.3.1-20190311/obj-i686-redhat-linux/isl-install --disable-libmpx --with-mpc=/builddir/build/BUILD/gcc-8.3.1-20190311/obj-i686-redhat-linux/mpc-install --with-tune=generic --with-arch=i686 --build=i686-redhat-linux]
  ignore line: [Thread model: posix]
  ignore line: [gcc version 8.3.1 20190311 (Red Hat 8.3.1-3) (GCC) ]
  ignore line: [COMPILER_PATH=/opt/rh/devtoolset-8/root/usr/libexec/gcc/i686-redhat-linux/8/:/opt/rh/devtoolset-8/root/usr/libexec/gcc/i686-redhat-linux/8/:/opt/rh/devtoolset-8/root/usr/libexec/gcc/i686-redhat-linux/:/opt/rh/devtoolset-8/root/usr/lib/gcc/i686-redhat-linux/8/:/opt/rh/devtoolset-8/root/usr/lib/gcc/i686-redhat-linux/]
  ignore line: [LIBRARY_PATH=/opt/rh/devtoolset-8/root/usr/lib/gcc/i686-redhat-linux/8/:/opt/rh/devtoolset-8/root/usr/lib/gcc/i686-redhat-linux/8/../../../:/lib/:/usr/lib/]
  ignore line: [COLLECT_GCC_OPTIONS='-v' '-o' 'cmTryCompileExec4113576271' '-rdynamic' '-mtune=generic' '-march=i686']
  link line: [ /opt/rh/devtoolset-8/root/usr/libexec/gcc/i686-redhat-linux/8/collect2 -plugin /opt/rh/devtoolset-8/root/usr/libexec/gcc/i686-redhat-linux/8/liblto_plugin.so -plugin-opt=/opt/rh/devtoolset-8/root/usr/libexec/gcc/i686-redhat-linux/8/lto-wrapper -plugin-opt=-fresolution=/tmp/cc3w7FxZ.res -plugin-opt=-pass-through=-lgcc -plugin-opt=-pass-through=-lgcc_s -plugin-opt=-pass-through=-lc -plugin-opt=-pass-through=-lgcc -plugin-opt=-pass-through=-lgcc_s --build-id --no-add-needed --eh-frame-hdr --hash-style=gnu -m elf_i386 -export-dynamic -dynamic-linker /lib/ld-linux.so.2 -o cmTryCompileExec4113576271 /usr/lib/crt1.o /usr/lib/crti.o /opt/rh/devtoolset-8/root/usr/lib/gcc/i686-redhat-linux/8/crtbegin.o -L/opt/rh/devtoolset-8/root/usr/lib/gcc/i686-redhat-linux/8 -L/opt/rh/devtoolset-8/root/usr/lib/gcc/i686-redhat-linux/8/../../.. CMakeFiles/cmTryCompileExec4113576271.dir/CMakeCCompilerABI.c.o -lgcc --as-needed -lgcc_s --no-as-needed -lc -lgcc --as-needed -lgcc_s --no-as-needed /opt/rh/devtoolset-8/root/usr/lib/gcc/i686-redhat-linux/8/crtend.o /usr/lib/crtn.o]
    arg [/opt/rh/devtoolset-8/root/usr/libexec/gcc/i686-redhat-linux/8/collect2] ==> ignore
    arg [-plugin] ==> ignore
    arg [/opt/rh/devtoolset-8/root/usr/libexec/gcc/i686-redhat-linux/8/liblto_plugin.so] ==> ignore
    arg [-plugin-opt=/opt/rh/devtoolset-8/root/usr/libexec/gcc/i686-redhat-linux/8/lto-wrapper] ==> ignore
    arg [-plugin-opt=-fresolution=/tmp/cc3w7FxZ.res] ==> ignore
    arg [-plugin-opt=-pass-through=-lgcc] ==> ignore
    arg [-plugin-opt=-pass-through=-lgcc_s] ==> ignore
    arg [-plugin-opt=-pass-through=-lc] ==> ignore
    arg [-plugin-opt=-pass-through=-lgcc] ==> ignore
    arg [-plugin-opt=-pass-through=-lgcc_s] ==> ignore
    arg [--build-id] ==> ignore
    arg [--no-add-needed] ==> ignore
    arg [--eh-frame-hdr] ==> ignore
    arg [--hash-style=gnu] ==> ignore
    arg [-m] ==> ignore
    arg [elf_i386] ==> ignore
    arg [-export-dynamic] ==> ignore
    arg [-dynamic-linker] ==> ignore
    arg [/lib/ld-linux.so.2] ==> ignore
    arg [-o] ==> ignore
    arg [cmTryCompileExec4113576271] ==> ignore
    arg [/usr/lib/crt1.o] ==> ignore
    arg [/usr/lib/crti.o] ==> ignore
    arg [/opt/rh/devtoolset-8/root/usr/lib/gcc/i686-redhat-linux/8/crtbegin.o] ==> ignore
    arg [-L/opt/rh/devtoolset-8/root/usr/lib/gcc/i686-redhat-linux/8] ==> dir [/opt/rh/devtoolset-8/root/usr/lib/gcc/i686-redhat-linux/8]
    arg [-L/opt/rh/devtoolset-8/root/usr/lib/gcc/i686-redhat-linux/8/../../..] ==> dir [/opt/rh/devtoolset-8/root/usr/lib/gcc/i686-redhat-linux/8/../../..]
    arg [CMakeFiles/cmTryCompileExec4113576271.dir/CMakeCCompilerABI.c.o] ==> ignore
    arg [-lgcc] ==> lib [gcc]
    arg [--as-needed] ==> ignore
    arg [-lgcc_s] ==> lib [gcc_s]
    arg [--no-as-needed] ==> ignore
    arg [-lc] ==> lib [c]
    arg [-lgcc] ==> lib [gcc]
    arg [--as-needed] ==> ignore
    arg [-lgcc_s] ==> lib [gcc_s]
    arg [--no-as-needed] ==> ignore
    arg [/opt/rh/devtoolset-8/root/usr/lib/gcc/i686-redhat-linux/8/crtend.o] ==> ignore
    arg [/usr/lib/crtn.o] ==> ignore
  remove lib [gcc]
  remove lib [gcc_s]
  remove lib [gcc]
  remove lib [gcc_s]
  collapse library dir [/opt/rh/devtoolset-8/root/usr/lib/gcc/i686-redhat-linux/8] ==> [/opt/rh/devtoolset-8/root/usr/lib/gcc/i686-redhat-linux/8]
  collapse library dir [/opt/rh/devtoolset-8/root/usr/lib/gcc/i686-redhat-linux/8/../../..] ==> [/opt/rh/devtoolset-8/root/usr/lib]
  implicit libs: [c]
  implicit dirs: [/opt/rh/devtoolset-8/root/usr/lib/gcc/i686-redhat-linux/8;/opt/rh/devtoolset-8/root/usr/lib]
  implicit fwks: []


Determining if the CXX compiler works passed with the following output:
Change Dir: /tmp/pip-req-build-xonnit_5/openjpeg/src/openjpeg/build/CMakeFiles/CMakeTmp

Run Build Command:/usr/bin/gmake "cmTryCompileExec2525066395/fast"
/usr/bin/gmake -f CMakeFiles/cmTryCompileExec2525066395.dir/build.make CMakeFiles/cmTryCompileExec2525066395.dir/build
gmake[1]: Entering directory `/tmp/pip-req-build-xonnit_5/openjpeg/src/openjpeg/build/CMakeFiles/CMakeTmp'
/usr/bin/cmake -E cmake_progress_report /tmp/pip-req-build-xonnit_5/openjpeg/src/openjpeg/build/CMakeFiles/CMakeTmp/CMakeFiles 1
Building CXX object CMakeFiles/cmTryCompileExec2525066395.dir/testCXXCompiler.cxx.o
/opt/rh/devtoolset-8/root/usr/bin/c++     -o CMakeFiles/cmTryCompileExec2525066395.dir/testCXXCompiler.cxx.o -c /tmp/pip-req-build-xonnit_5/openjpeg/src/openjpeg/build/CMakeFiles/CMakeTmp/testCXXCompiler.cxx
Linking CXX executable cmTryCompileExec2525066395
/usr/bin/cmake -E cmake_link_script CMakeFiles/cmTryCompileExec2525066395.dir/link.txt --verbose=1
/opt/rh/devtoolset-8/root/usr/bin/c++        CMakeFiles/cmTryCompileExec2525066395.dir/testCXXCompiler.cxx.o  -o cmTryCompileExec2525066395 -rdynamic 
gmake[1]: Leaving directory `/tmp/pip-req-build-xonnit_5/openjpeg/src/openjpeg/build/CMakeFiles/CMakeTmp'


Detecting CXX compiler ABI info compiled with the following output:
Change Dir: /tmp/pip-req-build-xonnit_5/openjpeg/src/openjpeg/build/CMakeFiles/CMakeTmp

Run Build Command:/usr/bin/gmake "cmTryCompileExec1193711471/fast"
/usr/bin/gmake -f CMakeFiles/cmTryCompileExec1193711471.dir/build.make CMakeFiles/cmTryCompileExec1193711471.dir/build
gmake[1]: Entering directory `/tmp/pip-req-build-xonnit_5/openjpeg/src/openjpeg/build/CMakeFiles/CMakeTmp'
/usr/bin/cmake -E cmake_progress_report /tmp/pip-req-build-xonnit_5/openjpeg/src/openjpeg/build/CMakeFiles/CMakeTmp/CMakeFiles 1
Building CXX object CMakeFiles/cmTryCompileExec1193711471.dir/CMakeCXXCompilerABI.cpp.o
/opt/rh/devtoolset-8/root/usr/bin/c++     -o CMakeFiles/cmTryCompileExec1193711471.dir/CMakeCXXCompilerABI.cpp.o -c /usr/share/cmake/Modules/CMakeCXXCompilerABI.cpp
Linking CXX executable cmTryCompileExec1193711471
/usr/bin/cmake -E cmake_link_script CMakeFiles/cmTryCompileExec1193711471.dir/link.txt --verbose=1
/opt/rh/devtoolset-8/root/usr/bin/c++      -v CMakeFiles/cmTryCompileExec1193711471.dir/CMakeCXXCompilerABI.cpp.o  -o cmTryCompileExec1193711471 -rdynamic  
Using built-in specs.
COLLECT_GCC=/opt/rh/devtoolset-8/root/usr/bin/c++
COLLECT_LTO_WRAPPER=/opt/rh/devtoolset-8/root/usr/libexec/gcc/i686-redhat-linux/8/lto-wrapper
Target: i686-redhat-linux
Configured with: ../configure --enable-bootstrap --enable-languages=c,c++,fortran,lto --prefix=/opt/rh/devtoolset-8/root/usr --mandir=/opt/rh/devtoolset-8/root/usr/share/man --infodir=/opt/rh/devtoolset-8/root/usr/share/info --with-bugurl=http://bugzilla.redhat.com/bugzilla --enable-shared --enable-threads=posix --enable-checking=release --enable-multilib --with-system-zlib --enable-__cxa_atexit --disable-libunwind-exceptions --enable-gnu-unique-object --enable-linker-build-id --with-gcc-major-version-only --with-linker-hash-style=gnu --with-default-libstdcxx-abi=gcc4-compatible --enable-plugin --enable-initfini-array --with-isl=/builddir/build/BUILD/gcc-8.3.1-20190311/obj-i686-redhat-linux/isl-install --disable-libmpx --with-mpc=/builddir/build/BUILD/gcc-8.3.1-20190311/obj-i686-redhat-linux/mpc-install --with-tune=generic --with-arch=i686 --build=i686-redhat-linux
Thread model: posix
gcc version 8.3.1 20190311 (Red Hat 8.3.1-3) (GCC) 
COMPILER_PATH=/opt/rh/devtoolset-8/root/usr/libexec/gcc/i686-redhat-linux/8/:/opt/rh/devtoolset-8/root/usr/libexec/gcc/i686-redhat-linux/8/:/opt/rh/devtoolset-8/root/usr/libexec/gcc/i686-redhat-linux/:/opt/rh/devtoolset-8/root/usr/lib/gcc/i686-redhat-linux/8/:/opt/rh/devtoolset-8/root/usr/lib/gcc/i686-redhat-linux/
LIBRARY_PATH=/opt/rh/devtoolset-8/root/usr/lib/gcc/i686-redhat-linux/8/:/opt/rh/devtoolset-8/root/usr/lib/gcc/i686-redhat-linux/8/../../../:/lib/:/usr/lib/
COLLECT_GCC_OPTIONS='-v' '-o' 'cmTryCompileExec1193711471' '-rdynamic' '-shared-libgcc' '-mtune=generic' '-march=i686'
 /opt/rh/devtoolset-8/root/usr/libexec/gcc/i686-redhat-linux/8/collect2 -plugin /opt/rh/devtoolset-8/root/usr/libexec/gcc/i686-redhat-linux/8/liblto_plugin.so -plugin-opt=/opt/rh/devtoolset-8/root/usr/libexec/gcc/i686-redhat-linux/8/lto-wrapper -plugin-opt=-fresolution=/tmp/ccbAvFmc.res -plugin-opt=-pass-through=-lgcc_s -plugin-opt=-pass-through=-lgcc -plugin-opt=-pass-through=-lc -plugin-opt=-pass-through=-lgcc_s -plugin-opt=-pass-through=-lgcc --build-id --no-add-needed --eh-frame-hdr --hash-style=gnu -m elf_i386 -export-dynamic -dynamic-linker /lib/ld-linux.so.2 -o cmTryCompileExec1193711471 /usr/lib/crt1.o /usr/lib/crti.o /opt/rh/devtoolset-8/root/usr/lib/gcc/i686-redhat-linux/8/crtbegin.o -L/opt/rh/devtoolset-8/root/usr/lib/gcc/i686-redhat-linux/8 -L/opt/rh/devtoolset-8/root/usr/lib/gcc/i686-redhat-linux/8/../../.. CMakeFiles/cmTryCompileExec1193711471.dir/CMakeCXXCompilerABI.cpp.o -lstdc++ -lm -lgcc_s -lgcc -lc -lgcc_s -lgcc /opt/rh/devtoolset-8/root/usr/lib/gcc/i686-redhat-linux/8/crtend.o /usr/lib/crtn.o
COLLECT_GCC_OPTIONS='-v' '-o' 'cmTryCompileExec1193711471' '-rdynamic' '-shared-libgcc' '-mtune=generic' '-march=i686'
gmake[1]: Leaving directory `/tmp/pip-req-build-xonnit_5/openjpeg/src/openjpeg/build/CMakeFiles/CMakeTmp'


Parsed CXX implicit link information from above output:
  link line regex: [^( *|.*[/\])(ld|([^/\]+-)?ld|collect2)[^/\]*( |$)]
  ignore line: [Change Dir: /tmp/pip-req-build-xonnit_5/openjpeg/src/openjpeg/build/CMakeFiles/CMakeTmp]
  ignore line: []
  ignore line: [Run Build Command:/usr/bin/gmake "cmTryCompileExec1193711471/fast"]
  ignore line: [/usr/bin/gmake -f CMakeFiles/cmTryCompileExec1193711471.dir/build.make CMakeFiles/cmTryCompileExec1193711471.dir/build]
  ignore line: [gmake[1]: Entering directory `/tmp/pip-req-build-xonnit_5/openjpeg/src/openjpeg/build/CMakeFiles/CMakeTmp']
  ignore line: [/usr/bin/cmake -E cmake_progress_report /tmp/pip-req-build-xonnit_5/openjpeg/src/openjpeg/build/CMakeFiles/CMakeTmp/CMakeFiles 1]
  ignore line: [Building CXX object CMakeFiles/cmTryCompileExec1193711471.dir/CMakeCXXCompilerABI.cpp.o]
  ignore line: [/opt/rh/devtoolset-8/root/usr/bin/c++     -o CMakeFiles/cmTryCompileExec1193711471.dir/CMakeCXXCompilerABI.cpp.o -c /usr/share/cmake/Modules/CMakeCXXCompilerABI.cpp]
  ignore line: [Linking CXX executable cmTryCompileExec1193711471]
  ignore line: [/usr/bin/cmake -E cmake_link_script CMakeFiles/cmTryCompileExec1193711471.dir/link.txt --verbose=1]
  ignore line: [/opt/rh/devtoolset-8/root/usr/bin/c++      -v CMakeFiles/cmTryCompileExec1193711471.dir/CMakeCXXCompilerABI.cpp.o  -o cmTryCompileExec1193711471 -rdynamic  ]
  ignore line: [Using built-in specs.]
  ignore line: [COLLECT_GCC=/opt/rh/devtoolset-8/root/usr/bin/c++]
  ignore line: [COLLECT_LTO_WRAPPER=/opt/rh/devtoolset-8/root/usr/libexec/gcc/i686-redhat-linux/8/lto-wrapper]
  ignore line: [Target: i686-redhat-linux]
  ignore line: [Configured with: ../configure --enable-bootstrap --enable-languages=c,c++,fortran,lto --prefix=/opt/rh/devtoolset-8/root/usr --mandir=/opt/rh/devtoolset-8/root/usr/share/man --infodir=/opt/rh/devtoolset-8/root/usr/share/info --with-bugurl=http://bugzilla.redhat.com/bugzilla --enable-shared --enable-threads=posix --enable-checking=release --enable-multilib --with-system-zlib --enable-__cxa_atexit --disable-libunwind-exceptions --enable-gnu-unique-object --enable-linker-build-id --with-gcc-major-version-only --with-linker-hash-style=gnu --with-default-libstdcxx-abi=gcc4-compatible --enable-plugin --enable-initfini-array --with-isl=/builddir/build/BUILD/gcc-8.3.1-20190311/obj-i686-redhat-linux/isl-install --disable-libmpx --with-mpc=/builddir/build/BUILD/gcc-8.3.1-20190311/obj-i686-redhat-linux/mpc-install --with-tune=generic --with-arch=i686 --build=i686-redhat-linux]
  ignore line: [Thread model: posix]
  ignore line: [gcc version 8.3.1 20190311 (Red Hat 8.3.1-3) (GCC) ]
  ignore line: [COMPILER_PATH=/opt/rh/devtoolset-8/root/usr/libexec/gcc/i686-redhat-linux/8/:/opt/rh/devtoolset-8/root/usr/libexec/gcc/i686-redhat-linux/8/:/opt/rh/devtoolset-8/root/usr/libexec/gcc/i686-redhat-linux/:/opt/rh/devtoolset-8/root/usr/lib/gcc/i686-redhat-linux/8/:/opt/rh/devtoolset-8/root/usr/lib/gcc/i686-redhat-linux/]
  ignore line: [LIBRARY_PATH=/opt/rh/devtoolset-8/root/usr/lib/gcc/i686-redhat-linux/8/:/opt/rh/devtoolset-8/root/usr/lib/gcc/i686-redhat-linux/8/../../../:/lib/:/usr/lib/]
  ignore line: [COLLECT_GCC_OPTIONS='-v' '-o' 'cmTryCompileExec1193711471' '-rdynamic' '-shared-libgcc' '-mtune=generic' '-march=i686']
  link line: [ /opt/rh/devtoolset-8/root/usr/libexec/gcc/i686-redhat-linux/8/collect2 -plugin /opt/rh/devtoolset-8/root/usr/libexec/gcc/i686-redhat-linux/8/liblto_plugin.so -plugin-opt=/opt/rh/devtoolset-8/root/usr/libexec/gcc/i686-redhat-linux/8/lto-wrapper -plugin-opt=-fresolution=/tmp/ccbAvFmc.res -plugin-opt=-pass-through=-lgcc_s -plugin-opt=-pass-through=-lgcc -plugin-opt=-pass-through=-lc -plugin-opt=-pass-through=-lgcc_s -plugin-opt=-pass-through=-lgcc --build-id --no-add-needed --eh-frame-hdr --hash-style=gnu -m elf_i386 -export-dynamic -dynamic-linker /lib/ld-linux.so.2 -o cmTryCompileExec1193711471 /usr/lib/crt1.o /usr/lib/crti.o /opt/rh/devtoolset-8/root/usr/lib/gcc/i686-redhat-linux/8/crtbegin.o -L/opt/rh/devtoolset-8/root/usr/lib/gcc/i686-redhat-linux/8 -L/opt/rh/devtoolset-8/root/usr/lib/gcc/i686-redhat-linux/8/../../.. CMakeFiles/cmTryCompileExec1193711471.dir/CMakeCXXCompilerABI.cpp.o -lstdc++ -lm -lgcc_s -lgcc -lc -lgcc_s -lgcc /opt/rh/devtoolset-8/root/usr/lib/gcc/i686-redhat-linux/8/crtend.o /usr/lib/crtn.o]
    arg [/opt/rh/devtoolset-8/root/usr/libexec/gcc/i686-redhat-linux/8/collect2] ==> ignore
    arg [-plugin] ==> ignore
    arg [/opt/rh/devtoolset-8/root/usr/libexec/gcc/i686-redhat-linux/8/liblto_plugin.so] ==> ignore
    arg [-plugin-opt=/opt/rh/devtoolset-8/root/usr/libexec/gcc/i686-redhat-linux/8/lto-wrapper] ==> ignore
    arg [-plugin-opt=-fresolution=/tmp/ccbAvFmc.res] ==> ignore
    arg [-plugin-opt=-pass-through=-lgcc_s] ==> ignore
    arg [-plugin-opt=-pass-through=-lgcc] ==> ignore
    arg [-plugin-opt=-pass-through=-lc] ==> ignore
    arg [-plugin-opt=-pass-through=-lgcc_s] ==> ignore
    arg [-plugin-opt=-pass-through=-lgcc] ==> ignore
    arg [--build-id] ==> ignore
    arg [--no-add-needed] ==> ignore
    arg [--eh-frame-hdr] ==> ignore
    arg [--hash-style=gnu] ==> ignore
    arg [-m] ==> ignore
    arg [elf_i386] ==> ignore
    arg [-export-dynamic] ==> ignore
    arg [-dynamic-linker] ==> ignore
    arg [/lib/ld-linux.so.2] ==> ignore
    arg [-o] ==> ignore
    arg [cmTryCompileExec1193711471] ==> ignore
    arg [/usr/lib/crt1.o] ==> ignore
    arg [/usr/lib/crti.o] ==> ignore
    arg [/opt/rh/devtoolset-8/root/usr/lib/gcc/i686-redhat-linux/8/crtbegin.o] ==> ignore
    arg [-L/opt/rh/devtoolset-8/root/usr/lib/gcc/i686-redhat-linux/8] ==> dir [/opt/rh/devtoolset-8/root/usr/lib/gcc/i686-redhat-linux/8]
    arg [-L/opt/rh/devtoolset-8/root/usr/lib/gcc/i686-redhat-linux/8/../../..] ==> dir [/opt/rh/devtoolset-8/root/usr/lib/gcc/i686-redhat-linux/8/../../..]
    arg [CMakeFiles/cmTryCompileExec1193711471.dir/CMakeCXXCompilerABI.cpp.o] ==> ignore
    arg [-lstdc++] ==> lib [stdc++]
    arg [-lm] ==> lib [m]
    arg [-lgcc_s] ==> lib [gcc_s]
    arg [-lgcc] ==> lib [gcc]
    arg [-lc] ==> lib [c]
    arg [-lgcc_s] ==> lib [gcc_s]
    arg [-lgcc] ==> lib [gcc]
    arg [/opt/rh/devtoolset-8/root/usr/lib/gcc/i686-redhat-linux/8/crtend.o] ==> ignore
    arg [/usr/lib/crtn.o] ==> ignore
  remove lib [gcc_s]
  remove lib [gcc]
  remove lib [gcc_s]
  remove lib [gcc]
  collapse library dir [/opt/rh/devtoolset-8/root/usr/lib/gcc/i686-redhat-linux/8] ==> [/opt/rh/devtoolset-8/root/usr/lib/gcc/i686-redhat-linux/8]
  collapse library dir [/opt/rh/devtoolset-8/root/usr/lib/gcc/i686-redhat-linux/8/../../..] ==> [/opt/rh/devtoolset-8/root/usr/lib]
  implicit libs: [stdc++;m;c]
  implicit dirs: [/opt/rh/devtoolset-8/root/usr/lib/gcc/i686-redhat-linux/8;/opt/rh/devtoolset-8/root/usr/lib]
  implicit fwks: []


Determining if the include file sys/types.h exists passed with the following output:
Change Dir: /tmp/pip-req-build-xonnit_5/openjpeg/src/openjpeg/build/CMakeFiles/CMakeTmp

Run Build Command:/usr/bin/gmake "cmTryCompileExec4115902269/fast"
/usr/bin/gmake -f CMakeFiles/cmTryCompileExec4115902269.dir/build.make CMakeFiles/cmTryCompileExec4115902269.dir/build
gmake[1]: Entering directory `/tmp/pip-req-build-xonnit_5/openjpeg/src/openjpeg/build/CMakeFiles/CMakeTmp'
/usr/bin/cmake -E cmake_progress_report /tmp/pip-req-build-xonnit_5/openjpeg/src/openjpeg/build/CMakeFiles/CMakeTmp/CMakeFiles 1
Building C object CMakeFiles/cmTryCompileExec4115902269.dir/CheckIncludeFile.c.o
/opt/rh/devtoolset-8/root/usr/bin/cc    -o CMakeFiles/cmTryCompileExec4115902269.dir/CheckIncludeFile.c.o   -c /tmp/pip-req-build-xonnit_5/openjpeg/src/openjpeg/build/CMakeFiles/CMakeTmp/CheckIncludeFile.c
Linking C executable cmTryCompileExec4115902269
/usr/bin/cmake -E cmake_link_script CMakeFiles/cmTryCompileExec4115902269.dir/link.txt --verbose=1
/opt/rh/devtoolset-8/root/usr/bin/cc       CMakeFiles/cmTryCompileExec4115902269.dir/CheckIncludeFile.c.o  -o cmTryCompileExec4115902269 -rdynamic 
gmake[1]: Leaving directory `/tmp/pip-req-build-xonnit_5/openjpeg/src/openjpeg/build/CMakeFiles/CMakeTmp'


Determining if the include file stdint.h exists passed with the following output:
Change Dir: /tmp/pip-req-build-xonnit_5/openjpeg/src/openjpeg/build/CMakeFiles/CMakeTmp

Run Build Command:/usr/bin/gmake "cmTryCompileExec896189481/fast"
/usr/bin/gmake -f CMakeFiles/cmTryCompileExec896189481.dir/build.make CMakeFiles/cmTryCompileExec896189481.dir/build
gmake[1]: Entering directory `/tmp/pip-req-build-xonnit_5/openjpeg/src/openjpeg/build/CMakeFiles/CMakeTmp'
/usr/bin/cmake -E cmake_progress_report /tmp/pip-req-build-xonnit_5/openjpeg/src/openjpeg/build/CMakeFiles/CMakeTmp/CMakeFiles 1
Building C object CMakeFiles/cmTryCompileExec896189481.dir/CheckIncludeFile.c.o
/opt/rh/devtoolset-8/root/usr/bin/cc    -o CMakeFiles/cmTryCompileExec896189481.dir/CheckIncludeFile.c.o   -c /tmp/pip-req-build-xonnit_5/openjpeg/src/openjpeg/build/CMakeFiles/CMakeTmp/CheckIncludeFile.c
Linking C executable cmTryCompileExec896189481
/usr/bin/cmake -E cmake_link_script CMakeFiles/cmTryCompileExec896189481.dir/link.txt --verbose=1
/opt/rh/devtoolset-8/root/usr/bin/cc       CMakeFiles/cmTryCompileExec896189481.dir/CheckIncludeFile.c.o  -o cmTryCompileExec896189481 -rdynamic 
gmake[1]: Leaving directory `/tmp/pip-req-build-xonnit_5/openjpeg/src/openjpeg/build/CMakeFiles/CMakeTmp'


Determining if the include file stddef.h exists passed with the following output:
Change Dir: /tmp/pip-req-build-xonnit_5/openjpeg/src/openjpeg/build/CMakeFiles/CMakeTmp

Run Build Command:/usr/bin/gmake "cmTryCompileExec3203379278/fast"
/usr/bin/gmake -f CMakeFiles/cmTryCompileExec3203379278.dir/build.make CMakeFiles/cmTryCompileExec3203379278.dir/build
gmake[1]: Entering directory `/tmp/pip-req-build-xonnit_5/openjpeg/src/openjpeg/build/CMakeFiles/CMakeTmp'
/usr/bin/cmake -E cmake_progress_report /tmp/pip-req-build-xonnit_5/openjpeg/src/openjpeg/build/CMakeFiles/CMakeTmp/CMakeFiles 1
Building C object CMakeFiles/cmTryCompileExec3203379278.dir/CheckIncludeFile.c.o
/opt/rh/devtoolset-8/root/usr/bin/cc    -o CMakeFiles/cmTryCompileExec3203379278.dir/CheckIncludeFile.c.o   -c /tmp/pip-req-build-xonnit_5/openjpeg/src/openjpeg/build/CMakeFiles/CMakeTmp/CheckIncludeFile.c
Linking C executable cmTryCompileExec3203379278
/usr/bin/cmake -E cmake_link_script CMakeFiles/cmTryCompileExec3203379278.dir/link.txt --verbose=1
/opt/rh/devtoolset-8/root/usr/bin/cc       CMakeFiles/cmTryCompileExec3203379278.dir/CheckIncludeFile.c.o  -o cmTryCompileExec3203379278 -rdynamic 
gmake[1]: Leaving directory `/tmp/pip-req-build-xonnit_5/openjpeg/src/openjpeg/build/CMakeFiles/CMakeTmp'


Determining size of unsigned short passed with the following output:
Change Dir: /tmp/pip-req-build-xonnit_5/openjpeg/src/openjpeg/build/CMakeFiles/CMakeTmp

Run Build Command:/usr/bin/gmake "cmTryCompileExec3944680150/fast"
/usr/bin/gmake -f CMakeFiles/cmTryCompileExec3944680150.dir/build.make CMakeFiles/cmTryCompileExec3944680150.dir/build
gmake[1]: Entering directory `/tmp/pip-req-build-xonnit_5/openjpeg/src/openjpeg/build/CMakeFiles/CMakeTmp'
/usr/bin/cmake -E cmake_progress_report /tmp/pip-req-build-xonnit_5/openjpeg/src/openjpeg/build/CMakeFiles/CMakeTmp/CMakeFiles 1
Building C object CMakeFiles/cmTryCompileExec3944680150.dir/CMAKE_SIZEOF_UNSIGNED_SHORT.c.o
/opt/rh/devtoolset-8/root/usr/bin/cc    -o CMakeFiles/cmTryCompileExec3944680150.dir/CMAKE_SIZEOF_UNSIGNED_SHORT.c.o   -c /tmp/pip-req-build-xonnit_5/openjpeg/src/openjpeg/build/CMakeFiles/CheckTypeSize/CMAKE_SIZEOF_UNSIGNED_SHORT.c
Linking C executable cmTryCompileExec3944680150
/usr/bin/cmake -E cmake_link_script CMakeFiles/cmTryCompileExec3944680150.dir/link.txt --verbose=1
/opt/rh/devtoolset-8/root/usr/bin/cc       CMakeFiles/cmTryCompileExec3944680150.dir/CMAKE_SIZEOF_UNSIGNED_SHORT.c.o  -o cmTryCompileExec3944680150 -rdynamic 
gmake[1]: Leaving directory `/tmp/pip-req-build-xonnit_5/openjpeg/src/openjpeg/build/CMakeFiles/CMakeTmp'


Determining if the include file string.h exists passed with the following output:
Change Dir: /tmp/pip-req-build-xonnit_5/openjpeg/src/openjpeg/build/CMakeFiles/CMakeTmp

Run Build Command:/usr/bin/gmake "cmTryCompileExec1834543797/fast"
/usr/bin/gmake -f CMakeFiles/cmTryCompileExec1834543797.dir/build.make CMakeFiles/cmTryCompileExec1834543797.dir/build
gmake[1]: Entering directory `/tmp/pip-req-build-xonnit_5/openjpeg/src/openjpeg/build/CMakeFiles/CMakeTmp'
/usr/bin/cmake -E cmake_progress_report /tmp/pip-req-build-xonnit_5/openjpeg/src/openjpeg/build/CMakeFiles/CMakeTmp/CMakeFiles 1
Building C object CMakeFiles/cmTryCompileExec1834543797.dir/CheckIncludeFile.c.o
/opt/rh/devtoolset-8/root/usr/bin/cc    -o CMakeFiles/cmTryCompileExec1834543797.dir/CheckIncludeFile.c.o   -c /tmp/pip-req-build-xonnit_5/openjpeg/src/openjpeg/build/CMakeFiles/CMakeTmp/CheckIncludeFile.c
Linking C executable cmTryCompileExec1834543797
/usr/bin/cmake -E cmake_link_script CMakeFiles/cmTryCompileExec1834543797.dir/link.txt --verbose=1
/opt/rh/devtoolset-8/root/usr/bin/cc       CMakeFiles/cmTryCompileExec1834543797.dir/CheckIncludeFile.c.o  -o cmTryCompileExec1834543797 -rdynamic 
gmake[1]: Leaving directory `/tmp/pip-req-build-xonnit_5/openjpeg/src/openjpeg/build/CMakeFiles/CMakeTmp'


Determining if the include file memory.h exists passed with the following output:
Change Dir: /tmp/pip-req-build-xonnit_5/openjpeg/src/openjpeg/build/CMakeFiles/CMakeTmp

Run Build Command:/usr/bin/gmake "cmTryCompileExec2362553853/fast"
/usr/bin/gmake -f CMakeFiles/cmTryCompileExec2362553853.dir/build.make CMakeFiles/cmTryCompileExec2362553853.dir/build
gmake[1]: Entering directory `/tmp/pip-req-build-xonnit_5/openjpeg/src/openjpeg/build/CMakeFiles/CMakeTmp'
/usr/bin/cmake -E cmake_progress_report /tmp/pip-req-build-xonnit_5/openjpeg/src/openjpeg/build/CMakeFiles/CMakeTmp/CMakeFiles 1
Building C object CMakeFiles/cmTryCompileExec2362553853.dir/CheckIncludeFile.c.o
/opt/rh/devtoolset-8/root/usr/bin/cc    -o CMakeFiles/cmTryCompileExec2362553853.dir/CheckIncludeFile.c.o   -c /tmp/pip-req-build-xonnit_5/openjpeg/src/openjpeg/build/CMakeFiles/CMakeTmp/CheckIncludeFile.c
Linking C executable cmTryCompileExec2362553853
/usr/bin/cmake -E cmake_link_script CMakeFiles/cmTryCompileExec2362553853.dir/link.txt --verbose=1
/opt/rh/devtoolset-8/root/usr/bin/cc       CMakeFiles/cmTryCompileExec2362553853.dir/CheckIncludeFile.c.o  -o cmTryCompileExec2362553853 -rdynamic 
gmake[1]: Leaving directory `/tmp/pip-req-build-xonnit_5/openjpeg/src/openjpeg/build/CMakeFiles/CMakeTmp'


Determining if the include file stdlib.h exists passed with the following output:
Change Dir: /tmp/pip-req-build-xonnit_5/openjpeg/src/openjpeg/build/CMakeFiles/CMakeTmp

Run Build Command:/usr/bin/gmake "cmTryCompileExec274850020/fast"
/usr/bin/gmake -f CMakeFiles/cmTryCompileExec274850020.dir/build.make CMakeFiles/cmTryCompileExec274850020.dir/build
gmake[1]: Entering directory `/tmp/pip-req-build-xonnit_5/openjpeg/src/openjpeg/build/CMakeFiles/CMakeTmp'
/usr/bin/cmake -E cmake_progress_report /tmp/pip-req-build-xonnit_5/openjpeg/src/openjpeg/build/CMakeFiles/CMakeTmp/CMakeFiles 1
Building C object CMakeFiles/cmTryCompileExec274850020.dir/CheckIncludeFile.c.o
/opt/rh/devtoolset-8/root/usr/bin/cc    -o CMakeFiles/cmTryCompileExec274850020.dir/CheckIncludeFile.c.o   -c /tmp/pip-req-build-xonnit_5/openjpeg/src/openjpeg/build/CMakeFiles/CMakeTmp/CheckIncludeFile.c
Linking C executable cmTryCompileExec274850020
/usr/bin/cmake -E cmake_link_script CMakeFiles/cmTryCompileExec274850020.dir/link.txt --verbose=1
/opt/rh/devtoolset-8/root/usr/bin/cc       CMakeFiles/cmTryCompileExec274850020.dir/CheckIncludeFile.c.o  -o cmTryCompileExec274850020 -rdynamic 
gmake[1]: Leaving directory `/tmp/pip-req-build-xonnit_5/openjpeg/src/openjpeg/build/CMakeFiles/CMakeTmp'


Determining if the include file stdio.h exists passed with the following output:
Change Dir: /tmp/pip-req-build-xonnit_5/openjpeg/src/openjpeg/build/CMakeFiles/CMakeTmp

Run Build Command:/usr/bin/gmake "cmTryCompileExec1288411289/fast"
/usr/bin/gmake -f CMakeFiles/cmTryCompileExec1288411289.dir/build.make CMakeFiles/cmTryCompileExec1288411289.dir/build
gmake[1]: Entering directory `/tmp/pip-req-build-xonnit_5/openjpeg/src/openjpeg/build/CMakeFiles/CMakeTmp'
/usr/bin/cmake -E cmake_progress_report /tmp/pip-req-build-xonnit_5/openjpeg/src/openjpeg/build/CMakeFiles/CMakeTmp/CMakeFiles 1
Building C object CMakeFiles/cmTryCompileExec1288411289.dir/CheckIncludeFile.c.o
/opt/rh/devtoolset-8/root/usr/bin/cc    -o CMakeFiles/cmTryCompileExec1288411289.dir/CheckIncludeFile.c.o   -c /tmp/pip-req-build-xonnit_5/openjpeg/src/openjpeg/build/CMakeFiles/CMakeTmp/CheckIncludeFile.c
Linking C executable cmTryCompileExec1288411289
/usr/bin/cmake -E cmake_link_script CMakeFiles/cmTryCompileExec1288411289.dir/link.txt --verbose=1
/opt/rh/devtoolset-8/root/usr/bin/cc       CMakeFiles/cmTryCompileExec1288411289.dir/CheckIncludeFile.c.o  -o cmTryCompileExec1288411289 -rdynamic 
gmake[1]: Leaving directory `/tmp/pip-req-build-xonnit_5/openjpeg/src/openjpeg/build/CMakeFiles/CMakeTmp'


Determining if the include file math.h exists passed with the following output:
Change Dir: /tmp/pip-req-build-xonnit_5/openjpeg/src/openjpeg/build/CMakeFiles/CMakeTmp

Run Build Command:/usr/bin/gmake "cmTryCompileExec1621937023/fast"
/usr/bin/gmake -f CMakeFiles/cmTryCompileExec1621937023.dir/build.make CMakeFiles/cmTryCompileExec1621937023.dir/build
gmake[1]: Entering directory `/tmp/pip-req-build-xonnit_5/openjpeg/src/openjpeg/build/CMakeFiles/CMakeTmp'
/usr/bin/cmake -E cmake_progress_report /tmp/pip-req-build-xonnit_5/openjpeg/src/openjpeg/build/CMakeFiles/CMakeTmp/CMakeFiles 1
Building C object CMakeFiles/cmTryCompileExec1621937023.dir/CheckIncludeFile.c.o
/opt/rh/devtoolset-8/root/usr/bin/cc    -o CMakeFiles/cmTryCompileExec1621937023.dir/CheckIncludeFile.c.o   -c /tmp/pip-req-build-xonnit_5/openjpeg/src/openjpeg/build/CMakeFiles/CMakeTmp/CheckIncludeFile.c
Linking C executable cmTryCompileExec1621937023
/usr/bin/cmake -E cmake_link_script CMakeFiles/cmTryCompileExec1621937023.dir/link.txt --verbose=1
/opt/rh/devtoolset-8/root/usr/bin/cc       CMakeFiles/cmTryCompileExec1621937023.dir/CheckIncludeFile.c.o  -o cmTryCompileExec1621937023 -rdynamic 
gmake[1]: Leaving directory `/tmp/pip-req-build-xonnit_5/openjpeg/src/openjpeg/build/CMakeFiles/CMakeTmp'


Determining if the include file float.h exists passed with the following output:
Change Dir: /tmp/pip-req-build-xonnit_5/openjpeg/src/openjpeg/build/CMakeFiles/CMakeTmp

Run Build Command:/usr/bin/gmake "cmTryCompileExec1379682398/fast"
/usr/bin/gmake -f CMakeFiles/cmTryCompileExec1379682398.dir/build.make CMakeFiles/cmTryCompileExec1379682398.dir/build
gmake[1]: Entering directory `/tmp/pip-req-build-xonnit_5/openjpeg/src/openjpeg/build/CMakeFiles/CMakeTmp'
/usr/bin/cmake -E cmake_progress_report /tmp/pip-req-build-xonnit_5/openjpeg/src/openjpeg/build/CMakeFiles/CMakeTmp/CMakeFiles 1
Building C object CMakeFiles/cmTryCompileExec1379682398.dir/CheckIncludeFile.c.o
/opt/rh/devtoolset-8/root/usr/bin/cc    -o CMakeFiles/cmTryCompileExec1379682398.dir/CheckIncludeFile.c.o   -c /tmp/pip-req-build-xonnit_5/openjpeg/src/openjpeg/build/CMakeFiles/CMakeTmp/CheckIncludeFile.c
Linking C executable cmTryCompileExec1379682398
/usr/bin/cmake -E cmake_link_script CMakeFiles/cmTryCompileExec1379682398.dir/link.txt --verbose=1
/opt/rh/devtoolset-8/root/usr/bin/cc       CMakeFiles/cmTryCompileExec1379682398.dir/CheckIncludeFile.c.o  -o cmTryCompileExec1379682398 -rdynamic 
gmake[1]: Leaving directory `/tmp/pip-req-build-xonnit_5/openjpeg/src/openjpeg/build/CMakeFiles/CMakeTmp'


Determining if the include file time.h exists passed with the following output:
Change Dir: /tmp/pip-req-build-xonnit_5/openjpeg/src/openjpeg/build/CMakeFiles/CMakeTmp

Run Build Command:/usr/bin/gmake "cmTryCompileExec2549728286/fast"
/usr/bin/gmake -f CMakeFiles/cmTryCompileExec2549728286.dir/build.make CMakeFiles/cmTryCompileExec2549728286.dir/build
gmake[1]: Entering directory `/tmp/pip-req-build-xonnit_5/openjpeg/src/openjpeg/build/CMakeFiles/CMakeTmp'
/usr/bin/cmake -E cmake_progress_report /tmp/pip-req-build-xonnit_5/openjpeg/src/openjpeg/build/CMakeFiles/CMakeTmp/CMakeFiles 1
Building C object CMakeFiles/cmTryCompileExec2549728286.dir/CheckIncludeFile.c.o
/opt/rh/devtoolset-8/root/usr/bin/cc    -o CMakeFiles/cmTryCompileExec2549728286.dir/CheckIncludeFile.c.o   -c /tmp/pip-req-build-xonnit_5/openjpeg/src/openjpeg/build/CMakeFiles/CMakeTmp/CheckIncludeFile.c
Linking C executable cmTryCompileExec2549728286
/usr/bin/cmake -E cmake_link_script CMakeFiles/cmTryCompileExec2549728286.dir/link.txt --verbose=1
/opt/rh/devtoolset-8/root/usr/bin/cc       CMakeFiles/cmTryCompileExec2549728286.dir/CheckIncludeFile.c.o  -o cmTryCompileExec2549728286 -rdynamic 
gmake[1]: Leaving directory `/tmp/pip-req-build-xonnit_5/openjpeg/src/openjpeg/build/CMakeFiles/CMakeTmp'


Determining if the include file stdarg.h exists passed with the following output:
Change Dir: /tmp/pip-req-build-xonnit_5/openjpeg/src/openjpeg/build/CMakeFiles/CMakeTmp

Run Build Command:/usr/bin/gmake "cmTryCompileExec2183363352/fast"
/usr/bin/gmake -f CMakeFiles/cmTryCompileExec2183363352.dir/build.make CMakeFiles/cmTryCompileExec2183363352.dir/build
gmake[1]: Entering directory `/tmp/pip-req-build-xonnit_5/openjpeg/src/openjpeg/build/CMakeFiles/CMakeTmp'
/usr/bin/cmake -E cmake_progress_report /tmp/pip-req-build-xonnit_5/openjpeg/src/openjpeg/build/CMakeFiles/CMakeTmp/CMakeFiles 1
Building C object CMakeFiles/cmTryCompileExec2183363352.dir/CheckIncludeFile.c.o
/opt/rh/devtoolset-8/root/usr/bin/cc    -o CMakeFiles/cmTryCompileExec2183363352.dir/CheckIncludeFile.c.o   -c /tmp/pip-req-build-xonnit_5/openjpeg/src/openjpeg/build/CMakeFiles/CMakeTmp/CheckIncludeFile.c
Linking C executable cmTryCompileExec2183363352
/usr/bin/cmake -E cmake_link_script CMakeFiles/cmTryCompileExec2183363352.dir/link.txt --verbose=1
/opt/rh/devtoolset-8/root/usr/bin/cc       CMakeFiles/cmTryCompileExec2183363352.dir/CheckIncludeFile.c.o  -o cmTryCompileExec2183363352 -rdynamic 
gmake[1]: Leaving directory `/tmp/pip-req-build-xonnit_5/openjpeg/src/openjpeg/build/CMakeFiles/CMakeTmp'


Determining if the include file ctype.h exists passed with the following output:
Change Dir: /tmp/pip-req-build-xonnit_5/openjpeg/src/openjpeg/build/CMakeFiles/CMakeTmp

Run Build Command:/usr/bin/gmake "cmTryCompileExec855058606/fast"
/usr/bin/gmake -f CMakeFiles/cmTryCompileExec855058606.dir/build.make CMakeFiles/cmTryCompileExec855058606.dir/build
gmake[1]: Entering directory `/tmp/pip-req-build-xonnit_5/openjpeg/src/openjpeg/build/CMakeFiles/CMakeTmp'
/usr/bin/cmake -E cmake_progress_report /tmp/pip-req-build-xonnit_5/openjpeg/src/openjpeg/build/CMakeFiles/CMakeTmp/CMakeFiles 1
Building C object CMakeFiles/cmTryCompileExec855058606.dir/CheckIncludeFile.c.o
/opt/rh/devtoolset-8/root/usr/bin/cc    -o CMakeFiles/cmTryCompileExec855058606.dir/CheckIncludeFile.c.o   -c /tmp/pip-req-build-xonnit_5/openjpeg/src/openjpeg/build/CMakeFiles/CMakeTmp/CheckIncludeFile.c
Linking C executable cmTryCompileExec855058606
/usr/bin/cmake -E cmake_link_script CMakeFiles/cmTryCompileExec855058606.dir/link.txt --verbose=1
/opt/rh/devtoolset-8/root/usr/bin/cc       CMakeFiles/cmTryCompileExec855058606.dir/CheckIncludeFile.c.o  -o cmTryCompileExec855058606 -rdynamic 
gmake[1]: Leaving directory `/tmp/pip-req-build-xonnit_5/openjpeg/src/openjpeg/build/CMakeFiles/CMakeTmp'


Determining if the include file assert.h exists passed with the following output:
Change Dir: /tmp/pip-req-build-xonnit_5/openjpeg/src/openjpeg/build/CMakeFiles/CMakeTmp

Run Build Command:/usr/bin/gmake "cmTryCompileExec2200126054/fast"
/usr/bin/gmake -f CMakeFiles/cmTryCompileExec2200126054.dir/build.make CMakeFiles/cmTryCompileExec2200126054.dir/build
gmake[1]: Entering directory `/tmp/pip-req-build-xonnit_5/openjpeg/src/openjpeg/build/CMakeFiles/CMakeTmp'
/usr/bin/cmake -E cmake_progress_report /tmp/pip-req-build-xonnit_5/openjpeg/src/openjpeg/build/CMakeFiles/CMakeTmp/CMakeFiles 1
Building C object CMakeFiles/cmTryCompileExec2200126054.dir/CheckIncludeFile.c.o
/opt/rh/devtoolset-8/root/usr/bin/cc    -o CMakeFiles/cmTryCompileExec2200126054.dir/CheckIncludeFile.c.o   -c /tmp/pip-req-build-xonnit_5/openjpeg/src/openjpeg/build/CMakeFiles/CMakeTmp/CheckIncludeFile.c
Linking C executable cmTryCompileExec2200126054
/usr/bin/cmake -E cmake_link_script CMakeFiles/cmTryCompileExec2200126054.dir/link.txt --verbose=1
/opt/rh/devtoolset-8/root/usr/bin/cc       CMakeFiles/cmTryCompileExec2200126054.dir/CheckIncludeFile.c.o  -o cmTryCompileExec2200126054 -rdynamic 
gmake[1]: Leaving directory `/tmp/pip-req-build-xonnit_5/openjpeg/src/openjpeg/build/CMakeFiles/CMakeTmp'


Determining if the include file stdint.h exists passed with the following output:
Change Dir: /tmp/pip-req-build-xonnit_5/openjpeg/src/openjpeg/build/CMakeFiles/CMakeTmp

Run Build Command:/usr/bin/gmake "cmTryCompileExec3801110248/fast"
/usr/bin/gmake -f CMakeFiles/cmTryCompileExec3801110248.dir/build.make CMakeFiles/cmTryCompileExec3801110248.dir/build
gmake[1]: Entering directory `/tmp/pip-req-build-xonnit_5/openjpeg/src/openjpeg/build/CMakeFiles/CMakeTmp'
/usr/bin/cmake -E cmake_progress_report /tmp/pip-req-build-xonnit_5/openjpeg/src/openjpeg/build/CMakeFiles/CMakeTmp/CMakeFiles 1
Building C object CMakeFiles/cmTryCompileExec3801110248.dir/CheckIncludeFile.c.o
/opt/rh/devtoolset-8/root/usr/bin/cc    -o CMakeFiles/cmTryCompileExec3801110248.dir/CheckIncludeFile.c.o   -c /tmp/pip-req-build-xonnit_5/openjpeg/src/openjpeg/build/CMakeFiles/CMakeTmp/CheckIncludeFile.c
Linking C executable cmTryCompileExec3801110248
/usr/bin/cmake -E cmake_link_script CMakeFiles/cmTryCompileExec3801110248.dir/link.txt --verbose=1
/opt/rh/devtoolset-8/root/usr/bin/cc       CMakeFiles/cmTryCompileExec3801110248.dir/CheckIncludeFile.c.o  -o cmTryCompileExec3801110248 -rdynamic 
gmake[1]: Leaving directory `/tmp/pip-req-build-xonnit_5/openjpeg/src/openjpeg/build/CMakeFiles/CMakeTmp'


Determining if the include file inttypes.h exists passed with the following output:
Change Dir: /tmp/pip-req-build-xonnit_5/openjpeg/src/openjpeg/build/CMakeFiles/CMakeTmp

Run Build Command:/usr/bin/gmake "cmTryCompileExec2633964375/fast"
/usr/bin/gmake -f CMakeFiles/cmTryCompileExec2633964375.dir/build.make CMakeFiles/cmTryCompileExec2633964375.dir/build
gmake[1]: Entering directory `/tmp/pip-req-build-xonnit_5/openjpeg/src/openjpeg/build/CMakeFiles/CMakeTmp'
/usr/bin/cmake -E cmake_progress_report /tmp/pip-req-build-xonnit_5/openjpeg/src/openjpeg/build/CMakeFiles/CMakeTmp/CMakeFiles 1
Building C object CMakeFiles/cmTryCompileExec2633964375.dir/CheckIncludeFile.c.o
/opt/rh/devtoolset-8/root/usr/bin/cc    -o CMakeFiles/cmTryCompileExec2633964375.dir/CheckIncludeFile.c.o   -c /tmp/pip-req-build-xonnit_5/openjpeg/src/openjpeg/build/CMakeFiles/CMakeTmp/CheckIncludeFile.c
Linking C executable cmTryCompileExec2633964375
/usr/bin/cmake -E cmake_link_script CMakeFiles/cmTryCompileExec2633964375.dir/link.txt --verbose=1
/opt/rh/devtoolset-8/root/usr/bin/cc       CMakeFiles/cmTryCompileExec2633964375.dir/CheckIncludeFile.c.o  -o cmTryCompileExec2633964375 -rdynamic 
gmake[1]: Leaving directory `/tmp/pip-req-build-xonnit_5/openjpeg/src/openjpeg/build/CMakeFiles/CMakeTmp'


Determining if the include file strings.h exists passed with the following output:
Change Dir: /tmp/pip-req-build-xonnit_5/openjpeg/src/openjpeg/build/CMakeFiles/CMakeTmp

Run Build Command:/usr/bin/gmake "cmTryCompileExec1436316242/fast"
/usr/bin/gmake -f CMakeFiles/cmTryCompileExec1436316242.dir/build.make CMakeFiles/cmTryCompileExec1436316242.dir/build
gmake[1]: Entering directory `/tmp/pip-req-build-xonnit_5/openjpeg/src/openjpeg/build/CMakeFiles/CMakeTmp'
/usr/bin/cmake -E cmake_progress_report /tmp/pip-req-build-xonnit_5/openjpeg/src/openjpeg/build/CMakeFiles/CMakeTmp/CMakeFiles 1
Building C object CMakeFiles/cmTryCompileExec1436316242.dir/CheckIncludeFile.c.o
/opt/rh/devtoolset-8/root/usr/bin/cc    -o CMakeFiles/cmTryCompileExec1436316242.dir/CheckIncludeFile.c.o   -c /tmp/pip-req-build-xonnit_5/openjpeg/src/openjpeg/build/CMakeFiles/CMakeTmp/CheckIncludeFile.c
Linking C executable cmTryCompileExec1436316242
/usr/bin/cmake -E cmake_link_script CMakeFiles/cmTryCompileExec1436316242.dir/link.txt --verbose=1
/opt/rh/devtoolset-8/root/usr/bin/cc       CMakeFiles/cmTryCompileExec1436316242.dir/CheckIncludeFile.c.o  -o cmTryCompileExec1436316242 -rdynamic 
gmake[1]: Leaving directory `/tmp/pip-req-build-xonnit_5/openjpeg/src/openjpeg/build/CMakeFiles/CMakeTmp'


Determining if the include file sys/stat.h exists passed with the following output:
Change Dir: /tmp/pip-req-build-xonnit_5/openjpeg/src/openjpeg/build/CMakeFiles/CMakeTmp

Run Build Command:/usr/bin/gmake "cmTryCompileExec570982129/fast"
/usr/bin/gmake -f CMakeFiles/cmTryCompileExec570982129.dir/build.make CMakeFiles/cmTryCompileExec570982129.dir/build
gmake[1]: Entering directory `/tmp/pip-req-build-xonnit_5/openjpeg/src/openjpeg/build/CMakeFiles/CMakeTmp'
/usr/bin/cmake -E cmake_progress_report /tmp/pip-req-build-xonnit_5/openjpeg/src/openjpeg/build/CMakeFiles/CMakeTmp/CMakeFiles 1
Building C object CMakeFiles/cmTryCompileExec570982129.dir/CheckIncludeFile.c.o
/opt/rh/devtoolset-8/root/usr/bin/cc    -o CMakeFiles/cmTryCompileExec570982129.dir/CheckIncludeFile.c.o   -c /tmp/pip-req-build-xonnit_5/openjpeg/src/openjpeg/build/CMakeFiles/CMakeTmp/CheckIncludeFile.c
Linking C executable cmTryCompileExec570982129
/usr/bin/cmake -E cmake_link_script CMakeFiles/cmTryCompileExec570982129.dir/link.txt --verbose=1
/opt/rh/devtoolset-8/root/usr/bin/cc       CMakeFiles/cmTryCompileExec570982129.dir/CheckIncludeFile.c.o  -o cmTryCompileExec570982129 -rdynamic 
gmake[1]: Leaving directory `/tmp/pip-req-build-xonnit_5/openjpeg/src/openjpeg/build/CMakeFiles/CMakeTmp'


Determining if the include file unistd.h exists passed with the following output:
Change Dir: /tmp/pip-req-build-xonnit_5/openjpeg/src/openjpeg/build/CMakeFiles/CMakeTmp

Run Build Command:/usr/bin/gmake "cmTryCompileExec2563916236/fast"
/usr/bin/gmake -f CMakeFiles/cmTryCompileExec2563916236.dir/build.make CMakeFiles/cmTryCompileExec2563916236.dir/build
gmake[1]: Entering directory `/tmp/pip-req-build-xonnit_5/openjpeg/src/openjpeg/build/CMakeFiles/CMakeTmp'
/usr/bin/cmake -E cmake_progress_report /tmp/pip-req-build-xonnit_5/openjpeg/src/openjpeg/build/CMakeFiles/CMakeTmp/CMakeFiles 1
Building C object CMakeFiles/cmTryCompileExec2563916236.dir/CheckIncludeFile.c.o
/opt/rh/devtoolset-8/root/usr/bin/cc    -o CMakeFiles/cmTryCompileExec2563916236.dir/CheckIncludeFile.c.o   -c /tmp/pip-req-build-xonnit_5/openjpeg/src/openjpeg/build/CMakeFiles/CMakeTmp/CheckIncludeFile.c
Linking C executable cmTryCompileExec2563916236
/usr/bin/cmake -E cmake_link_script CMakeFiles/cmTryCompileExec2563916236.dir/link.txt --verbose=1
/opt/rh/devtoolset-8/root/usr/bin/cc       CMakeFiles/cmTryCompileExec2563916236.dir/CheckIncludeFile.c.o  -o cmTryCompileExec2563916236 -rdynamic 
gmake[1]: Leaving directory `/tmp/pip-req-build-xonnit_5/openjpeg/src/openjpeg/build/CMakeFiles/CMakeTmp'


Determining if files malloc.h exist passed with the following output:
Change Dir: /tmp/pip-req-build-xonnit_5/openjpeg/src/openjpeg/build/CMakeFiles/CMakeTmp

Run Build Command:/usr/bin/gmake "cmTryCompileExec22809600/fast"
/usr/bin/gmake -f CMakeFiles/cmTryCompileExec22809600.dir/build.make CMakeFiles/cmTryCompileExec22809600.dir/build
gmake[1]: Entering directory `/tmp/pip-req-build-xonnit_5/openjpeg/src/openjpeg/build/CMakeFiles/CMakeTmp'
/usr/bin/cmake -E cmake_progress_report /tmp/pip-req-build-xonnit_5/openjpeg/src/openjpeg/build/CMakeFiles/CMakeTmp/CMakeFiles 1
Building C object CMakeFiles/cmTryCompileExec22809600.dir/CheckIncludeFiles.c.o
/opt/rh/devtoolset-8/root/usr/bin/cc    -o CMakeFiles/cmTryCompileExec22809600.dir/CheckIncludeFiles.c.o   -c /tmp/pip-req-build-xonnit_5/openjpeg/src/openjpeg/build/CMakeFiles/CMakeTmp/CheckIncludeFiles.c
Linking C executable cmTryCompileExec22809600
/usr/bin/cmake -E cmake_link_script CMakeFiles/cmTryCompileExec22809600.dir/link.txt --verbose=1
/opt/rh/devtoolset-8/root/usr/bin/cc       CMakeFiles/cmTryCompileExec22809600.dir/CheckIncludeFiles.c.o  -o cmTryCompileExec22809600 -rdynamic 
gmake[1]: Leaving directory `/tmp/pip-req-build-xonnit_5/openjpeg/src/openjpeg/build/CMakeFiles/CMakeTmp'


Determining if the posix_memalign exist passed with the following output:
Change Dir: /tmp/pip-req-build-xonnit_5/openjpeg/src/openjpeg/build/CMakeFiles/CMakeTmp

Run Build Command:/usr/bin/gmake "cmTryCompileExec3098782298/fast"
/usr/bin/gmake -f CMakeFiles/cmTryCompileExec3098782298.dir/build.make CMakeFiles/cmTryCompileExec3098782298.dir/build
gmake[1]: Entering directory `/tmp/pip-req-build-xonnit_5/openjpeg/src/openjpeg/build/CMakeFiles/CMakeTmp'
/usr/bin/cmake -E cmake_progress_report /tmp/pip-req-build-xonnit_5/openjpeg/src/openjpeg/build/CMakeFiles/CMakeTmp/CMakeFiles 1
Building C object CMakeFiles/cmTryCompileExec3098782298.dir/CheckSymbolExists.c.o
/opt/rh/devtoolset-8/root/usr/bin/cc  -D_POSIX_C_SOURCE=200112L  -o CMakeFiles/cmTryCompileExec3098782298.dir/CheckSymbolExists.c.o   -c /tmp/pip-req-build-xonnit_5/openjpeg/src/openjpeg/build/CMakeFiles/CMakeTmp/CheckSymbolExists.c
Linking C executable cmTryCompileExec3098782298
/usr/bin/cmake -E cmake_link_script CMakeFiles/cmTryCompileExec3098782298.dir/link.txt --verbose=1
/opt/rh/devtoolset-8/root/usr/bin/cc       CMakeFiles/cmTryCompileExec3098782298.dir/CheckSymbolExists.c.o  -o cmTryCompileExec3098782298 -rdynamic 
gmake[1]: Leaving directory `/tmp/pip-req-build-xonnit_5/openjpeg/src/openjpeg/build/CMakeFiles/CMakeTmp'

File /tmp/pip-req-build-xonnit_5/openjpeg/src/openjpeg/build/CMakeFiles/CMakeTmp/CheckSymbolExists.c:
/* */
#include <stdlib.h>

int main(int argc, char** argv)
{
  (void)argv;
#ifndef posix_memalign
  return ((int*)(&posix_memalign))[argc];
#else
  (void)argc;
  return 0;
#endif
}

Determining if the memalign exist passed with the following output:
Change Dir: /tmp/pip-req-build-xonnit_5/openjpeg/src/openjpeg/build/CMakeFiles/CMakeTmp

Run Build Command:/usr/bin/gmake "cmTryCompileExec1438256068/fast"
/usr/bin/gmake -f CMakeFiles/cmTryCompileExec1438256068.dir/build.make CMakeFiles/cmTryCompileExec1438256068.dir/build
gmake[1]: Entering directory `/tmp/pip-req-build-xonnit_5/openjpeg/src/openjpeg/build/CMakeFiles/CMakeTmp'
/usr/bin/cmake -E cmake_progress_report /tmp/pip-req-build-xonnit_5/openjpeg/src/openjpeg/build/CMakeFiles/CMakeTmp/CMakeFiles 1
Building C object CMakeFiles/cmTryCompileExec1438256068.dir/CheckSymbolExists.c.o
/opt/rh/devtoolset-8/root/usr/bin/cc    -o CMakeFiles/cmTryCompileExec1438256068.dir/CheckSymbolExists.c.o   -c /tmp/pip-req-build-xonnit_5/openjpeg/src/openjpeg/build/CMakeFiles/CMakeTmp/CheckSymbolExists.c
Linking C executable cmTryCompileExec1438256068
/usr/bin/cmake -E cmake_link_script CMakeFiles/cmTryCompileExec1438256068.dir/link.txt --verbose=1
/opt/rh/devtoolset-8/root/usr/bin/cc       CMakeFiles/cmTryCompileExec1438256068.dir/CheckSymbolExists.c.o  -o cmTryCompileExec1438256068 -rdynamic 
gmake[1]: Leaving directory `/tmp/pip-req-build-xonnit_5/openjpeg/src/openjpeg/build/CMakeFiles/CMakeTmp'

File /tmp/pip-req-build-xonnit_5/openjpeg/src/openjpeg/build/CMakeFiles/CMakeTmp/CheckSymbolExists.c:
/* */
#include <malloc.h>

int main(int argc, char** argv)
{
  (void)argv;
#ifndef memalign
  return ((int*)(&memalign))[argc];
#else
  (void)argc;
  return 0;
#endif
}

