The system is: Darwin - 19.5.0 - x86_64
Compiling the C compiler identification source file "CMakeCCompilerId.c" succeeded.
Compiler: /Applications/Xcode_11.5.app/Contents/Developer/Toolchains/XcodeDefault.xctoolchain/usr/bin/cc 
Build flags: 
Id flags:  

The output was:
0


Compilation of the C compiler identification source "CMakeCCompilerId.c" produced "a.out"

The C compiler identification is AppleClang, found in "/private/var/folders/24/8k48jl6d249_n_qfxwsl6xvm0000gn/T/pip-req-build-br7r7e_n/openjpeg/src/openjpeg/build/CMakeFiles/3.17.3/CompilerIdC/a.out"

Compiling the CXX compiler identification source file "CMakeCXXCompilerId.cpp" succeeded.
Compiler: /Applications/Xcode_11.5.app/Contents/Developer/Toolchains/XcodeDefault.xctoolchain/usr/bin/c++ 
Build flags: 
Id flags:  

The output was:
0


Compilation of the CXX compiler identification source "CMakeCXXCompilerId.cpp" produced "a.out"

The CXX compiler identification is AppleClang, found in "/private/var/folders/24/8k48jl6d249_n_qfxwsl6xvm0000gn/T/pip-req-build-br7r7e_n/openjpeg/src/openjpeg/build/CMakeFiles/3.17.3/CompilerIdCXX/a.out"

Determining if the C compiler works passed with the following output:
Change Dir: /private/var/folders/24/8k48jl6d249_n_qfxwsl6xvm0000gn/T/pip-req-build-br7r7e_n/openjpeg/src/openjpeg/build/CMakeFiles/CMakeTmp

Run Build Command(s):/usr/bin/make cmTC_1e8b6/fast && /Applications/Xcode_11.5.app/Contents/Developer/usr/bin/make  -f CMakeFiles/cmTC_1e8b6.dir/build.make CMakeFiles/cmTC_1e8b6.dir/build
Building C object CMakeFiles/cmTC_1e8b6.dir/testCCompiler.c.o
/Applications/Xcode_11.5.app/Contents/Developer/Toolchains/XcodeDefault.xctoolchain/usr/bin/cc   -isysroot /Applications/Xcode_11.5.app/Contents/Developer/Platforms/MacOSX.platform/Developer/SDKs/MacOSX10.15.sdk -mmacosx-version-min=10.9   -o CMakeFiles/cmTC_1e8b6.dir/testCCompiler.c.o   -c /private/var/folders/24/8k48jl6d249_n_qfxwsl6xvm0000gn/T/pip-req-build-br7r7e_n/openjpeg/src/openjpeg/build/CMakeFiles/CMakeTmp/testCCompiler.c
Linking C executable cmTC_1e8b6
/usr/local/Cellar/cmake/3.17.3/bin/cmake -E cmake_link_script CMakeFiles/cmTC_1e8b6.dir/link.txt --verbose=1
/Applications/Xcode_11.5.app/Contents/Developer/Toolchains/XcodeDefault.xctoolchain/usr/bin/cc   -isysroot /Applications/Xcode_11.5.app/Contents/Developer/Platforms/MacOSX.platform/Developer/SDKs/MacOSX10.15.sdk -mmacosx-version-min=10.9 -Wl,-search_paths_first -Wl,-headerpad_max_install_names   CMakeFiles/cmTC_1e8b6.dir/testCCompiler.c.o  -o cmTC_1e8b6 



Detecting C compiler ABI info compiled with the following output:
Change Dir: /private/var/folders/24/8k48jl6d249_n_qfxwsl6xvm0000gn/T/pip-req-build-br7r7e_n/openjpeg/src/openjpeg/build/CMakeFiles/CMakeTmp

Run Build Command(s):/usr/bin/make cmTC_e3fe7/fast && /Applications/Xcode_11.5.app/Contents/Developer/usr/bin/make  -f CMakeFiles/cmTC_e3fe7.dir/build.make CMakeFiles/cmTC_e3fe7.dir/build
Building C object CMakeFiles/cmTC_e3fe7.dir/CMakeCCompilerABI.c.o
/Applications/Xcode_11.5.app/Contents/Developer/Toolchains/XcodeDefault.xctoolchain/usr/bin/cc   -isysroot /Applications/Xcode_11.5.app/Contents/Developer/Platforms/MacOSX.platform/Developer/SDKs/MacOSX10.15.sdk -mmacosx-version-min=10.9   -v -Wl,-v -o CMakeFiles/cmTC_e3fe7.dir/CMakeCCompilerABI.c.o   -c /usr/local/Cellar/cmake/3.17.3/share/cmake/Modules/CMakeCCompilerABI.c
Apple clang version 11.0.3 (clang-1103.0.32.62)
Target: x86_64-apple-darwin19.5.0
Thread model: posix
InstalledDir: /Applications/Xcode_11.5.app/Contents/Developer/Toolchains/XcodeDefault.xctoolchain/usr/bin
clang: warning: -Wl,-v: 'linker' input unused [-Wunused-command-line-argument]
 "/Applications/Xcode_11.5.app/Contents/Developer/Toolchains/XcodeDefault.xctoolchain/usr/bin/clang" -cc1 -triple x86_64-apple-macosx10.9.0 -Wdeprecated-objc-isa-usage -Werror=deprecated-objc-isa-usage -emit-obj -mrelax-all -disable-free -disable-llvm-verifier -discard-value-names -main-file-name CMakeCCompilerABI.c -mrelocation-model pic -pic-level 2 -mthread-model posix -mframe-pointer=all -fno-strict-return -masm-verbose -munwind-tables -faligned-alloc-unavailable -target-sdk-version=10.15.4 -target-cpu core2 -dwarf-column-info -debugger-tuning=lldb -target-linker-version 556.6 -v -coverage-notes-file /private/var/folders/24/8k48jl6d249_n_qfxwsl6xvm0000gn/T/pip-req-build-br7r7e_n/openjpeg/src/openjpeg/build/CMakeFiles/CMakeTmp/CMakeFiles/cmTC_e3fe7.dir/CMakeCCompilerABI.c.gcno -resource-dir /Applications/Xcode_11.5.app/Contents/Developer/Toolchains/XcodeDefault.xctoolchain/usr/lib/clang/11.0.3 -isysroot /Applications/Xcode_11.5.app/Contents/Developer/Platforms/MacOSX.platform/Developer/SDKs/MacOSX10.15.sdk -internal-isystem /Applications/Xcode_11.5.app/Contents/Developer/Platforms/MacOSX.platform/Developer/SDKs/MacOSX10.15.sdk/usr/local/include -internal-isystem /Applications/Xcode_11.5.app/Contents/Developer/Toolchains/XcodeDefault.xctoolchain/usr/lib/clang/11.0.3/include -internal-externc-isystem /Applications/Xcode_11.5.app/Contents/Developer/Platforms/MacOSX.platform/Developer/SDKs/MacOSX10.15.sdk/usr/include -internal-externc-isystem /Applications/Xcode_11.5.app/Contents/Developer/Toolchains/XcodeDefault.xctoolchain/usr/include -Wno-objc-signed-char-bool-implicit-int-conversion -Wno-extra-semi-stmt -Wno-quoted-include-in-framework-header -fdebug-compilation-dir /private/var/folders/24/8k48jl6d249_n_qfxwsl6xvm0000gn/T/pip-req-build-br7r7e_n/openjpeg/src/openjpeg/build/CMakeFiles/CMakeTmp -ferror-limit 19 -fmessage-length 0 -stack-protector 1 -mdarwin-stkchk-strong-link -fblocks -fencode-extended-block-signature -fregister-global-dtors-with-atexit -fobjc-runtime=macosx-10.9.0 -fmax-type-align=16 -fdiagnostics-show-option -o CMakeFiles/cmTC_e3fe7.dir/CMakeCCompilerABI.c.o -x c /usr/local/Cellar/cmake/3.17.3/share/cmake/Modules/CMakeCCompilerABI.c
clang -cc1 version 11.0.3 (clang-1103.0.32.62) default target x86_64-apple-darwin19.5.0
ignoring nonexistent directory "/Applications/Xcode_11.5.app/Contents/Developer/Platforms/MacOSX.platform/Developer/SDKs/MacOSX10.15.sdk/usr/local/include"
ignoring nonexistent directory "/Applications/Xcode_11.5.app/Contents/Developer/Platforms/MacOSX.platform/Developer/SDKs/MacOSX10.15.sdk/Library/Frameworks"
#include "..." search starts here:
#include <...> search starts here:
 /Applications/Xcode_11.5.app/Contents/Developer/Toolchains/XcodeDefault.xctoolchain/usr/lib/clang/11.0.3/include
 /Applications/Xcode_11.5.app/Contents/Developer/Platforms/MacOSX.platform/Developer/SDKs/MacOSX10.15.sdk/usr/include
 /Applications/Xcode_11.5.app/Contents/Developer/Toolchains/XcodeDefault.xctoolchain/usr/include
 /Applications/Xcode_11.5.app/Contents/Developer/Platforms/MacOSX.platform/Developer/SDKs/MacOSX10.15.sdk/System/Library/Frameworks (framework directory)
End of search list.
Linking C executable cmTC_e3fe7
/usr/local/Cellar/cmake/3.17.3/bin/cmake -E cmake_link_script CMakeFiles/cmTC_e3fe7.dir/link.txt --verbose=1
/Applications/Xcode_11.5.app/Contents/Developer/Toolchains/XcodeDefault.xctoolchain/usr/bin/cc   -isysroot /Applications/Xcode_11.5.app/Contents/Developer/Platforms/MacOSX.platform/Developer/SDKs/MacOSX10.15.sdk -mmacosx-version-min=10.9 -Wl,-search_paths_first -Wl,-headerpad_max_install_names  -v -Wl,-v CMakeFiles/cmTC_e3fe7.dir/CMakeCCompilerABI.c.o  -o cmTC_e3fe7 
Apple clang version 11.0.3 (clang-1103.0.32.62)
Target: x86_64-apple-darwin19.5.0
Thread model: posix
InstalledDir: /Applications/Xcode_11.5.app/Contents/Developer/Toolchains/XcodeDefault.xctoolchain/usr/bin
 "/Applications/Xcode_11.5.app/Contents/Developer/Toolchains/XcodeDefault.xctoolchain/usr/bin/ld" -demangle -lto_library /Applications/Xcode_11.5.app/Contents/Developer/Toolchains/XcodeDefault.xctoolchain/usr/lib/libLTO.dylib -dynamic -arch x86_64 -platform_version macos 10.9.0 10.15.4 -syslibroot /Applications/Xcode_11.5.app/Contents/Developer/Platforms/MacOSX.platform/Developer/SDKs/MacOSX10.15.sdk -o cmTC_e3fe7 -search_paths_first -headerpad_max_install_names -v CMakeFiles/cmTC_e3fe7.dir/CMakeCCompilerABI.c.o -lSystem /Applications/Xcode_11.5.app/Contents/Developer/Toolchains/XcodeDefault.xctoolchain/usr/lib/clang/11.0.3/lib/darwin/libclang_rt.osx.a
@(#)PROGRAM:ld  PROJECT:ld64-556.6
BUILD 17:57:49 Apr 24 2020
configured to support archs: armv6 armv7 armv7s arm64 arm64e arm64_32 i386 x86_64 x86_64h armv6m armv7k armv7m armv7em
Library search paths:
	/Applications/Xcode_11.5.app/Contents/Developer/Platforms/MacOSX.platform/Developer/SDKs/MacOSX10.15.sdk/usr/lib
Framework search paths:
	/Applications/Xcode_11.5.app/Contents/Developer/Platforms/MacOSX.platform/Developer/SDKs/MacOSX10.15.sdk/System/Library/Frameworks/



Parsed C implicit include dir info from above output: rv=done
  found start of include info
  found start of implicit include info
    add: [/Applications/Xcode_11.5.app/Contents/Developer/Toolchains/XcodeDefault.xctoolchain/usr/lib/clang/11.0.3/include]
    add: [/Applications/Xcode_11.5.app/Contents/Developer/Platforms/MacOSX.platform/Developer/SDKs/MacOSX10.15.sdk/usr/include]
    add: [/Applications/Xcode_11.5.app/Contents/Developer/Toolchains/XcodeDefault.xctoolchain/usr/include]
  end of search list found
  collapse include dir [/Applications/Xcode_11.5.app/Contents/Developer/Toolchains/XcodeDefault.xctoolchain/usr/lib/clang/11.0.3/include] ==> [/Applications/Xcode_11.5.app/Contents/Developer/Toolchains/XcodeDefault.xctoolchain/usr/lib/clang/11.0.3/include]
  collapse include dir [/Applications/Xcode_11.5.app/Contents/Developer/Platforms/MacOSX.platform/Developer/SDKs/MacOSX10.15.sdk/usr/include] ==> [/Applications/Xcode_11.5.app/Contents/Developer/Platforms/MacOSX.platform/Developer/SDKs/MacOSX10.15.sdk/usr/include]
  collapse include dir [/Applications/Xcode_11.5.app/Contents/Developer/Toolchains/XcodeDefault.xctoolchain/usr/include] ==> [/Applications/Xcode_11.5.app/Contents/Developer/Toolchains/XcodeDefault.xctoolchain/usr/include]
  implicit include dirs: [/Applications/Xcode_11.5.app/Contents/Developer/Toolchains/XcodeDefault.xctoolchain/usr/lib/clang/11.0.3/include;/Applications/Xcode_11.5.app/Contents/Developer/Platforms/MacOSX.platform/Developer/SDKs/MacOSX10.15.sdk/usr/include;/Applications/Xcode_11.5.app/Contents/Developer/Toolchains/XcodeDefault.xctoolchain/usr/include]


Parsed C implicit link information from above output:
  link line regex: [^( *|.*[/\])(ld|CMAKE_LINK_STARTFILE-NOTFOUND|([^/\]+-)?ld|collect2)[^/\]*( |$)]
  ignore line: [Change Dir: /private/var/folders/24/8k48jl6d249_n_qfxwsl6xvm0000gn/T/pip-req-build-br7r7e_n/openjpeg/src/openjpeg/build/CMakeFiles/CMakeTmp]
  ignore line: []
  ignore line: [Run Build Command(s):/usr/bin/make cmTC_e3fe7/fast && /Applications/Xcode_11.5.app/Contents/Developer/usr/bin/make  -f CMakeFiles/cmTC_e3fe7.dir/build.make CMakeFiles/cmTC_e3fe7.dir/build]
  ignore line: [Building C object CMakeFiles/cmTC_e3fe7.dir/CMakeCCompilerABI.c.o]
  ignore line: [/Applications/Xcode_11.5.app/Contents/Developer/Toolchains/XcodeDefault.xctoolchain/usr/bin/cc   -isysroot /Applications/Xcode_11.5.app/Contents/Developer/Platforms/MacOSX.platform/Developer/SDKs/MacOSX10.15.sdk -mmacosx-version-min=10.9   -v -Wl -v -o CMakeFiles/cmTC_e3fe7.dir/CMakeCCompilerABI.c.o   -c /usr/local/Cellar/cmake/3.17.3/share/cmake/Modules/CMakeCCompilerABI.c]
  ignore line: [Apple clang version 11.0.3 (clang-1103.0.32.62)]
  ignore line: [Target: x86_64-apple-darwin19.5.0]
  ignore line: [Thread model: posix]
  ignore line: [InstalledDir: /Applications/Xcode_11.5.app/Contents/Developer/Toolchains/XcodeDefault.xctoolchain/usr/bin]
  ignore line: [clang: warning: -Wl -v: 'linker' input unused [-Wunused-command-line-argument]]
  ignore line: [ "/Applications/Xcode_11.5.app/Contents/Developer/Toolchains/XcodeDefault.xctoolchain/usr/bin/clang" -cc1 -triple x86_64-apple-macosx10.9.0 -Wdeprecated-objc-isa-usage -Werror=deprecated-objc-isa-usage -emit-obj -mrelax-all -disable-free -disable-llvm-verifier -discard-value-names -main-file-name CMakeCCompilerABI.c -mrelocation-model pic -pic-level 2 -mthread-model posix -mframe-pointer=all -fno-strict-return -masm-verbose -munwind-tables -faligned-alloc-unavailable -target-sdk-version=10.15.4 -target-cpu core2 -dwarf-column-info -debugger-tuning=lldb -target-linker-version 556.6 -v -coverage-notes-file /private/var/folders/24/8k48jl6d249_n_qfxwsl6xvm0000gn/T/pip-req-build-br7r7e_n/openjpeg/src/openjpeg/build/CMakeFiles/CMakeTmp/CMakeFiles/cmTC_e3fe7.dir/CMakeCCompilerABI.c.gcno -resource-dir /Applications/Xcode_11.5.app/Contents/Developer/Toolchains/XcodeDefault.xctoolchain/usr/lib/clang/11.0.3 -isysroot /Applications/Xcode_11.5.app/Contents/Developer/Platforms/MacOSX.platform/Developer/SDKs/MacOSX10.15.sdk -internal-isystem /Applications/Xcode_11.5.app/Contents/Developer/Platforms/MacOSX.platform/Developer/SDKs/MacOSX10.15.sdk/usr/local/include -internal-isystem /Applications/Xcode_11.5.app/Contents/Developer/Toolchains/XcodeDefault.xctoolchain/usr/lib/clang/11.0.3/include -internal-externc-isystem /Applications/Xcode_11.5.app/Contents/Developer/Platforms/MacOSX.platform/Developer/SDKs/MacOSX10.15.sdk/usr/include -internal-externc-isystem /Applications/Xcode_11.5.app/Contents/Developer/Toolchains/XcodeDefault.xctoolchain/usr/include -Wno-objc-signed-char-bool-implicit-int-conversion -Wno-extra-semi-stmt -Wno-quoted-include-in-framework-header -fdebug-compilation-dir /private/var/folders/24/8k48jl6d249_n_qfxwsl6xvm0000gn/T/pip-req-build-br7r7e_n/openjpeg/src/openjpeg/build/CMakeFiles/CMakeTmp -ferror-limit 19 -fmessage-length 0 -stack-protector 1 -mdarwin-stkchk-strong-link -fblocks -fencode-extended-block-signature -fregister-global-dtors-with-atexit -fobjc-runtime=macosx-10.9.0 -fmax-type-align=16 -fdiagnostics-show-option -o CMakeFiles/cmTC_e3fe7.dir/CMakeCCompilerABI.c.o -x c /usr/local/Cellar/cmake/3.17.3/share/cmake/Modules/CMakeCCompilerABI.c]
  ignore line: [clang -cc1 version 11.0.3 (clang-1103.0.32.62) default target x86_64-apple-darwin19.5.0]
  ignore line: [ignoring nonexistent directory "/Applications/Xcode_11.5.app/Contents/Developer/Platforms/MacOSX.platform/Developer/SDKs/MacOSX10.15.sdk/usr/local/include"]
  ignore line: [ignoring nonexistent directory "/Applications/Xcode_11.5.app/Contents/Developer/Platforms/MacOSX.platform/Developer/SDKs/MacOSX10.15.sdk/Library/Frameworks"]
  ignore line: [#include "..." search starts here:]
  ignore line: [#include <...> search starts here:]
  ignore line: [ /Applications/Xcode_11.5.app/Contents/Developer/Toolchains/XcodeDefault.xctoolchain/usr/lib/clang/11.0.3/include]
  ignore line: [ /Applications/Xcode_11.5.app/Contents/Developer/Platforms/MacOSX.platform/Developer/SDKs/MacOSX10.15.sdk/usr/include]
  ignore line: [ /Applications/Xcode_11.5.app/Contents/Developer/Toolchains/XcodeDefault.xctoolchain/usr/include]
  ignore line: [ /Applications/Xcode_11.5.app/Contents/Developer/Platforms/MacOSX.platform/Developer/SDKs/MacOSX10.15.sdk/System/Library/Frameworks (framework directory)]
  ignore line: [End of search list.]
  ignore line: [Linking C executable cmTC_e3fe7]
  ignore line: [/usr/local/Cellar/cmake/3.17.3/bin/cmake -E cmake_link_script CMakeFiles/cmTC_e3fe7.dir/link.txt --verbose=1]
  ignore line: [/Applications/Xcode_11.5.app/Contents/Developer/Toolchains/XcodeDefault.xctoolchain/usr/bin/cc   -isysroot /Applications/Xcode_11.5.app/Contents/Developer/Platforms/MacOSX.platform/Developer/SDKs/MacOSX10.15.sdk -mmacosx-version-min=10.9 -Wl -search_paths_first -Wl -headerpad_max_install_names  -v -Wl -v CMakeFiles/cmTC_e3fe7.dir/CMakeCCompilerABI.c.o  -o cmTC_e3fe7 ]
  ignore line: [Apple clang version 11.0.3 (clang-1103.0.32.62)]
  ignore line: [Target: x86_64-apple-darwin19.5.0]
  ignore line: [Thread model: posix]
  ignore line: [InstalledDir: /Applications/Xcode_11.5.app/Contents/Developer/Toolchains/XcodeDefault.xctoolchain/usr/bin]
  link line: [ "/Applications/Xcode_11.5.app/Contents/Developer/Toolchains/XcodeDefault.xctoolchain/usr/bin/ld" -demangle -lto_library /Applications/Xcode_11.5.app/Contents/Developer/Toolchains/XcodeDefault.xctoolchain/usr/lib/libLTO.dylib -dynamic -arch x86_64 -platform_version macos 10.9.0 10.15.4 -syslibroot /Applications/Xcode_11.5.app/Contents/Developer/Platforms/MacOSX.platform/Developer/SDKs/MacOSX10.15.sdk -o cmTC_e3fe7 -search_paths_first -headerpad_max_install_names -v CMakeFiles/cmTC_e3fe7.dir/CMakeCCompilerABI.c.o -lSystem /Applications/Xcode_11.5.app/Contents/Developer/Toolchains/XcodeDefault.xctoolchain/usr/lib/clang/11.0.3/lib/darwin/libclang_rt.osx.a]
    arg [/Applications/Xcode_11.5.app/Contents/Developer/Toolchains/XcodeDefault.xctoolchain/usr/bin/ld] ==> ignore
    arg [-demangle] ==> ignore
    arg [-lto_library] ==> ignore, skip following value
    arg [/Applications/Xcode_11.5.app/Contents/Developer/Toolchains/XcodeDefault.xctoolchain/usr/lib/libLTO.dylib] ==> skip value of -lto_library
    arg [-dynamic] ==> ignore
    arg [-arch] ==> ignore
    arg [x86_64] ==> ignore
    arg [-platform_version] ==> ignore
    arg [macos] ==> ignore
    arg [10.9.0] ==> ignore
    arg [10.15.4] ==> ignore
    arg [-syslibroot] ==> ignore
    arg [/Applications/Xcode_11.5.app/Contents/Developer/Platforms/MacOSX.platform/Developer/SDKs/MacOSX10.15.sdk] ==> ignore
    arg [-o] ==> ignore
    arg [cmTC_e3fe7] ==> ignore
    arg [-search_paths_first] ==> ignore
    arg [-headerpad_max_install_names] ==> ignore
    arg [-v] ==> ignore
    arg [CMakeFiles/cmTC_e3fe7.dir/CMakeCCompilerABI.c.o] ==> ignore
    arg [-lSystem] ==> lib [System]
    arg [/Applications/Xcode_11.5.app/Contents/Developer/Toolchains/XcodeDefault.xctoolchain/usr/lib/clang/11.0.3/lib/darwin/libclang_rt.osx.a] ==> lib [/Applications/Xcode_11.5.app/Contents/Developer/Toolchains/XcodeDefault.xctoolchain/usr/lib/clang/11.0.3/lib/darwin/libclang_rt.osx.a]
  Library search paths: [;/Applications/Xcode_11.5.app/Contents/Developer/Platforms/MacOSX.platform/Developer/SDKs/MacOSX10.15.sdk/usr/lib]
  Framework search paths: [;/Applications/Xcode_11.5.app/Contents/Developer/Platforms/MacOSX.platform/Developer/SDKs/MacOSX10.15.sdk/System/Library/Frameworks/]
  remove lib [System]
  remove lib [/Applications/Xcode_11.5.app/Contents/Developer/Toolchains/XcodeDefault.xctoolchain/usr/lib/clang/11.0.3/lib/darwin/libclang_rt.osx.a]
  collapse library dir [/Applications/Xcode_11.5.app/Contents/Developer/Platforms/MacOSX.platform/Developer/SDKs/MacOSX10.15.sdk/usr/lib] ==> [/Applications/Xcode_11.5.app/Contents/Developer/Platforms/MacOSX.platform/Developer/SDKs/MacOSX10.15.sdk/usr/lib]
  collapse framework dir [/Applications/Xcode_11.5.app/Contents/Developer/Platforms/MacOSX.platform/Developer/SDKs/MacOSX10.15.sdk/System/Library/Frameworks/] ==> [/Applications/Xcode_11.5.app/Contents/Developer/Platforms/MacOSX.platform/Developer/SDKs/MacOSX10.15.sdk/System/Library/Frameworks]
  implicit libs: []
  implicit dirs: [/Applications/Xcode_11.5.app/Contents/Developer/Platforms/MacOSX.platform/Developer/SDKs/MacOSX10.15.sdk/usr/lib]
  implicit fwks: [/Applications/Xcode_11.5.app/Contents/Developer/Platforms/MacOSX.platform/Developer/SDKs/MacOSX10.15.sdk/System/Library/Frameworks]


Determining if the CXX compiler works passed with the following output:
Change Dir: /private/var/folders/24/8k48jl6d249_n_qfxwsl6xvm0000gn/T/pip-req-build-br7r7e_n/openjpeg/src/openjpeg/build/CMakeFiles/CMakeTmp

Run Build Command(s):/usr/bin/make cmTC_64086/fast && /Applications/Xcode_11.5.app/Contents/Developer/usr/bin/make  -f CMakeFiles/cmTC_64086.dir/build.make CMakeFiles/cmTC_64086.dir/build
Building CXX object CMakeFiles/cmTC_64086.dir/testCXXCompiler.cxx.o
/Applications/Xcode_11.5.app/Contents/Developer/Toolchains/XcodeDefault.xctoolchain/usr/bin/c++    -isysroot /Applications/Xcode_11.5.app/Contents/Developer/Platforms/MacOSX.platform/Developer/SDKs/MacOSX10.15.sdk -mmacosx-version-min=10.9   -o CMakeFiles/cmTC_64086.dir/testCXXCompiler.cxx.o -c /private/var/folders/24/8k48jl6d249_n_qfxwsl6xvm0000gn/T/pip-req-build-br7r7e_n/openjpeg/src/openjpeg/build/CMakeFiles/CMakeTmp/testCXXCompiler.cxx
Linking CXX executable cmTC_64086
/usr/local/Cellar/cmake/3.17.3/bin/cmake -E cmake_link_script CMakeFiles/cmTC_64086.dir/link.txt --verbose=1
/Applications/Xcode_11.5.app/Contents/Developer/Toolchains/XcodeDefault.xctoolchain/usr/bin/c++    -isysroot /Applications/Xcode_11.5.app/Contents/Developer/Platforms/MacOSX.platform/Developer/SDKs/MacOSX10.15.sdk -mmacosx-version-min=10.9 -Wl,-search_paths_first -Wl,-headerpad_max_install_names   CMakeFiles/cmTC_64086.dir/testCXXCompiler.cxx.o  -o cmTC_64086 



Detecting CXX compiler ABI info compiled with the following output:
Change Dir: /private/var/folders/24/8k48jl6d249_n_qfxwsl6xvm0000gn/T/pip-req-build-br7r7e_n/openjpeg/src/openjpeg/build/CMakeFiles/CMakeTmp

Run Build Command(s):/usr/bin/make cmTC_10059/fast && /Applications/Xcode_11.5.app/Contents/Developer/usr/bin/make  -f CMakeFiles/cmTC_10059.dir/build.make CMakeFiles/cmTC_10059.dir/build
Building CXX object CMakeFiles/cmTC_10059.dir/CMakeCXXCompilerABI.cpp.o
/Applications/Xcode_11.5.app/Contents/Developer/Toolchains/XcodeDefault.xctoolchain/usr/bin/c++    -isysroot /Applications/Xcode_11.5.app/Contents/Developer/Platforms/MacOSX.platform/Developer/SDKs/MacOSX10.15.sdk -mmacosx-version-min=10.9   -v -Wl,-v -o CMakeFiles/cmTC_10059.dir/CMakeCXXCompilerABI.cpp.o -c /usr/local/Cellar/cmake/3.17.3/share/cmake/Modules/CMakeCXXCompilerABI.cpp
Apple clang version 11.0.3 (clang-1103.0.32.62)
Target: x86_64-apple-darwin19.5.0
Thread model: posix
InstalledDir: /Applications/Xcode_11.5.app/Contents/Developer/Toolchains/XcodeDefault.xctoolchain/usr/bin
clang: warning: -Wl,-v: 'linker' input unused [-Wunused-command-line-argument]
 "/Applications/Xcode_11.5.app/Contents/Developer/Toolchains/XcodeDefault.xctoolchain/usr/bin/clang" -cc1 -triple x86_64-apple-macosx10.9.0 -Wdeprecated-objc-isa-usage -Werror=deprecated-objc-isa-usage -emit-obj -mrelax-all -disable-free -disable-llvm-verifier -discard-value-names -main-file-name CMakeCXXCompilerABI.cpp -mrelocation-model pic -pic-level 2 -mthread-model posix -mframe-pointer=all -fno-strict-return -masm-verbose -munwind-tables -faligned-alloc-unavailable -target-sdk-version=10.15.4 -target-cpu core2 -dwarf-column-info -debugger-tuning=lldb -target-linker-version 556.6 -v -coverage-notes-file /private/var/folders/24/8k48jl6d249_n_qfxwsl6xvm0000gn/T/pip-req-build-br7r7e_n/openjpeg/src/openjpeg/build/CMakeFiles/CMakeTmp/CMakeFiles/cmTC_10059.dir/CMakeCXXCompilerABI.cpp.gcno -resource-dir /Applications/Xcode_11.5.app/Contents/Developer/Toolchains/XcodeDefault.xctoolchain/usr/lib/clang/11.0.3 -isysroot /Applications/Xcode_11.5.app/Contents/Developer/Platforms/MacOSX.platform/Developer/SDKs/MacOSX10.15.sdk -stdlib=libc++ -internal-isystem /Applications/Xcode_11.5.app/Contents/Developer/Toolchains/XcodeDefault.xctoolchain/usr/bin/../include/c++/v1 -internal-isystem /Applications/Xcode_11.5.app/Contents/Developer/Platforms/MacOSX.platform/Developer/SDKs/MacOSX10.15.sdk/usr/include/c++/v1 -internal-isystem /Applications/Xcode_11.5.app/Contents/Developer/Platforms/MacOSX.platform/Developer/SDKs/MacOSX10.15.sdk/usr/local/include -internal-isystem /Applications/Xcode_11.5.app/Contents/Developer/Toolchains/XcodeDefault.xctoolchain/usr/lib/clang/11.0.3/include -internal-externc-isystem /Applications/Xcode_11.5.app/Contents/Developer/Platforms/MacOSX.platform/Developer/SDKs/MacOSX10.15.sdk/usr/include -internal-externc-isystem /Applications/Xcode_11.5.app/Contents/Developer/Toolchains/XcodeDefault.xctoolchain/usr/include -Wno-objc-signed-char-bool-implicit-int-conversion -Wno-extra-semi-stmt -Wno-quoted-include-in-framework-header -fdeprecated-macro -fdebug-compilation-dir /private/var/folders/24/8k48jl6d249_n_qfxwsl6xvm0000gn/T/pip-req-build-br7r7e_n/openjpeg/src/openjpeg/build/CMakeFiles/CMakeTmp -ferror-limit 19 -fmessage-length 0 -stack-protector 1 -mdarwin-stkchk-strong-link -fblocks -fencode-extended-block-signature -fregister-global-dtors-with-atexit -fobjc-runtime=macosx-10.9.0 -fcxx-exceptions -fexceptions -fmax-type-align=16 -fdiagnostics-show-option -o CMakeFiles/cmTC_10059.dir/CMakeCXXCompilerABI.cpp.o -x c++ /usr/local/Cellar/cmake/3.17.3/share/cmake/Modules/CMakeCXXCompilerABI.cpp
clang -cc1 version 11.0.3 (clang-1103.0.32.62) default target x86_64-apple-darwin19.5.0
ignoring nonexistent directory "/Applications/Xcode_11.5.app/Contents/Developer/Platforms/MacOSX.platform/Developer/SDKs/MacOSX10.15.sdk/usr/include/c++/v1"
ignoring nonexistent directory "/Applications/Xcode_11.5.app/Contents/Developer/Platforms/MacOSX.platform/Developer/SDKs/MacOSX10.15.sdk/usr/local/include"
ignoring nonexistent directory "/Applications/Xcode_11.5.app/Contents/Developer/Platforms/MacOSX.platform/Developer/SDKs/MacOSX10.15.sdk/Library/Frameworks"
#include "..." search starts here:
#include <...> search starts here:
 /Applications/Xcode_11.5.app/Contents/Developer/Toolchains/XcodeDefault.xctoolchain/usr/bin/../include/c++/v1
 /Applications/Xcode_11.5.app/Contents/Developer/Toolchains/XcodeDefault.xctoolchain/usr/lib/clang/11.0.3/include
 /Applications/Xcode_11.5.app/Contents/Developer/Platforms/MacOSX.platform/Developer/SDKs/MacOSX10.15.sdk/usr/include
 /Applications/Xcode_11.5.app/Contents/Developer/Toolchains/XcodeDefault.xctoolchain/usr/include
 /Applications/Xcode_11.5.app/Contents/Developer/Platforms/MacOSX.platform/Developer/SDKs/MacOSX10.15.sdk/System/Library/Frameworks (framework directory)
End of search list.
Linking CXX executable cmTC_10059
/usr/local/Cellar/cmake/3.17.3/bin/cmake -E cmake_link_script CMakeFiles/cmTC_10059.dir/link.txt --verbose=1
/Applications/Xcode_11.5.app/Contents/Developer/Toolchains/XcodeDefault.xctoolchain/usr/bin/c++    -isysroot /Applications/Xcode_11.5.app/Contents/Developer/Platforms/MacOSX.platform/Developer/SDKs/MacOSX10.15.sdk -mmacosx-version-min=10.9 -Wl,-search_paths_first -Wl,-headerpad_max_install_names  -v -Wl,-v CMakeFiles/cmTC_10059.dir/CMakeCXXCompilerABI.cpp.o  -o cmTC_10059 
Apple clang version 11.0.3 (clang-1103.0.32.62)
Target: x86_64-apple-darwin19.5.0
Thread model: posix
InstalledDir: /Applications/Xcode_11.5.app/Contents/Developer/Toolchains/XcodeDefault.xctoolchain/usr/bin
 "/Applications/Xcode_11.5.app/Contents/Developer/Toolchains/XcodeDefault.xctoolchain/usr/bin/ld" -demangle -lto_library /Applications/Xcode_11.5.app/Contents/Developer/Toolchains/XcodeDefault.xctoolchain/usr/lib/libLTO.dylib -dynamic -arch x86_64 -platform_version macos 10.9.0 10.15.4 -syslibroot /Applications/Xcode_11.5.app/Contents/Developer/Platforms/MacOSX.platform/Developer/SDKs/MacOSX10.15.sdk -o cmTC_10059 -search_paths_first -headerpad_max_install_names -v CMakeFiles/cmTC_10059.dir/CMakeCXXCompilerABI.cpp.o -lc++ -lSystem /Applications/Xcode_11.5.app/Contents/Developer/Toolchains/XcodeDefault.xctoolchain/usr/lib/clang/11.0.3/lib/darwin/libclang_rt.osx.a
@(#)PROGRAM:ld  PROJECT:ld64-556.6
BUILD 17:57:49 Apr 24 2020
configured to support archs: armv6 armv7 armv7s arm64 arm64e arm64_32 i386 x86_64 x86_64h armv6m armv7k armv7m armv7em
Library search paths:
	/Applications/Xcode_11.5.app/Contents/Developer/Platforms/MacOSX.platform/Developer/SDKs/MacOSX10.15.sdk/usr/lib
Framework search paths:
	/Applications/Xcode_11.5.app/Contents/Developer/Platforms/MacOSX.platform/Developer/SDKs/MacOSX10.15.sdk/System/Library/Frameworks/



Parsed CXX implicit include dir info from above output: rv=done
  found start of include info
  found start of implicit include info
    add: [/Applications/Xcode_11.5.app/Contents/Developer/Toolchains/XcodeDefault.xctoolchain/usr/bin/../include/c++/v1]
    add: [/Applications/Xcode_11.5.app/Contents/Developer/Toolchains/XcodeDefault.xctoolchain/usr/lib/clang/11.0.3/include]
    add: [/Applications/Xcode_11.5.app/Contents/Developer/Platforms/MacOSX.platform/Developer/SDKs/MacOSX10.15.sdk/usr/include]
    add: [/Applications/Xcode_11.5.app/Contents/Developer/Toolchains/XcodeDefault.xctoolchain/usr/include]
  end of search list found
  collapse include dir [/Applications/Xcode_11.5.app/Contents/Developer/Toolchains/XcodeDefault.xctoolchain/usr/bin/../include/c++/v1] ==> [/Applications/Xcode_11.5.app/Contents/Developer/Toolchains/XcodeDefault.xctoolchain/usr/include/c++/v1]
  collapse include dir [/Applications/Xcode_11.5.app/Contents/Developer/Toolchains/XcodeDefault.xctoolchain/usr/lib/clang/11.0.3/include] ==> [/Applications/Xcode_11.5.app/Contents/Developer/Toolchains/XcodeDefault.xctoolchain/usr/lib/clang/11.0.3/include]
  collapse include dir [/Applications/Xcode_11.5.app/Contents/Developer/Platforms/MacOSX.platform/Developer/SDKs/MacOSX10.15.sdk/usr/include] ==> [/Applications/Xcode_11.5.app/Contents/Developer/Platforms/MacOSX.platform/Developer/SDKs/MacOSX10.15.sdk/usr/include]
  collapse include dir [/Applications/Xcode_11.5.app/Contents/Developer/Toolchains/XcodeDefault.xctoolchain/usr/include] ==> [/Applications/Xcode_11.5.app/Contents/Developer/Toolchains/XcodeDefault.xctoolchain/usr/include]
  implicit include dirs: [/Applications/Xcode_11.5.app/Contents/Developer/Toolchains/XcodeDefault.xctoolchain/usr/include/c++/v1;/Applications/Xcode_11.5.app/Contents/Developer/Toolchains/XcodeDefault.xctoolchain/usr/lib/clang/11.0.3/include;/Applications/Xcode_11.5.app/Contents/Developer/Platforms/MacOSX.platform/Developer/SDKs/MacOSX10.15.sdk/usr/include;/Applications/Xcode_11.5.app/Contents/Developer/Toolchains/XcodeDefault.xctoolchain/usr/include]


Parsed CXX implicit link information from above output:
  link line regex: [^( *|.*[/\])(ld|CMAKE_LINK_STARTFILE-NOTFOUND|([^/\]+-)?ld|collect2)[^/\]*( |$)]
  ignore line: [Change Dir: /private/var/folders/24/8k48jl6d249_n_qfxwsl6xvm0000gn/T/pip-req-build-br7r7e_n/openjpeg/src/openjpeg/build/CMakeFiles/CMakeTmp]
  ignore line: []
  ignore line: [Run Build Command(s):/usr/bin/make cmTC_10059/fast && /Applications/Xcode_11.5.app/Contents/Developer/usr/bin/make  -f CMakeFiles/cmTC_10059.dir/build.make CMakeFiles/cmTC_10059.dir/build]
  ignore line: [Building CXX object CMakeFiles/cmTC_10059.dir/CMakeCXXCompilerABI.cpp.o]
  ignore line: [/Applications/Xcode_11.5.app/Contents/Developer/Toolchains/XcodeDefault.xctoolchain/usr/bin/c++    -isysroot /Applications/Xcode_11.5.app/Contents/Developer/Platforms/MacOSX.platform/Developer/SDKs/MacOSX10.15.sdk -mmacosx-version-min=10.9   -v -Wl -v -o CMakeFiles/cmTC_10059.dir/CMakeCXXCompilerABI.cpp.o -c /usr/local/Cellar/cmake/3.17.3/share/cmake/Modules/CMakeCXXCompilerABI.cpp]
  ignore line: [Apple clang version 11.0.3 (clang-1103.0.32.62)]
  ignore line: [Target: x86_64-apple-darwin19.5.0]
  ignore line: [Thread model: posix]
  ignore line: [InstalledDir: /Applications/Xcode_11.5.app/Contents/Developer/Toolchains/XcodeDefault.xctoolchain/usr/bin]
  ignore line: [clang: warning: -Wl -v: 'linker' input unused [-Wunused-command-line-argument]]
  ignore line: [ "/Applications/Xcode_11.5.app/Contents/Developer/Toolchains/XcodeDefault.xctoolchain/usr/bin/clang" -cc1 -triple x86_64-apple-macosx10.9.0 -Wdeprecated-objc-isa-usage -Werror=deprecated-objc-isa-usage -emit-obj -mrelax-all -disable-free -disable-llvm-verifier -discard-value-names -main-file-name CMakeCXXCompilerABI.cpp -mrelocation-model pic -pic-level 2 -mthread-model posix -mframe-pointer=all -fno-strict-return -masm-verbose -munwind-tables -faligned-alloc-unavailable -target-sdk-version=10.15.4 -target-cpu core2 -dwarf-column-info -debugger-tuning=lldb -target-linker-version 556.6 -v -coverage-notes-file /private/var/folders/24/8k48jl6d249_n_qfxwsl6xvm0000gn/T/pip-req-build-br7r7e_n/openjpeg/src/openjpeg/build/CMakeFiles/CMakeTmp/CMakeFiles/cmTC_10059.dir/CMakeCXXCompilerABI.cpp.gcno -resource-dir /Applications/Xcode_11.5.app/Contents/Developer/Toolchains/XcodeDefault.xctoolchain/usr/lib/clang/11.0.3 -isysroot /Applications/Xcode_11.5.app/Contents/Developer/Platforms/MacOSX.platform/Developer/SDKs/MacOSX10.15.sdk -stdlib=libc++ -internal-isystem /Applications/Xcode_11.5.app/Contents/Developer/Toolchains/XcodeDefault.xctoolchain/usr/bin/../include/c++/v1 -internal-isystem /Applications/Xcode_11.5.app/Contents/Developer/Platforms/MacOSX.platform/Developer/SDKs/MacOSX10.15.sdk/usr/include/c++/v1 -internal-isystem /Applications/Xcode_11.5.app/Contents/Developer/Platforms/MacOSX.platform/Developer/SDKs/MacOSX10.15.sdk/usr/local/include -internal-isystem /Applications/Xcode_11.5.app/Contents/Developer/Toolchains/XcodeDefault.xctoolchain/usr/lib/clang/11.0.3/include -internal-externc-isystem /Applications/Xcode_11.5.app/Contents/Developer/Platforms/MacOSX.platform/Developer/SDKs/MacOSX10.15.sdk/usr/include -internal-externc-isystem /Applications/Xcode_11.5.app/Contents/Developer/Toolchains/XcodeDefault.xctoolchain/usr/include -Wno-objc-signed-char-bool-implicit-int-conversion -Wno-extra-semi-stmt -Wno-quoted-include-in-framework-header -fdeprecated-macro -fdebug-compilation-dir /private/var/folders/24/8k48jl6d249_n_qfxwsl6xvm0000gn/T/pip-req-build-br7r7e_n/openjpeg/src/openjpeg/build/CMakeFiles/CMakeTmp -ferror-limit 19 -fmessage-length 0 -stack-protector 1 -mdarwin-stkchk-strong-link -fblocks -fencode-extended-block-signature -fregister-global-dtors-with-atexit -fobjc-runtime=macosx-10.9.0 -fcxx-exceptions -fexceptions -fmax-type-align=16 -fdiagnostics-show-option -o CMakeFiles/cmTC_10059.dir/CMakeCXXCompilerABI.cpp.o -x c++ /usr/local/Cellar/cmake/3.17.3/share/cmake/Modules/CMakeCXXCompilerABI.cpp]
  ignore line: [clang -cc1 version 11.0.3 (clang-1103.0.32.62) default target x86_64-apple-darwin19.5.0]
  ignore line: [ignoring nonexistent directory "/Applications/Xcode_11.5.app/Contents/Developer/Platforms/MacOSX.platform/Developer/SDKs/MacOSX10.15.sdk/usr/include/c++/v1"]
  ignore line: [ignoring nonexistent directory "/Applications/Xcode_11.5.app/Contents/Developer/Platforms/MacOSX.platform/Developer/SDKs/MacOSX10.15.sdk/usr/local/include"]
  ignore line: [ignoring nonexistent directory "/Applications/Xcode_11.5.app/Contents/Developer/Platforms/MacOSX.platform/Developer/SDKs/MacOSX10.15.sdk/Library/Frameworks"]
  ignore line: [#include "..." search starts here:]
  ignore line: [#include <...> search starts here:]
  ignore line: [ /Applications/Xcode_11.5.app/Contents/Developer/Toolchains/XcodeDefault.xctoolchain/usr/bin/../include/c++/v1]
  ignore line: [ /Applications/Xcode_11.5.app/Contents/Developer/Toolchains/XcodeDefault.xctoolchain/usr/lib/clang/11.0.3/include]
  ignore line: [ /Applications/Xcode_11.5.app/Contents/Developer/Platforms/MacOSX.platform/Developer/SDKs/MacOSX10.15.sdk/usr/include]
  ignore line: [ /Applications/Xcode_11.5.app/Contents/Developer/Toolchains/XcodeDefault.xctoolchain/usr/include]
  ignore line: [ /Applications/Xcode_11.5.app/Contents/Developer/Platforms/MacOSX.platform/Developer/SDKs/MacOSX10.15.sdk/System/Library/Frameworks (framework directory)]
  ignore line: [End of search list.]
  ignore line: [Linking CXX executable cmTC_10059]
  ignore line: [/usr/local/Cellar/cmake/3.17.3/bin/cmake -E cmake_link_script CMakeFiles/cmTC_10059.dir/link.txt --verbose=1]
  ignore line: [/Applications/Xcode_11.5.app/Contents/Developer/Toolchains/XcodeDefault.xctoolchain/usr/bin/c++    -isysroot /Applications/Xcode_11.5.app/Contents/Developer/Platforms/MacOSX.platform/Developer/SDKs/MacOSX10.15.sdk -mmacosx-version-min=10.9 -Wl -search_paths_first -Wl -headerpad_max_install_names  -v -Wl -v CMakeFiles/cmTC_10059.dir/CMakeCXXCompilerABI.cpp.o  -o cmTC_10059 ]
  ignore line: [Apple clang version 11.0.3 (clang-1103.0.32.62)]
  ignore line: [Target: x86_64-apple-darwin19.5.0]
  ignore line: [Thread model: posix]
  ignore line: [InstalledDir: /Applications/Xcode_11.5.app/Contents/Developer/Toolchains/XcodeDefault.xctoolchain/usr/bin]
  link line: [ "/Applications/Xcode_11.5.app/Contents/Developer/Toolchains/XcodeDefault.xctoolchain/usr/bin/ld" -demangle -lto_library /Applications/Xcode_11.5.app/Contents/Developer/Toolchains/XcodeDefault.xctoolchain/usr/lib/libLTO.dylib -dynamic -arch x86_64 -platform_version macos 10.9.0 10.15.4 -syslibroot /Applications/Xcode_11.5.app/Contents/Developer/Platforms/MacOSX.platform/Developer/SDKs/MacOSX10.15.sdk -o cmTC_10059 -search_paths_first -headerpad_max_install_names -v CMakeFiles/cmTC_10059.dir/CMakeCXXCompilerABI.cpp.o -lc++ -lSystem /Applications/Xcode_11.5.app/Contents/Developer/Toolchains/XcodeDefault.xctoolchain/usr/lib/clang/11.0.3/lib/darwin/libclang_rt.osx.a]
    arg [/Applications/Xcode_11.5.app/Contents/Developer/Toolchains/XcodeDefault.xctoolchain/usr/bin/ld] ==> ignore
    arg [-demangle] ==> ignore
    arg [-lto_library] ==> ignore, skip following value
    arg [/Applications/Xcode_11.5.app/Contents/Developer/Toolchains/XcodeDefault.xctoolchain/usr/lib/libLTO.dylib] ==> skip value of -lto_library
    arg [-dynamic] ==> ignore
    arg [-arch] ==> ignore
    arg [x86_64] ==> ignore
    arg [-platform_version] ==> ignore
    arg [macos] ==> ignore
    arg [10.9.0] ==> ignore
    arg [10.15.4] ==> ignore
    arg [-syslibroot] ==> ignore
    arg [/Applications/Xcode_11.5.app/Contents/Developer/Platforms/MacOSX.platform/Developer/SDKs/MacOSX10.15.sdk] ==> ignore
    arg [-o] ==> ignore
    arg [cmTC_10059] ==> ignore
    arg [-search_paths_first] ==> ignore
    arg [-headerpad_max_install_names] ==> ignore
    arg [-v] ==> ignore
    arg [CMakeFiles/cmTC_10059.dir/CMakeCXXCompilerABI.cpp.o] ==> ignore
    arg [-lc++] ==> lib [c++]
    arg [-lSystem] ==> lib [System]
    arg [/Applications/Xcode_11.5.app/Contents/Developer/Toolchains/XcodeDefault.xctoolchain/usr/lib/clang/11.0.3/lib/darwin/libclang_rt.osx.a] ==> lib [/Applications/Xcode_11.5.app/Contents/Developer/Toolchains/XcodeDefault.xctoolchain/usr/lib/clang/11.0.3/lib/darwin/libclang_rt.osx.a]
  Library search paths: [;/Applications/Xcode_11.5.app/Contents/Developer/Platforms/MacOSX.platform/Developer/SDKs/MacOSX10.15.sdk/usr/lib]
  Framework search paths: [;/Applications/Xcode_11.5.app/Contents/Developer/Platforms/MacOSX.platform/Developer/SDKs/MacOSX10.15.sdk/System/Library/Frameworks/]
  remove lib [System]
  remove lib [/Applications/Xcode_11.5.app/Contents/Developer/Toolchains/XcodeDefault.xctoolchain/usr/lib/clang/11.0.3/lib/darwin/libclang_rt.osx.a]
  collapse library dir [/Applications/Xcode_11.5.app/Contents/Developer/Platforms/MacOSX.platform/Developer/SDKs/MacOSX10.15.sdk/usr/lib] ==> [/Applications/Xcode_11.5.app/Contents/Developer/Platforms/MacOSX.platform/Developer/SDKs/MacOSX10.15.sdk/usr/lib]
  collapse framework dir [/Applications/Xcode_11.5.app/Contents/Developer/Platforms/MacOSX.platform/Developer/SDKs/MacOSX10.15.sdk/System/Library/Frameworks/] ==> [/Applications/Xcode_11.5.app/Contents/Developer/Platforms/MacOSX.platform/Developer/SDKs/MacOSX10.15.sdk/System/Library/Frameworks]
  implicit libs: [c++]
  implicit dirs: [/Applications/Xcode_11.5.app/Contents/Developer/Platforms/MacOSX.platform/Developer/SDKs/MacOSX10.15.sdk/usr/lib]
  implicit fwks: [/Applications/Xcode_11.5.app/Contents/Developer/Platforms/MacOSX.platform/Developer/SDKs/MacOSX10.15.sdk/System/Library/Frameworks]


Determining if the include file sys/types.h exists passed with the following output:
Change Dir: /private/var/folders/24/8k48jl6d249_n_qfxwsl6xvm0000gn/T/pip-req-build-br7r7e_n/openjpeg/src/openjpeg/build/CMakeFiles/CMakeTmp

Run Build Command(s):/usr/bin/make cmTC_74a8e/fast && /Applications/Xcode_11.5.app/Contents/Developer/usr/bin/make  -f CMakeFiles/cmTC_74a8e.dir/build.make CMakeFiles/cmTC_74a8e.dir/build
Building C object CMakeFiles/cmTC_74a8e.dir/CheckIncludeFile.c.o
/Applications/Xcode_11.5.app/Contents/Developer/Toolchains/XcodeDefault.xctoolchain/usr/bin/cc   -isysroot /Applications/Xcode_11.5.app/Contents/Developer/Platforms/MacOSX.platform/Developer/SDKs/MacOSX10.15.sdk -mmacosx-version-min=10.9   -o CMakeFiles/cmTC_74a8e.dir/CheckIncludeFile.c.o   -c /private/var/folders/24/8k48jl6d249_n_qfxwsl6xvm0000gn/T/pip-req-build-br7r7e_n/openjpeg/src/openjpeg/build/CMakeFiles/CMakeTmp/CheckIncludeFile.c
Linking C executable cmTC_74a8e
/usr/local/Cellar/cmake/3.17.3/bin/cmake -E cmake_link_script CMakeFiles/cmTC_74a8e.dir/link.txt --verbose=1
/Applications/Xcode_11.5.app/Contents/Developer/Toolchains/XcodeDefault.xctoolchain/usr/bin/cc   -isysroot /Applications/Xcode_11.5.app/Contents/Developer/Platforms/MacOSX.platform/Developer/SDKs/MacOSX10.15.sdk -mmacosx-version-min=10.9 -Wl,-search_paths_first -Wl,-headerpad_max_install_names   CMakeFiles/cmTC_74a8e.dir/CheckIncludeFile.c.o  -o cmTC_74a8e 



Determining if the include file stdint.h exists passed with the following output:
Change Dir: /private/var/folders/24/8k48jl6d249_n_qfxwsl6xvm0000gn/T/pip-req-build-br7r7e_n/openjpeg/src/openjpeg/build/CMakeFiles/CMakeTmp

Run Build Command(s):/usr/bin/make cmTC_58dc9/fast && /Applications/Xcode_11.5.app/Contents/Developer/usr/bin/make  -f CMakeFiles/cmTC_58dc9.dir/build.make CMakeFiles/cmTC_58dc9.dir/build
Building C object CMakeFiles/cmTC_58dc9.dir/CheckIncludeFile.c.o
/Applications/Xcode_11.5.app/Contents/Developer/Toolchains/XcodeDefault.xctoolchain/usr/bin/cc   -isysroot /Applications/Xcode_11.5.app/Contents/Developer/Platforms/MacOSX.platform/Developer/SDKs/MacOSX10.15.sdk -mmacosx-version-min=10.9   -o CMakeFiles/cmTC_58dc9.dir/CheckIncludeFile.c.o   -c /private/var/folders/24/8k48jl6d249_n_qfxwsl6xvm0000gn/T/pip-req-build-br7r7e_n/openjpeg/src/openjpeg/build/CMakeFiles/CMakeTmp/CheckIncludeFile.c
Linking C executable cmTC_58dc9
/usr/local/Cellar/cmake/3.17.3/bin/cmake -E cmake_link_script CMakeFiles/cmTC_58dc9.dir/link.txt --verbose=1
/Applications/Xcode_11.5.app/Contents/Developer/Toolchains/XcodeDefault.xctoolchain/usr/bin/cc   -isysroot /Applications/Xcode_11.5.app/Contents/Developer/Platforms/MacOSX.platform/Developer/SDKs/MacOSX10.15.sdk -mmacosx-version-min=10.9 -Wl,-search_paths_first -Wl,-headerpad_max_install_names   CMakeFiles/cmTC_58dc9.dir/CheckIncludeFile.c.o  -o cmTC_58dc9 



Determining if the include file stddef.h exists passed with the following output:
Change Dir: /private/var/folders/24/8k48jl6d249_n_qfxwsl6xvm0000gn/T/pip-req-build-br7r7e_n/openjpeg/src/openjpeg/build/CMakeFiles/CMakeTmp

Run Build Command(s):/usr/bin/make cmTC_35e61/fast && /Applications/Xcode_11.5.app/Contents/Developer/usr/bin/make  -f CMakeFiles/cmTC_35e61.dir/build.make CMakeFiles/cmTC_35e61.dir/build
Building C object CMakeFiles/cmTC_35e61.dir/CheckIncludeFile.c.o
/Applications/Xcode_11.5.app/Contents/Developer/Toolchains/XcodeDefault.xctoolchain/usr/bin/cc   -isysroot /Applications/Xcode_11.5.app/Contents/Developer/Platforms/MacOSX.platform/Developer/SDKs/MacOSX10.15.sdk -mmacosx-version-min=10.9   -o CMakeFiles/cmTC_35e61.dir/CheckIncludeFile.c.o   -c /private/var/folders/24/8k48jl6d249_n_qfxwsl6xvm0000gn/T/pip-req-build-br7r7e_n/openjpeg/src/openjpeg/build/CMakeFiles/CMakeTmp/CheckIncludeFile.c
Linking C executable cmTC_35e61
/usr/local/Cellar/cmake/3.17.3/bin/cmake -E cmake_link_script CMakeFiles/cmTC_35e61.dir/link.txt --verbose=1
/Applications/Xcode_11.5.app/Contents/Developer/Toolchains/XcodeDefault.xctoolchain/usr/bin/cc   -isysroot /Applications/Xcode_11.5.app/Contents/Developer/Platforms/MacOSX.platform/Developer/SDKs/MacOSX10.15.sdk -mmacosx-version-min=10.9 -Wl,-search_paths_first -Wl,-headerpad_max_install_names   CMakeFiles/cmTC_35e61.dir/CheckIncludeFile.c.o  -o cmTC_35e61 



Determining size of unsigned short passed with the following output:
Change Dir: /private/var/folders/24/8k48jl6d249_n_qfxwsl6xvm0000gn/T/pip-req-build-br7r7e_n/openjpeg/src/openjpeg/build/CMakeFiles/CMakeTmp

Run Build Command(s):/usr/bin/make cmTC_32f48/fast && /Applications/Xcode_11.5.app/Contents/Developer/usr/bin/make  -f CMakeFiles/cmTC_32f48.dir/build.make CMakeFiles/cmTC_32f48.dir/build
Building C object CMakeFiles/cmTC_32f48.dir/CMAKE_SIZEOF_UNSIGNED_SHORT.c.o
/Applications/Xcode_11.5.app/Contents/Developer/Toolchains/XcodeDefault.xctoolchain/usr/bin/cc   -isysroot /Applications/Xcode_11.5.app/Contents/Developer/Platforms/MacOSX.platform/Developer/SDKs/MacOSX10.15.sdk -mmacosx-version-min=10.9   -o CMakeFiles/cmTC_32f48.dir/CMAKE_SIZEOF_UNSIGNED_SHORT.c.o   -c /private/var/folders/24/8k48jl6d249_n_qfxwsl6xvm0000gn/T/pip-req-build-br7r7e_n/openjpeg/src/openjpeg/build/CMakeFiles/CheckTypeSize/CMAKE_SIZEOF_UNSIGNED_SHORT.c
Linking C executable cmTC_32f48
/usr/local/Cellar/cmake/3.17.3/bin/cmake -E cmake_link_script CMakeFiles/cmTC_32f48.dir/link.txt --verbose=1
/Applications/Xcode_11.5.app/Contents/Developer/Toolchains/XcodeDefault.xctoolchain/usr/bin/cc   -isysroot /Applications/Xcode_11.5.app/Contents/Developer/Platforms/MacOSX.platform/Developer/SDKs/MacOSX10.15.sdk -mmacosx-version-min=10.9 -Wl,-search_paths_first -Wl,-headerpad_max_install_names   CMakeFiles/cmTC_32f48.dir/CMAKE_SIZEOF_UNSIGNED_SHORT.c.o  -o cmTC_32f48 



Determining if the system is big endian passed with the following output:
Change Dir: /private/var/folders/24/8k48jl6d249_n_qfxwsl6xvm0000gn/T/pip-req-build-br7r7e_n/openjpeg/src/openjpeg/build/CMakeFiles/CMakeTmp

Run Build Command(s):/usr/bin/make cmTC_c6270/fast && /Applications/Xcode_11.5.app/Contents/Developer/usr/bin/make  -f CMakeFiles/cmTC_c6270.dir/build.make CMakeFiles/cmTC_c6270.dir/build
Building C object CMakeFiles/cmTC_c6270.dir/TestEndianess.c.o
/Applications/Xcode_11.5.app/Contents/Developer/Toolchains/XcodeDefault.xctoolchain/usr/bin/cc   -isysroot /Applications/Xcode_11.5.app/Contents/Developer/Platforms/MacOSX.platform/Developer/SDKs/MacOSX10.15.sdk -mmacosx-version-min=10.9   -o CMakeFiles/cmTC_c6270.dir/TestEndianess.c.o   -c /private/var/folders/24/8k48jl6d249_n_qfxwsl6xvm0000gn/T/pip-req-build-br7r7e_n/openjpeg/src/openjpeg/build/CMakeFiles/CMakeTmp/TestEndianess.c
Linking C executable cmTC_c6270
/usr/local/Cellar/cmake/3.17.3/bin/cmake -E cmake_link_script CMakeFiles/cmTC_c6270.dir/link.txt --verbose=1
/Applications/Xcode_11.5.app/Contents/Developer/Toolchains/XcodeDefault.xctoolchain/usr/bin/cc   -isysroot /Applications/Xcode_11.5.app/Contents/Developer/Platforms/MacOSX.platform/Developer/SDKs/MacOSX10.15.sdk -mmacosx-version-min=10.9 -Wl,-search_paths_first -Wl,-headerpad_max_install_names   CMakeFiles/cmTC_c6270.dir/TestEndianess.c.o  -o cmTC_c6270 


TestEndianess.c:
/* A 16 bit integer is required. */
typedef unsigned short cmakeint16;

/* On a little endian machine, these 16bit ints will give "THIS IS LITTLE ENDIAN."
   On a big endian machine the characters will be exchanged pairwise. */
const cmakeint16 info_little[] =  {0x4854, 0x5349, 0x4920, 0x2053, 0x494c, 0x5454, 0x454c, 0x4520, 0x444e, 0x4149, 0x2e4e, 0x0000};

/* on a big endian machine, these 16bit ints will give "THIS IS BIG ENDIAN."
   On a little endian machine the characters will be exchanged pairwise. */
const cmakeint16 info_big[] =     {0x5448, 0x4953, 0x2049, 0x5320, 0x4249, 0x4720, 0x454e, 0x4449, 0x414e, 0x2e2e, 0x0000};

#ifdef __CLASSIC_C__
int main(argc, argv) int argc; char *argv[];
#else
int main(int argc, char *argv[])
#endif
{
  int require = 0;
  require += info_little[argc];
  require += info_big[argc];
  (void)argv;
  return require;
}


Determining if the include file string.h exists passed with the following output:
Change Dir: /private/var/folders/24/8k48jl6d249_n_qfxwsl6xvm0000gn/T/pip-req-build-br7r7e_n/openjpeg/src/openjpeg/build/CMakeFiles/CMakeTmp

Run Build Command(s):/usr/bin/make cmTC_d4cec/fast && /Applications/Xcode_11.5.app/Contents/Developer/usr/bin/make  -f CMakeFiles/cmTC_d4cec.dir/build.make CMakeFiles/cmTC_d4cec.dir/build
Building C object CMakeFiles/cmTC_d4cec.dir/CheckIncludeFile.c.o
/Applications/Xcode_11.5.app/Contents/Developer/Toolchains/XcodeDefault.xctoolchain/usr/bin/cc   -isysroot /Applications/Xcode_11.5.app/Contents/Developer/Platforms/MacOSX.platform/Developer/SDKs/MacOSX10.15.sdk -mmacosx-version-min=10.9   -o CMakeFiles/cmTC_d4cec.dir/CheckIncludeFile.c.o   -c /private/var/folders/24/8k48jl6d249_n_qfxwsl6xvm0000gn/T/pip-req-build-br7r7e_n/openjpeg/src/openjpeg/build/CMakeFiles/CMakeTmp/CheckIncludeFile.c
Linking C executable cmTC_d4cec
/usr/local/Cellar/cmake/3.17.3/bin/cmake -E cmake_link_script CMakeFiles/cmTC_d4cec.dir/link.txt --verbose=1
/Applications/Xcode_11.5.app/Contents/Developer/Toolchains/XcodeDefault.xctoolchain/usr/bin/cc   -isysroot /Applications/Xcode_11.5.app/Contents/Developer/Platforms/MacOSX.platform/Developer/SDKs/MacOSX10.15.sdk -mmacosx-version-min=10.9 -Wl,-search_paths_first -Wl,-headerpad_max_install_names   CMakeFiles/cmTC_d4cec.dir/CheckIncludeFile.c.o  -o cmTC_d4cec 



Determining if the include file memory.h exists passed with the following output:
Change Dir: /private/var/folders/24/8k48jl6d249_n_qfxwsl6xvm0000gn/T/pip-req-build-br7r7e_n/openjpeg/src/openjpeg/build/CMakeFiles/CMakeTmp

Run Build Command(s):/usr/bin/make cmTC_18c90/fast && /Applications/Xcode_11.5.app/Contents/Developer/usr/bin/make  -f CMakeFiles/cmTC_18c90.dir/build.make CMakeFiles/cmTC_18c90.dir/build
Building C object CMakeFiles/cmTC_18c90.dir/CheckIncludeFile.c.o
/Applications/Xcode_11.5.app/Contents/Developer/Toolchains/XcodeDefault.xctoolchain/usr/bin/cc   -isysroot /Applications/Xcode_11.5.app/Contents/Developer/Platforms/MacOSX.platform/Developer/SDKs/MacOSX10.15.sdk -mmacosx-version-min=10.9   -o CMakeFiles/cmTC_18c90.dir/CheckIncludeFile.c.o   -c /private/var/folders/24/8k48jl6d249_n_qfxwsl6xvm0000gn/T/pip-req-build-br7r7e_n/openjpeg/src/openjpeg/build/CMakeFiles/CMakeTmp/CheckIncludeFile.c
Linking C executable cmTC_18c90
/usr/local/Cellar/cmake/3.17.3/bin/cmake -E cmake_link_script CMakeFiles/cmTC_18c90.dir/link.txt --verbose=1
/Applications/Xcode_11.5.app/Contents/Developer/Toolchains/XcodeDefault.xctoolchain/usr/bin/cc   -isysroot /Applications/Xcode_11.5.app/Contents/Developer/Platforms/MacOSX.platform/Developer/SDKs/MacOSX10.15.sdk -mmacosx-version-min=10.9 -Wl,-search_paths_first -Wl,-headerpad_max_install_names   CMakeFiles/cmTC_18c90.dir/CheckIncludeFile.c.o  -o cmTC_18c90 



Determining if the include file stdlib.h exists passed with the following output:
Change Dir: /private/var/folders/24/8k48jl6d249_n_qfxwsl6xvm0000gn/T/pip-req-build-br7r7e_n/openjpeg/src/openjpeg/build/CMakeFiles/CMakeTmp

Run Build Command(s):/usr/bin/make cmTC_2a640/fast && /Applications/Xcode_11.5.app/Contents/Developer/usr/bin/make  -f CMakeFiles/cmTC_2a640.dir/build.make CMakeFiles/cmTC_2a640.dir/build
Building C object CMakeFiles/cmTC_2a640.dir/CheckIncludeFile.c.o
/Applications/Xcode_11.5.app/Contents/Developer/Toolchains/XcodeDefault.xctoolchain/usr/bin/cc   -isysroot /Applications/Xcode_11.5.app/Contents/Developer/Platforms/MacOSX.platform/Developer/SDKs/MacOSX10.15.sdk -mmacosx-version-min=10.9   -o CMakeFiles/cmTC_2a640.dir/CheckIncludeFile.c.o   -c /private/var/folders/24/8k48jl6d249_n_qfxwsl6xvm0000gn/T/pip-req-build-br7r7e_n/openjpeg/src/openjpeg/build/CMakeFiles/CMakeTmp/CheckIncludeFile.c
Linking C executable cmTC_2a640
/usr/local/Cellar/cmake/3.17.3/bin/cmake -E cmake_link_script CMakeFiles/cmTC_2a640.dir/link.txt --verbose=1
/Applications/Xcode_11.5.app/Contents/Developer/Toolchains/XcodeDefault.xctoolchain/usr/bin/cc   -isysroot /Applications/Xcode_11.5.app/Contents/Developer/Platforms/MacOSX.platform/Developer/SDKs/MacOSX10.15.sdk -mmacosx-version-min=10.9 -Wl,-search_paths_first -Wl,-headerpad_max_install_names   CMakeFiles/cmTC_2a640.dir/CheckIncludeFile.c.o  -o cmTC_2a640 



Determining if the include file stdio.h exists passed with the following output:
Change Dir: /private/var/folders/24/8k48jl6d249_n_qfxwsl6xvm0000gn/T/pip-req-build-br7r7e_n/openjpeg/src/openjpeg/build/CMakeFiles/CMakeTmp

Run Build Command(s):/usr/bin/make cmTC_23e3d/fast && /Applications/Xcode_11.5.app/Contents/Developer/usr/bin/make  -f CMakeFiles/cmTC_23e3d.dir/build.make CMakeFiles/cmTC_23e3d.dir/build
Building C object CMakeFiles/cmTC_23e3d.dir/CheckIncludeFile.c.o
/Applications/Xcode_11.5.app/Contents/Developer/Toolchains/XcodeDefault.xctoolchain/usr/bin/cc   -isysroot /Applications/Xcode_11.5.app/Contents/Developer/Platforms/MacOSX.platform/Developer/SDKs/MacOSX10.15.sdk -mmacosx-version-min=10.9   -o CMakeFiles/cmTC_23e3d.dir/CheckIncludeFile.c.o   -c /private/var/folders/24/8k48jl6d249_n_qfxwsl6xvm0000gn/T/pip-req-build-br7r7e_n/openjpeg/src/openjpeg/build/CMakeFiles/CMakeTmp/CheckIncludeFile.c
Linking C executable cmTC_23e3d
/usr/local/Cellar/cmake/3.17.3/bin/cmake -E cmake_link_script CMakeFiles/cmTC_23e3d.dir/link.txt --verbose=1
/Applications/Xcode_11.5.app/Contents/Developer/Toolchains/XcodeDefault.xctoolchain/usr/bin/cc   -isysroot /Applications/Xcode_11.5.app/Contents/Developer/Platforms/MacOSX.platform/Developer/SDKs/MacOSX10.15.sdk -mmacosx-version-min=10.9 -Wl,-search_paths_first -Wl,-headerpad_max_install_names   CMakeFiles/cmTC_23e3d.dir/CheckIncludeFile.c.o  -o cmTC_23e3d 



Determining if the include file math.h exists passed with the following output:
Change Dir: /private/var/folders/24/8k48jl6d249_n_qfxwsl6xvm0000gn/T/pip-req-build-br7r7e_n/openjpeg/src/openjpeg/build/CMakeFiles/CMakeTmp

Run Build Command(s):/usr/bin/make cmTC_e12a6/fast && /Applications/Xcode_11.5.app/Contents/Developer/usr/bin/make  -f CMakeFiles/cmTC_e12a6.dir/build.make CMakeFiles/cmTC_e12a6.dir/build
Building C object CMakeFiles/cmTC_e12a6.dir/CheckIncludeFile.c.o
/Applications/Xcode_11.5.app/Contents/Developer/Toolchains/XcodeDefault.xctoolchain/usr/bin/cc   -isysroot /Applications/Xcode_11.5.app/Contents/Developer/Platforms/MacOSX.platform/Developer/SDKs/MacOSX10.15.sdk -mmacosx-version-min=10.9   -o CMakeFiles/cmTC_e12a6.dir/CheckIncludeFile.c.o   -c /private/var/folders/24/8k48jl6d249_n_qfxwsl6xvm0000gn/T/pip-req-build-br7r7e_n/openjpeg/src/openjpeg/build/CMakeFiles/CMakeTmp/CheckIncludeFile.c
Linking C executable cmTC_e12a6
/usr/local/Cellar/cmake/3.17.3/bin/cmake -E cmake_link_script CMakeFiles/cmTC_e12a6.dir/link.txt --verbose=1
/Applications/Xcode_11.5.app/Contents/Developer/Toolchains/XcodeDefault.xctoolchain/usr/bin/cc   -isysroot /Applications/Xcode_11.5.app/Contents/Developer/Platforms/MacOSX.platform/Developer/SDKs/MacOSX10.15.sdk -mmacosx-version-min=10.9 -Wl,-search_paths_first -Wl,-headerpad_max_install_names   CMakeFiles/cmTC_e12a6.dir/CheckIncludeFile.c.o  -o cmTC_e12a6 



Determining if the include file float.h exists passed with the following output:
Change Dir: /private/var/folders/24/8k48jl6d249_n_qfxwsl6xvm0000gn/T/pip-req-build-br7r7e_n/openjpeg/src/openjpeg/build/CMakeFiles/CMakeTmp

Run Build Command(s):/usr/bin/make cmTC_9a64d/fast && /Applications/Xcode_11.5.app/Contents/Developer/usr/bin/make  -f CMakeFiles/cmTC_9a64d.dir/build.make CMakeFiles/cmTC_9a64d.dir/build
Building C object CMakeFiles/cmTC_9a64d.dir/CheckIncludeFile.c.o
/Applications/Xcode_11.5.app/Contents/Developer/Toolchains/XcodeDefault.xctoolchain/usr/bin/cc   -isysroot /Applications/Xcode_11.5.app/Contents/Developer/Platforms/MacOSX.platform/Developer/SDKs/MacOSX10.15.sdk -mmacosx-version-min=10.9   -o CMakeFiles/cmTC_9a64d.dir/CheckIncludeFile.c.o   -c /private/var/folders/24/8k48jl6d249_n_qfxwsl6xvm0000gn/T/pip-req-build-br7r7e_n/openjpeg/src/openjpeg/build/CMakeFiles/CMakeTmp/CheckIncludeFile.c
Linking C executable cmTC_9a64d
/usr/local/Cellar/cmake/3.17.3/bin/cmake -E cmake_link_script CMakeFiles/cmTC_9a64d.dir/link.txt --verbose=1
/Applications/Xcode_11.5.app/Contents/Developer/Toolchains/XcodeDefault.xctoolchain/usr/bin/cc   -isysroot /Applications/Xcode_11.5.app/Contents/Developer/Platforms/MacOSX.platform/Developer/SDKs/MacOSX10.15.sdk -mmacosx-version-min=10.9 -Wl,-search_paths_first -Wl,-headerpad_max_install_names   CMakeFiles/cmTC_9a64d.dir/CheckIncludeFile.c.o  -o cmTC_9a64d 



Determining if the include file time.h exists passed with the following output:
Change Dir: /private/var/folders/24/8k48jl6d249_n_qfxwsl6xvm0000gn/T/pip-req-build-br7r7e_n/openjpeg/src/openjpeg/build/CMakeFiles/CMakeTmp

Run Build Command(s):/usr/bin/make cmTC_e7288/fast && /Applications/Xcode_11.5.app/Contents/Developer/usr/bin/make  -f CMakeFiles/cmTC_e7288.dir/build.make CMakeFiles/cmTC_e7288.dir/build
Building C object CMakeFiles/cmTC_e7288.dir/CheckIncludeFile.c.o
/Applications/Xcode_11.5.app/Contents/Developer/Toolchains/XcodeDefault.xctoolchain/usr/bin/cc   -isysroot /Applications/Xcode_11.5.app/Contents/Developer/Platforms/MacOSX.platform/Developer/SDKs/MacOSX10.15.sdk -mmacosx-version-min=10.9   -o CMakeFiles/cmTC_e7288.dir/CheckIncludeFile.c.o   -c /private/var/folders/24/8k48jl6d249_n_qfxwsl6xvm0000gn/T/pip-req-build-br7r7e_n/openjpeg/src/openjpeg/build/CMakeFiles/CMakeTmp/CheckIncludeFile.c
Linking C executable cmTC_e7288
/usr/local/Cellar/cmake/3.17.3/bin/cmake -E cmake_link_script CMakeFiles/cmTC_e7288.dir/link.txt --verbose=1
/Applications/Xcode_11.5.app/Contents/Developer/Toolchains/XcodeDefault.xctoolchain/usr/bin/cc   -isysroot /Applications/Xcode_11.5.app/Contents/Developer/Platforms/MacOSX.platform/Developer/SDKs/MacOSX10.15.sdk -mmacosx-version-min=10.9 -Wl,-search_paths_first -Wl,-headerpad_max_install_names   CMakeFiles/cmTC_e7288.dir/CheckIncludeFile.c.o  -o cmTC_e7288 



Determining if the include file stdarg.h exists passed with the following output:
Change Dir: /private/var/folders/24/8k48jl6d249_n_qfxwsl6xvm0000gn/T/pip-req-build-br7r7e_n/openjpeg/src/openjpeg/build/CMakeFiles/CMakeTmp

Run Build Command(s):/usr/bin/make cmTC_981e6/fast && /Applications/Xcode_11.5.app/Contents/Developer/usr/bin/make  -f CMakeFiles/cmTC_981e6.dir/build.make CMakeFiles/cmTC_981e6.dir/build
Building C object CMakeFiles/cmTC_981e6.dir/CheckIncludeFile.c.o
/Applications/Xcode_11.5.app/Contents/Developer/Toolchains/XcodeDefault.xctoolchain/usr/bin/cc   -isysroot /Applications/Xcode_11.5.app/Contents/Developer/Platforms/MacOSX.platform/Developer/SDKs/MacOSX10.15.sdk -mmacosx-version-min=10.9   -o CMakeFiles/cmTC_981e6.dir/CheckIncludeFile.c.o   -c /private/var/folders/24/8k48jl6d249_n_qfxwsl6xvm0000gn/T/pip-req-build-br7r7e_n/openjpeg/src/openjpeg/build/CMakeFiles/CMakeTmp/CheckIncludeFile.c
Linking C executable cmTC_981e6
/usr/local/Cellar/cmake/3.17.3/bin/cmake -E cmake_link_script CMakeFiles/cmTC_981e6.dir/link.txt --verbose=1
/Applications/Xcode_11.5.app/Contents/Developer/Toolchains/XcodeDefault.xctoolchain/usr/bin/cc   -isysroot /Applications/Xcode_11.5.app/Contents/Developer/Platforms/MacOSX.platform/Developer/SDKs/MacOSX10.15.sdk -mmacosx-version-min=10.9 -Wl,-search_paths_first -Wl,-headerpad_max_install_names   CMakeFiles/cmTC_981e6.dir/CheckIncludeFile.c.o  -o cmTC_981e6 



Determining if the include file ctype.h exists passed with the following output:
Change Dir: /private/var/folders/24/8k48jl6d249_n_qfxwsl6xvm0000gn/T/pip-req-build-br7r7e_n/openjpeg/src/openjpeg/build/CMakeFiles/CMakeTmp

Run Build Command(s):/usr/bin/make cmTC_58268/fast && /Applications/Xcode_11.5.app/Contents/Developer/usr/bin/make  -f CMakeFiles/cmTC_58268.dir/build.make CMakeFiles/cmTC_58268.dir/build
Building C object CMakeFiles/cmTC_58268.dir/CheckIncludeFile.c.o
/Applications/Xcode_11.5.app/Contents/Developer/Toolchains/XcodeDefault.xctoolchain/usr/bin/cc   -isysroot /Applications/Xcode_11.5.app/Contents/Developer/Platforms/MacOSX.platform/Developer/SDKs/MacOSX10.15.sdk -mmacosx-version-min=10.9   -o CMakeFiles/cmTC_58268.dir/CheckIncludeFile.c.o   -c /private/var/folders/24/8k48jl6d249_n_qfxwsl6xvm0000gn/T/pip-req-build-br7r7e_n/openjpeg/src/openjpeg/build/CMakeFiles/CMakeTmp/CheckIncludeFile.c
Linking C executable cmTC_58268
/usr/local/Cellar/cmake/3.17.3/bin/cmake -E cmake_link_script CMakeFiles/cmTC_58268.dir/link.txt --verbose=1
/Applications/Xcode_11.5.app/Contents/Developer/Toolchains/XcodeDefault.xctoolchain/usr/bin/cc   -isysroot /Applications/Xcode_11.5.app/Contents/Developer/Platforms/MacOSX.platform/Developer/SDKs/MacOSX10.15.sdk -mmacosx-version-min=10.9 -Wl,-search_paths_first -Wl,-headerpad_max_install_names   CMakeFiles/cmTC_58268.dir/CheckIncludeFile.c.o  -o cmTC_58268 



Determining if the include file assert.h exists passed with the following output:
Change Dir: /private/var/folders/24/8k48jl6d249_n_qfxwsl6xvm0000gn/T/pip-req-build-br7r7e_n/openjpeg/src/openjpeg/build/CMakeFiles/CMakeTmp

Run Build Command(s):/usr/bin/make cmTC_1516d/fast && /Applications/Xcode_11.5.app/Contents/Developer/usr/bin/make  -f CMakeFiles/cmTC_1516d.dir/build.make CMakeFiles/cmTC_1516d.dir/build
Building C object CMakeFiles/cmTC_1516d.dir/CheckIncludeFile.c.o
/Applications/Xcode_11.5.app/Contents/Developer/Toolchains/XcodeDefault.xctoolchain/usr/bin/cc   -isysroot /Applications/Xcode_11.5.app/Contents/Developer/Platforms/MacOSX.platform/Developer/SDKs/MacOSX10.15.sdk -mmacosx-version-min=10.9   -o CMakeFiles/cmTC_1516d.dir/CheckIncludeFile.c.o   -c /private/var/folders/24/8k48jl6d249_n_qfxwsl6xvm0000gn/T/pip-req-build-br7r7e_n/openjpeg/src/openjpeg/build/CMakeFiles/CMakeTmp/CheckIncludeFile.c
Linking C executable cmTC_1516d
/usr/local/Cellar/cmake/3.17.3/bin/cmake -E cmake_link_script CMakeFiles/cmTC_1516d.dir/link.txt --verbose=1
/Applications/Xcode_11.5.app/Contents/Developer/Toolchains/XcodeDefault.xctoolchain/usr/bin/cc   -isysroot /Applications/Xcode_11.5.app/Contents/Developer/Platforms/MacOSX.platform/Developer/SDKs/MacOSX10.15.sdk -mmacosx-version-min=10.9 -Wl,-search_paths_first -Wl,-headerpad_max_install_names   CMakeFiles/cmTC_1516d.dir/CheckIncludeFile.c.o  -o cmTC_1516d 



Determining if the include file stdint.h exists passed with the following output:
Change Dir: /private/var/folders/24/8k48jl6d249_n_qfxwsl6xvm0000gn/T/pip-req-build-br7r7e_n/openjpeg/src/openjpeg/build/CMakeFiles/CMakeTmp

Run Build Command(s):/usr/bin/make cmTC_4c3d1/fast && /Applications/Xcode_11.5.app/Contents/Developer/usr/bin/make  -f CMakeFiles/cmTC_4c3d1.dir/build.make CMakeFiles/cmTC_4c3d1.dir/build
Building C object CMakeFiles/cmTC_4c3d1.dir/CheckIncludeFile.c.o
/Applications/Xcode_11.5.app/Contents/Developer/Toolchains/XcodeDefault.xctoolchain/usr/bin/cc   -isysroot /Applications/Xcode_11.5.app/Contents/Developer/Platforms/MacOSX.platform/Developer/SDKs/MacOSX10.15.sdk -mmacosx-version-min=10.9   -o CMakeFiles/cmTC_4c3d1.dir/CheckIncludeFile.c.o   -c /private/var/folders/24/8k48jl6d249_n_qfxwsl6xvm0000gn/T/pip-req-build-br7r7e_n/openjpeg/src/openjpeg/build/CMakeFiles/CMakeTmp/CheckIncludeFile.c
Linking C executable cmTC_4c3d1
/usr/local/Cellar/cmake/3.17.3/bin/cmake -E cmake_link_script CMakeFiles/cmTC_4c3d1.dir/link.txt --verbose=1
/Applications/Xcode_11.5.app/Contents/Developer/Toolchains/XcodeDefault.xctoolchain/usr/bin/cc   -isysroot /Applications/Xcode_11.5.app/Contents/Developer/Platforms/MacOSX.platform/Developer/SDKs/MacOSX10.15.sdk -mmacosx-version-min=10.9 -Wl,-search_paths_first -Wl,-headerpad_max_install_names   CMakeFiles/cmTC_4c3d1.dir/CheckIncludeFile.c.o  -o cmTC_4c3d1 



Determining if the include file inttypes.h exists passed with the following output:
Change Dir: /private/var/folders/24/8k48jl6d249_n_qfxwsl6xvm0000gn/T/pip-req-build-br7r7e_n/openjpeg/src/openjpeg/build/CMakeFiles/CMakeTmp

Run Build Command(s):/usr/bin/make cmTC_ba7c4/fast && /Applications/Xcode_11.5.app/Contents/Developer/usr/bin/make  -f CMakeFiles/cmTC_ba7c4.dir/build.make CMakeFiles/cmTC_ba7c4.dir/build
Building C object CMakeFiles/cmTC_ba7c4.dir/CheckIncludeFile.c.o
/Applications/Xcode_11.5.app/Contents/Developer/Toolchains/XcodeDefault.xctoolchain/usr/bin/cc   -isysroot /Applications/Xcode_11.5.app/Contents/Developer/Platforms/MacOSX.platform/Developer/SDKs/MacOSX10.15.sdk -mmacosx-version-min=10.9   -o CMakeFiles/cmTC_ba7c4.dir/CheckIncludeFile.c.o   -c /private/var/folders/24/8k48jl6d249_n_qfxwsl6xvm0000gn/T/pip-req-build-br7r7e_n/openjpeg/src/openjpeg/build/CMakeFiles/CMakeTmp/CheckIncludeFile.c
Linking C executable cmTC_ba7c4
/usr/local/Cellar/cmake/3.17.3/bin/cmake -E cmake_link_script CMakeFiles/cmTC_ba7c4.dir/link.txt --verbose=1
/Applications/Xcode_11.5.app/Contents/Developer/Toolchains/XcodeDefault.xctoolchain/usr/bin/cc   -isysroot /Applications/Xcode_11.5.app/Contents/Developer/Platforms/MacOSX.platform/Developer/SDKs/MacOSX10.15.sdk -mmacosx-version-min=10.9 -Wl,-search_paths_first -Wl,-headerpad_max_install_names   CMakeFiles/cmTC_ba7c4.dir/CheckIncludeFile.c.o  -o cmTC_ba7c4 



Determining if the include file strings.h exists passed with the following output:
Change Dir: /private/var/folders/24/8k48jl6d249_n_qfxwsl6xvm0000gn/T/pip-req-build-br7r7e_n/openjpeg/src/openjpeg/build/CMakeFiles/CMakeTmp

Run Build Command(s):/usr/bin/make cmTC_2453d/fast && /Applications/Xcode_11.5.app/Contents/Developer/usr/bin/make  -f CMakeFiles/cmTC_2453d.dir/build.make CMakeFiles/cmTC_2453d.dir/build
Building C object CMakeFiles/cmTC_2453d.dir/CheckIncludeFile.c.o
/Applications/Xcode_11.5.app/Contents/Developer/Toolchains/XcodeDefault.xctoolchain/usr/bin/cc   -isysroot /Applications/Xcode_11.5.app/Contents/Developer/Platforms/MacOSX.platform/Developer/SDKs/MacOSX10.15.sdk -mmacosx-version-min=10.9   -o CMakeFiles/cmTC_2453d.dir/CheckIncludeFile.c.o   -c /private/var/folders/24/8k48jl6d249_n_qfxwsl6xvm0000gn/T/pip-req-build-br7r7e_n/openjpeg/src/openjpeg/build/CMakeFiles/CMakeTmp/CheckIncludeFile.c
Linking C executable cmTC_2453d
/usr/local/Cellar/cmake/3.17.3/bin/cmake -E cmake_link_script CMakeFiles/cmTC_2453d.dir/link.txt --verbose=1
/Applications/Xcode_11.5.app/Contents/Developer/Toolchains/XcodeDefault.xctoolchain/usr/bin/cc   -isysroot /Applications/Xcode_11.5.app/Contents/Developer/Platforms/MacOSX.platform/Developer/SDKs/MacOSX10.15.sdk -mmacosx-version-min=10.9 -Wl,-search_paths_first -Wl,-headerpad_max_install_names   CMakeFiles/cmTC_2453d.dir/CheckIncludeFile.c.o  -o cmTC_2453d 



Determining if the include file sys/stat.h exists passed with the following output:
Change Dir: /private/var/folders/24/8k48jl6d249_n_qfxwsl6xvm0000gn/T/pip-req-build-br7r7e_n/openjpeg/src/openjpeg/build/CMakeFiles/CMakeTmp

Run Build Command(s):/usr/bin/make cmTC_ae1f8/fast && /Applications/Xcode_11.5.app/Contents/Developer/usr/bin/make  -f CMakeFiles/cmTC_ae1f8.dir/build.make CMakeFiles/cmTC_ae1f8.dir/build
Building C object CMakeFiles/cmTC_ae1f8.dir/CheckIncludeFile.c.o
/Applications/Xcode_11.5.app/Contents/Developer/Toolchains/XcodeDefault.xctoolchain/usr/bin/cc   -isysroot /Applications/Xcode_11.5.app/Contents/Developer/Platforms/MacOSX.platform/Developer/SDKs/MacOSX10.15.sdk -mmacosx-version-min=10.9   -o CMakeFiles/cmTC_ae1f8.dir/CheckIncludeFile.c.o   -c /private/var/folders/24/8k48jl6d249_n_qfxwsl6xvm0000gn/T/pip-req-build-br7r7e_n/openjpeg/src/openjpeg/build/CMakeFiles/CMakeTmp/CheckIncludeFile.c
Linking C executable cmTC_ae1f8
/usr/local/Cellar/cmake/3.17.3/bin/cmake -E cmake_link_script CMakeFiles/cmTC_ae1f8.dir/link.txt --verbose=1
/Applications/Xcode_11.5.app/Contents/Developer/Toolchains/XcodeDefault.xctoolchain/usr/bin/cc   -isysroot /Applications/Xcode_11.5.app/Contents/Developer/Platforms/MacOSX.platform/Developer/SDKs/MacOSX10.15.sdk -mmacosx-version-min=10.9 -Wl,-search_paths_first -Wl,-headerpad_max_install_names   CMakeFiles/cmTC_ae1f8.dir/CheckIncludeFile.c.o  -o cmTC_ae1f8 



Determining if the include file unistd.h exists passed with the following output:
Change Dir: /private/var/folders/24/8k48jl6d249_n_qfxwsl6xvm0000gn/T/pip-req-build-br7r7e_n/openjpeg/src/openjpeg/build/CMakeFiles/CMakeTmp

Run Build Command(s):/usr/bin/make cmTC_726d7/fast && /Applications/Xcode_11.5.app/Contents/Developer/usr/bin/make  -f CMakeFiles/cmTC_726d7.dir/build.make CMakeFiles/cmTC_726d7.dir/build
Building C object CMakeFiles/cmTC_726d7.dir/CheckIncludeFile.c.o
/Applications/Xcode_11.5.app/Contents/Developer/Toolchains/XcodeDefault.xctoolchain/usr/bin/cc   -isysroot /Applications/Xcode_11.5.app/Contents/Developer/Platforms/MacOSX.platform/Developer/SDKs/MacOSX10.15.sdk -mmacosx-version-min=10.9   -o CMakeFiles/cmTC_726d7.dir/CheckIncludeFile.c.o   -c /private/var/folders/24/8k48jl6d249_n_qfxwsl6xvm0000gn/T/pip-req-build-br7r7e_n/openjpeg/src/openjpeg/build/CMakeFiles/CMakeTmp/CheckIncludeFile.c
Linking C executable cmTC_726d7
/usr/local/Cellar/cmake/3.17.3/bin/cmake -E cmake_link_script CMakeFiles/cmTC_726d7.dir/link.txt --verbose=1
/Applications/Xcode_11.5.app/Contents/Developer/Toolchains/XcodeDefault.xctoolchain/usr/bin/cc   -isysroot /Applications/Xcode_11.5.app/Contents/Developer/Platforms/MacOSX.platform/Developer/SDKs/MacOSX10.15.sdk -mmacosx-version-min=10.9 -Wl,-search_paths_first -Wl,-headerpad_max_install_names   CMakeFiles/cmTC_726d7.dir/CheckIncludeFile.c.o  -o cmTC_726d7 



Determining if the posix_memalign exist passed with the following output:
Change Dir: /private/var/folders/24/8k48jl6d249_n_qfxwsl6xvm0000gn/T/pip-req-build-br7r7e_n/openjpeg/src/openjpeg/build/CMakeFiles/CMakeTmp

Run Build Command(s):/usr/bin/make cmTC_44006/fast && /Applications/Xcode_11.5.app/Contents/Developer/usr/bin/make  -f CMakeFiles/cmTC_44006.dir/build.make CMakeFiles/cmTC_44006.dir/build
Building C object CMakeFiles/cmTC_44006.dir/CheckSymbolExists.c.o
/Applications/Xcode_11.5.app/Contents/Developer/Toolchains/XcodeDefault.xctoolchain/usr/bin/cc -D_POSIX_C_SOURCE=200112L  -isysroot /Applications/Xcode_11.5.app/Contents/Developer/Platforms/MacOSX.platform/Developer/SDKs/MacOSX10.15.sdk -mmacosx-version-min=10.9   -o CMakeFiles/cmTC_44006.dir/CheckSymbolExists.c.o   -c /private/var/folders/24/8k48jl6d249_n_qfxwsl6xvm0000gn/T/pip-req-build-br7r7e_n/openjpeg/src/openjpeg/build/CMakeFiles/CMakeTmp/CheckSymbolExists.c
Linking C executable cmTC_44006
/usr/local/Cellar/cmake/3.17.3/bin/cmake -E cmake_link_script CMakeFiles/cmTC_44006.dir/link.txt --verbose=1
/Applications/Xcode_11.5.app/Contents/Developer/Toolchains/XcodeDefault.xctoolchain/usr/bin/cc   -isysroot /Applications/Xcode_11.5.app/Contents/Developer/Platforms/MacOSX.platform/Developer/SDKs/MacOSX10.15.sdk -mmacosx-version-min=10.9 -Wl,-search_paths_first -Wl,-headerpad_max_install_names   CMakeFiles/cmTC_44006.dir/CheckSymbolExists.c.o  -o cmTC_44006 


File /private/var/folders/24/8k48jl6d249_n_qfxwsl6xvm0000gn/T/pip-req-build-br7r7e_n/openjpeg/src/openjpeg/build/CMakeFiles/CMakeTmp/CheckSymbolExists.c:
/* */
#include <stdlib.h>

int main(int argc, char** argv)
{
  (void)argv;
#ifndef posix_memalign
  return ((int*)(&posix_memalign))[argc];
#else
  (void)argc;
  return 0;
#endif
}
