The system is: Linux - 5.3.0-1022-azure - x86_64
Compiling the C compiler identification source file "CMakeCCompilerId.c" succeeded.
Compiler: /opt/rh/devtoolset-8/root/usr/bin/cc 
Build flags: 
Id flags: 

The output was:
0


Compilation of the C compiler identification source "CMakeCCompilerId.c" produced "a.out"

The C compiler identification is GNU, found in "/tmp/pip-req-build-yeqf_vl_/openjpeg/src/openjpeg/build/CMakeFiles/2.8.12.2/CompilerIdC/a.out"

Compiling the CXX compiler identification source file "CMakeCXXCompilerId.cpp" succeeded.
Compiler: /opt/rh/devtoolset-8/root/usr/bin/c++ 
Build flags: 
Id flags: 

The output was:
0


Compilation of the CXX compiler identification source "CMakeCXXCompilerId.cpp" produced "a.out"

The CXX compiler identification is GNU, found in "/tmp/pip-req-build-yeqf_vl_/openjpeg/src/openjpeg/build/CMakeFiles/2.8.12.2/CompilerIdCXX/a.out"

Determining if the C compiler works passed with the following output:
Change Dir: /tmp/pip-req-build-yeqf_vl_/openjpeg/src/openjpeg/build/CMakeFiles/CMakeTmp

Run Build Command:/usr/bin/gmake "cmTryCompileExec4071345026/fast"
/usr/bin/gmake -f CMakeFiles/cmTryCompileExec4071345026.dir/build.make CMakeFiles/cmTryCompileExec4071345026.dir/build
gmake[1]: Entering directory `/tmp/pip-req-build-yeqf_vl_/openjpeg/src/openjpeg/build/CMakeFiles/CMakeTmp'
/usr/bin/cmake -E cmake_progress_report /tmp/pip-req-build-yeqf_vl_/openjpeg/src/openjpeg/build/CMakeFiles/CMakeTmp/CMakeFiles 1
Building C object CMakeFiles/cmTryCompileExec4071345026.dir/testCCompiler.c.o
/opt/rh/devtoolset-8/root/usr/bin/cc    -o CMakeFiles/cmTryCompileExec4071345026.dir/testCCompiler.c.o   -c /tmp/pip-req-build-yeqf_vl_/openjpeg/src/openjpeg/build/CMakeFiles/CMakeTmp/testCCompiler.c
Linking C executable cmTryCompileExec4071345026
/usr/bin/cmake -E cmake_link_script CMakeFiles/cmTryCompileExec4071345026.dir/link.txt --verbose=1
/opt/rh/devtoolset-8/root/usr/bin/cc       CMakeFiles/cmTryCompileExec4071345026.dir/testCCompiler.c.o  -o cmTryCompileExec4071345026 -rdynamic 
gmake[1]: Leaving directory `/tmp/pip-req-build-yeqf_vl_/openjpeg/src/openjpeg/build/CMakeFiles/CMakeTmp'


Detecting C compiler ABI info compiled with the following output:
Change Dir: /tmp/pip-req-build-yeqf_vl_/openjpeg/src/openjpeg/build/CMakeFiles/CMakeTmp

Run Build Command:/usr/bin/gmake "cmTryCompileExec3958057840/fast"
/usr/bin/gmake -f CMakeFiles/cmTryCompileExec3958057840.dir/build.make CMakeFiles/cmTryCompileExec3958057840.dir/build
gmake[1]: Entering directory `/tmp/pip-req-build-yeqf_vl_/openjpeg/src/openjpeg/build/CMakeFiles/CMakeTmp'
/usr/bin/cmake -E cmake_progress_report /tmp/pip-req-build-yeqf_vl_/openjpeg/src/openjpeg/build/CMakeFiles/CMakeTmp/CMakeFiles 1
Building C object CMakeFiles/cmTryCompileExec3958057840.dir/CMakeCCompilerABI.c.o
/opt/rh/devtoolset-8/root/usr/bin/cc    -o CMakeFiles/cmTryCompileExec3958057840.dir/CMakeCCompilerABI.c.o   -c /usr/share/cmake/Modules/CMakeCCompilerABI.c
Linking C executable cmTryCompileExec3958057840
/usr/bin/cmake -E cmake_link_script CMakeFiles/cmTryCompileExec3958057840.dir/link.txt --verbose=1
/opt/rh/devtoolset-8/root/usr/bin/cc     -v CMakeFiles/cmTryCompileExec3958057840.dir/CMakeCCompilerABI.c.o  -o cmTryCompileExec3958057840 -rdynamic  
Using built-in specs.
COLLECT_GCC=/opt/rh/devtoolset-8/root/usr/bin/cc
COLLECT_LTO_WRAPPER=/opt/rh/devtoolset-8/root/usr/libexec/gcc/x86_64-redhat-linux/8/lto-wrapper
Target: x86_64-redhat-linux
Configured with: ../configure --enable-bootstrap --enable-languages=c,c++,fortran,lto --prefix=/opt/rh/devtoolset-8/root/usr --mandir=/opt/rh/devtoolset-8/root/usr/share/man --infodir=/opt/rh/devtoolset-8/root/usr/share/info --with-bugurl=http://bugzilla.redhat.com/bugzilla --enable-shared --enable-threads=posix --enable-checking=release --enable-multilib --with-system-zlib --enable-__cxa_atexit --disable-libunwind-exceptions --enable-gnu-unique-object --enable-linker-build-id --with-gcc-major-version-only --with-linker-hash-style=gnu --with-default-libstdcxx-abi=gcc4-compatible --enable-plugin --enable-initfini-array --with-isl=/builddir/build/BUILD/gcc-8.3.1-20190311/obj-x86_64-redhat-linux/isl-install --disable-libmpx --with-mpc=/builddir/build/BUILD/gcc-8.3.1-20190311/obj-x86_64-redhat-linux/mpc-install --with-tune=generic --with-arch_32=i686 --build=x86_64-redhat-linux
Thread model: posix
gcc version 8.3.1 20190311 (Red Hat 8.3.1-3) (GCC) 
COMPILER_PATH=/opt/rh/devtoolset-8/root/usr/libexec/gcc/x86_64-redhat-linux/8/:/opt/rh/devtoolset-8/root/usr/libexec/gcc/x86_64-redhat-linux/8/:/opt/rh/devtoolset-8/root/usr/libexec/gcc/x86_64-redhat-linux/:/opt/rh/devtoolset-8/root/usr/lib/gcc/x86_64-redhat-linux/8/:/opt/rh/devtoolset-8/root/usr/lib/gcc/x86_64-redhat-linux/
LIBRARY_PATH=/opt/rh/devtoolset-8/root/usr/lib/gcc/x86_64-redhat-linux/8/:/opt/rh/devtoolset-8/root/usr/lib/gcc/x86_64-redhat-linux/8/../../../../lib64/:/lib/../lib64/:/usr/lib/../lib64/:/opt/rh/devtoolset-8/root/usr/lib/gcc/x86_64-redhat-linux/8/../../../:/lib/:/usr/lib/
COLLECT_GCC_OPTIONS='-v' '-o' 'cmTryCompileExec3958057840' '-rdynamic' '-mtune=generic' '-march=x86-64'
 /opt/rh/devtoolset-8/root/usr/libexec/gcc/x86_64-redhat-linux/8/collect2 -plugin /opt/rh/devtoolset-8/root/usr/libexec/gcc/x86_64-redhat-linux/8/liblto_plugin.so -plugin-opt=/opt/rh/devtoolset-8/root/usr/libexec/gcc/x86_64-redhat-linux/8/lto-wrapper -plugin-opt=-fresolution=/tmp/ccTLch63.res -plugin-opt=-pass-through=-lgcc -plugin-opt=-pass-through=-lgcc_s -plugin-opt=-pass-through=-lc -plugin-opt=-pass-through=-lgcc -plugin-opt=-pass-through=-lgcc_s --build-id --no-add-needed --eh-frame-hdr --hash-style=gnu -m elf_x86_64 -export-dynamic -dynamic-linker /lib64/ld-linux-x86-64.so.2 -o cmTryCompileExec3958057840 /usr/lib/../lib64/crt1.o /usr/lib/../lib64/crti.o /opt/rh/devtoolset-8/root/usr/lib/gcc/x86_64-redhat-linux/8/crtbegin.o -L/opt/rh/devtoolset-8/root/usr/lib/gcc/x86_64-redhat-linux/8 -L/opt/rh/devtoolset-8/root/usr/lib/gcc/x86_64-redhat-linux/8/../../../../lib64 -L/lib/../lib64 -L/usr/lib/../lib64 -L/opt/rh/devtoolset-8/root/usr/lib/gcc/x86_64-redhat-linux/8/../../.. CMakeFiles/cmTryCompileExec3958057840.dir/CMakeCCompilerABI.c.o -lgcc --as-needed -lgcc_s --no-as-needed -lc -lgcc --as-needed -lgcc_s --no-as-needed /opt/rh/devtoolset-8/root/usr/lib/gcc/x86_64-redhat-linux/8/crtend.o /usr/lib/../lib64/crtn.o
COLLECT_GCC_OPTIONS='-v' '-o' 'cmTryCompileExec3958057840' '-rdynamic' '-mtune=generic' '-march=x86-64'
gmake[1]: Leaving directory `/tmp/pip-req-build-yeqf_vl_/openjpeg/src/openjpeg/build/CMakeFiles/CMakeTmp'


Parsed C implicit link information from above output:
  link line regex: [^( *|.*[/\])(ld|([^/\]+-)?ld|collect2)[^/\]*( |$)]
  ignore line: [Change Dir: /tmp/pip-req-build-yeqf_vl_/openjpeg/src/openjpeg/build/CMakeFiles/CMakeTmp]
  ignore line: []
  ignore line: [Run Build Command:/usr/bin/gmake "cmTryCompileExec3958057840/fast"]
  ignore line: [/usr/bin/gmake -f CMakeFiles/cmTryCompileExec3958057840.dir/build.make CMakeFiles/cmTryCompileExec3958057840.dir/build]
  ignore line: [gmake[1]: Entering directory `/tmp/pip-req-build-yeqf_vl_/openjpeg/src/openjpeg/build/CMakeFiles/CMakeTmp']
  ignore line: [/usr/bin/cmake -E cmake_progress_report /tmp/pip-req-build-yeqf_vl_/openjpeg/src/openjpeg/build/CMakeFiles/CMakeTmp/CMakeFiles 1]
  ignore line: [Building C object CMakeFiles/cmTryCompileExec3958057840.dir/CMakeCCompilerABI.c.o]
  ignore line: [/opt/rh/devtoolset-8/root/usr/bin/cc    -o CMakeFiles/cmTryCompileExec3958057840.dir/CMakeCCompilerABI.c.o   -c /usr/share/cmake/Modules/CMakeCCompilerABI.c]
  ignore line: [Linking C executable cmTryCompileExec3958057840]
  ignore line: [/usr/bin/cmake -E cmake_link_script CMakeFiles/cmTryCompileExec3958057840.dir/link.txt --verbose=1]
  ignore line: [/opt/rh/devtoolset-8/root/usr/bin/cc     -v CMakeFiles/cmTryCompileExec3958057840.dir/CMakeCCompilerABI.c.o  -o cmTryCompileExec3958057840 -rdynamic  ]
  ignore line: [Using built-in specs.]
  ignore line: [COLLECT_GCC=/opt/rh/devtoolset-8/root/usr/bin/cc]
  ignore line: [COLLECT_LTO_WRAPPER=/opt/rh/devtoolset-8/root/usr/libexec/gcc/x86_64-redhat-linux/8/lto-wrapper]
  ignore line: [Target: x86_64-redhat-linux]
  ignore line: [Configured with: ../configure --enable-bootstrap --enable-languages=c,c++,fortran,lto --prefix=/opt/rh/devtoolset-8/root/usr --mandir=/opt/rh/devtoolset-8/root/usr/share/man --infodir=/opt/rh/devtoolset-8/root/usr/share/info --with-bugurl=http://bugzilla.redhat.com/bugzilla --enable-shared --enable-threads=posix --enable-checking=release --enable-multilib --with-system-zlib --enable-__cxa_atexit --disable-libunwind-exceptions --enable-gnu-unique-object --enable-linker-build-id --with-gcc-major-version-only --with-linker-hash-style=gnu --with-default-libstdcxx-abi=gcc4-compatible --enable-plugin --enable-initfini-array --with-isl=/builddir/build/BUILD/gcc-8.3.1-20190311/obj-x86_64-redhat-linux/isl-install --disable-libmpx --with-mpc=/builddir/build/BUILD/gcc-8.3.1-20190311/obj-x86_64-redhat-linux/mpc-install --with-tune=generic --with-arch_32=i686 --build=x86_64-redhat-linux]
  ignore line: [Thread model: posix]
  ignore line: [gcc version 8.3.1 20190311 (Red Hat 8.3.1-3) (GCC) ]
  ignore line: [COMPILER_PATH=/opt/rh/devtoolset-8/root/usr/libexec/gcc/x86_64-redhat-linux/8/:/opt/rh/devtoolset-8/root/usr/libexec/gcc/x86_64-redhat-linux/8/:/opt/rh/devtoolset-8/root/usr/libexec/gcc/x86_64-redhat-linux/:/opt/rh/devtoolset-8/root/usr/lib/gcc/x86_64-redhat-linux/8/:/opt/rh/devtoolset-8/root/usr/lib/gcc/x86_64-redhat-linux/]
  ignore line: [LIBRARY_PATH=/opt/rh/devtoolset-8/root/usr/lib/gcc/x86_64-redhat-linux/8/:/opt/rh/devtoolset-8/root/usr/lib/gcc/x86_64-redhat-linux/8/../../../../lib64/:/lib/../lib64/:/usr/lib/../lib64/:/opt/rh/devtoolset-8/root/usr/lib/gcc/x86_64-redhat-linux/8/../../../:/lib/:/usr/lib/]
  ignore line: [COLLECT_GCC_OPTIONS='-v' '-o' 'cmTryCompileExec3958057840' '-rdynamic' '-mtune=generic' '-march=x86-64']
  link line: [ /opt/rh/devtoolset-8/root/usr/libexec/gcc/x86_64-redhat-linux/8/collect2 -plugin /opt/rh/devtoolset-8/root/usr/libexec/gcc/x86_64-redhat-linux/8/liblto_plugin.so -plugin-opt=/opt/rh/devtoolset-8/root/usr/libexec/gcc/x86_64-redhat-linux/8/lto-wrapper -plugin-opt=-fresolution=/tmp/ccTLch63.res -plugin-opt=-pass-through=-lgcc -plugin-opt=-pass-through=-lgcc_s -plugin-opt=-pass-through=-lc -plugin-opt=-pass-through=-lgcc -plugin-opt=-pass-through=-lgcc_s --build-id --no-add-needed --eh-frame-hdr --hash-style=gnu -m elf_x86_64 -export-dynamic -dynamic-linker /lib64/ld-linux-x86-64.so.2 -o cmTryCompileExec3958057840 /usr/lib/../lib64/crt1.o /usr/lib/../lib64/crti.o /opt/rh/devtoolset-8/root/usr/lib/gcc/x86_64-redhat-linux/8/crtbegin.o -L/opt/rh/devtoolset-8/root/usr/lib/gcc/x86_64-redhat-linux/8 -L/opt/rh/devtoolset-8/root/usr/lib/gcc/x86_64-redhat-linux/8/../../../../lib64 -L/lib/../lib64 -L/usr/lib/../lib64 -L/opt/rh/devtoolset-8/root/usr/lib/gcc/x86_64-redhat-linux/8/../../.. CMakeFiles/cmTryCompileExec3958057840.dir/CMakeCCompilerABI.c.o -lgcc --as-needed -lgcc_s --no-as-needed -lc -lgcc --as-needed -lgcc_s --no-as-needed /opt/rh/devtoolset-8/root/usr/lib/gcc/x86_64-redhat-linux/8/crtend.o /usr/lib/../lib64/crtn.o]
    arg [/opt/rh/devtoolset-8/root/usr/libexec/gcc/x86_64-redhat-linux/8/collect2] ==> ignore
    arg [-plugin] ==> ignore
    arg [/opt/rh/devtoolset-8/root/usr/libexec/gcc/x86_64-redhat-linux/8/liblto_plugin.so] ==> ignore
    arg [-plugin-opt=/opt/rh/devtoolset-8/root/usr/libexec/gcc/x86_64-redhat-linux/8/lto-wrapper] ==> ignore
    arg [-plugin-opt=-fresolution=/tmp/ccTLch63.res] ==> ignore
    arg [-plugin-opt=-pass-through=-lgcc] ==> ignore
    arg [-plugin-opt=-pass-through=-lgcc_s] ==> ignore
    arg [-plugin-opt=-pass-through=-lc] ==> ignore
    arg [-plugin-opt=-pass-through=-lgcc] ==> ignore
    arg [-plugin-opt=-pass-through=-lgcc_s] ==> ignore
    arg [--build-id] ==> ignore
    arg [--no-add-needed] ==> ignore
    arg [--eh-frame-hdr] ==> ignore
    arg [--hash-style=gnu] ==> ignore
    arg [-m] ==> ignore
    arg [elf_x86_64] ==> ignore
    arg [-export-dynamic] ==> ignore
    arg [-dynamic-linker] ==> ignore
    arg [/lib64/ld-linux-x86-64.so.2] ==> ignore
    arg [-o] ==> ignore
    arg [cmTryCompileExec3958057840] ==> ignore
    arg [/usr/lib/../lib64/crt1.o] ==> ignore
    arg [/usr/lib/../lib64/crti.o] ==> ignore
    arg [/opt/rh/devtoolset-8/root/usr/lib/gcc/x86_64-redhat-linux/8/crtbegin.o] ==> ignore
    arg [-L/opt/rh/devtoolset-8/root/usr/lib/gcc/x86_64-redhat-linux/8] ==> dir [/opt/rh/devtoolset-8/root/usr/lib/gcc/x86_64-redhat-linux/8]
    arg [-L/opt/rh/devtoolset-8/root/usr/lib/gcc/x86_64-redhat-linux/8/../../../../lib64] ==> dir [/opt/rh/devtoolset-8/root/usr/lib/gcc/x86_64-redhat-linux/8/../../../../lib64]
    arg [-L/lib/../lib64] ==> dir [/lib/../lib64]
    arg [-L/usr/lib/../lib64] ==> dir [/usr/lib/../lib64]
    arg [-L/opt/rh/devtoolset-8/root/usr/lib/gcc/x86_64-redhat-linux/8/../../..] ==> dir [/opt/rh/devtoolset-8/root/usr/lib/gcc/x86_64-redhat-linux/8/../../..]
    arg [CMakeFiles/cmTryCompileExec3958057840.dir/CMakeCCompilerABI.c.o] ==> ignore
    arg [-lgcc] ==> lib [gcc]
    arg [--as-needed] ==> ignore
    arg [-lgcc_s] ==> lib [gcc_s]
    arg [--no-as-needed] ==> ignore
    arg [-lc] ==> lib [c]
    arg [-lgcc] ==> lib [gcc]
    arg [--as-needed] ==> ignore
    arg [-lgcc_s] ==> lib [gcc_s]
    arg [--no-as-needed] ==> ignore
    arg [/opt/rh/devtoolset-8/root/usr/lib/gcc/x86_64-redhat-linux/8/crtend.o] ==> ignore
    arg [/usr/lib/../lib64/crtn.o] ==> ignore
  remove lib [gcc]
  remove lib [gcc_s]
  remove lib [gcc]
  remove lib [gcc_s]
  collapse library dir [/opt/rh/devtoolset-8/root/usr/lib/gcc/x86_64-redhat-linux/8] ==> [/opt/rh/devtoolset-8/root/usr/lib/gcc/x86_64-redhat-linux/8]
  collapse library dir [/opt/rh/devtoolset-8/root/usr/lib/gcc/x86_64-redhat-linux/8/../../../../lib64] ==> [/opt/rh/devtoolset-8/root/usr/lib64]
  collapse library dir [/lib/../lib64] ==> [/lib64]
  collapse library dir [/usr/lib/../lib64] ==> [/usr/lib64]
  collapse library dir [/opt/rh/devtoolset-8/root/usr/lib/gcc/x86_64-redhat-linux/8/../../..] ==> [/opt/rh/devtoolset-8/root/usr/lib]
  implicit libs: [c]
  implicit dirs: [/opt/rh/devtoolset-8/root/usr/lib/gcc/x86_64-redhat-linux/8;/opt/rh/devtoolset-8/root/usr/lib64;/lib64;/usr/lib64;/opt/rh/devtoolset-8/root/usr/lib]
  implicit fwks: []


Determining if the CXX compiler works passed with the following output:
Change Dir: /tmp/pip-req-build-yeqf_vl_/openjpeg/src/openjpeg/build/CMakeFiles/CMakeTmp

Run Build Command:/usr/bin/gmake "cmTryCompileExec2146997083/fast"
/usr/bin/gmake -f CMakeFiles/cmTryCompileExec2146997083.dir/build.make CMakeFiles/cmTryCompileExec2146997083.dir/build
gmake[1]: Entering directory `/tmp/pip-req-build-yeqf_vl_/openjpeg/src/openjpeg/build/CMakeFiles/CMakeTmp'
/usr/bin/cmake -E cmake_progress_report /tmp/pip-req-build-yeqf_vl_/openjpeg/src/openjpeg/build/CMakeFiles/CMakeTmp/CMakeFiles 1
Building CXX object CMakeFiles/cmTryCompileExec2146997083.dir/testCXXCompiler.cxx.o
/opt/rh/devtoolset-8/root/usr/bin/c++     -o CMakeFiles/cmTryCompileExec2146997083.dir/testCXXCompiler.cxx.o -c /tmp/pip-req-build-yeqf_vl_/openjpeg/src/openjpeg/build/CMakeFiles/CMakeTmp/testCXXCompiler.cxx
Linking CXX executable cmTryCompileExec2146997083
/usr/bin/cmake -E cmake_link_script CMakeFiles/cmTryCompileExec2146997083.dir/link.txt --verbose=1
/opt/rh/devtoolset-8/root/usr/bin/c++        CMakeFiles/cmTryCompileExec2146997083.dir/testCXXCompiler.cxx.o  -o cmTryCompileExec2146997083 -rdynamic 
gmake[1]: Leaving directory `/tmp/pip-req-build-yeqf_vl_/openjpeg/src/openjpeg/build/CMakeFiles/CMakeTmp'


Detecting CXX compiler ABI info compiled with the following output:
Change Dir: /tmp/pip-req-build-yeqf_vl_/openjpeg/src/openjpeg/build/CMakeFiles/CMakeTmp

Run Build Command:/usr/bin/gmake "cmTryCompileExec606644589/fast"
/usr/bin/gmake -f CMakeFiles/cmTryCompileExec606644589.dir/build.make CMakeFiles/cmTryCompileExec606644589.dir/build
gmake[1]: Entering directory `/tmp/pip-req-build-yeqf_vl_/openjpeg/src/openjpeg/build/CMakeFiles/CMakeTmp'
/usr/bin/cmake -E cmake_progress_report /tmp/pip-req-build-yeqf_vl_/openjpeg/src/openjpeg/build/CMakeFiles/CMakeTmp/CMakeFiles 1
Building CXX object CMakeFiles/cmTryCompileExec606644589.dir/CMakeCXXCompilerABI.cpp.o
/opt/rh/devtoolset-8/root/usr/bin/c++     -o CMakeFiles/cmTryCompileExec606644589.dir/CMakeCXXCompilerABI.cpp.o -c /usr/share/cmake/Modules/CMakeCXXCompilerABI.cpp
Linking CXX executable cmTryCompileExec606644589
/usr/bin/cmake -E cmake_link_script CMakeFiles/cmTryCompileExec606644589.dir/link.txt --verbose=1
/opt/rh/devtoolset-8/root/usr/bin/c++      -v CMakeFiles/cmTryCompileExec606644589.dir/CMakeCXXCompilerABI.cpp.o  -o cmTryCompileExec606644589 -rdynamic  
Using built-in specs.
COLLECT_GCC=/opt/rh/devtoolset-8/root/usr/bin/c++
COLLECT_LTO_WRAPPER=/opt/rh/devtoolset-8/root/usr/libexec/gcc/x86_64-redhat-linux/8/lto-wrapper
Target: x86_64-redhat-linux
Configured with: ../configure --enable-bootstrap --enable-languages=c,c++,fortran,lto --prefix=/opt/rh/devtoolset-8/root/usr --mandir=/opt/rh/devtoolset-8/root/usr/share/man --infodir=/opt/rh/devtoolset-8/root/usr/share/info --with-bugurl=http://bugzilla.redhat.com/bugzilla --enable-shared --enable-threads=posix --enable-checking=release --enable-multilib --with-system-zlib --enable-__cxa_atexit --disable-libunwind-exceptions --enable-gnu-unique-object --enable-linker-build-id --with-gcc-major-version-only --with-linker-hash-style=gnu --with-default-libstdcxx-abi=gcc4-compatible --enable-plugin --enable-initfini-array --with-isl=/builddir/build/BUILD/gcc-8.3.1-20190311/obj-x86_64-redhat-linux/isl-install --disable-libmpx --with-mpc=/builddir/build/BUILD/gcc-8.3.1-20190311/obj-x86_64-redhat-linux/mpc-install --with-tune=generic --with-arch_32=i686 --build=x86_64-redhat-linux
Thread model: posix
gcc version 8.3.1 20190311 (Red Hat 8.3.1-3) (GCC) 
COMPILER_PATH=/opt/rh/devtoolset-8/root/usr/libexec/gcc/x86_64-redhat-linux/8/:/opt/rh/devtoolset-8/root/usr/libexec/gcc/x86_64-redhat-linux/8/:/opt/rh/devtoolset-8/root/usr/libexec/gcc/x86_64-redhat-linux/:/opt/rh/devtoolset-8/root/usr/lib/gcc/x86_64-redhat-linux/8/:/opt/rh/devtoolset-8/root/usr/lib/gcc/x86_64-redhat-linux/
LIBRARY_PATH=/opt/rh/devtoolset-8/root/usr/lib/gcc/x86_64-redhat-linux/8/:/opt/rh/devtoolset-8/root/usr/lib/gcc/x86_64-redhat-linux/8/../../../../lib64/:/lib/../lib64/:/usr/lib/../lib64/:/opt/rh/devtoolset-8/root/usr/lib/gcc/x86_64-redhat-linux/8/../../../:/lib/:/usr/lib/
COLLECT_GCC_OPTIONS='-v' '-o' 'cmTryCompileExec606644589' '-rdynamic' '-shared-libgcc' '-mtune=generic' '-march=x86-64'
 /opt/rh/devtoolset-8/root/usr/libexec/gcc/x86_64-redhat-linux/8/collect2 -plugin /opt/rh/devtoolset-8/root/usr/libexec/gcc/x86_64-redhat-linux/8/liblto_plugin.so -plugin-opt=/opt/rh/devtoolset-8/root/usr/libexec/gcc/x86_64-redhat-linux/8/lto-wrapper -plugin-opt=-fresolution=/tmp/ccafBcaf.res -plugin-opt=-pass-through=-lgcc_s -plugin-opt=-pass-through=-lgcc -plugin-opt=-pass-through=-lc -plugin-opt=-pass-through=-lgcc_s -plugin-opt=-pass-through=-lgcc --build-id --no-add-needed --eh-frame-hdr --hash-style=gnu -m elf_x86_64 -export-dynamic -dynamic-linker /lib64/ld-linux-x86-64.so.2 -o cmTryCompileExec606644589 /usr/lib/../lib64/crt1.o /usr/lib/../lib64/crti.o /opt/rh/devtoolset-8/root/usr/lib/gcc/x86_64-redhat-linux/8/crtbegin.o -L/opt/rh/devtoolset-8/root/usr/lib/gcc/x86_64-redhat-linux/8 -L/opt/rh/devtoolset-8/root/usr/lib/gcc/x86_64-redhat-linux/8/../../../../lib64 -L/lib/../lib64 -L/usr/lib/../lib64 -L/opt/rh/devtoolset-8/root/usr/lib/gcc/x86_64-redhat-linux/8/../../.. CMakeFiles/cmTryCompileExec606644589.dir/CMakeCXXCompilerABI.cpp.o -lstdc++ -lm -lgcc_s -lgcc -lc -lgcc_s -lgcc /opt/rh/devtoolset-8/root/usr/lib/gcc/x86_64-redhat-linux/8/crtend.o /usr/lib/../lib64/crtn.o
COLLECT_GCC_OPTIONS='-v' '-o' 'cmTryCompileExec606644589' '-rdynamic' '-shared-libgcc' '-mtune=generic' '-march=x86-64'
gmake[1]: Leaving directory `/tmp/pip-req-build-yeqf_vl_/openjpeg/src/openjpeg/build/CMakeFiles/CMakeTmp'


Parsed CXX implicit link information from above output:
  link line regex: [^( *|.*[/\])(ld|([^/\]+-)?ld|collect2)[^/\]*( |$)]
  ignore line: [Change Dir: /tmp/pip-req-build-yeqf_vl_/openjpeg/src/openjpeg/build/CMakeFiles/CMakeTmp]
  ignore line: []
  ignore line: [Run Build Command:/usr/bin/gmake "cmTryCompileExec606644589/fast"]
  ignore line: [/usr/bin/gmake -f CMakeFiles/cmTryCompileExec606644589.dir/build.make CMakeFiles/cmTryCompileExec606644589.dir/build]
  ignore line: [gmake[1]: Entering directory `/tmp/pip-req-build-yeqf_vl_/openjpeg/src/openjpeg/build/CMakeFiles/CMakeTmp']
  ignore line: [/usr/bin/cmake -E cmake_progress_report /tmp/pip-req-build-yeqf_vl_/openjpeg/src/openjpeg/build/CMakeFiles/CMakeTmp/CMakeFiles 1]
  ignore line: [Building CXX object CMakeFiles/cmTryCompileExec606644589.dir/CMakeCXXCompilerABI.cpp.o]
  ignore line: [/opt/rh/devtoolset-8/root/usr/bin/c++     -o CMakeFiles/cmTryCompileExec606644589.dir/CMakeCXXCompilerABI.cpp.o -c /usr/share/cmake/Modules/CMakeCXXCompilerABI.cpp]
  ignore line: [Linking CXX executable cmTryCompileExec606644589]
  ignore line: [/usr/bin/cmake -E cmake_link_script CMakeFiles/cmTryCompileExec606644589.dir/link.txt --verbose=1]
  ignore line: [/opt/rh/devtoolset-8/root/usr/bin/c++      -v CMakeFiles/cmTryCompileExec606644589.dir/CMakeCXXCompilerABI.cpp.o  -o cmTryCompileExec606644589 -rdynamic  ]
  ignore line: [Using built-in specs.]
  ignore line: [COLLECT_GCC=/opt/rh/devtoolset-8/root/usr/bin/c++]
  ignore line: [COLLECT_LTO_WRAPPER=/opt/rh/devtoolset-8/root/usr/libexec/gcc/x86_64-redhat-linux/8/lto-wrapper]
  ignore line: [Target: x86_64-redhat-linux]
  ignore line: [Configured with: ../configure --enable-bootstrap --enable-languages=c,c++,fortran,lto --prefix=/opt/rh/devtoolset-8/root/usr --mandir=/opt/rh/devtoolset-8/root/usr/share/man --infodir=/opt/rh/devtoolset-8/root/usr/share/info --with-bugurl=http://bugzilla.redhat.com/bugzilla --enable-shared --enable-threads=posix --enable-checking=release --enable-multilib --with-system-zlib --enable-__cxa_atexit --disable-libunwind-exceptions --enable-gnu-unique-object --enable-linker-build-id --with-gcc-major-version-only --with-linker-hash-style=gnu --with-default-libstdcxx-abi=gcc4-compatible --enable-plugin --enable-initfini-array --with-isl=/builddir/build/BUILD/gcc-8.3.1-20190311/obj-x86_64-redhat-linux/isl-install --disable-libmpx --with-mpc=/builddir/build/BUILD/gcc-8.3.1-20190311/obj-x86_64-redhat-linux/mpc-install --with-tune=generic --with-arch_32=i686 --build=x86_64-redhat-linux]
  ignore line: [Thread model: posix]
  ignore line: [gcc version 8.3.1 20190311 (Red Hat 8.3.1-3) (GCC) ]
  ignore line: [COMPILER_PATH=/opt/rh/devtoolset-8/root/usr/libexec/gcc/x86_64-redhat-linux/8/:/opt/rh/devtoolset-8/root/usr/libexec/gcc/x86_64-redhat-linux/8/:/opt/rh/devtoolset-8/root/usr/libexec/gcc/x86_64-redhat-linux/:/opt/rh/devtoolset-8/root/usr/lib/gcc/x86_64-redhat-linux/8/:/opt/rh/devtoolset-8/root/usr/lib/gcc/x86_64-redhat-linux/]
  ignore line: [LIBRARY_PATH=/opt/rh/devtoolset-8/root/usr/lib/gcc/x86_64-redhat-linux/8/:/opt/rh/devtoolset-8/root/usr/lib/gcc/x86_64-redhat-linux/8/../../../../lib64/:/lib/../lib64/:/usr/lib/../lib64/:/opt/rh/devtoolset-8/root/usr/lib/gcc/x86_64-redhat-linux/8/../../../:/lib/:/usr/lib/]
  ignore line: [COLLECT_GCC_OPTIONS='-v' '-o' 'cmTryCompileExec606644589' '-rdynamic' '-shared-libgcc' '-mtune=generic' '-march=x86-64']
  link line: [ /opt/rh/devtoolset-8/root/usr/libexec/gcc/x86_64-redhat-linux/8/collect2 -plugin /opt/rh/devtoolset-8/root/usr/libexec/gcc/x86_64-redhat-linux/8/liblto_plugin.so -plugin-opt=/opt/rh/devtoolset-8/root/usr/libexec/gcc/x86_64-redhat-linux/8/lto-wrapper -plugin-opt=-fresolution=/tmp/ccafBcaf.res -plugin-opt=-pass-through=-lgcc_s -plugin-opt=-pass-through=-lgcc -plugin-opt=-pass-through=-lc -plugin-opt=-pass-through=-lgcc_s -plugin-opt=-pass-through=-lgcc --build-id --no-add-needed --eh-frame-hdr --hash-style=gnu -m elf_x86_64 -export-dynamic -dynamic-linker /lib64/ld-linux-x86-64.so.2 -o cmTryCompileExec606644589 /usr/lib/../lib64/crt1.o /usr/lib/../lib64/crti.o /opt/rh/devtoolset-8/root/usr/lib/gcc/x86_64-redhat-linux/8/crtbegin.o -L/opt/rh/devtoolset-8/root/usr/lib/gcc/x86_64-redhat-linux/8 -L/opt/rh/devtoolset-8/root/usr/lib/gcc/x86_64-redhat-linux/8/../../../../lib64 -L/lib/../lib64 -L/usr/lib/../lib64 -L/opt/rh/devtoolset-8/root/usr/lib/gcc/x86_64-redhat-linux/8/../../.. CMakeFiles/cmTryCompileExec606644589.dir/CMakeCXXCompilerABI.cpp.o -lstdc++ -lm -lgcc_s -lgcc -lc -lgcc_s -lgcc /opt/rh/devtoolset-8/root/usr/lib/gcc/x86_64-redhat-linux/8/crtend.o /usr/lib/../lib64/crtn.o]
    arg [/opt/rh/devtoolset-8/root/usr/libexec/gcc/x86_64-redhat-linux/8/collect2] ==> ignore
    arg [-plugin] ==> ignore
    arg [/opt/rh/devtoolset-8/root/usr/libexec/gcc/x86_64-redhat-linux/8/liblto_plugin.so] ==> ignore
    arg [-plugin-opt=/opt/rh/devtoolset-8/root/usr/libexec/gcc/x86_64-redhat-linux/8/lto-wrapper] ==> ignore
    arg [-plugin-opt=-fresolution=/tmp/ccafBcaf.res] ==> ignore
    arg [-plugin-opt=-pass-through=-lgcc_s] ==> ignore
    arg [-plugin-opt=-pass-through=-lgcc] ==> ignore
    arg [-plugin-opt=-pass-through=-lc] ==> ignore
    arg [-plugin-opt=-pass-through=-lgcc_s] ==> ignore
    arg [-plugin-opt=-pass-through=-lgcc] ==> ignore
    arg [--build-id] ==> ignore
    arg [--no-add-needed] ==> ignore
    arg [--eh-frame-hdr] ==> ignore
    arg [--hash-style=gnu] ==> ignore
    arg [-m] ==> ignore
    arg [elf_x86_64] ==> ignore
    arg [-export-dynamic] ==> ignore
    arg [-dynamic-linker] ==> ignore
    arg [/lib64/ld-linux-x86-64.so.2] ==> ignore
    arg [-o] ==> ignore
    arg [cmTryCompileExec606644589] ==> ignore
    arg [/usr/lib/../lib64/crt1.o] ==> ignore
    arg [/usr/lib/../lib64/crti.o] ==> ignore
    arg [/opt/rh/devtoolset-8/root/usr/lib/gcc/x86_64-redhat-linux/8/crtbegin.o] ==> ignore
    arg [-L/opt/rh/devtoolset-8/root/usr/lib/gcc/x86_64-redhat-linux/8] ==> dir [/opt/rh/devtoolset-8/root/usr/lib/gcc/x86_64-redhat-linux/8]
    arg [-L/opt/rh/devtoolset-8/root/usr/lib/gcc/x86_64-redhat-linux/8/../../../../lib64] ==> dir [/opt/rh/devtoolset-8/root/usr/lib/gcc/x86_64-redhat-linux/8/../../../../lib64]
    arg [-L/lib/../lib64] ==> dir [/lib/../lib64]
    arg [-L/usr/lib/../lib64] ==> dir [/usr/lib/../lib64]
    arg [-L/opt/rh/devtoolset-8/root/usr/lib/gcc/x86_64-redhat-linux/8/../../..] ==> dir [/opt/rh/devtoolset-8/root/usr/lib/gcc/x86_64-redhat-linux/8/../../..]
    arg [CMakeFiles/cmTryCompileExec606644589.dir/CMakeCXXCompilerABI.cpp.o] ==> ignore
    arg [-lstdc++] ==> lib [stdc++]
    arg [-lm] ==> lib [m]
    arg [-lgcc_s] ==> lib [gcc_s]
    arg [-lgcc] ==> lib [gcc]
    arg [-lc] ==> lib [c]
    arg [-lgcc_s] ==> lib [gcc_s]
    arg [-lgcc] ==> lib [gcc]
    arg [/opt/rh/devtoolset-8/root/usr/lib/gcc/x86_64-redhat-linux/8/crtend.o] ==> ignore
    arg [/usr/lib/../lib64/crtn.o] ==> ignore
  remove lib [gcc_s]
  remove lib [gcc]
  remove lib [gcc_s]
  remove lib [gcc]
  collapse library dir [/opt/rh/devtoolset-8/root/usr/lib/gcc/x86_64-redhat-linux/8] ==> [/opt/rh/devtoolset-8/root/usr/lib/gcc/x86_64-redhat-linux/8]
  collapse library dir [/opt/rh/devtoolset-8/root/usr/lib/gcc/x86_64-redhat-linux/8/../../../../lib64] ==> [/opt/rh/devtoolset-8/root/usr/lib64]
  collapse library dir [/lib/../lib64] ==> [/lib64]
  collapse library dir [/usr/lib/../lib64] ==> [/usr/lib64]
  collapse library dir [/opt/rh/devtoolset-8/root/usr/lib/gcc/x86_64-redhat-linux/8/../../..] ==> [/opt/rh/devtoolset-8/root/usr/lib]
  implicit libs: [stdc++;m;c]
  implicit dirs: [/opt/rh/devtoolset-8/root/usr/lib/gcc/x86_64-redhat-linux/8;/opt/rh/devtoolset-8/root/usr/lib64;/lib64;/usr/lib64;/opt/rh/devtoolset-8/root/usr/lib]
  implicit fwks: []


Determining if the include file sys/types.h exists passed with the following output:
Change Dir: /tmp/pip-req-build-yeqf_vl_/openjpeg/src/openjpeg/build/CMakeFiles/CMakeTmp

Run Build Command:/usr/bin/gmake "cmTryCompileExec1250646892/fast"
/usr/bin/gmake -f CMakeFiles/cmTryCompileExec1250646892.dir/build.make CMakeFiles/cmTryCompileExec1250646892.dir/build
gmake[1]: Entering directory `/tmp/pip-req-build-yeqf_vl_/openjpeg/src/openjpeg/build/CMakeFiles/CMakeTmp'
/usr/bin/cmake -E cmake_progress_report /tmp/pip-req-build-yeqf_vl_/openjpeg/src/openjpeg/build/CMakeFiles/CMakeTmp/CMakeFiles 1
Building C object CMakeFiles/cmTryCompileExec1250646892.dir/CheckIncludeFile.c.o
/opt/rh/devtoolset-8/root/usr/bin/cc    -o CMakeFiles/cmTryCompileExec1250646892.dir/CheckIncludeFile.c.o   -c /tmp/pip-req-build-yeqf_vl_/openjpeg/src/openjpeg/build/CMakeFiles/CMakeTmp/CheckIncludeFile.c
Linking C executable cmTryCompileExec1250646892
/usr/bin/cmake -E cmake_link_script CMakeFiles/cmTryCompileExec1250646892.dir/link.txt --verbose=1
/opt/rh/devtoolset-8/root/usr/bin/cc       CMakeFiles/cmTryCompileExec1250646892.dir/CheckIncludeFile.c.o  -o cmTryCompileExec1250646892 -rdynamic 
gmake[1]: Leaving directory `/tmp/pip-req-build-yeqf_vl_/openjpeg/src/openjpeg/build/CMakeFiles/CMakeTmp'


Determining if the include file stdint.h exists passed with the following output:
Change Dir: /tmp/pip-req-build-yeqf_vl_/openjpeg/src/openjpeg/build/CMakeFiles/CMakeTmp

Run Build Command:/usr/bin/gmake "cmTryCompileExec2698504511/fast"
/usr/bin/gmake -f CMakeFiles/cmTryCompileExec2698504511.dir/build.make CMakeFiles/cmTryCompileExec2698504511.dir/build
gmake[1]: Entering directory `/tmp/pip-req-build-yeqf_vl_/openjpeg/src/openjpeg/build/CMakeFiles/CMakeTmp'
/usr/bin/cmake -E cmake_progress_report /tmp/pip-req-build-yeqf_vl_/openjpeg/src/openjpeg/build/CMakeFiles/CMakeTmp/CMakeFiles 1
Building C object CMakeFiles/cmTryCompileExec2698504511.dir/CheckIncludeFile.c.o
/opt/rh/devtoolset-8/root/usr/bin/cc    -o CMakeFiles/cmTryCompileExec2698504511.dir/CheckIncludeFile.c.o   -c /tmp/pip-req-build-yeqf_vl_/openjpeg/src/openjpeg/build/CMakeFiles/CMakeTmp/CheckIncludeFile.c
Linking C executable cmTryCompileExec2698504511
/usr/bin/cmake -E cmake_link_script CMakeFiles/cmTryCompileExec2698504511.dir/link.txt --verbose=1
/opt/rh/devtoolset-8/root/usr/bin/cc       CMakeFiles/cmTryCompileExec2698504511.dir/CheckIncludeFile.c.o  -o cmTryCompileExec2698504511 -rdynamic 
gmake[1]: Leaving directory `/tmp/pip-req-build-yeqf_vl_/openjpeg/src/openjpeg/build/CMakeFiles/CMakeTmp'


Determining if the include file stddef.h exists passed with the following output:
Change Dir: /tmp/pip-req-build-yeqf_vl_/openjpeg/src/openjpeg/build/CMakeFiles/CMakeTmp

Run Build Command:/usr/bin/gmake "cmTryCompileExec1898325277/fast"
/usr/bin/gmake -f CMakeFiles/cmTryCompileExec1898325277.dir/build.make CMakeFiles/cmTryCompileExec1898325277.dir/build
gmake[1]: Entering directory `/tmp/pip-req-build-yeqf_vl_/openjpeg/src/openjpeg/build/CMakeFiles/CMakeTmp'
/usr/bin/cmake -E cmake_progress_report /tmp/pip-req-build-yeqf_vl_/openjpeg/src/openjpeg/build/CMakeFiles/CMakeTmp/CMakeFiles 1
Building C object CMakeFiles/cmTryCompileExec1898325277.dir/CheckIncludeFile.c.o
/opt/rh/devtoolset-8/root/usr/bin/cc    -o CMakeFiles/cmTryCompileExec1898325277.dir/CheckIncludeFile.c.o   -c /tmp/pip-req-build-yeqf_vl_/openjpeg/src/openjpeg/build/CMakeFiles/CMakeTmp/CheckIncludeFile.c
Linking C executable cmTryCompileExec1898325277
/usr/bin/cmake -E cmake_link_script CMakeFiles/cmTryCompileExec1898325277.dir/link.txt --verbose=1
/opt/rh/devtoolset-8/root/usr/bin/cc       CMakeFiles/cmTryCompileExec1898325277.dir/CheckIncludeFile.c.o  -o cmTryCompileExec1898325277 -rdynamic 
gmake[1]: Leaving directory `/tmp/pip-req-build-yeqf_vl_/openjpeg/src/openjpeg/build/CMakeFiles/CMakeTmp'


Determining size of unsigned short passed with the following output:
Change Dir: /tmp/pip-req-build-yeqf_vl_/openjpeg/src/openjpeg/build/CMakeFiles/CMakeTmp

Run Build Command:/usr/bin/gmake "cmTryCompileExec888529671/fast"
/usr/bin/gmake -f CMakeFiles/cmTryCompileExec888529671.dir/build.make CMakeFiles/cmTryCompileExec888529671.dir/build
gmake[1]: Entering directory `/tmp/pip-req-build-yeqf_vl_/openjpeg/src/openjpeg/build/CMakeFiles/CMakeTmp'
/usr/bin/cmake -E cmake_progress_report /tmp/pip-req-build-yeqf_vl_/openjpeg/src/openjpeg/build/CMakeFiles/CMakeTmp/CMakeFiles 1
Building C object CMakeFiles/cmTryCompileExec888529671.dir/CMAKE_SIZEOF_UNSIGNED_SHORT.c.o
/opt/rh/devtoolset-8/root/usr/bin/cc    -o CMakeFiles/cmTryCompileExec888529671.dir/CMAKE_SIZEOF_UNSIGNED_SHORT.c.o   -c /tmp/pip-req-build-yeqf_vl_/openjpeg/src/openjpeg/build/CMakeFiles/CheckTypeSize/CMAKE_SIZEOF_UNSIGNED_SHORT.c
Linking C executable cmTryCompileExec888529671
/usr/bin/cmake -E cmake_link_script CMakeFiles/cmTryCompileExec888529671.dir/link.txt --verbose=1
/opt/rh/devtoolset-8/root/usr/bin/cc       CMakeFiles/cmTryCompileExec888529671.dir/CMAKE_SIZEOF_UNSIGNED_SHORT.c.o  -o cmTryCompileExec888529671 -rdynamic 
gmake[1]: Leaving directory `/tmp/pip-req-build-yeqf_vl_/openjpeg/src/openjpeg/build/CMakeFiles/CMakeTmp'


Determining if the include file string.h exists passed with the following output:
Change Dir: /tmp/pip-req-build-yeqf_vl_/openjpeg/src/openjpeg/build/CMakeFiles/CMakeTmp

Run Build Command:/usr/bin/gmake "cmTryCompileExec1205637870/fast"
/usr/bin/gmake -f CMakeFiles/cmTryCompileExec1205637870.dir/build.make CMakeFiles/cmTryCompileExec1205637870.dir/build
gmake[1]: Entering directory `/tmp/pip-req-build-yeqf_vl_/openjpeg/src/openjpeg/build/CMakeFiles/CMakeTmp'
/usr/bin/cmake -E cmake_progress_report /tmp/pip-req-build-yeqf_vl_/openjpeg/src/openjpeg/build/CMakeFiles/CMakeTmp/CMakeFiles 1
Building C object CMakeFiles/cmTryCompileExec1205637870.dir/CheckIncludeFile.c.o
/opt/rh/devtoolset-8/root/usr/bin/cc    -o CMakeFiles/cmTryCompileExec1205637870.dir/CheckIncludeFile.c.o   -c /tmp/pip-req-build-yeqf_vl_/openjpeg/src/openjpeg/build/CMakeFiles/CMakeTmp/CheckIncludeFile.c
Linking C executable cmTryCompileExec1205637870
/usr/bin/cmake -E cmake_link_script CMakeFiles/cmTryCompileExec1205637870.dir/link.txt --verbose=1
/opt/rh/devtoolset-8/root/usr/bin/cc       CMakeFiles/cmTryCompileExec1205637870.dir/CheckIncludeFile.c.o  -o cmTryCompileExec1205637870 -rdynamic 
gmake[1]: Leaving directory `/tmp/pip-req-build-yeqf_vl_/openjpeg/src/openjpeg/build/CMakeFiles/CMakeTmp'


Determining if the include file memory.h exists passed with the following output:
Change Dir: /tmp/pip-req-build-yeqf_vl_/openjpeg/src/openjpeg/build/CMakeFiles/CMakeTmp

Run Build Command:/usr/bin/gmake "cmTryCompileExec1329544914/fast"
/usr/bin/gmake -f CMakeFiles/cmTryCompileExec1329544914.dir/build.make CMakeFiles/cmTryCompileExec1329544914.dir/build
gmake[1]: Entering directory `/tmp/pip-req-build-yeqf_vl_/openjpeg/src/openjpeg/build/CMakeFiles/CMakeTmp'
/usr/bin/cmake -E cmake_progress_report /tmp/pip-req-build-yeqf_vl_/openjpeg/src/openjpeg/build/CMakeFiles/CMakeTmp/CMakeFiles 1
Building C object CMakeFiles/cmTryCompileExec1329544914.dir/CheckIncludeFile.c.o
/opt/rh/devtoolset-8/root/usr/bin/cc    -o CMakeFiles/cmTryCompileExec1329544914.dir/CheckIncludeFile.c.o   -c /tmp/pip-req-build-yeqf_vl_/openjpeg/src/openjpeg/build/CMakeFiles/CMakeTmp/CheckIncludeFile.c
Linking C executable cmTryCompileExec1329544914
/usr/bin/cmake -E cmake_link_script CMakeFiles/cmTryCompileExec1329544914.dir/link.txt --verbose=1
/opt/rh/devtoolset-8/root/usr/bin/cc       CMakeFiles/cmTryCompileExec1329544914.dir/CheckIncludeFile.c.o  -o cmTryCompileExec1329544914 -rdynamic 
gmake[1]: Leaving directory `/tmp/pip-req-build-yeqf_vl_/openjpeg/src/openjpeg/build/CMakeFiles/CMakeTmp'


Determining if the include file stdlib.h exists passed with the following output:
Change Dir: /tmp/pip-req-build-yeqf_vl_/openjpeg/src/openjpeg/build/CMakeFiles/CMakeTmp

Run Build Command:/usr/bin/gmake "cmTryCompileExec1129409548/fast"
/usr/bin/gmake -f CMakeFiles/cmTryCompileExec1129409548.dir/build.make CMakeFiles/cmTryCompileExec1129409548.dir/build
gmake[1]: Entering directory `/tmp/pip-req-build-yeqf_vl_/openjpeg/src/openjpeg/build/CMakeFiles/CMakeTmp'
/usr/bin/cmake -E cmake_progress_report /tmp/pip-req-build-yeqf_vl_/openjpeg/src/openjpeg/build/CMakeFiles/CMakeTmp/CMakeFiles 1
Building C object CMakeFiles/cmTryCompileExec1129409548.dir/CheckIncludeFile.c.o
/opt/rh/devtoolset-8/root/usr/bin/cc    -o CMakeFiles/cmTryCompileExec1129409548.dir/CheckIncludeFile.c.o   -c /tmp/pip-req-build-yeqf_vl_/openjpeg/src/openjpeg/build/CMakeFiles/CMakeTmp/CheckIncludeFile.c
Linking C executable cmTryCompileExec1129409548
/usr/bin/cmake -E cmake_link_script CMakeFiles/cmTryCompileExec1129409548.dir/link.txt --verbose=1
/opt/rh/devtoolset-8/root/usr/bin/cc       CMakeFiles/cmTryCompileExec1129409548.dir/CheckIncludeFile.c.o  -o cmTryCompileExec1129409548 -rdynamic 
gmake[1]: Leaving directory `/tmp/pip-req-build-yeqf_vl_/openjpeg/src/openjpeg/build/CMakeFiles/CMakeTmp'


Determining if the include file stdio.h exists passed with the following output:
Change Dir: /tmp/pip-req-build-yeqf_vl_/openjpeg/src/openjpeg/build/CMakeFiles/CMakeTmp

Run Build Command:/usr/bin/gmake "cmTryCompileExec2399914780/fast"
/usr/bin/gmake -f CMakeFiles/cmTryCompileExec2399914780.dir/build.make CMakeFiles/cmTryCompileExec2399914780.dir/build
gmake[1]: Entering directory `/tmp/pip-req-build-yeqf_vl_/openjpeg/src/openjpeg/build/CMakeFiles/CMakeTmp'
/usr/bin/cmake -E cmake_progress_report /tmp/pip-req-build-yeqf_vl_/openjpeg/src/openjpeg/build/CMakeFiles/CMakeTmp/CMakeFiles 1
Building C object CMakeFiles/cmTryCompileExec2399914780.dir/CheckIncludeFile.c.o
/opt/rh/devtoolset-8/root/usr/bin/cc    -o CMakeFiles/cmTryCompileExec2399914780.dir/CheckIncludeFile.c.o   -c /tmp/pip-req-build-yeqf_vl_/openjpeg/src/openjpeg/build/CMakeFiles/CMakeTmp/CheckIncludeFile.c
Linking C executable cmTryCompileExec2399914780
/usr/bin/cmake -E cmake_link_script CMakeFiles/cmTryCompileExec2399914780.dir/link.txt --verbose=1
/opt/rh/devtoolset-8/root/usr/bin/cc       CMakeFiles/cmTryCompileExec2399914780.dir/CheckIncludeFile.c.o  -o cmTryCompileExec2399914780 -rdynamic 
gmake[1]: Leaving directory `/tmp/pip-req-build-yeqf_vl_/openjpeg/src/openjpeg/build/CMakeFiles/CMakeTmp'


Determining if the include file math.h exists passed with the following output:
Change Dir: /tmp/pip-req-build-yeqf_vl_/openjpeg/src/openjpeg/build/CMakeFiles/CMakeTmp

Run Build Command:/usr/bin/gmake "cmTryCompileExec685753819/fast"
/usr/bin/gmake -f CMakeFiles/cmTryCompileExec685753819.dir/build.make CMakeFiles/cmTryCompileExec685753819.dir/build
gmake[1]: Entering directory `/tmp/pip-req-build-yeqf_vl_/openjpeg/src/openjpeg/build/CMakeFiles/CMakeTmp'
/usr/bin/cmake -E cmake_progress_report /tmp/pip-req-build-yeqf_vl_/openjpeg/src/openjpeg/build/CMakeFiles/CMakeTmp/CMakeFiles 1
Building C object CMakeFiles/cmTryCompileExec685753819.dir/CheckIncludeFile.c.o
/opt/rh/devtoolset-8/root/usr/bin/cc    -o CMakeFiles/cmTryCompileExec685753819.dir/CheckIncludeFile.c.o   -c /tmp/pip-req-build-yeqf_vl_/openjpeg/src/openjpeg/build/CMakeFiles/CMakeTmp/CheckIncludeFile.c
Linking C executable cmTryCompileExec685753819
/usr/bin/cmake -E cmake_link_script CMakeFiles/cmTryCompileExec685753819.dir/link.txt --verbose=1
/opt/rh/devtoolset-8/root/usr/bin/cc       CMakeFiles/cmTryCompileExec685753819.dir/CheckIncludeFile.c.o  -o cmTryCompileExec685753819 -rdynamic 
gmake[1]: Leaving directory `/tmp/pip-req-build-yeqf_vl_/openjpeg/src/openjpeg/build/CMakeFiles/CMakeTmp'


Determining if the include file float.h exists passed with the following output:
Change Dir: /tmp/pip-req-build-yeqf_vl_/openjpeg/src/openjpeg/build/CMakeFiles/CMakeTmp

Run Build Command:/usr/bin/gmake "cmTryCompileExec1034825256/fast"
/usr/bin/gmake -f CMakeFiles/cmTryCompileExec1034825256.dir/build.make CMakeFiles/cmTryCompileExec1034825256.dir/build
gmake[1]: Entering directory `/tmp/pip-req-build-yeqf_vl_/openjpeg/src/openjpeg/build/CMakeFiles/CMakeTmp'
/usr/bin/cmake -E cmake_progress_report /tmp/pip-req-build-yeqf_vl_/openjpeg/src/openjpeg/build/CMakeFiles/CMakeTmp/CMakeFiles 1
Building C object CMakeFiles/cmTryCompileExec1034825256.dir/CheckIncludeFile.c.o
/opt/rh/devtoolset-8/root/usr/bin/cc    -o CMakeFiles/cmTryCompileExec1034825256.dir/CheckIncludeFile.c.o   -c /tmp/pip-req-build-yeqf_vl_/openjpeg/src/openjpeg/build/CMakeFiles/CMakeTmp/CheckIncludeFile.c
Linking C executable cmTryCompileExec1034825256
/usr/bin/cmake -E cmake_link_script CMakeFiles/cmTryCompileExec1034825256.dir/link.txt --verbose=1
/opt/rh/devtoolset-8/root/usr/bin/cc       CMakeFiles/cmTryCompileExec1034825256.dir/CheckIncludeFile.c.o  -o cmTryCompileExec1034825256 -rdynamic 
gmake[1]: Leaving directory `/tmp/pip-req-build-yeqf_vl_/openjpeg/src/openjpeg/build/CMakeFiles/CMakeTmp'


Determining if the include file time.h exists passed with the following output:
Change Dir: /tmp/pip-req-build-yeqf_vl_/openjpeg/src/openjpeg/build/CMakeFiles/CMakeTmp

Run Build Command:/usr/bin/gmake "cmTryCompileExec1111058628/fast"
/usr/bin/gmake -f CMakeFiles/cmTryCompileExec1111058628.dir/build.make CMakeFiles/cmTryCompileExec1111058628.dir/build
gmake[1]: Entering directory `/tmp/pip-req-build-yeqf_vl_/openjpeg/src/openjpeg/build/CMakeFiles/CMakeTmp'
/usr/bin/cmake -E cmake_progress_report /tmp/pip-req-build-yeqf_vl_/openjpeg/src/openjpeg/build/CMakeFiles/CMakeTmp/CMakeFiles 1
Building C object CMakeFiles/cmTryCompileExec1111058628.dir/CheckIncludeFile.c.o
/opt/rh/devtoolset-8/root/usr/bin/cc    -o CMakeFiles/cmTryCompileExec1111058628.dir/CheckIncludeFile.c.o   -c /tmp/pip-req-build-yeqf_vl_/openjpeg/src/openjpeg/build/CMakeFiles/CMakeTmp/CheckIncludeFile.c
Linking C executable cmTryCompileExec1111058628
/usr/bin/cmake -E cmake_link_script CMakeFiles/cmTryCompileExec1111058628.dir/link.txt --verbose=1
/opt/rh/devtoolset-8/root/usr/bin/cc       CMakeFiles/cmTryCompileExec1111058628.dir/CheckIncludeFile.c.o  -o cmTryCompileExec1111058628 -rdynamic 
gmake[1]: Leaving directory `/tmp/pip-req-build-yeqf_vl_/openjpeg/src/openjpeg/build/CMakeFiles/CMakeTmp'


Determining if the include file stdarg.h exists passed with the following output:
Change Dir: /tmp/pip-req-build-yeqf_vl_/openjpeg/src/openjpeg/build/CMakeFiles/CMakeTmp

Run Build Command:/usr/bin/gmake "cmTryCompileExec1682008033/fast"
/usr/bin/gmake -f CMakeFiles/cmTryCompileExec1682008033.dir/build.make CMakeFiles/cmTryCompileExec1682008033.dir/build
gmake[1]: Entering directory `/tmp/pip-req-build-yeqf_vl_/openjpeg/src/openjpeg/build/CMakeFiles/CMakeTmp'
/usr/bin/cmake -E cmake_progress_report /tmp/pip-req-build-yeqf_vl_/openjpeg/src/openjpeg/build/CMakeFiles/CMakeTmp/CMakeFiles 1
Building C object CMakeFiles/cmTryCompileExec1682008033.dir/CheckIncludeFile.c.o
/opt/rh/devtoolset-8/root/usr/bin/cc    -o CMakeFiles/cmTryCompileExec1682008033.dir/CheckIncludeFile.c.o   -c /tmp/pip-req-build-yeqf_vl_/openjpeg/src/openjpeg/build/CMakeFiles/CMakeTmp/CheckIncludeFile.c
Linking C executable cmTryCompileExec1682008033
/usr/bin/cmake -E cmake_link_script CMakeFiles/cmTryCompileExec1682008033.dir/link.txt --verbose=1
/opt/rh/devtoolset-8/root/usr/bin/cc       CMakeFiles/cmTryCompileExec1682008033.dir/CheckIncludeFile.c.o  -o cmTryCompileExec1682008033 -rdynamic 
gmake[1]: Leaving directory `/tmp/pip-req-build-yeqf_vl_/openjpeg/src/openjpeg/build/CMakeFiles/CMakeTmp'


Determining if the include file ctype.h exists passed with the following output:
Change Dir: /tmp/pip-req-build-yeqf_vl_/openjpeg/src/openjpeg/build/CMakeFiles/CMakeTmp

Run Build Command:/usr/bin/gmake "cmTryCompileExec3217844081/fast"
/usr/bin/gmake -f CMakeFiles/cmTryCompileExec3217844081.dir/build.make CMakeFiles/cmTryCompileExec3217844081.dir/build
gmake[1]: Entering directory `/tmp/pip-req-build-yeqf_vl_/openjpeg/src/openjpeg/build/CMakeFiles/CMakeTmp'
/usr/bin/cmake -E cmake_progress_report /tmp/pip-req-build-yeqf_vl_/openjpeg/src/openjpeg/build/CMakeFiles/CMakeTmp/CMakeFiles 1
Building C object CMakeFiles/cmTryCompileExec3217844081.dir/CheckIncludeFile.c.o
/opt/rh/devtoolset-8/root/usr/bin/cc    -o CMakeFiles/cmTryCompileExec3217844081.dir/CheckIncludeFile.c.o   -c /tmp/pip-req-build-yeqf_vl_/openjpeg/src/openjpeg/build/CMakeFiles/CMakeTmp/CheckIncludeFile.c
Linking C executable cmTryCompileExec3217844081
/usr/bin/cmake -E cmake_link_script CMakeFiles/cmTryCompileExec3217844081.dir/link.txt --verbose=1
/opt/rh/devtoolset-8/root/usr/bin/cc       CMakeFiles/cmTryCompileExec3217844081.dir/CheckIncludeFile.c.o  -o cmTryCompileExec3217844081 -rdynamic 
gmake[1]: Leaving directory `/tmp/pip-req-build-yeqf_vl_/openjpeg/src/openjpeg/build/CMakeFiles/CMakeTmp'


Determining if the include file assert.h exists passed with the following output:
Change Dir: /tmp/pip-req-build-yeqf_vl_/openjpeg/src/openjpeg/build/CMakeFiles/CMakeTmp

Run Build Command:/usr/bin/gmake "cmTryCompileExec2025012600/fast"
/usr/bin/gmake -f CMakeFiles/cmTryCompileExec2025012600.dir/build.make CMakeFiles/cmTryCompileExec2025012600.dir/build
gmake[1]: Entering directory `/tmp/pip-req-build-yeqf_vl_/openjpeg/src/openjpeg/build/CMakeFiles/CMakeTmp'
/usr/bin/cmake -E cmake_progress_report /tmp/pip-req-build-yeqf_vl_/openjpeg/src/openjpeg/build/CMakeFiles/CMakeTmp/CMakeFiles 1
Building C object CMakeFiles/cmTryCompileExec2025012600.dir/CheckIncludeFile.c.o
/opt/rh/devtoolset-8/root/usr/bin/cc    -o CMakeFiles/cmTryCompileExec2025012600.dir/CheckIncludeFile.c.o   -c /tmp/pip-req-build-yeqf_vl_/openjpeg/src/openjpeg/build/CMakeFiles/CMakeTmp/CheckIncludeFile.c
Linking C executable cmTryCompileExec2025012600
/usr/bin/cmake -E cmake_link_script CMakeFiles/cmTryCompileExec2025012600.dir/link.txt --verbose=1
/opt/rh/devtoolset-8/root/usr/bin/cc       CMakeFiles/cmTryCompileExec2025012600.dir/CheckIncludeFile.c.o  -o cmTryCompileExec2025012600 -rdynamic 
gmake[1]: Leaving directory `/tmp/pip-req-build-yeqf_vl_/openjpeg/src/openjpeg/build/CMakeFiles/CMakeTmp'


Determining if the include file stdint.h exists passed with the following output:
Change Dir: /tmp/pip-req-build-yeqf_vl_/openjpeg/src/openjpeg/build/CMakeFiles/CMakeTmp

Run Build Command:/usr/bin/gmake "cmTryCompileExec538846344/fast"
/usr/bin/gmake -f CMakeFiles/cmTryCompileExec538846344.dir/build.make CMakeFiles/cmTryCompileExec538846344.dir/build
gmake[1]: Entering directory `/tmp/pip-req-build-yeqf_vl_/openjpeg/src/openjpeg/build/CMakeFiles/CMakeTmp'
/usr/bin/cmake -E cmake_progress_report /tmp/pip-req-build-yeqf_vl_/openjpeg/src/openjpeg/build/CMakeFiles/CMakeTmp/CMakeFiles 1
Building C object CMakeFiles/cmTryCompileExec538846344.dir/CheckIncludeFile.c.o
/opt/rh/devtoolset-8/root/usr/bin/cc    -o CMakeFiles/cmTryCompileExec538846344.dir/CheckIncludeFile.c.o   -c /tmp/pip-req-build-yeqf_vl_/openjpeg/src/openjpeg/build/CMakeFiles/CMakeTmp/CheckIncludeFile.c
Linking C executable cmTryCompileExec538846344
/usr/bin/cmake -E cmake_link_script CMakeFiles/cmTryCompileExec538846344.dir/link.txt --verbose=1
/opt/rh/devtoolset-8/root/usr/bin/cc       CMakeFiles/cmTryCompileExec538846344.dir/CheckIncludeFile.c.o  -o cmTryCompileExec538846344 -rdynamic 
gmake[1]: Leaving directory `/tmp/pip-req-build-yeqf_vl_/openjpeg/src/openjpeg/build/CMakeFiles/CMakeTmp'


Determining if the include file inttypes.h exists passed with the following output:
Change Dir: /tmp/pip-req-build-yeqf_vl_/openjpeg/src/openjpeg/build/CMakeFiles/CMakeTmp

Run Build Command:/usr/bin/gmake "cmTryCompileExec2856430244/fast"
/usr/bin/gmake -f CMakeFiles/cmTryCompileExec2856430244.dir/build.make CMakeFiles/cmTryCompileExec2856430244.dir/build
gmake[1]: Entering directory `/tmp/pip-req-build-yeqf_vl_/openjpeg/src/openjpeg/build/CMakeFiles/CMakeTmp'
/usr/bin/cmake -E cmake_progress_report /tmp/pip-req-build-yeqf_vl_/openjpeg/src/openjpeg/build/CMakeFiles/CMakeTmp/CMakeFiles 1
Building C object CMakeFiles/cmTryCompileExec2856430244.dir/CheckIncludeFile.c.o
/opt/rh/devtoolset-8/root/usr/bin/cc    -o CMakeFiles/cmTryCompileExec2856430244.dir/CheckIncludeFile.c.o   -c /tmp/pip-req-build-yeqf_vl_/openjpeg/src/openjpeg/build/CMakeFiles/CMakeTmp/CheckIncludeFile.c
Linking C executable cmTryCompileExec2856430244
/usr/bin/cmake -E cmake_link_script CMakeFiles/cmTryCompileExec2856430244.dir/link.txt --verbose=1
/opt/rh/devtoolset-8/root/usr/bin/cc       CMakeFiles/cmTryCompileExec2856430244.dir/CheckIncludeFile.c.o  -o cmTryCompileExec2856430244 -rdynamic 
gmake[1]: Leaving directory `/tmp/pip-req-build-yeqf_vl_/openjpeg/src/openjpeg/build/CMakeFiles/CMakeTmp'


Determining if the include file strings.h exists passed with the following output:
Change Dir: /tmp/pip-req-build-yeqf_vl_/openjpeg/src/openjpeg/build/CMakeFiles/CMakeTmp

Run Build Command:/usr/bin/gmake "cmTryCompileExec4021889487/fast"
/usr/bin/gmake -f CMakeFiles/cmTryCompileExec4021889487.dir/build.make CMakeFiles/cmTryCompileExec4021889487.dir/build
gmake[1]: Entering directory `/tmp/pip-req-build-yeqf_vl_/openjpeg/src/openjpeg/build/CMakeFiles/CMakeTmp'
/usr/bin/cmake -E cmake_progress_report /tmp/pip-req-build-yeqf_vl_/openjpeg/src/openjpeg/build/CMakeFiles/CMakeTmp/CMakeFiles 1
Building C object CMakeFiles/cmTryCompileExec4021889487.dir/CheckIncludeFile.c.o
/opt/rh/devtoolset-8/root/usr/bin/cc    -o CMakeFiles/cmTryCompileExec4021889487.dir/CheckIncludeFile.c.o   -c /tmp/pip-req-build-yeqf_vl_/openjpeg/src/openjpeg/build/CMakeFiles/CMakeTmp/CheckIncludeFile.c
Linking C executable cmTryCompileExec4021889487
/usr/bin/cmake -E cmake_link_script CMakeFiles/cmTryCompileExec4021889487.dir/link.txt --verbose=1
/opt/rh/devtoolset-8/root/usr/bin/cc       CMakeFiles/cmTryCompileExec4021889487.dir/CheckIncludeFile.c.o  -o cmTryCompileExec4021889487 -rdynamic 
gmake[1]: Leaving directory `/tmp/pip-req-build-yeqf_vl_/openjpeg/src/openjpeg/build/CMakeFiles/CMakeTmp'


Determining if the include file sys/stat.h exists passed with the following output:
Change Dir: /tmp/pip-req-build-yeqf_vl_/openjpeg/src/openjpeg/build/CMakeFiles/CMakeTmp

Run Build Command:/usr/bin/gmake "cmTryCompileExec46437211/fast"
/usr/bin/gmake -f CMakeFiles/cmTryCompileExec46437211.dir/build.make CMakeFiles/cmTryCompileExec46437211.dir/build
gmake[1]: Entering directory `/tmp/pip-req-build-yeqf_vl_/openjpeg/src/openjpeg/build/CMakeFiles/CMakeTmp'
/usr/bin/cmake -E cmake_progress_report /tmp/pip-req-build-yeqf_vl_/openjpeg/src/openjpeg/build/CMakeFiles/CMakeTmp/CMakeFiles 1
Building C object CMakeFiles/cmTryCompileExec46437211.dir/CheckIncludeFile.c.o
/opt/rh/devtoolset-8/root/usr/bin/cc    -o CMakeFiles/cmTryCompileExec46437211.dir/CheckIncludeFile.c.o   -c /tmp/pip-req-build-yeqf_vl_/openjpeg/src/openjpeg/build/CMakeFiles/CMakeTmp/CheckIncludeFile.c
Linking C executable cmTryCompileExec46437211
/usr/bin/cmake -E cmake_link_script CMakeFiles/cmTryCompileExec46437211.dir/link.txt --verbose=1
/opt/rh/devtoolset-8/root/usr/bin/cc       CMakeFiles/cmTryCompileExec46437211.dir/CheckIncludeFile.c.o  -o cmTryCompileExec46437211 -rdynamic 
gmake[1]: Leaving directory `/tmp/pip-req-build-yeqf_vl_/openjpeg/src/openjpeg/build/CMakeFiles/CMakeTmp'


Determining if the include file unistd.h exists passed with the following output:
Change Dir: /tmp/pip-req-build-yeqf_vl_/openjpeg/src/openjpeg/build/CMakeFiles/CMakeTmp

Run Build Command:/usr/bin/gmake "cmTryCompileExec2042481470/fast"
/usr/bin/gmake -f CMakeFiles/cmTryCompileExec2042481470.dir/build.make CMakeFiles/cmTryCompileExec2042481470.dir/build
gmake[1]: Entering directory `/tmp/pip-req-build-yeqf_vl_/openjpeg/src/openjpeg/build/CMakeFiles/CMakeTmp'
/usr/bin/cmake -E cmake_progress_report /tmp/pip-req-build-yeqf_vl_/openjpeg/src/openjpeg/build/CMakeFiles/CMakeTmp/CMakeFiles 1
Building C object CMakeFiles/cmTryCompileExec2042481470.dir/CheckIncludeFile.c.o
/opt/rh/devtoolset-8/root/usr/bin/cc    -o CMakeFiles/cmTryCompileExec2042481470.dir/CheckIncludeFile.c.o   -c /tmp/pip-req-build-yeqf_vl_/openjpeg/src/openjpeg/build/CMakeFiles/CMakeTmp/CheckIncludeFile.c
Linking C executable cmTryCompileExec2042481470
/usr/bin/cmake -E cmake_link_script CMakeFiles/cmTryCompileExec2042481470.dir/link.txt --verbose=1
/opt/rh/devtoolset-8/root/usr/bin/cc       CMakeFiles/cmTryCompileExec2042481470.dir/CheckIncludeFile.c.o  -o cmTryCompileExec2042481470 -rdynamic 
gmake[1]: Leaving directory `/tmp/pip-req-build-yeqf_vl_/openjpeg/src/openjpeg/build/CMakeFiles/CMakeTmp'


Determining if files malloc.h exist passed with the following output:
Change Dir: /tmp/pip-req-build-yeqf_vl_/openjpeg/src/openjpeg/build/CMakeFiles/CMakeTmp

Run Build Command:/usr/bin/gmake "cmTryCompileExec2680144184/fast"
/usr/bin/gmake -f CMakeFiles/cmTryCompileExec2680144184.dir/build.make CMakeFiles/cmTryCompileExec2680144184.dir/build
gmake[1]: Entering directory `/tmp/pip-req-build-yeqf_vl_/openjpeg/src/openjpeg/build/CMakeFiles/CMakeTmp'
/usr/bin/cmake -E cmake_progress_report /tmp/pip-req-build-yeqf_vl_/openjpeg/src/openjpeg/build/CMakeFiles/CMakeTmp/CMakeFiles 1
Building C object CMakeFiles/cmTryCompileExec2680144184.dir/CheckIncludeFiles.c.o
/opt/rh/devtoolset-8/root/usr/bin/cc    -o CMakeFiles/cmTryCompileExec2680144184.dir/CheckIncludeFiles.c.o   -c /tmp/pip-req-build-yeqf_vl_/openjpeg/src/openjpeg/build/CMakeFiles/CMakeTmp/CheckIncludeFiles.c
Linking C executable cmTryCompileExec2680144184
/usr/bin/cmake -E cmake_link_script CMakeFiles/cmTryCompileExec2680144184.dir/link.txt --verbose=1
/opt/rh/devtoolset-8/root/usr/bin/cc       CMakeFiles/cmTryCompileExec2680144184.dir/CheckIncludeFiles.c.o  -o cmTryCompileExec2680144184 -rdynamic 
gmake[1]: Leaving directory `/tmp/pip-req-build-yeqf_vl_/openjpeg/src/openjpeg/build/CMakeFiles/CMakeTmp'


Determining if the posix_memalign exist passed with the following output:
Change Dir: /tmp/pip-req-build-yeqf_vl_/openjpeg/src/openjpeg/build/CMakeFiles/CMakeTmp

Run Build Command:/usr/bin/gmake "cmTryCompileExec2703206358/fast"
/usr/bin/gmake -f CMakeFiles/cmTryCompileExec2703206358.dir/build.make CMakeFiles/cmTryCompileExec2703206358.dir/build
gmake[1]: Entering directory `/tmp/pip-req-build-yeqf_vl_/openjpeg/src/openjpeg/build/CMakeFiles/CMakeTmp'
/usr/bin/cmake -E cmake_progress_report /tmp/pip-req-build-yeqf_vl_/openjpeg/src/openjpeg/build/CMakeFiles/CMakeTmp/CMakeFiles 1
Building C object CMakeFiles/cmTryCompileExec2703206358.dir/CheckSymbolExists.c.o
/opt/rh/devtoolset-8/root/usr/bin/cc  -D_POSIX_C_SOURCE=200112L  -o CMakeFiles/cmTryCompileExec2703206358.dir/CheckSymbolExists.c.o   -c /tmp/pip-req-build-yeqf_vl_/openjpeg/src/openjpeg/build/CMakeFiles/CMakeTmp/CheckSymbolExists.c
Linking C executable cmTryCompileExec2703206358
/usr/bin/cmake -E cmake_link_script CMakeFiles/cmTryCompileExec2703206358.dir/link.txt --verbose=1
/opt/rh/devtoolset-8/root/usr/bin/cc       CMakeFiles/cmTryCompileExec2703206358.dir/CheckSymbolExists.c.o  -o cmTryCompileExec2703206358 -rdynamic 
gmake[1]: Leaving directory `/tmp/pip-req-build-yeqf_vl_/openjpeg/src/openjpeg/build/CMakeFiles/CMakeTmp'

File /tmp/pip-req-build-yeqf_vl_/openjpeg/src/openjpeg/build/CMakeFiles/CMakeTmp/CheckSymbolExists.c:
/* */
#include <stdlib.h>

int main(int argc, char** argv)
{
  (void)argv;
#ifndef posix_memalign
  return ((int*)(&posix_memalign))[argc];
#else
  (void)argc;
  return 0;
#endif
}

Determining if the memalign exist passed with the following output:
Change Dir: /tmp/pip-req-build-yeqf_vl_/openjpeg/src/openjpeg/build/CMakeFiles/CMakeTmp

Run Build Command:/usr/bin/gmake "cmTryCompileExec386630630/fast"
/usr/bin/gmake -f CMakeFiles/cmTryCompileExec386630630.dir/build.make CMakeFiles/cmTryCompileExec386630630.dir/build
gmake[1]: Entering directory `/tmp/pip-req-build-yeqf_vl_/openjpeg/src/openjpeg/build/CMakeFiles/CMakeTmp'
/usr/bin/cmake -E cmake_progress_report /tmp/pip-req-build-yeqf_vl_/openjpeg/src/openjpeg/build/CMakeFiles/CMakeTmp/CMakeFiles 1
Building C object CMakeFiles/cmTryCompileExec386630630.dir/CheckSymbolExists.c.o
/opt/rh/devtoolset-8/root/usr/bin/cc    -o CMakeFiles/cmTryCompileExec386630630.dir/CheckSymbolExists.c.o   -c /tmp/pip-req-build-yeqf_vl_/openjpeg/src/openjpeg/build/CMakeFiles/CMakeTmp/CheckSymbolExists.c
Linking C executable cmTryCompileExec386630630
/usr/bin/cmake -E cmake_link_script CMakeFiles/cmTryCompileExec386630630.dir/link.txt --verbose=1
/opt/rh/devtoolset-8/root/usr/bin/cc       CMakeFiles/cmTryCompileExec386630630.dir/CheckSymbolExists.c.o  -o cmTryCompileExec386630630 -rdynamic 
gmake[1]: Leaving directory `/tmp/pip-req-build-yeqf_vl_/openjpeg/src/openjpeg/build/CMakeFiles/CMakeTmp'

File /tmp/pip-req-build-yeqf_vl_/openjpeg/src/openjpeg/build/CMakeFiles/CMakeTmp/CheckSymbolExists.c:
/* */
#include <malloc.h>

int main(int argc, char** argv)
{
  (void)argv;
#ifndef memalign
  return ((int*)(&memalign))[argc];
#else
  (void)argc;
  return 0;
#endif
}

